[  1%] Built target interfaces__cpp
[ 12%] Built target interfaces__rosidl_generator_c
[ 23%] Built target interfaces__rosidl_typesupport_cpp
[ 34%] Built target interfaces__rosidl_typesupport_fastrtps_cpp
[ 46%] Built target interfaces__rosidl_typesupport_introspection_cpp
[ 57%] Built target interfaces__rosidl_typesupport_c
[ 68%] Built target interfaces__rosidl_typesupport_introspection_c
[ 79%] Built target interfaces__rosidl_typesupport_fastrtps_c
[ 79%] Built target interfaces
[ 80%] Built target interfaces__py
[ 90%] Built target interfaces__python
[ 93%] Built target interfaces__rosidl_typesupport_c__pyext
[ 96%] Built target interfaces__rosidl_typesupport_introspection_c__pyext
[100%] Built target interfaces__rosidl_typesupport_fastrtps_c__pyext
-- Install configuration: ""
-- Up-to-date: /home/rover/ros_ws/src/install/interfaces/share/ament_index/resource_index/rosidl_interfaces/interfaces
-- Up-to-date: /home/rover/ros_ws/src/install/interfaces/include/interfaces
-- Up-to-date: /home/rover/ros_ws/src/install/interfaces/include/interfaces/msg
-- Up-to-date: /home/rover/ros_ws/src/install/interfaces/include/interfaces/msg/rosidl_generator_c__visibility_control.h
-- Up-to-date: /home/rover/ros_ws/src/install/interfaces/include/interfaces/srv
-- Up-to-date: /home/rover/ros_ws/src/install/interfaces/include/interfaces/srv/tray.h
-- Up-to-date: /home/rover/ros_ws/src/install/interfaces/include/interfaces/srv/detail
-- Up-to-date: /home/rover/ros_ws/src/install/interfaces/include/interfaces/srv/detail/steer__functions.c
-- Up-to-date: /home/rover/ros_ws/src/install/interfaces/include/interfaces/srv/detail/steer__functions.h
-- Up-to-date: /home/rover/ros_ws/src/install/interfaces/include/interfaces/srv/detail/tray__functions.c
-- Up-to-date: /home/rover/ros_ws/src/install/interfaces/include/interfaces/srv/detail/tray__type_support.h
-- Up-to-date: /home/rover/ros_ws/src/install/interfaces/include/interfaces/srv/detail/lift__functions.h
-- Up-to-date: /home/rover/ros_ws/src/install/interfaces/include/interfaces/srv/detail/lift__type_support.h
-- Up-to-date: /home/rover/ros_ws/src/install/interfaces/include/interfaces/srv/detail/drive__struct.h
-- Up-to-date: /home/rover/ros_ws/src/install/interfaces/include/interfaces/srv/detail/drill__functions.c
-- Up-to-date: /home/rover/ros_ws/src/install/interfaces/include/interfaces/srv/detail/drive__type_support.h
-- Up-to-date: /home/rover/ros_ws/src/install/interfaces/include/interfaces/srv/detail/steer__struct.h
-- Up-to-date: /home/rover/ros_ws/src/install/interfaces/include/interfaces/srv/detail/lift__struct.h
-- Up-to-date: /home/rover/ros_ws/src/install/interfaces/include/interfaces/srv/detail/drive__functions.c
-- Up-to-date: /home/rover/ros_ws/src/install/interfaces/include/interfaces/srv/detail/drill__type_support.h
-- Up-to-date: /home/rover/ros_ws/src/install/interfaces/include/interfaces/srv/detail/tray__struct.h
-- Up-to-date: /home/rover/ros_ws/src/install/interfaces/include/interfaces/srv/detail/tray__functions.h
-- Up-to-date: /home/rover/ros_ws/src/install/interfaces/include/interfaces/srv/detail/drill__struct.h
