[1.058s] Invoking command in '/home/rover/ros_ws/src/build/interfaces': CMAKE_PREFIX_PATH=${CMAKE_PREFIX_PATH}:/home/rover/ros_ws/install/py_srvcli:/home/rover/ros_ws/install/mypkg:/home/rover/ros_ws/install/bb:/opt/ros/foxy /usr/bin/cmake --build /home/rover/ros_ws/src/build/interfaces -- -j4 -l4
[1.308s] [  1%] Built target interfaces__cpp
[1.327s] [ 12%] Built target interfaces__rosidl_generator_c
[1.447s] [ 23%] Built target interfaces__rosidl_typesupport_cpp
[1.486s] [ 34%] Built target interfaces__rosidl_typesupport_introspection_cpp
[1.525s] [ 46%] Built target interfaces__rosidl_typesupport_fastrtps_cpp
[1.529s] [ 57%] Built target interfaces__rosidl_typesupport_c
[1.586s] [ 68%] Built target interfaces__rosidl_typesupport_introspection_c
[1.675s] [ 79%] Built target interfaces__rosidl_typesupport_fastrtps_c
[1.769s] [ 79%] Built target interfaces
[1.860s] [ 80%] Built target interfaces__py
[2.001s] [ 90%] Built target interfaces__python
[2.152s] [ 93%] Built target interfaces__rosidl_typesupport_introspection_c__pyext
[2.164s] [ 96%] Built target interfaces__rosidl_typesupport_c__pyext
[2.181s] [100%] Built target interfaces__rosidl_typesupport_fastrtps_c__pyext
[2.231s] Invoked command in '/home/rover/ros_ws/src/build/interfaces' returned '0': CMAKE_PREFIX_PATH=${CMAKE_PREFIX_PATH}:/home/rover/ros_ws/install/py_srvcli:/home/rover/ros_ws/install/mypkg:/home/rover/ros_ws/install/bb:/opt/ros/foxy /usr/bin/cmake --build /home/rover/ros_ws/src/build/interfaces -- -j4 -l4
[2.280s] Invoking command in '/home/rover/ros_ws/src/build/interfaces': CMAKE_PREFIX_PATH=${CMAKE_PREFIX_PATH}:/home/rover/ros_ws/install/py_srvcli:/home/rover/ros_ws/install/mypkg:/home/rover/ros_ws/install/bb:/opt/ros/foxy /usr/bin/cmake --install /home/rover/ros_ws/src/build/interfaces
[2.317s] -- Install configuration: ""
[2.318s] -- Up-to-date: /home/rover/ros_ws/src/install/interfaces/share/ament_index/resource_index/rosidl_interfaces/interfaces
[2.318s] -- Up-to-date: /home/rover/ros_ws/src/install/interfaces/include/interfaces
[2.319s] -- Up-to-date: /home/rover/ros_ws/src/install/interfaces/include/interfaces/msg
[2.326s] -- Up-to-date: /home/rover/ros_ws/src/install/interfaces/include/interfaces/msg/rosidl_generator_c__visibility_control.h
[2.327s] -- Up-to-date: /home/rover/ros_ws/src/install/interfaces/include/interfaces/srv
[2.327s] -- Up-to-date: /home/rover/ros_ws/src/install/interfaces/include/interfaces/srv/tray.h
[2.328s] -- Up-to-date: /home/rover/ros_ws/src/install/interfaces/include/interfaces/srv/detail
[2.329s] -- Up-to-date: /home/rover/ros_ws/src/install/interfaces/include/interfaces/srv/detail/steer__functions.c
[2.330s] -- Up-to-date: /home/rover/ros_ws/src/install/interfaces/include/interfaces/srv/detail/steer__functions.h
[2.330s] -- Up-to-date: /home/rover/ros_ws/src/install/interfaces/include/interfaces/srv/detail/tray__functions.c
[2.331s] -- Up-to-date: /home/rover/ros_ws/src/install/interfaces/include/interfaces/srv/detail/tray__type_support.h
[2.332s] -- Up-to-date: /home/rover/ros_ws/src/install/interfaces/include/interfaces/srv/detail/lift__functions.h
[2.332s] -- Up-to-date: /home/rover/ros_ws/src/install/interfaces/include/interfaces/srv/detail/lift__type_support.h
[2.333s] -- Up-to-date: /home/rover/ros_ws/src/install/interfaces/include/interfaces/srv/detail/drive__struct.h
[2.333s] -- Up-to-date: /home/rover/ros_ws/src/install/interfaces/include/interfaces/srv/detail/drill__functions.c
[2.334s] -- Up-to-date: /home/rover/ros_ws/src/install/interfaces/include/interfaces/srv/detail/drive__type_support.h
[2.335s] -- Up-to-date: /home/rover/ros_ws/src/install/interfaces/include/interfaces/srv/detail/steer__struct.h
[2.336s] -- Up-to-date: /home/rover/ros_ws/src/install/interfaces/include/interfaces/srv/detail/lift__struct.h
[2.336s] -- Up-to-date: /home/rover/ros_ws/src/install/interfaces/include/interfaces/srv/detail/drive__functions.c
[2.337s] -- Up-to-date: /home/rover/ros_ws/src/install/interfaces/include/interfaces/srv/detail/drill__type_support.h
[2.338s] -- Up-to-date: /home/rover/ros_ws/src/install/interfaces/include/interfaces/srv/detail/tray__struct.h
[2.338s] -- Up-to-date: /home/rover/ros_ws/src/install/interfaces/include/interfaces/srv/detail/tray__functions.h
[2.339s] -- Up-to-date: /home/rover/ros_ws/src/install/interfaces/include/interfaces/srv/detail/drill__struct.h
[2.340s] -- Up-to-date: /home/rover/ros_ws/src/install/interfaces/include/interfaces/srv/detail/lift__functions.c
[2.340s] -- Up-to-date: /home/rover/ros_ws/src/install/interfaces/include/interfaces/srv/detail/steer__type_support.h
[2.341s] -- Up-to-date: /home/rover/ros_ws/src/install/interfaces/include/interfaces/srv/detail/drive__functions.h
[2.342s] -- Up-to-date: /home/rover/ros_ws/src/install/interfaces/include/interfaces/srv/detail/drill__functions.h
[2.343s] -- Up-to-date: /home/rover/ros_ws/src/install/interfaces/include/interfaces/srv/drive.h
[2.343s] -- Up-to-date: /home/rover/ros_ws/src/install/interfaces/include/interfaces/srv/lift.h
[2.344s] -- Up-to-date: /home/rover/ros_ws/src/install/interfaces/include/interfaces/srv/steer.h
[2.344s] -- Up-to-date: /home/rover/ros_ws/src/install/interfaces/include/interfaces/srv/drill.h
[2.345s] -- Up-to-date: /home/rover/ros_ws/src/install/interfaces/share/interfaces/environment/library_path.sh
[2.345s] -- Up-to-date: /home/rover/ros_ws/src/install/interfaces/share/interfaces/environment/library_path.dsv
[2.346s] -- Up-to-date: /home/rover/ros_ws/src/install/interfaces/lib/libinterfaces__rosidl_generator_c.so
[2.347s] -- Up-to-date: /home/rover/ros_ws/src/install/interfaces/include/interfaces
[2.347s] -- Up-to-date: /home/rover/ros_ws/src/install/interfaces/include/interfaces/msg
[2.348s] -- Up-to-date: /home/rover/ros_ws/src/install/interfaces/include/interfaces/msg/rosidl_typesupport_fastrtps_c__visibility_control.h
[2.349s] -- Up-to-date: /home/rover/ros_ws/src/install/interfaces/include/interfaces/srv
[2.350s] -- Up-to-date: /home/rover/ros_ws/src/install/interfaces/include/interfaces/srv/detail
[2.351s] -- Up-to-date: /home/rover/ros_ws/src/install/interfaces/include/interfaces/srv/detail/drive__rosidl_typesupport_fastrtps_c.h
[2.351s] -- Up-to-date: /home/rover/ros_ws/src/install/interfaces/include/interfaces/srv/detail/lift__rosidl_typesupport_fastrtps_c.h
[2.352s] -- Up-to-date: /home/rover/ros_ws/src/install/interfaces/include/interfaces/srv/detail/tray__rosidl_typesupport_fastrtps_c.h
[2.353s] -- Up-to-date: /home/rover/ros_ws/src/install/interfaces/include/interfaces/srv/detail/steer__rosidl_typesupport_fastrtps_c.h
[2.354s] -- Up-to-date: /home/rover/ros_ws/src/install/interfaces/include/interfaces/srv/detail/drill__rosidl_typesupport_fastrtps_c.h
[2.355s] -- Up-to-date: /home/rover/ros_ws/src/install/interfaces/lib/libinterfaces__rosidl_typesupport_fastrtps_c.so
[2.356s] -- Up-to-date: /home/rover/ros_ws/src/install/interfaces/include/interfaces
[2.357s] -- Up-to-date: /home/rover/ros_ws/src/install/interfaces/include/interfaces/msg
[2.358s] -- Up-to-date: /home/rover/ros_ws/src/install/interfaces/include/interfaces/msg/rosidl_typesupport_fastrtps_cpp__visibility_control.h
[2.359s] -- Up-to-date: /home/rover/ros_ws/src/install/interfaces/include/interfaces/srv
[2.359s] -- Up-to-date: /home/rover/ros_ws/src/install/interfaces/include/interfaces/srv/detail
[2.360s] -- Up-to-date: /home/rover/ros_ws/src/install/interfaces/include/interfaces/srv/detail/tray__rosidl_typesupport_fastrtps_cpp.hpp
[2.360s] -- Up-to-date: /home/rover/ros_ws/src/install/interfaces/include/interfaces/srv/detail/dds_fastrtps
[2.361s] -- Up-to-date: /home/rover/ros_ws/src/install/interfaces/include/interfaces/srv/detail/drill__rosidl_typesupport_fastrtps_cpp.hpp
[2.361s] -- Up-to-date: /home/rover/ros_ws/src/install/interfaces/include/interfaces/srv/detail/steer__rosidl_typesupport_fastrtps_cpp.hpp
[2.362s] -- Up-to-date: /home/rover/ros_ws/src/install/interfaces/include/interfaces/srv/detail/lift__rosidl_typesupport_fastrtps_cpp.hpp
[2.363s] -- Up-to-date: /home/rover/ros_ws/src/install/interfaces/include/interfaces/srv/detail/drive__rosidl_typesupport_fastrtps_cpp.hpp
[2.363s] -- Up-to-date: /home/rover/ros_ws/src/install/interfaces/lib/libinterfaces__rosidl_typesupport_fastrtps_cpp.so
[2.364s] -- Up-to-date: /home/rover/ros_ws/src/install/interfaces/include/interfaces
[2.365s] -- Up-to-date: /home/rover/ros_ws/src/install/interfaces/include/interfaces/msg
[2.366s] -- Up-to-date: /home/rover/ros_ws/src/install/interfaces/include/interfaces/msg/rosidl_typesupport_introspection_c__visibility_control.h
[2.367s] -- Up-to-date: /home/rover/ros_ws/src/install/interfaces/include/interfaces/srv
[2.367s] -- Up-to-date: /home/rover/ros_ws/src/install/interfaces/include/interfaces/srv/detail
[2.368s] -- Up-to-date: /home/rover/ros_ws/src/install/interfaces/include/interfaces/srv/detail/drive__rosidl_typesupport_introspection_c.h
[2.370s] -- Up-to-date: /home/rover/ros_ws/src/install/interfaces/include/interfaces/srv/detail/tray__type_support.c
[2.371s] -- Up-to-date: /home/rover/ros_ws/src/install/interfaces/include/interfaces/srv/detail/drive__type_support.c
[2.372s] -- Up-to-date: /home/rover/ros_ws/src/install/interfaces/include/interfaces/srv/detail/lift__rosidl_typesupport_introspection_c.h
[2.372s] -- Up-to-date: /home/rover/ros_ws/src/install/interfaces/include/interfaces/srv/detail/steer__type_support.c
[2.373s] -- Up-to-date: /home/rover/ros_ws/src/install/interfaces/include/interfaces/srv/detail/lift__type_support.c
[2.374s] -- Up-to-date: /home/rover/ros_ws/src/install/interfaces/include/interfaces/srv/detail/steer__rosidl_typesupport_introspection_c.h
[2.374s] -- Up-to-date: /home/rover/ros_ws/src/install/interfaces/include/interfaces/srv/detail/tray__rosidl_typesupport_introspection_c.h
[2.375s] -- Up-to-date: /home/rover/ros_ws/src/install/interfaces/include/interfaces/srv/detail/drill__rosidl_typesupport_introspection_c.h
[2.376s] -- Up-to-date: /home/rover/ros_ws/src/install/interfaces/include/interfaces/srv/detail/drill__type_support.c
[2.381s] -- Up-to-date: /home/rover/ros_ws/src/install/interfaces/lib/libinterfaces__rosidl_typesupport_introspection_c.so
[2.382s] -- Up-to-date: /home/rover/ros_ws/src/install/interfaces/lib/libinterfaces__rosidl_typesupport_c.so
[2.383s] -- Up-to-date: /home/rover/ros_ws/src/install/interfaces/include/interfaces
[2.385s] -- Up-to-date: /home/rover/ros_ws/src/install/interfaces/include/interfaces/msg
[2.385s] -- Up-to-date: /home/rover/ros_ws/src/install/interfaces/include/interfaces/msg/rosidl_generator_cpp__visibility_control.hpp
[2.386s] -- Up-to-date: /home/rover/ros_ws/src/install/interfaces/include/interfaces/srv
[2.387s] -- Up-to-date: /home/rover/ros_ws/src/install/interfaces/include/interfaces/srv/steer.hpp
[2.387s] -- Up-to-date: /home/rover/ros_ws/src/install/interfaces/include/interfaces/srv/detail
[2.388s] -- Up-to-date: /home/rover/ros_ws/src/install/interfaces/include/interfaces/srv/detail/drive__type_support.hpp
[2.388s] -- Up-to-date: /home/rover/ros_ws/src/install/interfaces/include/interfaces/srv/detail/lift__traits.hpp
[2.389s] -- Up-to-date: /home/rover/ros_ws/src/install/interfaces/include/interfaces/srv/detail/drill__type_support.hpp
[2.389s] -- Up-to-date: /home/rover/ros_ws/src/install/interfaces/include/interfaces/srv/detail/tray__traits.hpp
[2.391s] -- Up-to-date: /home/rover/ros_ws/src/install/interfaces/include/interfaces/srv/detail/lift__struct.hpp
[2.392s] -- Up-to-date: /home/rover/ros_ws/src/install/interfaces/include/interfaces/srv/detail/steer__traits.hpp
[2.392s] -- Up-to-date: /home/rover/ros_ws/src/install/interfaces/include/interfaces/srv/detail/drill__traits.hpp
[2.393s] -- Up-to-date: /home/rover/ros_ws/src/install/interfaces/include/interfaces/srv/detail/lift__type_support.hpp
[2.393s] -- Up-to-date: /home/rover/ros_ws/src/install/interfaces/include/interfaces/srv/detail/steer__builder.hpp
[2.394s] -- Up-to-date: /home/rover/ros_ws/src/install/interfaces/include/interfaces/srv/detail/drive__traits.hpp
[2.395s] -- Up-to-date: /home/rover/ros_ws/src/install/interfaces/include/interfaces/srv/detail/lift__builder.hpp
[2.395s] -- Up-to-date: /home/rover/ros_ws/src/install/interfaces/include/interfaces/srv/detail/drive__builder.hpp
[2.396s] -- Up-to-date: /home/rover/ros_ws/src/install/interfaces/include/interfaces/srv/detail/steer__type_support.hpp
[2.397s] -- Up-to-date: /home/rover/ros_ws/src/install/interfaces/include/interfaces/srv/detail/tray__type_support.hpp
[2.397s] -- Up-to-date: /home/rover/ros_ws/src/install/interfaces/include/interfaces/srv/detail/tray__struct.hpp
[2.398s] -- Up-to-date: /home/rover/ros_ws/src/install/interfaces/include/interfaces/srv/detail/tray__builder.hpp
[2.398s] -- Up-to-date: /home/rover/ros_ws/src/install/interfaces/include/interfaces/srv/detail/drill__struct.hpp
[2.399s] -- Up-to-date: /home/rover/ros_ws/src/install/interfaces/include/interfaces/srv/detail/drill__builder.hpp
[2.400s] -- Up-to-date: /home/rover/ros_ws/src/install/interfaces/include/interfaces/srv/detail/drive__struct.hpp
[2.400s] -- Up-to-date: /home/rover/ros_ws/src/install/interfaces/include/interfaces/srv/detail/steer__struct.hpp
[2.401s] -- Up-to-date: /home/rover/ros_ws/src/install/interfaces/include/interfaces/srv/drive.hpp
[2.401s] -- Up-to-date: /home/rover/ros_ws/src/install/interfaces/include/interfaces/srv/tray.hpp
[2.402s] -- Up-to-date: /home/rover/ros_ws/src/install/interfaces/include/interfaces/srv/drill.hpp
[2.402s] -- Up-to-date: /home/rover/ros_ws/src/install/interfaces/include/interfaces/srv/lift.hpp
[2.403s] -- Up-to-date: /home/rover/ros_ws/src/install/interfaces/include/interfaces
[2.403s] -- Up-to-date: /home/rover/ros_ws/src/install/interfaces/include/interfaces/srv
[2.404s] -- Up-to-date: /home/rover/ros_ws/src/install/interfaces/include/interfaces/srv/detail
[2.418s] -- Up-to-date: /home/rover/ros_ws/src/install/interfaces/include/interfaces/srv/detail/drill__type_support.cpp
[2.419s] -- Up-to-date: /home/rover/ros_ws/src/install/interfaces/include/interfaces/srv/detail/steer__rosidl_typesupport_introspection_cpp.hpp
[2.419s] -- Up-to-date: /home/rover/ros_ws/src/install/interfaces/include/interfaces/srv/detail/tray__type_support.cpp
[2.419s] -- Up-to-date: /home/rover/ros_ws/src/install/interfaces/include/interfaces/srv/detail/steer__type_support.cpp
[2.420s] -- Up-to-date: /home/rover/ros_ws/src/install/interfaces/include/interfaces/srv/detail/drill__rosidl_typesupport_introspection_cpp.hpp
[2.420s] -- Up-to-date: /home/rover/ros_ws/src/install/interfaces/include/interfaces/srv/detail/drive__type_support.cpp
[2.420s] -- Up-to-date: /home/rover/ros_ws/src/install/interfaces/include/interfaces/srv/detail/drive__rosidl_typesupport_introspection_cpp.hpp
[2.421s] -- Up-to-date: /home/rover/ros_ws/src/install/interfaces/include/interfaces/srv/detail/lift__rosidl_typesupport_introspection_cpp.hpp
[2.421s] -- Up-to-date: /home/rover/ros_ws/src/install/interfaces/include/interfaces/srv/detail/tray__rosidl_typesupport_introspection_cpp.hpp
[2.421s] -- Up-to-date: /home/rover/ros_ws/src/install/interfaces/include/interfaces/srv/detail/lift__type_support.cpp
[2.422s] -- Up-to-date: /home/rover/ros_ws/src/install/interfaces/lib/libinterfaces__rosidl_typesupport_introspection_cpp.so
[2.422s] -- Up-to-date: /home/rover/ros_ws/src/install/interfaces/lib/libinterfaces__rosidl_typesupport_cpp.so
[2.423s] -- Up-to-date: /home/rover/ros_ws/src/install/interfaces/share/interfaces/environment/pythonpath.sh
[2.423s] -- Up-to-date: /home/rover/ros_ws/src/install/interfaces/share/interfaces/environment/pythonpath.dsv
[2.423s] -- Up-to-date: /home/rover/ros_ws/src/install/interfaces/lib/python3.8/site-packages/interfaces/__init__.py
[2.589s] -- Up-to-date: /home/rover/ros_ws/src/install/interfaces/lib/python3.8/site-packages/interfaces/srv
[2.595s] -- Up-to-date: /home/rover/ros_ws/src/install/interfaces/lib/python3.8/site-packages/interfaces/srv/_drive_s.c
[2.599s] -- Up-to-date: /home/rover/ros_ws/src/install/interfaces/lib/python3.8/site-packages/interfaces/srv/_lift.py
[2.600s] -- Up-to-date: /home/rover/ros_ws/src/install/interfaces/lib/python3.8/site-packages/interfaces/srv/_tray_s.c
[2.600s] -- Up-to-date: /home/rover/ros_ws/src/install/interfaces/lib/python3.8/site-packages/interfaces/srv/_steer.py
[2.601s] -- Up-to-date: /home/rover/ros_ws/src/install/interfaces/lib/python3.8/site-packages/interfaces/srv/_tray.py
[2.607s] -- Up-to-date: /home/rover/ros_ws/src/install/interfaces/lib/python3.8/site-packages/interfaces/srv/_drive.py
[2.608s] -- Up-to-date: /home/rover/ros_ws/src/install/interfaces/lib/python3.8/site-packages/interfaces/srv/_drill_s.c
[2.608s] -- Up-to-date: /home/rover/ros_ws/src/install/interfaces/lib/python3.8/site-packages/interfaces/srv/_lift_s.c
[2.614s] -- Up-to-date: /home/rover/ros_ws/src/install/interfaces/lib/python3.8/site-packages/interfaces/srv/_drill.py
[2.617s] -- Up-to-date: /home/rover/ros_ws/src/install/interfaces/lib/python3.8/site-packages/interfaces/srv/__init__.py
[2.618s] -- Up-to-date: /home/rover/ros_ws/src/install/interfaces/lib/python3.8/site-packages/interfaces/srv/_steer_s.c
[2.618s] -- Up-to-date: /home/rover/ros_ws/src/install/interfaces/lib/python3.8/site-packages/interfaces/interfaces_s__rosidl_typesupport_fastrtps_c.cpython-38-aarch64-linux-gnu.so
[2.619s] -- Up-to-date: /home/rover/ros_ws/src/install/interfaces/lib/python3.8/site-packages/interfaces/interfaces_s__rosidl_typesupport_introspection_c.cpython-38-aarch64-linux-gnu.so
[2.620s] -- Up-to-date: /home/rover/ros_ws/src/install/interfaces/lib/python3.8/site-packages/interfaces/interfaces_s__rosidl_typesupport_c.cpython-38-aarch64-linux-gnu.so
[2.620s] -- Up-to-date: /home/rover/ros_ws/src/install/interfaces/lib/libinterfaces__python.so
[2.621s] -- Up-to-date: /home/rover/ros_ws/src/install/interfaces/share/interfaces/srv/Drive.idl
[2.622s] -- Up-to-date: /home/rover/ros_ws/src/install/interfaces/share/interfaces/srv/Steer.idl
[2.622s] -- Up-to-date: /home/rover/ros_ws/src/install/interfaces/share/interfaces/srv/Drill.idl
[2.623s] -- Up-to-date: /home/rover/ros_ws/src/install/interfaces/share/interfaces/srv/Tray.idl
[2.624s] -- Up-to-date: /home/rover/ros_ws/src/install/interfaces/share/interfaces/srv/Lift.idl
[2.624s] -- Up-to-date: /home/rover/ros_ws/src/install/interfaces/share/interfaces/srv/Drive.srv
[2.625s] -- Up-to-date: /home/rover/ros_ws/src/install/interfaces/share/interfaces/srv/Drive_Request.msg
[2.625s] -- Up-to-date: /home/rover/ros_ws/src/install/interfaces/share/interfaces/srv/Drive_Response.msg
[2.626s] -- Up-to-date: /home/rover/ros_ws/src/install/interfaces/share/interfaces/srv/Steer.srv
[2.627s] -- Up-to-date: /home/rover/ros_ws/src/install/interfaces/share/interfaces/srv/Steer_Request.msg
[2.628s] -- Up-to-date: /home/rover/ros_ws/src/install/interfaces/share/interfaces/srv/Steer_Response.msg
[2.629s] -- Up-to-date: /home/rover/ros_ws/src/install/interfaces/share/interfaces/srv/Drill.srv
[2.629s] -- Up-to-date: /home/rover/ros_ws/src/install/interfaces/share/interfaces/srv/Drill_Request.msg
[2.630s] -- Up-to-date: /home/rover/ros_ws/src/install/interfaces/share/interfaces/srv/Drill_Response.msg
[2.631s] -- Up-to-date: /home/rover/ros_ws/src/install/interfaces/share/interfaces/srv/Tray.srv
[2.631s] -- Up-to-date: /home/rover/ros_ws/src/install/interfaces/share/interfaces/srv/Tray_Request.msg
[2.632s] -- Up-to-date: /home/rover/ros_ws/src/install/interfaces/share/interfaces/srv/Tray_Response.msg
[2.633s] -- Up-to-date: /home/rover/ros_ws/src/install/interfaces/share/interfaces/srv/Lift.srv
[2.633s] -- Up-to-date: /home/rover/ros_ws/src/install/interfaces/share/interfaces/srv/Lift_Request.msg
[2.634s] -- Up-to-date: /home/rover/ros_ws/src/install/interfaces/share/interfaces/srv/Lift_Response.msg
[2.634s] -- Up-to-date: /home/rover/ros_ws/src/install/interfaces/share/ament_index/resource_index/package_run_dependencies/interfaces
[2.635s] -- Up-to-date: /home/rover/ros_ws/src/install/interfaces/share/ament_index/resource_index/parent_prefix_path/interfaces
[2.636s] -- Up-to-date: /home/rover/ros_ws/src/install/interfaces/share/interfaces/environment/ament_prefix_path.sh
[2.636s] -- Up-to-date: /home/rover/ros_ws/src/install/interfaces/share/interfaces/environment/ament_prefix_path.dsv
[2.637s] -- Up-to-date: /home/rover/ros_ws/src/install/interfaces/share/interfaces/environment/path.sh
[2.637s] -- Up-to-date: /home/rover/ros_ws/src/install/interfaces/share/interfaces/environment/path.dsv
[2.638s] -- Up-to-date: /home/rover/ros_ws/src/install/interfaces/share/interfaces/local_setup.bash
[2.639s] -- Up-to-date: /home/rover/ros_ws/src/install/interfaces/share/interfaces/local_setup.sh
[2.639s] -- Up-to-date: /home/rover/ros_ws/src/install/interfaces/share/interfaces/local_setup.zsh
[2.640s] -- Up-to-date: /home/rover/ros_ws/src/install/interfaces/share/interfaces/local_setup.dsv
[2.640s] -- Installing: /home/rover/ros_ws/src/install/interfaces/share/interfaces/package.dsv
[2.641s] -- Up-to-date: /home/rover/ros_ws/src/install/interfaces/share/ament_index/resource_index/packages/interfaces
[2.642s] -- Up-to-date: /home/rover/ros_ws/src/install/interfaces/share/interfaces/cmake/interfaces__rosidl_generator_cExport.cmake
[2.642s] -- Up-to-date: /home/rover/ros_ws/src/install/interfaces/share/interfaces/cmake/interfaces__rosidl_generator_cExport-noconfig.cmake
[2.643s] -- Up-to-date: /home/rover/ros_ws/src/install/interfaces/share/interfaces/cmake/interfaces__rosidl_typesupport_introspection_cExport.cmake
[2.644s] -- Up-to-date: /home/rover/ros_ws/src/install/interfaces/share/interfaces/cmake/interfaces__rosidl_typesupport_introspection_cExport-noconfig.cmake
[2.644s] -- Up-to-date: /home/rover/ros_ws/src/install/interfaces/share/interfaces/cmake/interfaces__rosidl_typesupport_cExport.cmake
[2.645s] -- Up-to-date: /home/rover/ros_ws/src/install/interfaces/share/interfaces/cmake/interfaces__rosidl_typesupport_cExport-noconfig.cmake
[2.645s] -- Up-to-date: /home/rover/ros_ws/src/install/interfaces/share/interfaces/cmake/interfaces__rosidl_generator_cppExport.cmake
[2.646s] -- Up-to-date: /home/rover/ros_ws/src/install/interfaces/share/interfaces/cmake/interfaces__rosidl_typesupport_introspection_cppExport.cmake
[2.647s] -- Up-to-date: /home/rover/ros_ws/src/install/interfaces/share/interfaces/cmake/interfaces__rosidl_typesupport_introspection_cppExport-noconfig.cmake
[2.648s] -- Up-to-date: /home/rover/ros_ws/src/install/interfaces/share/interfaces/cmake/interfaces__rosidl_typesupport_cppExport.cmake
[2.648s] -- Up-to-date: /home/rover/ros_ws/src/install/interfaces/share/interfaces/cmake/interfaces__rosidl_typesupport_cppExport-noconfig.cmake
[2.649s] -- Up-to-date: /home/rover/ros_ws/src/install/interfaces/share/interfaces/cmake/rosidl_cmake-extras.cmake
[2.649s] -- Up-to-date: /home/rover/ros_ws/src/install/interfaces/share/interfaces/cmake/ament_cmake_export_dependencies-extras.cmake
[2.650s] -- Up-to-date: /home/rover/ros_ws/src/install/interfaces/share/interfaces/cmake/ament_cmake_export_libraries-extras.cmake
[2.651s] -- Up-to-date: /home/rover/ros_ws/src/install/interfaces/share/interfaces/cmake/ament_cmake_export_targets-extras.cmake
[2.651s] -- Up-to-date: /home/rover/ros_ws/src/install/interfaces/share/interfaces/cmake/ament_cmake_export_include_directories-extras.cmake
[2.652s] -- Up-to-date: /home/rover/ros_ws/src/install/interfaces/share/interfaces/cmake/rosidl_cmake_export_typesupport_libraries-extras.cmake
[2.653s] -- Up-to-date: /home/rover/ros_ws/src/install/interfaces/share/interfaces/cmake/rosidl_cmake_export_typesupport_targets-extras.cmake
[2.653s] -- Up-to-date: /home/rover/ros_ws/src/install/interfaces/share/interfaces/cmake/interfacesConfig.cmake
[2.654s] -- Up-to-date: /home/rover/ros_ws/src/install/interfaces/share/interfaces/cmake/interfacesConfig-version.cmake
[2.655s] -- Up-to-date: /home/rover/ros_ws/src/install/interfaces/share/interfaces/package.xml
[2.662s] Invoked command in '/home/rover/ros_ws/src/build/interfaces' returned '0': CMAKE_PREFIX_PATH=${CMAKE_PREFIX_PATH}:/home/rover/ros_ws/install/py_srvcli:/home/rover/ros_ws/install/mypkg:/home/rover/ros_ws/install/bb:/opt/ros/foxy /usr/bin/cmake --install /home/rover/ros_ws/src/build/interfaces
