/home/rover/ros_ws/src/install/bb/lib/python3.8/site-packages/bb/rover_service.py
/home/rover/ros_ws/src/install/bb/lib/python3.8/site-packages/bb/drive.py
/home/rover/ros_ws/src/install/bb/lib/python3.8/site-packages/bb/tray.py
/home/rover/ros_ws/src/install/bb/lib/python3.8/site-packages/bb/steer.py
/home/rover/ros_ws/src/install/bb/lib/python3.8/site-packages/bb/lift.py
/home/rover/ros_ws/src/install/bb/lib/python3.8/site-packages/bb/__init__.py
/home/rover/ros_ws/src/install/bb/lib/python3.8/site-packages/bb/drill.py
/home/rover/ros_ws/src/install/bb/lib/python3.8/site-packages/bb/__pycache__/rover_service.cpython-38.pyc
/home/rover/ros_ws/src/install/bb/lib/python3.8/site-packages/bb/__pycache__/drive.cpython-38.pyc
/home/rover/ros_ws/src/install/bb/lib/python3.8/site-packages/bb/__pycache__/tray.cpython-38.pyc
/home/rover/ros_ws/src/install/bb/lib/python3.8/site-packages/bb/__pycache__/steer.cpython-38.pyc
/home/rover/ros_ws/src/install/bb/lib/python3.8/site-packages/bb/__pycache__/lift.cpython-38.pyc
/home/rover/ros_ws/src/install/bb/lib/python3.8/site-packages/bb/__pycache__/__init__.cpython-38.pyc
/home/rover/ros_ws/src/install/bb/lib/python3.8/site-packages/bb/__pycache__/drill.cpython-38.pyc
/home/rover/ros_ws/src/install/bb/share/ament_index/resource_index/packages/bb
/home/rover/ros_ws/src/install/bb/share/bb/package.xml
/home/rover/ros_ws/src/install/bb/lib/python3.8/site-packages/bb-0.0.0-py3.8.egg-info/zip-safe
/home/rover/ros_ws/src/install/bb/lib/python3.8/site-packages/bb-0.0.0-py3.8.egg-info/PKG-INFO
/home/rover/ros_ws/src/install/bb/lib/python3.8/site-packages/bb-0.0.0-py3.8.egg-info/dependency_links.txt
/home/rover/ros_ws/src/install/bb/lib/python3.8/site-packages/bb-0.0.0-py3.8.egg-info/requires.txt
/home/rover/ros_ws/src/install/bb/lib/python3.8/site-packages/bb-0.0.0-py3.8.egg-info/SOURCES.txt
/home/rover/ros_ws/src/install/bb/lib/python3.8/site-packages/bb-0.0.0-py3.8.egg-info/top_level.txt
/home/rover/ros_ws/src/install/bb/lib/python3.8/site-packages/bb-0.0.0-py3.8.egg-info/entry_points.txt
/home/rover/ros_ws/src/install/bb/lib/bb/drill
/home/rover/ros_ws/src/install/bb/lib/bb/drive
/home/rover/ros_ws/src/install/bb/lib/bb/lift
/home/rover/ros_ws/src/install/bb/lib/bb/rover_service
/home/rover/ros_ws/src/install/bb/lib/bb/steer
/home/rover/ros_ws/src/install/bb/lib/bb/tray
