[1.091s] Invoking command in '/home/rover/ros_ws/src/build/interfaces': CMAKE_PREFIX_PATH=${CMAKE_PREFIX_PATH}:/home/rover/ros_ws/install/py_srvcli:/home/rover/ros_ws/install/mypkg:/home/rover/ros_ws/install/bb:/opt/ros/foxy /usr/bin/cmake --build /home/rover/ros_ws/src/build/interfaces -- -j4 -l4
[1.356s] [  4%] Built target interfaces__cpp
[1.359s] [ 12%] Built target interfaces__rosidl_generator_c
[1.504s] [ 23%] Built target interfaces__rosidl_typesupport_introspection_cpp
[1.522s] [ 34%] Built target interfaces__rosidl_typesupport_cpp
[1.559s] [ 46%] Built target interfaces__rosidl_typesupport_introspection_c
[1.561s] [ 57%] Built target interfaces__rosidl_typesupport_fastrtps_cpp
[1.637s] [ 68%] Built target interfaces__rosidl_typesupport_c
[1.710s] [ 79%] Built target interfaces__rosidl_typesupport_fastrtps_c
[1.799s] [ 79%] Built target interfaces
[1.900s] [ 80%] Built target interfaces__py
[2.037s] [ 90%] Built target interfaces__python
[2.197s] [ 93%] Built target interfaces__rosidl_typesupport_introspection_c__pyext
[2.212s] [ 96%] Built target interfaces__rosidl_typesupport_fastrtps_c__pyext
[2.223s] [100%] Built target interfaces__rosidl_typesupport_c__pyext
[2.273s] Invoked command in '/home/rover/ros_ws/src/build/interfaces' returned '0': CMAKE_PREFIX_PATH=${CMAKE_PREFIX_PATH}:/home/rover/ros_ws/install/py_srvcli:/home/rover/ros_ws/install/mypkg:/home/rover/ros_ws/install/bb:/opt/ros/foxy /usr/bin/cmake --build /home/rover/ros_ws/src/build/interfaces -- -j4 -l4
[2.324s] Invoking command in '/home/rover/ros_ws/src/build/interfaces': CMAKE_PREFIX_PATH=${CMAKE_PREFIX_PATH}:/home/rover/ros_ws/install/py_srvcli:/home/rover/ros_ws/install/mypkg:/home/rover/ros_ws/install/bb:/opt/ros/foxy /usr/bin/cmake --install /home/rover/ros_ws/src/build/interfaces
[2.361s] -- Install configuration: ""
[2.363s] -- Up-to-date: /home/rover/ros_ws/src/install/interfaces/share/ament_index/resource_index/rosidl_interfaces/interfaces
[2.364s] -- Up-to-date: /home/rover/ros_ws/src/install/interfaces/include/interfaces
[2.364s] -- Up-to-date: /home/rover/ros_ws/src/install/interfaces/include/interfaces/msg
[2.365s] -- Up-to-date: /home/rover/ros_ws/src/install/interfaces/include/interfaces/msg/rosidl_generator_c__visibility_control.h
[2.365s] -- Up-to-date: /home/rover/ros_ws/src/install/interfaces/include/interfaces/srv
[2.366s] -- Up-to-date: /home/rover/ros_ws/src/install/interfaces/include/interfaces/srv/tray.h
[2.367s] -- Up-to-date: /home/rover/ros_ws/src/install/interfaces/include/interfaces/srv/detail
[2.368s] -- Up-to-date: /home/rover/ros_ws/src/install/interfaces/include/interfaces/srv/detail/steer__functions.c
[2.371s] -- Up-to-date: /home/rover/ros_ws/src/install/interfaces/include/interfaces/srv/detail/steer__functions.h
[2.371s] -- Up-to-date: /home/rover/ros_ws/src/install/interfaces/include/interfaces/srv/detail/tray__functions.c
[2.372s] -- Up-to-date: /home/rover/ros_ws/src/install/interfaces/include/interfaces/srv/detail/tray__type_support.h
[2.373s] -- Up-to-date: /home/rover/ros_ws/src/install/interfaces/include/interfaces/srv/detail/lift__functions.h
[2.374s] -- Up-to-date: /home/rover/ros_ws/src/install/interfaces/include/interfaces/srv/detail/lift__type_support.h
[2.376s] -- Up-to-date: /home/rover/ros_ws/src/install/interfaces/include/interfaces/srv/detail/drive__struct.h
[2.377s] -- Up-to-date: /home/rover/ros_ws/src/install/interfaces/include/interfaces/srv/detail/drill__functions.c
[2.378s] -- Up-to-date: /home/rover/ros_ws/src/install/interfaces/include/interfaces/srv/detail/drive__type_support.h
[2.379s] -- Up-to-date: /home/rover/ros_ws/src/install/interfaces/include/interfaces/srv/detail/steer__struct.h
[2.380s] -- Up-to-date: /home/rover/ros_ws/src/install/interfaces/include/interfaces/srv/detail/lift__struct.h
[2.380s] -- Up-to-date: /home/rover/ros_ws/src/install/interfaces/include/interfaces/srv/detail/drive__functions.c
[2.381s] -- Up-to-date: /home/rover/ros_ws/src/install/interfaces/include/interfaces/srv/detail/drill__type_support.h
[2.382s] -- Up-to-date: /home/rover/ros_ws/src/install/interfaces/include/interfaces/srv/detail/tray__struct.h
[2.382s] -- Up-to-date: /home/rover/ros_ws/src/install/interfaces/include/interfaces/srv/detail/tray__functions.h
[2.383s] -- Up-to-date: /home/rover/ros_ws/src/install/interfaces/include/interfaces/srv/detail/drill__struct.h
[2.383s] -- Up-to-date: /home/rover/ros_ws/src/install/interfaces/include/interfaces/srv/detail/lift__functions.c
[2.384s] -- Up-to-date: /home/rover/ros_ws/src/install/interfaces/include/interfaces/srv/detail/steer__type_support.h
[2.384s] -- Up-to-date: /home/rover/ros_ws/src/install/interfaces/include/interfaces/srv/detail/drive__functions.h
[2.385s] -- Up-to-date: /home/rover/ros_ws/src/install/interfaces/include/interfaces/srv/detail/drill__functions.h
[2.386s] -- Up-to-date: /home/rover/ros_ws/src/install/interfaces/include/interfaces/srv/drive.h
[2.387s] -- Up-to-date: /home/rover/ros_ws/src/install/interfaces/include/interfaces/srv/lift.h
[2.388s] -- Up-to-date: /home/rover/ros_ws/src/install/interfaces/include/interfaces/srv/steer.h
[2.389s] -- Up-to-date: /home/rover/ros_ws/src/install/interfaces/include/interfaces/srv/drill.h
[2.390s] -- Up-to-date: /home/rover/ros_ws/src/install/interfaces/share/interfaces/environment/library_path.sh
[2.391s] -- Up-to-date: /home/rover/ros_ws/src/install/interfaces/share/interfaces/environment/library_path.dsv
[2.391s] -- Up-to-date: /home/rover/ros_ws/src/install/interfaces/lib/libinterfaces__rosidl_generator_c.so
[2.392s] -- Up-to-date: /home/rover/ros_ws/src/install/interfaces/include/interfaces
[2.393s] -- Up-to-date: /home/rover/ros_ws/src/install/interfaces/include/interfaces/msg
[2.393s] -- Up-to-date: /home/rover/ros_ws/src/install/interfaces/include/interfaces/msg/rosidl_typesupport_fastrtps_c__visibility_control.h
[2.395s] -- Up-to-date: /home/rover/ros_ws/src/install/interfaces/include/interfaces/srv
[2.396s] -- Up-to-date: /home/rover/ros_ws/src/install/interfaces/include/interfaces/srv/detail
[2.397s] -- Up-to-date: /home/rover/ros_ws/src/install/interfaces/include/interfaces/srv/detail/drive__rosidl_typesupport_fastrtps_c.h
[2.398s] -- Up-to-date: /home/rover/ros_ws/src/install/interfaces/include/interfaces/srv/detail/lift__rosidl_typesupport_fastrtps_c.h
[2.399s] -- Up-to-date: /home/rover/ros_ws/src/install/interfaces/include/interfaces/srv/detail/tray__rosidl_typesupport_fastrtps_c.h
[2.400s] -- Up-to-date: /home/rover/ros_ws/src/install/interfaces/include/interfaces/srv/detail/steer__rosidl_typesupport_fastrtps_c.h
[2.401s] -- Up-to-date: /home/rover/ros_ws/src/install/interfaces/include/interfaces/srv/detail/drill__rosidl_typesupport_fastrtps_c.h
[2.401s] -- Up-to-date: /home/rover/ros_ws/src/install/interfaces/lib/libinterfaces__rosidl_typesupport_fastrtps_c.so
[2.402s] -- Up-to-date: /home/rover/ros_ws/src/install/interfaces/include/interfaces
[2.403s] -- Up-to-date: /home/rover/ros_ws/src/install/interfaces/include/interfaces/msg
[2.404s] -- Up-to-date: /home/rover/ros_ws/src/install/interfaces/include/interfaces/msg/rosidl_typesupport_fastrtps_cpp__visibility_control.h
[2.405s] -- Up-to-date: /home/rover/ros_ws/src/install/interfaces/include/interfaces/srv
[2.405s] -- Up-to-date: /home/rover/ros_ws/src/install/interfaces/include/interfaces/srv/detail
[2.406s] -- Up-to-date: /home/rover/ros_ws/src/install/interfaces/include/interfaces/srv/detail/tray__rosidl_typesupport_fastrtps_cpp.hpp
[2.407s] -- Up-to-date: /home/rover/ros_ws/src/install/interfaces/include/interfaces/srv/detail/dds_fastrtps
[2.407s] -- Up-to-date: /home/rover/ros_ws/src/install/interfaces/include/interfaces/srv/detail/drill__rosidl_typesupport_fastrtps_cpp.hpp
[2.408s] -- Up-to-date: /home/rover/ros_ws/src/install/interfaces/include/interfaces/srv/detail/steer__rosidl_typesupport_fastrtps_cpp.hpp
[2.408s] -- Up-to-date: /home/rover/ros_ws/src/install/interfaces/include/interfaces/srv/detail/lift__rosidl_typesupport_fastrtps_cpp.hpp
[2.409s] -- Up-to-date: /home/rover/ros_ws/src/install/interfaces/include/interfaces/srv/detail/drive__rosidl_typesupport_fastrtps_cpp.hpp
[2.409s] -- Up-to-date: /home/rover/ros_ws/src/install/interfaces/lib/libinterfaces__rosidl_typesupport_fastrtps_cpp.so
[2.410s] -- Up-to-date: /home/rover/ros_ws/src/install/interfaces/include/interfaces
[2.411s] -- Up-to-date: /home/rover/ros_ws/src/install/interfaces/include/interfaces/msg
[2.412s] -- Up-to-date: /home/rover/ros_ws/src/install/interfaces/include/interfaces/msg/rosidl_typesupport_introspection_c__visibility_control.h
[2.412s] -- Up-to-date: /home/rover/ros_ws/src/install/interfaces/include/interfaces/srv
[2.413s] -- Up-to-date: /home/rover/ros_ws/src/install/interfaces/include/interfaces/srv/detail
[2.414s] -- Up-to-date: /home/rover/ros_ws/src/install/interfaces/include/interfaces/srv/detail/drive__rosidl_typesupport_introspection_c.h
[2.414s] -- Up-to-date: /home/rover/ros_ws/src/install/interfaces/include/interfaces/srv/detail/tray__type_support.c
[2.415s] -- Up-to-date: /home/rover/ros_ws/src/install/interfaces/include/interfaces/srv/detail/drive__type_support.c
[2.415s] -- Up-to-date: /home/rover/ros_ws/src/install/interfaces/include/interfaces/srv/detail/lift__rosidl_typesupport_introspection_c.h
[2.416s] -- Up-to-date: /home/rover/ros_ws/src/install/interfaces/include/interfaces/srv/detail/steer__type_support.c
[2.416s] -- Up-to-date: /home/rover/ros_ws/src/install/interfaces/include/interfaces/srv/detail/lift__type_support.c
[2.417s] -- Up-to-date: /home/rover/ros_ws/src/install/interfaces/include/interfaces/srv/detail/steer__rosidl_typesupport_introspection_c.h
[2.417s] -- Up-to-date: /home/rover/ros_ws/src/install/interfaces/include/interfaces/srv/detail/tray__rosidl_typesupport_introspection_c.h
[2.418s] -- Up-to-date: /home/rover/ros_ws/src/install/interfaces/include/interfaces/srv/detail/drill__rosidl_typesupport_introspection_c.h
[2.418s] -- Up-to-date: /home/rover/ros_ws/src/install/interfaces/include/interfaces/srv/detail/drill__type_support.c
[2.419s] -- Up-to-date: /home/rover/ros_ws/src/install/interfaces/lib/libinterfaces__rosidl_typesupport_introspection_c.so
[2.420s] -- Up-to-date: /home/rover/ros_ws/src/install/interfaces/lib/libinterfaces__rosidl_typesupport_c.so
[2.420s] -- Up-to-date: /home/rover/ros_ws/src/install/interfaces/include/interfaces
[2.421s] -- Up-to-date: /home/rover/ros_ws/src/install/interfaces/include/interfaces/msg
[2.421s] -- Up-to-date: /home/rover/ros_ws/src/install/interfaces/include/interfaces/msg/rosidl_generator_cpp__visibility_control.hpp
[2.422s] -- Up-to-date: /home/rover/ros_ws/src/install/interfaces/include/interfaces/srv
[2.423s] -- Up-to-date: /home/rover/ros_ws/src/install/interfaces/include/interfaces/srv/steer.hpp
[2.423s] -- Up-to-date: /home/rover/ros_ws/src/install/interfaces/include/interfaces/srv/detail
[2.424s] -- Up-to-date: /home/rover/ros_ws/src/install/interfaces/include/interfaces/srv/detail/drive__type_support.hpp
[2.424s] -- Up-to-date: /home/rover/ros_ws/src/install/interfaces/include/interfaces/srv/detail/lift__traits.hpp
[2.425s] -- Up-to-date: /home/rover/ros_ws/src/install/interfaces/include/interfaces/srv/detail/drill__type_support.hpp
[2.425s] -- Up-to-date: /home/rover/ros_ws/src/install/interfaces/include/interfaces/srv/detail/tray__traits.hpp
[2.426s] -- Up-to-date: /home/rover/ros_ws/src/install/interfaces/include/interfaces/srv/detail/lift__struct.hpp
[2.427s] -- Up-to-date: /home/rover/ros_ws/src/install/interfaces/include/interfaces/srv/detail/steer__traits.hpp
[2.427s] -- Up-to-date: /home/rover/ros_ws/src/install/interfaces/include/interfaces/srv/detail/drill__traits.hpp
[2.428s] -- Up-to-date: /home/rover/ros_ws/src/install/interfaces/include/interfaces/srv/detail/lift__type_support.hpp
[2.428s] -- Up-to-date: /home/rover/ros_ws/src/install/interfaces/include/interfaces/srv/detail/steer__builder.hpp
[2.429s] -- Up-to-date: /home/rover/ros_ws/src/install/interfaces/include/interfaces/srv/detail/drive__traits.hpp
[2.430s] -- Up-to-date: /home/rover/ros_ws/src/install/interfaces/include/interfaces/srv/detail/lift__builder.hpp
[2.430s] -- Up-to-date: /home/rover/ros_ws/src/install/interfaces/include/interfaces/srv/detail/drive__builder.hpp
[2.431s] -- Up-to-date: /home/rover/ros_ws/src/install/interfaces/include/interfaces/srv/detail/steer__type_support.hpp
[2.431s] -- Up-to-date: /home/rover/ros_ws/src/install/interfaces/include/interfaces/srv/detail/tray__type_support.hpp
[2.432s] -- Up-to-date: /home/rover/ros_ws/src/install/interfaces/include/interfaces/srv/detail/tray__struct.hpp
[2.432s] -- Up-to-date: /home/rover/ros_ws/src/install/interfaces/include/interfaces/srv/detail/tray__builder.hpp
[2.433s] -- Up-to-date: /home/rover/ros_ws/src/install/interfaces/include/interfaces/srv/detail/drill__struct.hpp
[2.433s] -- Up-to-date: /home/rover/ros_ws/src/install/interfaces/include/interfaces/srv/detail/drill__builder.hpp
[2.434s] -- Up-to-date: /home/rover/ros_ws/src/install/interfaces/include/interfaces/srv/detail/drive__struct.hpp
[2.434s] -- Up-to-date: /home/rover/ros_ws/src/install/interfaces/include/interfaces/srv/detail/steer__struct.hpp
[2.435s] -- Up-to-date: /home/rover/ros_ws/src/install/interfaces/include/interfaces/srv/drive.hpp
[2.435s] -- Up-to-date: /home/rover/ros_ws/src/install/interfaces/include/interfaces/srv/tray.hpp
[2.435s] -- Up-to-date: /home/rover/ros_ws/src/install/interfaces/include/interfaces/srv/drill.hpp
[2.435s] -- Up-to-date: /home/rover/ros_ws/src/install/interfaces/include/interfaces/srv/lift.hpp
[2.436s] -- Up-to-date: /home/rover/ros_ws/src/install/interfaces/include/interfaces
[2.436s] -- Up-to-date: /home/rover/ros_ws/src/install/interfaces/include/interfaces/srv
[2.437s] -- Up-to-date: /home/rover/ros_ws/src/install/interfaces/include/interfaces/srv/detail
[2.437s] -- Up-to-date: /home/rover/ros_ws/src/install/interfaces/include/interfaces/srv/detail/drill__type_support.cpp
[2.437s] -- Up-to-date: /home/rover/ros_ws/src/install/interfaces/include/interfaces/srv/detail/steer__rosidl_typesupport_introspection_cpp.hpp
[2.437s] -- Up-to-date: /home/rover/ros_ws/src/install/interfaces/include/interfaces/srv/detail/tray__type_support.cpp
[2.438s] -- Up-to-date: /home/rover/ros_ws/src/install/interfaces/include/interfaces/srv/detail/steer__type_support.cpp
[2.438s] -- Up-to-date: /home/rover/ros_ws/src/install/interfaces/include/interfaces/srv/detail/drill__rosidl_typesupport_introspection_cpp.hpp
[2.439s] -- Up-to-date: /home/rover/ros_ws/src/install/interfaces/include/interfaces/srv/detail/drive__type_support.cpp
[2.439s] -- Up-to-date: /home/rover/ros_ws/src/install/interfaces/include/interfaces/srv/detail/drive__rosidl_typesupport_introspection_cpp.hpp
[2.440s] -- Up-to-date: /home/rover/ros_ws/src/install/interfaces/include/interfaces/srv/detail/lift__rosidl_typesupport_introspection_cpp.hpp
[2.440s] -- Up-to-date: /home/rover/ros_ws/src/install/interfaces/include/interfaces/srv/detail/tray__rosidl_typesupport_introspection_cpp.hpp
[2.441s] -- Up-to-date: /home/rover/ros_ws/src/install/interfaces/include/interfaces/srv/detail/lift__type_support.cpp
[2.441s] -- Up-to-date: /home/rover/ros_ws/src/install/interfaces/lib/libinterfaces__rosidl_typesupport_introspection_cpp.so
[2.441s] -- Up-to-date: /home/rover/ros_ws/src/install/interfaces/lib/libinterfaces__rosidl_typesupport_cpp.so
[2.442s] -- Up-to-date: /home/rover/ros_ws/src/install/interfaces/share/interfaces/environment/pythonpath.sh
[2.442s] -- Up-to-date: /home/rover/ros_ws/src/install/interfaces/share/interfaces/environment/pythonpath.dsv
[2.443s] -- Up-to-date: /home/rover/ros_ws/src/install/interfaces/lib/python3.8/site-packages/interfaces/__init__.py
[2.651s] -- Up-to-date: /home/rover/ros_ws/src/install/interfaces/lib/python3.8/site-packages/interfaces/srv
[2.653s] -- Up-to-date: /home/rover/ros_ws/src/install/interfaces/lib/python3.8/site-packages/interfaces/srv/_drive_s.c
[2.653s] -- Up-to-date: /home/rover/ros_ws/src/install/interfaces/lib/python3.8/site-packages/interfaces/srv/_lift.py
[2.654s] -- Up-to-date: /home/rover/ros_ws/src/install/interfaces/lib/python3.8/site-packages/interfaces/srv/_tray_s.c
[2.655s] -- Up-to-date: /home/rover/ros_ws/src/install/interfaces/lib/python3.8/site-packages/interfaces/srv/_steer.py
[2.655s] -- Up-to-date: /home/rover/ros_ws/src/install/interfaces/lib/python3.8/site-packages/interfaces/srv/_tray.py
[2.656s] -- Up-to-date: /home/rover/ros_ws/src/install/interfaces/lib/python3.8/site-packages/interfaces/srv/_drive.py
[2.656s] -- Up-to-date: /home/rover/ros_ws/src/install/interfaces/lib/python3.8/site-packages/interfaces/srv/_drill_s.c
[2.657s] -- Up-to-date: /home/rover/ros_ws/src/install/interfaces/lib/python3.8/site-packages/interfaces/srv/_lift_s.c
[2.658s] -- Up-to-date: /home/rover/ros_ws/src/install/interfaces/lib/python3.8/site-packages/interfaces/srv/_drill.py
[2.658s] -- Up-to-date: /home/rover/ros_ws/src/install/interfaces/lib/python3.8/site-packages/interfaces/srv/__init__.py
[2.659s] -- Up-to-date: /home/rover/ros_ws/src/install/interfaces/lib/python3.8/site-packages/interfaces/srv/_steer_s.c
[2.659s] -- Up-to-date: /home/rover/ros_ws/src/install/interfaces/lib/python3.8/site-packages/interfaces/interfaces_s__rosidl_typesupport_fastrtps_c.cpython-38-aarch64-linux-gnu.so
[2.660s] -- Up-to-date: /home/rover/ros_ws/src/install/interfaces/lib/python3.8/site-packages/interfaces/interfaces_s__rosidl_typesupport_introspection_c.cpython-38-aarch64-linux-gnu.so
[2.662s] -- Up-to-date: /home/rover/ros_ws/src/install/interfaces/lib/python3.8/site-packages/interfaces/interfaces_s__rosidl_typesupport_c.cpython-38-aarch64-linux-gnu.so
[2.665s] -- Up-to-date: /home/rover/ros_ws/src/install/interfaces/lib/libinterfaces__python.so
[2.667s] -- Up-to-date: /home/rover/ros_ws/src/install/interfaces/share/interfaces/srv/Drive.idl
[2.669s] -- Up-to-date: /home/rover/ros_ws/src/install/interfaces/share/interfaces/srv/Steer.idl
[2.670s] -- Up-to-date: /home/rover/ros_ws/src/install/interfaces/share/interfaces/srv/Drill.idl
[2.672s] -- Up-to-date: /home/rover/ros_ws/src/install/interfaces/share/interfaces/srv/Tray.idl
[2.675s] -- Up-to-date: /home/rover/ros_ws/src/install/interfaces/share/interfaces/srv/Lift.idl
[2.684s] -- Up-to-date: /home/rover/ros_ws/src/install/interfaces/share/interfaces/srv/Drive.srv
[2.690s] -- Up-to-date: /home/rover/ros_ws/src/install/interfaces/share/interfaces/srv/Drive_Request.msg
[2.691s] -- Up-to-date: /home/rover/ros_ws/src/install/interfaces/share/interfaces/srv/Drive_Response.msg
[2.691s] -- Up-to-date: /home/rover/ros_ws/src/install/interfaces/share/interfaces/srv/Steer.srv
[2.692s] -- Up-to-date: /home/rover/ros_ws/src/install/interfaces/share/interfaces/srv/Steer_Request.msg
[2.693s] -- Up-to-date: /home/rover/ros_ws/src/install/interfaces/share/interfaces/srv/Steer_Response.msg
[2.694s] -- Up-to-date: /home/rover/ros_ws/src/install/interfaces/share/interfaces/srv/Drill.srv
[2.694s] -- Up-to-date: /home/rover/ros_ws/src/install/interfaces/share/interfaces/srv/Drill_Request.msg
[2.695s] -- Up-to-date: /home/rover/ros_ws/src/install/interfaces/share/interfaces/srv/Drill_Response.msg
[2.695s] -- Up-to-date: /home/rover/ros_ws/src/install/interfaces/share/interfaces/srv/Tray.srv
[2.704s] -- Up-to-date: /home/rover/ros_ws/src/install/interfaces/share/interfaces/srv/Tray_Request.msg
[2.706s] -- Up-to-date: /home/rover/ros_ws/src/install/interfaces/share/interfaces/srv/Tray_Response.msg
[2.708s] -- Up-to-date: /home/rover/ros_ws/src/install/interfaces/share/interfaces/srv/Lift.srv
[2.709s] -- Up-to-date: /home/rover/ros_ws/src/install/interfaces/share/interfaces/srv/Lift_Request.msg
[2.709s] -- Up-to-date: /home/rover/ros_ws/src/install/interfaces/share/interfaces/srv/Lift_Response.msg
[2.711s] -- Up-to-date: /home/rover/ros_ws/src/install/interfaces/share/ament_index/resource_index/package_run_dependencies/interfaces
[2.711s] -- Up-to-date: /home/rover/ros_ws/src/install/interfaces/share/ament_index/resource_index/parent_prefix_path/interfaces
[2.713s] -- Up-to-date: /home/rover/ros_ws/src/install/interfaces/share/interfaces/environment/ament_prefix_path.sh
[2.715s] -- Up-to-date: /home/rover/ros_ws/src/install/interfaces/share/interfaces/environment/ament_prefix_path.dsv
[2.716s] -- Up-to-date: /home/rover/ros_ws/src/install/interfaces/share/interfaces/environment/path.sh
[2.717s] -- Up-to-date: /home/rover/ros_ws/src/install/interfaces/share/interfaces/environment/path.dsv
[2.718s] -- Up-to-date: /home/rover/ros_ws/src/install/interfaces/share/interfaces/local_setup.bash
[2.719s] -- Up-to-date: /home/rover/ros_ws/src/install/interfaces/share/interfaces/local_setup.sh
[2.719s] -- Up-to-date: /home/rover/ros_ws/src/install/interfaces/share/interfaces/local_setup.zsh
[2.720s] -- Up-to-date: /home/rover/ros_ws/src/install/interfaces/share/interfaces/local_setup.dsv
[2.721s] -- Installing: /home/rover/ros_ws/src/install/interfaces/share/interfaces/package.dsv
[2.721s] -- Up-to-date: /home/rover/ros_ws/src/install/interfaces/share/ament_index/resource_index/packages/interfaces
[2.722s] -- Up-to-date: /home/rover/ros_ws/src/install/interfaces/share/interfaces/cmake/interfaces__rosidl_generator_cExport.cmake
[2.723s] -- Up-to-date: /home/rover/ros_ws/src/install/interfaces/share/interfaces/cmake/interfaces__rosidl_generator_cExport-noconfig.cmake
[2.724s] -- Up-to-date: /home/rover/ros_ws/src/install/interfaces/share/interfaces/cmake/interfaces__rosidl_typesupport_introspection_cExport.cmake
[2.725s] -- Up-to-date: /home/rover/ros_ws/src/install/interfaces/share/interfaces/cmake/interfaces__rosidl_typesupport_introspection_cExport-noconfig.cmake
[2.726s] -- Up-to-date: /home/rover/ros_ws/src/install/interfaces/share/interfaces/cmake/interfaces__rosidl_typesupport_cExport.cmake
[2.728s] -- Up-to-date: /home/rover/ros_ws/src/install/interfaces/share/interfaces/cmake/interfaces__rosidl_typesupport_cExport-noconfig.cmake
[2.731s] -- Up-to-date: /home/rover/ros_ws/src/install/interfaces/share/interfaces/cmake/interfaces__rosidl_generator_cppExport.cmake
[2.738s] -- Up-to-date: /home/rover/ros_ws/src/install/interfaces/share/interfaces/cmake/interfaces__rosidl_typesupport_introspection_cppExport.cmake
[2.739s] -- Up-to-date: /home/rover/ros_ws/src/install/interfaces/share/interfaces/cmake/interfaces__rosidl_typesupport_introspection_cppExport-noconfig.cmake
[2.740s] -- Up-to-date: /home/rover/ros_ws/src/install/interfaces/share/interfaces/cmake/interfaces__rosidl_typesupport_cppExport.cmake
[2.741s] -- Up-to-date: /home/rover/ros_ws/src/install/interfaces/share/interfaces/cmake/interfaces__rosidl_typesupport_cppExport-noconfig.cmake
[2.741s] -- Up-to-date: /home/rover/ros_ws/src/install/interfaces/share/interfaces/cmake/rosidl_cmake-extras.cmake
[2.742s] -- Up-to-date: /home/rover/ros_ws/src/install/interfaces/share/interfaces/cmake/ament_cmake_export_dependencies-extras.cmake
[2.742s] -- Up-to-date: /home/rover/ros_ws/src/install/interfaces/share/interfaces/cmake/ament_cmake_export_libraries-extras.cmake
[2.743s] -- Up-to-date: /home/rover/ros_ws/src/install/interfaces/share/interfaces/cmake/ament_cmake_export_targets-extras.cmake
[2.743s] -- Up-to-date: /home/rover/ros_ws/src/install/interfaces/share/interfaces/cmake/ament_cmake_export_include_directories-extras.cmake
[2.743s] -- Up-to-date: /home/rover/ros_ws/src/install/interfaces/share/interfaces/cmake/rosidl_cmake_export_typesupport_libraries-extras.cmake
[2.744s] -- Up-to-date: /home/rover/ros_ws/src/install/interfaces/share/interfaces/cmake/rosidl_cmake_export_typesupport_targets-extras.cmake
[2.745s] -- Up-to-date: /home/rover/ros_ws/src/install/interfaces/share/interfaces/cmake/interfacesConfig.cmake
[2.745s] -- Up-to-date: /home/rover/ros_ws/src/install/interfaces/share/interfaces/cmake/interfacesConfig-version.cmake
[2.746s] -- Up-to-date: /home/rover/ros_ws/src/install/interfaces/share/interfaces/package.xml
[2.747s] Invoked command in '/home/rover/ros_ws/src/build/interfaces' returned '0': CMAKE_PREFIX_PATH=${CMAKE_PREFIX_PATH}:/home/rover/ros_ws/install/py_srvcli:/home/rover/ros_ws/install/mypkg:/home/rover/ros_ws/install/bb:/opt/ros/foxy /usr/bin/cmake --install /home/rover/ros_ws/src/build/interfaces
