[1.152s] DEBUG:colcon:Command line arguments: ['/usr/bin/colcon', 'build']
[1.153s] DEBUG:colcon:Parsed command line arguments: Namespace(allow_overriding=[], ament_cmake_args=None, base_paths=['.'], build_base='build', catkin_cmake_args=None, catkin_skip_building_tests=False, cmake_args=None, cmake_clean_cache=False, cmake_clean_first=False, cmake_force_configure=False, cmake_target=None, cmake_target_skip_unavailable=False, continue_on_error=False, event_handlers=None, executor='parallel', ignore_user_meta=False, install_base='install', log_base=None, log_level=None, main=<bound method BuildVerb.main of <colcon_core.verb.build.BuildVerb object at 0xffff8dd5bc70>>, merge_install=False, metas=['./colcon.meta'], mixin=None, mixin_files=None, mixin_verb=('build',), packages_above=None, packages_above_and_dependencies=None, packages_above_depth=None, packages_end=None, packages_ignore=None, packages_ignore_regex=None, packages_select=None, packages_select_build_failed=False, packages_select_by_dep=None, packages_select_regex=None, packages_select_test_failures=False, packages_skip=None, packages_skip_build_finished=False, packages_skip_by_dep=None, packages_skip_regex=None, packages_skip_test_passed=False, packages_skip_up_to=None, packages_start=None, packages_up_to=None, packages_up_to_regex=None, parallel_workers=4, paths=None, symlink_install=False, test_result_base=None, verb_extension=<colcon_core.verb.build.BuildVerb object at 0xffff8dd5bc70>, verb_name='build', verb_parser=<colcon_mixin.mixin.mixin_argument.MixinArgumentDecorator object at 0xffff8dc39e50>)
[1.956s] Level 1:colcon.colcon_core.package_discovery:discover_packages(colcon_meta) check parameters
[1.957s] Level 1:colcon.colcon_core.package_discovery:discover_packages(recursive) check parameters
[1.957s] Level 1:colcon.colcon_core.package_discovery:discover_packages(ignore) check parameters
[1.957s] Level 1:colcon.colcon_core.package_discovery:discover_packages(path) check parameters
[1.957s] Level 1:colcon.colcon_core.package_discovery:discover_packages(colcon_meta) discover
[1.958s] Level 1:colcon.colcon_core.package_discovery:discover_packages(recursive) discover
[1.958s] INFO:colcon.colcon_core.package_discovery:Crawling recursively for packages in '/home/rover/ros_ws/src'
[1.958s] Level 1:colcon.colcon_core.package_identification:_identify(.) by extensions ['ignore', 'ignore_ament_install']
[1.959s] Level 1:colcon.colcon_core.package_identification:_identify(.) by extension 'ignore'
[1.959s] Level 1:colcon.colcon_core.package_identification:_identify(.) by extension 'ignore_ament_install'
[1.959s] Level 1:colcon.colcon_core.package_identification:_identify(.) by extensions ['colcon_pkg']
[1.959s] Level 1:colcon.colcon_core.package_identification:_identify(.) by extension 'colcon_pkg'
[1.960s] Level 1:colcon.colcon_core.package_identification:_identify(.) by extensions ['colcon_meta']
[1.960s] Level 1:colcon.colcon_core.package_identification:_identify(.) by extension 'colcon_meta'
[1.960s] Level 1:colcon.colcon_core.package_identification:_identify(.) by extensions ['ros']
[1.960s] Level 1:colcon.colcon_core.package_identification:_identify(.) by extension 'ros'
[2.093s] Level 1:colcon.colcon_core.package_identification:_identify(.) by extensions ['cmake', 'python']
[2.093s] Level 1:colcon.colcon_core.package_identification:_identify(.) by extension 'cmake'
[2.094s] Level 1:colcon.colcon_core.package_identification:_identify(.) by extension 'python'
[2.094s] Level 1:colcon.colcon_core.package_identification:_identify(.) by extensions ['python_setup_py']
[2.094s] Level 1:colcon.colcon_core.package_identification:_identify(.) by extension 'python_setup_py'
[2.094s] Level 1:colcon.colcon_core.package_identification:_identify(bb) by extensions ['ignore', 'ignore_ament_install']
[2.095s] Level 1:colcon.colcon_core.package_identification:_identify(bb) by extension 'ignore'
[2.095s] Level 1:colcon.colcon_core.package_identification:_identify(bb) by extension 'ignore_ament_install'
[2.095s] Level 1:colcon.colcon_core.package_identification:_identify(bb) by extensions ['colcon_pkg']
[2.096s] Level 1:colcon.colcon_core.package_identification:_identify(bb) by extension 'colcon_pkg'
[2.096s] Level 1:colcon.colcon_core.package_identification:_identify(bb) by extensions ['colcon_meta']
[2.096s] Level 1:colcon.colcon_core.package_identification:_identify(bb) by extension 'colcon_meta'
[2.096s] Level 1:colcon.colcon_core.package_identification:_identify(bb) by extensions ['ros']
[2.096s] Level 1:colcon.colcon_core.package_identification:_identify(bb) by extension 'ros'
[2.107s] DEBUG:colcon.colcon_core.package_identification:Package 'bb' with type 'ros.ament_python' and name 'bb'
[2.108s] Level 1:colcon.colcon_core.package_identification:_identify(build) by extensions ['ignore', 'ignore_ament_install']
[2.108s] Level 1:colcon.colcon_core.package_identification:_identify(build) by extension 'ignore'
[2.109s] Level 1:colcon.colcon_core.package_identification:_identify(build) ignored
[2.109s] Level 1:colcon.colcon_core.package_identification:_identify(install) by extensions ['ignore', 'ignore_ament_install']
[2.110s] Level 1:colcon.colcon_core.package_identification:_identify(install) by extension 'ignore'
[2.110s] Level 1:colcon.colcon_core.package_identification:_identify(install) ignored
[2.110s] Level 1:colcon.colcon_core.package_identification:_identify(interfaces) by extensions ['ignore', 'ignore_ament_install']
[2.111s] Level 1:colcon.colcon_core.package_identification:_identify(interfaces) by extension 'ignore'
[2.111s] Level 1:colcon.colcon_core.package_identification:_identify(interfaces) by extension 'ignore_ament_install'
[2.111s] Level 1:colcon.colcon_core.package_identification:_identify(interfaces) by extensions ['colcon_pkg']
[2.111s] Level 1:colcon.colcon_core.package_identification:_identify(interfaces) by extension 'colcon_pkg'
[2.112s] Level 1:colcon.colcon_core.package_identification:_identify(interfaces) by extensions ['colcon_meta']
[2.112s] Level 1:colcon.colcon_core.package_identification:_identify(interfaces) by extension 'colcon_meta'
[2.112s] Level 1:colcon.colcon_core.package_identification:_identify(interfaces) by extensions ['ros']
[2.112s] Level 1:colcon.colcon_core.package_identification:_identify(interfaces) by extension 'ros'
[2.116s] DEBUG:colcon.colcon_core.package_identification:Package 'interfaces' with type 'ros.ament_cmake' and name 'interfaces'
[2.116s] Level 1:colcon.colcon_core.package_identification:_identify(log) by extensions ['ignore', 'ignore_ament_install']
[2.117s] Level 1:colcon.colcon_core.package_identification:_identify(log) by extension 'ignore'
[2.117s] Level 1:colcon.colcon_core.package_identification:_identify(log) ignored
[2.117s] Level 1:colcon.colcon_core.package_discovery:discover_packages(recursive) using defaults
[2.117s] Level 1:colcon.colcon_core.package_discovery:discover_packages(ignore) discover
[2.117s] Level 1:colcon.colcon_core.package_discovery:discover_packages(ignore) using defaults
[2.118s] Level 1:colcon.colcon_core.package_discovery:discover_packages(path) discover
[2.118s] Level 1:colcon.colcon_core.package_discovery:discover_packages(path) using defaults
[2.214s] Level 1:colcon.colcon_core.package_discovery:discover_packages(prefix_path) check parameters
[2.215s] Level 1:colcon.colcon_core.package_discovery:discover_packages(prefix_path) discover
[2.228s] DEBUG:colcon.colcon_installed_package_information.package_discovery:Found 5 installed packages in /home/rover/ros_ws/install
[2.237s] DEBUG:colcon.colcon_installed_package_information.package_discovery:Found 256 installed packages in /opt/ros/foxy
[2.285s] Level 1:colcon.colcon_core.package_discovery:discover_packages(prefix_path) using defaults
[2.667s] Level 5:colcon.colcon_core.verb:set package 'bb' build argument 'cmake_args' from command line to 'None'
[2.668s] Level 5:colcon.colcon_core.verb:set package 'bb' build argument 'cmake_target' from command line to 'None'
[2.668s] Level 5:colcon.colcon_core.verb:set package 'bb' build argument 'cmake_target_skip_unavailable' from command line to 'False'
[2.668s] Level 5:colcon.colcon_core.verb:set package 'bb' build argument 'cmake_clean_cache' from command line to 'False'
[2.668s] Level 5:colcon.colcon_core.verb:set package 'bb' build argument 'cmake_clean_first' from command line to 'False'
[2.668s] Level 5:colcon.colcon_core.verb:set package 'bb' build argument 'cmake_force_configure' from command line to 'False'
[2.668s] Level 5:colcon.colcon_core.verb:set package 'bb' build argument 'ament_cmake_args' from command line to 'None'
[2.668s] Level 5:colcon.colcon_core.verb:set package 'bb' build argument 'catkin_cmake_args' from command line to 'None'
[2.669s] Level 5:colcon.colcon_core.verb:set package 'bb' build argument 'catkin_skip_building_tests' from command line to 'False'
[2.669s] DEBUG:colcon.colcon_core.verb:Building package 'bb' with the following arguments: {'ament_cmake_args': None, 'build_base': '/home/rover/ros_ws/src/build/bb', 'catkin_cmake_args': None, 'catkin_skip_building_tests': False, 'cmake_args': None, 'cmake_clean_cache': False, 'cmake_clean_first': False, 'cmake_force_configure': False, 'cmake_target': None, 'cmake_target_skip_unavailable': False, 'install_base': '/home/rover/ros_ws/src/install/bb', 'merge_install': False, 'path': '/home/rover/ros_ws/src/bb', 'symlink_install': False, 'test_result_base': None}
[2.670s] Level 5:colcon.colcon_core.verb:set package 'interfaces' build argument 'cmake_args' from command line to 'None'
[2.671s] Level 5:colcon.colcon_core.verb:set package 'interfaces' build argument 'cmake_target' from command line to 'None'
[2.671s] Level 5:colcon.colcon_core.verb:set package 'interfaces' build argument 'cmake_target_skip_unavailable' from command line to 'False'
[2.671s] Level 5:colcon.colcon_core.verb:set package 'interfaces' build argument 'cmake_clean_cache' from command line to 'False'
[2.671s] Level 5:colcon.colcon_core.verb:set package 'interfaces' build argument 'cmake_clean_first' from command line to 'False'
[2.671s] Level 5:colcon.colcon_core.verb:set package 'interfaces' build argument 'cmake_force_configure' from command line to 'False'
[2.671s] Level 5:colcon.colcon_core.verb:set package 'interfaces' build argument 'ament_cmake_args' from command line to 'None'
[2.671s] Level 5:colcon.colcon_core.verb:set package 'interfaces' build argument 'catkin_cmake_args' from command line to 'None'
[2.671s] Level 5:colcon.colcon_core.verb:set package 'interfaces' build argument 'catkin_skip_building_tests' from command line to 'False'
[2.671s] DEBUG:colcon.colcon_core.verb:Building package 'interfaces' with the following arguments: {'ament_cmake_args': None, 'build_base': '/home/rover/ros_ws/src/build/interfaces', 'catkin_cmake_args': None, 'catkin_skip_building_tests': False, 'cmake_args': None, 'cmake_clean_cache': False, 'cmake_clean_first': False, 'cmake_force_configure': False, 'cmake_target': None, 'cmake_target_skip_unavailable': False, 'install_base': '/home/rover/ros_ws/src/install/interfaces', 'merge_install': False, 'path': '/home/rover/ros_ws/src/interfaces', 'symlink_install': False, 'test_result_base': None}
[2.672s] INFO:colcon.colcon_core.executor:Executing jobs using 'parallel' executor
[2.675s] DEBUG:colcon.colcon_parallel_executor.executor.parallel:run_until_complete
[2.677s] INFO:colcon.colcon_ros.task.ament_python.build:Building ROS package in '/home/rover/ros_ws/src/bb' with build type 'ament_python'
[2.677s] Level 1:colcon.colcon_core.shell:create_environment_hook('bb', 'ament_prefix_path')
[2.693s] INFO:colcon.colcon_core.plugin_system:Skipping extension 'colcon_core.shell.bat': Not used on non-Windows systems
[2.694s] INFO:colcon.colcon_core.shell:Creating environment hook '/home/rover/ros_ws/src/install/bb/share/bb/hook/ament_prefix_path.ps1'
[2.698s] INFO:colcon.colcon_core.shell:Creating environment descriptor '/home/rover/ros_ws/src/install/bb/share/bb/hook/ament_prefix_path.dsv'
[2.703s] INFO:colcon.colcon_core.shell:Creating environment hook '/home/rover/ros_ws/src/install/bb/share/bb/hook/ament_prefix_path.sh'
[2.708s] INFO:colcon.colcon_core.shell:Skip shell extension 'powershell' for command environment: Not usable outside of PowerShell
[2.709s] DEBUG:colcon.colcon_core.shell:Skip shell extension 'dsv' for command environment
[2.735s] INFO:colcon.colcon_ros.task.ament_cmake.build:Building ROS package in '/home/rover/ros_ws/src/interfaces' with build type 'ament_cmake'
[2.736s] INFO:colcon.colcon_cmake.task.cmake.build:Building CMake package in '/home/rover/ros_ws/src/interfaces'
[2.738s] INFO:colcon.colcon_core.shell:Skip shell extension 'powershell' for command environment: Not usable outside of PowerShell
[2.739s] DEBUG:colcon.colcon_core.shell:Skip shell extension 'dsv' for command environment
[3.787s] INFO:colcon.colcon_core.task.python.build:Building Python package in '/home/rover/ros_ws/src/bb'
[3.788s] INFO:colcon.colcon_core.shell:Skip shell extension 'powershell' for command environment: Not usable outside of PowerShell
[3.789s] DEBUG:colcon.colcon_core.shell:Skip shell extension 'dsv' for command environment
[3.832s] DEBUG:colcon.colcon_core.event_handler.log_command:Invoking command in '/home/rover/ros_ws/src/build/interfaces': CMAKE_PREFIX_PATH=${CMAKE_PREFIX_PATH}:/home/rover/ros_ws/install/py_srvcli:/home/rover/ros_ws/install/mypkg:/home/rover/ros_ws/install/bb:/opt/ros/foxy /usr/bin/cmake --build /home/rover/ros_ws/src/build/interfaces -- -j4 -l4
[5.805s] DEBUG:colcon.colcon_core.event_handler.log_command:Invoked command in '/home/rover/ros_ws/src/build/interfaces' returned '0': CMAKE_PREFIX_PATH=${CMAKE_PREFIX_PATH}:/home/rover/ros_ws/install/py_srvcli:/home/rover/ros_ws/install/mypkg:/home/rover/ros_ws/install/bb:/opt/ros/foxy /usr/bin/cmake --build /home/rover/ros_ws/src/build/interfaces -- -j4 -l4
[5.860s] DEBUG:colcon.colcon_core.event_handler.log_command:Invoking command in '/home/rover/ros_ws/src/build/interfaces': CMAKE_PREFIX_PATH=${CMAKE_PREFIX_PATH}:/home/rover/ros_ws/install/py_srvcli:/home/rover/ros_ws/install/mypkg:/home/rover/ros_ws/install/bb:/opt/ros/foxy /usr/bin/cmake --install /home/rover/ros_ws/src/build/interfaces
[6.328s] Level 1:colcon.colcon_core.environment:create_environment_scripts_only(interfaces)
[6.351s] DEBUG:colcon.colcon_core.event_handler.log_command:Invoked command in '/home/rover/ros_ws/src/build/interfaces' returned '0': CMAKE_PREFIX_PATH=${CMAKE_PREFIX_PATH}:/home/rover/ros_ws/install/py_srvcli:/home/rover/ros_ws/install/mypkg:/home/rover/ros_ws/install/bb:/opt/ros/foxy /usr/bin/cmake --install /home/rover/ros_ws/src/build/interfaces
[6.371s] Level 1:colcon.colcon_core.environment:checking '/home/rover/ros_ws/src/install/interfaces' for CMake module files
[6.375s] Level 1:colcon.colcon_core.environment:checking '/home/rover/ros_ws/src/install/interfaces' for CMake config files
[6.380s] Level 1:colcon.colcon_core.shell:create_environment_hook('interfaces', 'cmake_prefix_path')
[6.381s] INFO:colcon.colcon_core.shell:Creating environment hook '/home/rover/ros_ws/src/install/interfaces/share/interfaces/hook/cmake_prefix_path.ps1'
[6.383s] INFO:colcon.colcon_core.shell:Creating environment descriptor '/home/rover/ros_ws/src/install/interfaces/share/interfaces/hook/cmake_prefix_path.dsv'
[6.386s] INFO:colcon.colcon_core.shell:Creating environment hook '/home/rover/ros_ws/src/install/interfaces/share/interfaces/hook/cmake_prefix_path.sh'
[6.389s] Level 1:colcon.colcon_core.environment:checking '/home/rover/ros_ws/src/install/interfaces/lib'
[6.390s] Level 1:colcon.colcon_core.shell:create_environment_hook('interfaces', 'ld_library_path_lib')
[6.391s] INFO:colcon.colcon_core.shell:Creating environment hook '/home/rover/ros_ws/src/install/interfaces/share/interfaces/hook/ld_library_path_lib.ps1'
[6.393s] INFO:colcon.colcon_core.shell:Creating environment descriptor '/home/rover/ros_ws/src/install/interfaces/share/interfaces/hook/ld_library_path_lib.dsv'
[6.395s] INFO:colcon.colcon_core.shell:Creating environment hook '/home/rover/ros_ws/src/install/interfaces/share/interfaces/hook/ld_library_path_lib.sh'
[6.397s] Level 1:colcon.colcon_core.environment:checking '/home/rover/ros_ws/src/install/interfaces/bin'
[6.397s] Level 1:colcon.colcon_core.environment:checking '/home/rover/ros_ws/src/install/interfaces/lib/pkgconfig/interfaces.pc'
[6.398s] Level 1:colcon.colcon_core.environment:checking '/home/rover/ros_ws/src/install/interfaces/lib/python3.8/site-packages'
[6.398s] Level 1:colcon.colcon_core.shell:create_environment_hook('interfaces', 'pythonpath')
[6.399s] INFO:colcon.colcon_core.shell:Creating environment hook '/home/rover/ros_ws/src/install/interfaces/share/interfaces/hook/pythonpath.ps1'
[6.401s] INFO:colcon.colcon_core.shell:Creating environment descriptor '/home/rover/ros_ws/src/install/interfaces/share/interfaces/hook/pythonpath.dsv'
[6.403s] INFO:colcon.colcon_core.shell:Creating environment hook '/home/rover/ros_ws/src/install/interfaces/share/interfaces/hook/pythonpath.sh'
[6.405s] Level 1:colcon.colcon_core.environment:checking '/home/rover/ros_ws/src/install/interfaces/bin'
[6.407s] INFO:colcon.colcon_core.shell:Creating package script '/home/rover/ros_ws/src/install/interfaces/share/interfaces/package.ps1'
[6.413s] INFO:colcon.colcon_core.shell:Creating package descriptor '/home/rover/ros_ws/src/install/interfaces/share/interfaces/package.dsv'
[6.417s] INFO:colcon.colcon_core.shell:Creating package script '/home/rover/ros_ws/src/install/interfaces/share/interfaces/package.sh'
[6.422s] INFO:colcon.colcon_core.shell:Creating package script '/home/rover/ros_ws/src/install/interfaces/share/interfaces/package.bash'
[6.428s] INFO:colcon.colcon_core.shell:Creating package script '/home/rover/ros_ws/src/install/interfaces/share/interfaces/package.zsh'
[6.433s] Level 1:colcon.colcon_core.environment:create_file_with_runtime_dependencies(/home/rover/ros_ws/src/install/interfaces/share/colcon-core/packages/interfaces)
[6.437s] Level 1:colcon.colcon_core.environment:create_environment_scripts_only(interfaces)
[6.438s] Level 1:colcon.colcon_core.environment:checking '/home/rover/ros_ws/src/install/interfaces' for CMake module files
[6.441s] Level 1:colcon.colcon_core.environment:checking '/home/rover/ros_ws/src/install/interfaces' for CMake config files
[6.446s] Level 1:colcon.colcon_core.shell:create_environment_hook('interfaces', 'cmake_prefix_path')
[6.447s] INFO:colcon.colcon_core.shell:Creating environment hook '/home/rover/ros_ws/src/install/interfaces/share/interfaces/hook/cmake_prefix_path.ps1'
[6.449s] INFO:colcon.colcon_core.shell:Creating environment descriptor '/home/rover/ros_ws/src/install/interfaces/share/interfaces/hook/cmake_prefix_path.dsv'
[6.451s] INFO:colcon.colcon_core.shell:Creating environment hook '/home/rover/ros_ws/src/install/interfaces/share/interfaces/hook/cmake_prefix_path.sh'
[6.453s] Level 1:colcon.colcon_core.environment:checking '/home/rover/ros_ws/src/install/interfaces/lib'
[6.454s] Level 1:colcon.colcon_core.shell:create_environment_hook('interfaces', 'ld_library_path_lib')
[6.455s] INFO:colcon.colcon_core.shell:Creating environment hook '/home/rover/ros_ws/src/install/interfaces/share/interfaces/hook/ld_library_path_lib.ps1'
[6.457s] INFO:colcon.colcon_core.shell:Creating environment descriptor '/home/rover/ros_ws/src/install/interfaces/share/interfaces/hook/ld_library_path_lib.dsv'
[6.458s] INFO:colcon.colcon_core.shell:Creating environment hook '/home/rover/ros_ws/src/install/interfaces/share/interfaces/hook/ld_library_path_lib.sh'
[6.460s] Level 1:colcon.colcon_core.environment:checking '/home/rover/ros_ws/src/install/interfaces/bin'
[6.460s] Level 1:colcon.colcon_core.environment:checking '/home/rover/ros_ws/src/install/interfaces/lib/pkgconfig/interfaces.pc'
[6.461s] Level 1:colcon.colcon_core.environment:checking '/home/rover/ros_ws/src/install/interfaces/lib/python3.8/site-packages'
[6.461s] Level 1:colcon.colcon_core.shell:create_environment_hook('interfaces', 'pythonpath')
[6.462s] INFO:colcon.colcon_core.shell:Creating environment hook '/home/rover/ros_ws/src/install/interfaces/share/interfaces/hook/pythonpath.ps1'
[6.464s] INFO:colcon.colcon_core.shell:Creating environment descriptor '/home/rover/ros_ws/src/install/interfaces/share/interfaces/hook/pythonpath.dsv'
[6.466s] INFO:colcon.colcon_core.shell:Creating environment hook '/home/rover/ros_ws/src/install/interfaces/share/interfaces/hook/pythonpath.sh'
[6.468s] Level 1:colcon.colcon_core.environment:checking '/home/rover/ros_ws/src/install/interfaces/bin'
[6.470s] INFO:colcon.colcon_core.shell:Creating package script '/home/rover/ros_ws/src/install/interfaces/share/interfaces/package.ps1'
[6.473s] INFO:colcon.colcon_core.shell:Creating package descriptor '/home/rover/ros_ws/src/install/interfaces/share/interfaces/package.dsv'
[6.476s] INFO:colcon.colcon_core.shell:Creating package script '/home/rover/ros_ws/src/install/interfaces/share/interfaces/package.sh'
[6.478s] INFO:colcon.colcon_core.shell:Creating package script '/home/rover/ros_ws/src/install/interfaces/share/interfaces/package.bash'
[6.480s] INFO:colcon.colcon_core.shell:Creating package script '/home/rover/ros_ws/src/install/interfaces/share/interfaces/package.zsh'
[6.482s] Level 1:colcon.colcon_core.environment:create_file_with_runtime_dependencies(/home/rover/ros_ws/src/install/interfaces/share/colcon-core/packages/interfaces)
[6.507s] DEBUG:colcon.colcon_core.event_handler.log_command:Invoking command in '/home/rover/ros_ws/src/bb': PYTHONPATH=/home/rover/ros_ws/src/build/bb/prefix_override:/usr/lib/python3/dist-packages/colcon_core/task/python/colcon_distutils_commands:/home/rover/ros_ws/src/install/bb/lib/python3.8/site-packages:${PYTHONPATH} /usr/bin/python3 -W ignore:setup.py install is deprecated -W ignore:easy_install command is deprecated setup.py egg_info --egg-base ../build/bb build --build-base /home/rover/ros_ws/src/build/bb/build install --record /home/rover/ros_ws/src/build/bb/install.log --install-scripts $base/lib/bb --single-version-externally-managed install_data
[7.887s] Level 1:colcon.colcon_core.environment:checking '/home/rover/ros_ws/src/install/bb' for CMake module files
[7.889s] DEBUG:colcon.colcon_core.event_handler.log_command:Invoked command in '/home/rover/ros_ws/src/bb' returned '0': PYTHONPATH=/home/rover/ros_ws/src/build/bb/prefix_override:/usr/lib/python3/dist-packages/colcon_core/task/python/colcon_distutils_commands:/home/rover/ros_ws/src/install/bb/lib/python3.8/site-packages:${PYTHONPATH} /usr/bin/python3 -W ignore:setup.py install is deprecated -W ignore:easy_install command is deprecated setup.py egg_info --egg-base ../build/bb build --build-base /home/rover/ros_ws/src/build/bb/build install --record /home/rover/ros_ws/src/build/bb/install.log --install-scripts $base/lib/bb --single-version-externally-managed install_data
[7.891s] Level 1:colcon.colcon_core.environment:checking '/home/rover/ros_ws/src/install/bb' for CMake config files
[7.894s] Level 1:colcon.colcon_core.environment:checking '/home/rover/ros_ws/src/install/bb/lib'
[7.895s] Level 1:colcon.colcon_core.environment:checking '/home/rover/ros_ws/src/install/bb/bin'
[7.895s] Level 1:colcon.colcon_core.environment:checking '/home/rover/ros_ws/src/install/bb/lib/pkgconfig/bb.pc'
[7.896s] Level 1:colcon.colcon_core.environment:checking '/home/rover/ros_ws/src/install/bb/lib/python3.8/site-packages'
[7.897s] Level 1:colcon.colcon_core.shell:create_environment_hook('bb', 'pythonpath')
[7.898s] INFO:colcon.colcon_core.shell:Creating environment hook '/home/rover/ros_ws/src/install/bb/share/bb/hook/pythonpath.ps1'
[7.901s] INFO:colcon.colcon_core.shell:Creating environment descriptor '/home/rover/ros_ws/src/install/bb/share/bb/hook/pythonpath.dsv'
[7.903s] INFO:colcon.colcon_core.shell:Creating environment hook '/home/rover/ros_ws/src/install/bb/share/bb/hook/pythonpath.sh'
[7.905s] Level 1:colcon.colcon_core.environment:checking '/home/rover/ros_ws/src/install/bb/bin'
[7.906s] Level 1:colcon.colcon_core.environment:create_environment_scripts_only(bb)
[7.907s] INFO:colcon.colcon_core.shell:Creating package script '/home/rover/ros_ws/src/install/bb/share/bb/package.ps1'
[7.910s] INFO:colcon.colcon_core.shell:Creating package descriptor '/home/rover/ros_ws/src/install/bb/share/bb/package.dsv'
[7.912s] INFO:colcon.colcon_core.shell:Creating package script '/home/rover/ros_ws/src/install/bb/share/bb/package.sh'
[7.914s] INFO:colcon.colcon_core.shell:Creating package script '/home/rover/ros_ws/src/install/bb/share/bb/package.bash'
[7.916s] INFO:colcon.colcon_core.shell:Creating package script '/home/rover/ros_ws/src/install/bb/share/bb/package.zsh'
[7.918s] Level 1:colcon.colcon_core.environment:create_file_with_runtime_dependencies(/home/rover/ros_ws/src/install/bb/share/colcon-core/packages/bb)
[7.920s] DEBUG:colcon.colcon_parallel_executor.executor.parallel:closing loop
[7.921s] DEBUG:colcon.colcon_parallel_executor.executor.parallel:loop closed
[7.921s] DEBUG:colcon.colcon_parallel_executor.executor.parallel:run_until_complete finished with '0'
[7.922s] DEBUG:colcon.colcon_core.event_reactor:joining thread
[7.955s] INFO:colcon.colcon_core.plugin_system:Skipping extension 'colcon_notification.desktop_notification.terminal_notifier': Not used on non-Darwin systems
[7.956s] INFO:colcon.colcon_core.plugin_system:Skipping extension 'colcon_notification.desktop_notification.win32': Not used on non-Windows systems
[7.956s] INFO:colcon.colcon_notification.desktop_notification:Sending desktop notification using 'notify2'
[7.960s] DEBUG:colcon.colcon_notification.desktop_notification.notify2:Failed to initialize notify2: org.freedesktop.DBus.Error.ServiceUnknown: The name org.freedesktop.Notifications was not provided by any .service files
[7.960s] DEBUG:colcon.colcon_core.event_reactor:joined thread
[7.961s] INFO:colcon.colcon_core.shell:Creating prefix script '/home/rover/ros_ws/src/install/local_setup.ps1'
[7.966s] INFO:colcon.colcon_core.shell:Creating prefix util module '/home/rover/ros_ws/src/install/_local_setup_util_ps1.py'
[7.977s] INFO:colcon.colcon_core.shell:Creating prefix chain script '/home/rover/ros_ws/src/install/setup.ps1'
[7.984s] INFO:colcon.colcon_core.shell:Creating prefix script '/home/rover/ros_ws/src/install/local_setup.sh'
[7.989s] INFO:colcon.colcon_core.shell:Creating prefix util module '/home/rover/ros_ws/src/install/_local_setup_util_sh.py'
[7.992s] INFO:colcon.colcon_core.shell:Creating prefix chain script '/home/rover/ros_ws/src/install/setup.sh'
[8.000s] INFO:colcon.colcon_core.shell:Creating prefix script '/home/rover/ros_ws/src/install/local_setup.bash'
[8.004s] INFO:colcon.colcon_core.shell:Creating prefix chain script '/home/rover/ros_ws/src/install/setup.bash'
[8.011s] INFO:colcon.colcon_core.shell:Creating prefix script '/home/rover/ros_ws/src/install/local_setup.zsh'
[8.016s] INFO:colcon.colcon_core.shell:Creating prefix chain script '/home/rover/ros_ws/src/install/setup.zsh'
