[1.101s] Invoking command in '/home/rover/ros_ws/src/build/interfaces': CMAKE_PREFIX_PATH=${CMAKE_PREFIX_PATH}:/home/rover/ros_ws/install/py_srvcli:/home/rover/ros_ws/install/mypkg:/home/rover/ros_ws/install/bb:/opt/ros/foxy /usr/bin/cmake --build /home/rover/ros_ws/src/build/interfaces -- -j4 -l4
[1.866s] -- Found ament_cmake: 0.9.12 (/opt/ros/foxy/share/ament_cmake/cmake)
[1.997s] -- Found PythonInterp: /usr/bin/python3 (found suitable version "3.8.10", minimum required is "3") 
[1.999s] -- Using PYTHON_EXECUTABLE: /usr/bin/python3
[3.018s] -- Found rosidl_default_generators: 1.0.1 (/opt/ros/foxy/share/rosidl_default_generators/cmake)
[3.040s] -- Using all available rosidl_typesupport_c: rosidl_typesupport_fastrtps_c;rosidl_typesupport_introspection_c
[3.065s] -- Found rosidl_adapter: 1.3.1 (/opt/ros/foxy/share/rosidl_adapter/cmake)
[4.335s] -- Using all available rosidl_typesupport_cpp: rosidl_typesupport_fastrtps_cpp;rosidl_typesupport_introspection_cpp
[4.573s] -- Found PythonInterp: /usr/bin/python3 (found version "3.8.10") 
[5.387s] -- Found ament_cmake_ros: 0.9.2 (/opt/ros/foxy/share/ament_cmake_ros/cmake)
[6.264s] -- Using all available rosidl_typesupport_c: rosidl_typesupport_fastrtps_c;rosidl_typesupport_introspection_c
[6.311s] -- Using all available rosidl_typesupport_cpp: rosidl_typesupport_fastrtps_cpp;rosidl_typesupport_introspection_cpp
[6.424s] -- Found PythonInterp: /usr/bin/python3 (found suitable version "3.8.10", minimum required is "3.5") 
[6.426s] -- Found python_cmake_module: 0.8.1 (/opt/ros/foxy/share/python_cmake_module/cmake)
[6.537s] -- Using PYTHON_EXECUTABLE: /usr/bin/python3
[6.538s] -- Using PYTHON_INCLUDE_DIRS: /usr/include/python3.8
[6.539s] -- Using PYTHON_LIBRARIES: /usr/lib/aarch64-linux-gnu/libpython3.8.so
[6.601s] -- Found ament_lint_auto: 0.9.8 (/opt/ros/foxy/share/ament_lint_auto/cmake)
[6.689s] -- Added test 'copyright' to check source files copyright and LICENSE
[6.712s] -- Added test 'flake8' to check Python code syntax and style conventions
[6.716s] -- Added test 'lint_cmake' to check CMake code style
[6.719s] -- Added test 'pep257' to check Python code against some of the style conventions in PEP 257
[6.731s] -- Added test 'xmllint' to check XML markup files
[6.762s] -- Configuring done
[7.034s] -- Generating done
[7.089s] -- Build files have been written to: /home/rover/ros_ws/src/build/interfaces
[7.292s] [  1%] [34m[1mGenerating C code for ROS interfaces[0m
[7.337s] [  3%] [34m[1mGenerating C++ code for ROS interfaces[0m
[9.804s] [  3%] Built target interfaces__cpp
[9.869s] [  4%] [34m[1mGenerating C++ introspection for ROS interfaces[0m
[9.878s] [  6%] [34m[1mGenerating C++ type support for eProsima Fast-RTPS[0m
[9.970s] [  7%] [34m[1mGenerating C++ type support dispatch for ROS interfaces[0m
[10.422s] [35m[1mScanning dependencies of target interfaces__rosidl_generator_c[0m
[10.538s] [  9%] [32mBuilding C object CMakeFiles/interfaces__rosidl_generator_c.dir/rosidl_generator_c/interfaces/srv/detail/drive__functions.c.o[0m
[12.004s] [35m[1mScanning dependencies of target interfaces__rosidl_typesupport_cpp[0m
[12.101s] [ 11%] [32mBuilding CXX object CMakeFiles/interfaces__rosidl_typesupport_cpp.dir/rosidl_typesupport_cpp/interfaces/srv/drive__type_support.cpp.o[0m
[12.302s] [35m[1mScanning dependencies of target interfaces__rosidl_typesupport_introspection_cpp[0m
[12.463s] [ 12%] [32mBuilding CXX object CMakeFiles/interfaces__rosidl_typesupport_introspection_cpp.dir/rosidl_typesupport_introspection_cpp/interfaces/srv/detail/drive__type_support.cpp.o[0m
[12.773s] [35m[1mScanning dependencies of target interfaces__rosidl_typesupport_fastrtps_cpp[0m
[12.975s] [ 14%] [32mBuilding CXX object CMakeFiles/interfaces__rosidl_typesupport_fastrtps_cpp.dir/rosidl_typesupport_fastrtps_cpp/interfaces/srv/detail/dds_fastrtps/drive__type_support.cpp.o[0m
[13.626s] [ 15%] [32mBuilding C object CMakeFiles/interfaces__rosidl_generator_c.dir/rosidl_generator_c/interfaces/srv/detail/steer__functions.c.o[0m
[13.866s] [ 17%] [32mBuilding C object CMakeFiles/interfaces__rosidl_generator_c.dir/rosidl_generator_c/interfaces/srv/detail/drill__functions.c.o[0m
[14.134s] [ 19%] [32mBuilding C object CMakeFiles/interfaces__rosidl_generator_c.dir/rosidl_generator_c/interfaces/srv/detail/tray__functions.c.o[0m
[14.444s] [ 20%] [32mBuilding C object CMakeFiles/interfaces__rosidl_generator_c.dir/rosidl_generator_c/interfaces/srv/detail/lift__functions.c.o[0m
[14.753s] [ 22%] [32m[1mLinking C shared library libinterfaces__rosidl_generator_c.so[0m
[15.054s] [ 22%] Built target interfaces__rosidl_generator_c
[15.111s] [ 23%] [32mBuilding CXX object CMakeFiles/interfaces__rosidl_typesupport_fastrtps_cpp.dir/rosidl_typesupport_fastrtps_cpp/interfaces/srv/detail/dds_fastrtps/steer__type_support.cpp.o[0m
[16.257s] [ 25%] [32mBuilding CXX object CMakeFiles/interfaces__rosidl_typesupport_cpp.dir/rosidl_typesupport_cpp/interfaces/srv/steer__type_support.cpp.o[0m
[16.333s] [ 26%] [32mBuilding CXX object CMakeFiles/interfaces__rosidl_typesupport_introspection_cpp.dir/rosidl_typesupport_introspection_cpp/interfaces/srv/detail/steer__type_support.cpp.o[0m
[16.977s] [ 28%] [32mBuilding CXX object CMakeFiles/interfaces__rosidl_typesupport_introspection_cpp.dir/rosidl_typesupport_introspection_cpp/interfaces/srv/detail/drill__type_support.cpp.o[0m
[17.821s] [ 30%] [32mBuilding CXX object CMakeFiles/interfaces__rosidl_typesupport_fastrtps_cpp.dir/rosidl_typesupport_fastrtps_cpp/interfaces/srv/detail/dds_fastrtps/drill__type_support.cpp.o[0m
[18.036s] [ 31%] [32mBuilding CXX object CMakeFiles/interfaces__rosidl_typesupport_cpp.dir/rosidl_typesupport_cpp/interfaces/srv/drill__type_support.cpp.o[0m
[18.305s] [ 33%] [32mBuilding CXX object CMakeFiles/interfaces__rosidl_typesupport_cpp.dir/rosidl_typesupport_cpp/interfaces/srv/tray__type_support.cpp.o[0m
[18.720s] [ 34%] [32mBuilding CXX object CMakeFiles/interfaces__rosidl_typesupport_introspection_cpp.dir/rosidl_typesupport_introspection_cpp/interfaces/srv/detail/tray__type_support.cpp.o[0m
[19.938s] [ 36%] [32mBuilding CXX object CMakeFiles/interfaces__rosidl_typesupport_introspection_cpp.dir/rosidl_typesupport_introspection_cpp/interfaces/srv/detail/lift__type_support.cpp.o[0m
[20.043s] [ 38%] [32mBuilding CXX object CMakeFiles/interfaces__rosidl_typesupport_cpp.dir/rosidl_typesupport_cpp/interfaces/srv/lift__type_support.cpp.o[0m
[20.468s] [ 39%] [32mBuilding CXX object CMakeFiles/interfaces__rosidl_typesupport_fastrtps_cpp.dir/rosidl_typesupport_fastrtps_cpp/interfaces/srv/detail/dds_fastrtps/tray__type_support.cpp.o[0m
[20.611s] [ 41%] [34m[1mGenerating C type support dispatch for ROS interfaces[0m
[21.744s] [ 42%] [32m[1mLinking CXX shared library libinterfaces__rosidl_typesupport_introspection_cpp.so[0m
[21.860s] [ 44%] [32m[1mLinking CXX shared library libinterfaces__rosidl_typesupport_cpp.so[0m
[22.014s] [ 44%] Built target interfaces__rosidl_typesupport_introspection_cpp
[22.083s] [ 46%] [34m[1mGenerating C introspection for ROS interfaces[0m
[22.114s] [ 46%] Built target interfaces__rosidl_typesupport_cpp
[22.211s] [ 47%] [32mBuilding CXX object CMakeFiles/interfaces__rosidl_typesupport_fastrtps_cpp.dir/rosidl_typesupport_fastrtps_cpp/interfaces/srv/detail/dds_fastrtps/lift__type_support.cpp.o[0m
[23.023s] [35m[1mScanning dependencies of target interfaces__rosidl_typesupport_c[0m
[23.167s] [ 49%] [32mBuilding CXX object CMakeFiles/interfaces__rosidl_typesupport_c.dir/rosidl_typesupport_c/interfaces/srv/drive__type_support.cpp.o[0m
[23.289s] [ 50%] [32mBuilding CXX object CMakeFiles/interfaces__rosidl_typesupport_c.dir/rosidl_typesupport_c/interfaces/srv/steer__type_support.cpp.o[0m
[23.398s] [ 52%] [32mBuilding CXX object CMakeFiles/interfaces__rosidl_typesupport_c.dir/rosidl_typesupport_c/interfaces/srv/drill__type_support.cpp.o[0m
[23.495s] [ 53%] [32mBuilding CXX object CMakeFiles/interfaces__rosidl_typesupport_c.dir/rosidl_typesupport_c/interfaces/srv/tray__type_support.cpp.o[0m
[23.614s] [ 55%] [32mBuilding CXX object CMakeFiles/interfaces__rosidl_typesupport_c.dir/rosidl_typesupport_c/interfaces/srv/lift__type_support.cpp.o[0m
[23.798s] [ 57%] [32m[1mLinking CXX shared library libinterfaces__rosidl_typesupport_c.so[0m
[23.982s] [ 57%] Built target interfaces__rosidl_typesupport_c
[24.633s] [35m[1mScanning dependencies of target interfaces__rosidl_typesupport_introspection_c[0m
[24.769s] [ 58%] [32mBuilding C object CMakeFiles/interfaces__rosidl_typesupport_introspection_c.dir/rosidl_typesupport_introspection_c/interfaces/srv/detail/drive__type_support.c.o[0m
[24.777s] [ 60%] [32mBuilding C object CMakeFiles/interfaces__rosidl_typesupport_introspection_c.dir/rosidl_typesupport_introspection_c/interfaces/srv/detail/steer__type_support.c.o[0m
[24.791s] [ 61%] [32mBuilding C object CMakeFiles/interfaces__rosidl_typesupport_introspection_c.dir/rosidl_typesupport_introspection_c/interfaces/srv/detail/drill__type_support.c.o[0m
[24.835s] [ 63%] [32m[1mLinking CXX shared library libinterfaces__rosidl_typesupport_fastrtps_cpp.so[0m
[24.979s] [ 65%] [32mBuilding C object CMakeFiles/interfaces__rosidl_typesupport_introspection_c.dir/rosidl_typesupport_introspection_c/interfaces/srv/detail/tray__type_support.c.o[0m
[25.009s] [ 66%] [32mBuilding C object CMakeFiles/interfaces__rosidl_typesupport_introspection_c.dir/rosidl_typesupport_introspection_c/interfaces/srv/detail/lift__type_support.c.o[0m
[25.221s] [ 68%] [32m[1mLinking C shared library libinterfaces__rosidl_typesupport_introspection_c.so[0m
[25.315s] [ 68%] Built target interfaces__rosidl_typesupport_fastrtps_cpp
[25.368s] [ 69%] [34m[1mGenerating C type support for eProsima Fast-RTPS[0m
[25.368s] [ 69%] Built target interfaces__rosidl_typesupport_introspection_c
[27.199s] [35m[1mScanning dependencies of target interfaces__rosidl_typesupport_fastrtps_c[0m
[27.304s] [ 71%] [32mBuilding CXX object CMakeFiles/interfaces__rosidl_typesupport_fastrtps_c.dir/rosidl_typesupport_fastrtps_c/interfaces/srv/detail/steer__type_support_c.cpp.o[0m
[27.305s] [ 73%] [32mBuilding CXX object CMakeFiles/interfaces__rosidl_typesupport_fastrtps_c.dir/rosidl_typesupport_fastrtps_c/interfaces/srv/detail/drill__type_support_c.cpp.o[0m
[27.315s] [ 74%] [32mBuilding CXX object CMakeFiles/interfaces__rosidl_typesupport_fastrtps_c.dir/rosidl_typesupport_fastrtps_c/interfaces/srv/detail/drive__type_support_c.cpp.o[0m
[27.340s] [ 76%] [32mBuilding CXX object CMakeFiles/interfaces__rosidl_typesupport_fastrtps_c.dir/rosidl_typesupport_fastrtps_c/interfaces/srv/detail/tray__type_support_c.cpp.o[0m
[29.507s] [ 77%] [32mBuilding CXX object CMakeFiles/interfaces__rosidl_typesupport_fastrtps_c.dir/rosidl_typesupport_fastrtps_c/interfaces/srv/detail/lift__type_support_c.cpp.o[0m
[31.024s] [ 79%] [32m[1mLinking CXX shared library libinterfaces__rosidl_typesupport_fastrtps_c.so[0m
[31.390s] [ 79%] Built target interfaces__rosidl_typesupport_fastrtps_c
[31.489s] [ 79%] Built target interfaces
[31.582s] [ 80%] [34m[1mGenerating Python code for ROS interfaces[0m
[36.295s] [ 80%] Built target interfaces__py
[36.358s] [35m[1mScanning dependencies of target interfaces__python[0m
[36.484s] [ 82%] [32mBuilding C object CMakeFiles/interfaces__python.dir/rosidl_generator_py/interfaces/srv/_drive_s.c.o[0m
[36.503s] [ 84%] [32mBuilding C object CMakeFiles/interfaces__python.dir/rosidl_generator_py/interfaces/srv/_steer_s.c.o[0m
[36.559s] [ 85%] [32mBuilding C object CMakeFiles/interfaces__python.dir/rosidl_generator_py/interfaces/srv/_drill_s.c.o[0m
[36.603s] [ 87%] [32mBuilding C object CMakeFiles/interfaces__python.dir/rosidl_generator_py/interfaces/srv/_tray_s.c.o[0m
[37.335s] [ 88%] [32mBuilding C object CMakeFiles/interfaces__python.dir/rosidl_generator_py/interfaces/srv/_lift_s.c.o[0m
[37.726s] [ 90%] [32m[1mLinking C shared library rosidl_generator_py/interfaces/libinterfaces__python.so[0m
[37.903s] [ 90%] Built target interfaces__python
[37.959s] [35m[1mScanning dependencies of target interfaces__rosidl_typesupport_fastrtps_c__pyext[0m
[37.960s] [35m[1mScanning dependencies of target interfaces__rosidl_typesupport_c__pyext[0m
[37.961s] [35m[1mScanning dependencies of target interfaces__rosidl_typesupport_introspection_c__pyext[0m
[38.063s] [ 92%] [32mBuilding C object CMakeFiles/interfaces__rosidl_typesupport_introspection_c__pyext.dir/rosidl_generator_py/interfaces/_interfaces_s.ep.rosidl_typesupport_introspection_c.c.o[0m
[38.083s] [ 93%] [32mBuilding C object CMakeFiles/interfaces__rosidl_typesupport_c__pyext.dir/rosidl_generator_py/interfaces/_interfaces_s.ep.rosidl_typesupport_c.c.o[0m
[38.094s] [ 95%] [32mBuilding C object CMakeFiles/interfaces__rosidl_typesupport_fastrtps_c__pyext.dir/rosidl_generator_py/interfaces/_interfaces_s.ep.rosidl_typesupport_fastrtps_c.c.o[0m
[38.742s] [ 96%] [32m[1mLinking C shared library rosidl_generator_py/interfaces/interfaces_s__rosidl_typesupport_introspection_c.cpython-38-aarch64-linux-gnu.so[0m
[38.797s] [ 98%] [32m[1mLinking CXX shared library rosidl_generator_py/interfaces/interfaces_s__rosidl_typesupport_fastrtps_c.cpython-38-aarch64-linux-gnu.so[0m
[38.887s] [100%] [32m[1mLinking C shared library rosidl_generator_py/interfaces/interfaces_s__rosidl_typesupport_c.cpython-38-aarch64-linux-gnu.so[0m
[38.995s] [100%] Built target interfaces__rosidl_typesupport_introspection_c__pyext
[39.095s] [100%] Built target interfaces__rosidl_typesupport_c__pyext
[39.165s] [100%] Built target interfaces__rosidl_typesupport_fastrtps_c__pyext
[39.212s] Invoked command in '/home/rover/ros_ws/src/build/interfaces' returned '0': CMAKE_PREFIX_PATH=${CMAKE_PREFIX_PATH}:/home/rover/ros_ws/install/py_srvcli:/home/rover/ros_ws/install/mypkg:/home/rover/ros_ws/install/bb:/opt/ros/foxy /usr/bin/cmake --build /home/rover/ros_ws/src/build/interfaces -- -j4 -l4
[39.266s] Invoking command in '/home/rover/ros_ws/src/build/interfaces': CMAKE_PREFIX_PATH=${CMAKE_PREFIX_PATH}:/home/rover/ros_ws/install/py_srvcli:/home/rover/ros_ws/install/mypkg:/home/rover/ros_ws/install/bb:/opt/ros/foxy /usr/bin/cmake --install /home/rover/ros_ws/src/build/interfaces
[39.303s] -- Install configuration: ""
[39.303s] -- Up-to-date: /home/rover/ros_ws/src/install/interfaces/share/ament_index/resource_index/rosidl_interfaces/interfaces
[39.304s] -- Up-to-date: /home/rover/ros_ws/src/install/interfaces/include/interfaces
[39.304s] -- Up-to-date: /home/rover/ros_ws/src/install/interfaces/include/interfaces/msg
[39.305s] -- Up-to-date: /home/rover/ros_ws/src/install/interfaces/include/interfaces/msg/rosidl_generator_c__visibility_control.h
[39.305s] -- Up-to-date: /home/rover/ros_ws/src/install/interfaces/include/interfaces/srv
[39.305s] -- Installing: /home/rover/ros_ws/src/install/interfaces/include/interfaces/srv/tray.h
[39.306s] -- Up-to-date: /home/rover/ros_ws/src/install/interfaces/include/interfaces/srv/detail
[39.306s] -- Installing: /home/rover/ros_ws/src/install/interfaces/include/interfaces/srv/detail/steer__functions.c
[39.307s] -- Installing: /home/rover/ros_ws/src/install/interfaces/include/interfaces/srv/detail/steer__functions.h
[39.307s] -- Installing: /home/rover/ros_ws/src/install/interfaces/include/interfaces/srv/detail/tray__functions.c
[39.308s] -- Installing: /home/rover/ros_ws/src/install/interfaces/include/interfaces/srv/detail/tray__type_support.h
[39.309s] -- Installing: /home/rover/ros_ws/src/install/interfaces/include/interfaces/srv/detail/lift__functions.h
[39.310s] -- Installing: /home/rover/ros_ws/src/install/interfaces/include/interfaces/srv/detail/lift__type_support.h
[39.311s] -- Installing: /home/rover/ros_ws/src/install/interfaces/include/interfaces/srv/detail/drive__struct.h
[39.312s] -- Installing: /home/rover/ros_ws/src/install/interfaces/include/interfaces/srv/detail/drill__functions.c
[39.313s] -- Installing: /home/rover/ros_ws/src/install/interfaces/include/interfaces/srv/detail/drive__type_support.h
[39.313s] -- Installing: /home/rover/ros_ws/src/install/interfaces/include/interfaces/srv/detail/steer__struct.h
[39.314s] -- Installing: /home/rover/ros_ws/src/install/interfaces/include/interfaces/srv/detail/lift__struct.h
[39.315s] -- Installing: /home/rover/ros_ws/src/install/interfaces/include/interfaces/srv/detail/drive__functions.c
[39.316s] -- Installing: /home/rover/ros_ws/src/install/interfaces/include/interfaces/srv/detail/drill__type_support.h
[39.317s] -- Installing: /home/rover/ros_ws/src/install/interfaces/include/interfaces/srv/detail/tray__struct.h
[39.318s] -- Installing: /home/rover/ros_ws/src/install/interfaces/include/interfaces/srv/detail/tray__functions.h
[39.319s] -- Installing: /home/rover/ros_ws/src/install/interfaces/include/interfaces/srv/detail/drill__struct.h
[39.320s] -- Installing: /home/rover/ros_ws/src/install/interfaces/include/interfaces/srv/detail/lift__functions.c
[39.321s] -- Installing: /home/rover/ros_ws/src/install/interfaces/include/interfaces/srv/detail/steer__type_support.h
[39.322s] -- Installing: /home/rover/ros_ws/src/install/interfaces/include/interfaces/srv/detail/drive__functions.h
[39.323s] -- Installing: /home/rover/ros_ws/src/install/interfaces/include/interfaces/srv/detail/drill__functions.h
[39.323s] -- Installing: /home/rover/ros_ws/src/install/interfaces/include/interfaces/srv/drive.h
[39.324s] -- Installing: /home/rover/ros_ws/src/install/interfaces/include/interfaces/srv/lift.h
[39.325s] -- Installing: /home/rover/ros_ws/src/install/interfaces/include/interfaces/srv/steer.h
[39.326s] -- Installing: /home/rover/ros_ws/src/install/interfaces/include/interfaces/srv/drill.h
[39.327s] -- Up-to-date: /home/rover/ros_ws/src/install/interfaces/share/interfaces/environment/library_path.sh
[39.327s] -- Installing: /home/rover/ros_ws/src/install/interfaces/share/interfaces/environment/library_path.dsv
[39.331s] -- Installing: /home/rover/ros_ws/src/install/interfaces/lib/libinterfaces__rosidl_generator_c.so
[39.333s] -- Set runtime path of "/home/rover/ros_ws/src/install/interfaces/lib/libinterfaces__rosidl_generator_c.so" to ""
[39.334s] -- Up-to-date: /home/rover/ros_ws/src/install/interfaces/include/interfaces
[39.336s] -- Up-to-date: /home/rover/ros_ws/src/install/interfaces/include/interfaces/msg
[39.339s] -- Up-to-date: /home/rover/ros_ws/src/install/interfaces/include/interfaces/msg/rosidl_typesupport_fastrtps_c__visibility_control.h
[39.339s] -- Up-to-date: /home/rover/ros_ws/src/install/interfaces/include/interfaces/srv
[39.340s] -- Up-to-date: /home/rover/ros_ws/src/install/interfaces/include/interfaces/srv/detail
[39.341s] -- Installing: /home/rover/ros_ws/src/install/interfaces/include/interfaces/srv/detail/drive__rosidl_typesupport_fastrtps_c.h
[39.341s] -- Installing: /home/rover/ros_ws/src/install/interfaces/include/interfaces/srv/detail/lift__rosidl_typesupport_fastrtps_c.h
[39.341s] -- Installing: /home/rover/ros_ws/src/install/interfaces/include/interfaces/srv/detail/tray__rosidl_typesupport_fastrtps_c.h
[39.342s] -- Installing: /home/rover/ros_ws/src/install/interfaces/include/interfaces/srv/detail/steer__rosidl_typesupport_fastrtps_c.h
[39.342s] -- Installing: /home/rover/ros_ws/src/install/interfaces/include/interfaces/srv/detail/drill__rosidl_typesupport_fastrtps_c.h
[39.344s] -- Installing: /home/rover/ros_ws/src/install/interfaces/lib/libinterfaces__rosidl_typesupport_fastrtps_c.so
[39.347s] -- Set runtime path of "/home/rover/ros_ws/src/install/interfaces/lib/libinterfaces__rosidl_typesupport_fastrtps_c.so" to ""
[39.347s] -- Up-to-date: /home/rover/ros_ws/src/install/interfaces/include/interfaces
[39.348s] -- Up-to-date: /home/rover/ros_ws/src/install/interfaces/include/interfaces/msg
[39.348s] -- Up-to-date: /home/rover/ros_ws/src/install/interfaces/include/interfaces/msg/rosidl_typesupport_fastrtps_cpp__visibility_control.h
[39.349s] -- Up-to-date: /home/rover/ros_ws/src/install/interfaces/include/interfaces/srv
[39.349s] -- Up-to-date: /home/rover/ros_ws/src/install/interfaces/include/interfaces/srv/detail
[39.349s] -- Installing: /home/rover/ros_ws/src/install/interfaces/include/interfaces/srv/detail/tray__rosidl_typesupport_fastrtps_cpp.hpp
[39.350s] -- Up-to-date: /home/rover/ros_ws/src/install/interfaces/include/interfaces/srv/detail/dds_fastrtps
[39.350s] -- Installing: /home/rover/ros_ws/src/install/interfaces/include/interfaces/srv/detail/drill__rosidl_typesupport_fastrtps_cpp.hpp
[39.352s] -- Installing: /home/rover/ros_ws/src/install/interfaces/include/interfaces/srv/detail/steer__rosidl_typesupport_fastrtps_cpp.hpp
[39.352s] -- Installing: /home/rover/ros_ws/src/install/interfaces/include/interfaces/srv/detail/lift__rosidl_typesupport_fastrtps_cpp.hpp
[39.355s] -- Installing: /home/rover/ros_ws/src/install/interfaces/include/interfaces/srv/detail/drive__rosidl_typesupport_fastrtps_cpp.hpp
[39.358s] -- Installing: /home/rover/ros_ws/src/install/interfaces/lib/libinterfaces__rosidl_typesupport_fastrtps_cpp.so
[39.360s] -- Set runtime path of "/home/rover/ros_ws/src/install/interfaces/lib/libinterfaces__rosidl_typesupport_fastrtps_cpp.so" to ""
[39.361s] -- Up-to-date: /home/rover/ros_ws/src/install/interfaces/include/interfaces
[39.361s] -- Up-to-date: /home/rover/ros_ws/src/install/interfaces/include/interfaces/msg
[39.362s] -- Up-to-date: /home/rover/ros_ws/src/install/interfaces/include/interfaces/msg/rosidl_typesupport_introspection_c__visibility_control.h
[39.362s] -- Up-to-date: /home/rover/ros_ws/src/install/interfaces/include/interfaces/srv
[39.363s] -- Up-to-date: /home/rover/ros_ws/src/install/interfaces/include/interfaces/srv/detail
[39.363s] -- Installing: /home/rover/ros_ws/src/install/interfaces/include/interfaces/srv/detail/drive__rosidl_typesupport_introspection_c.h
[39.363s] -- Installing: /home/rover/ros_ws/src/install/interfaces/include/interfaces/srv/detail/tray__type_support.c
[39.364s] -- Installing: /home/rover/ros_ws/src/install/interfaces/include/interfaces/srv/detail/drive__type_support.c
[39.365s] -- Installing: /home/rover/ros_ws/src/install/interfaces/include/interfaces/srv/detail/lift__rosidl_typesupport_introspection_c.h
[39.366s] -- Installing: /home/rover/ros_ws/src/install/interfaces/include/interfaces/srv/detail/steer__type_support.c
[39.367s] -- Installing: /home/rover/ros_ws/src/install/interfaces/include/interfaces/srv/detail/lift__type_support.c
[39.368s] -- Installing: /home/rover/ros_ws/src/install/interfaces/include/interfaces/srv/detail/steer__rosidl_typesupport_introspection_c.h
[39.369s] -- Installing: /home/rover/ros_ws/src/install/interfaces/include/interfaces/srv/detail/tray__rosidl_typesupport_introspection_c.h
[39.370s] -- Installing: /home/rover/ros_ws/src/install/interfaces/include/interfaces/srv/detail/drill__rosidl_typesupport_introspection_c.h
[39.371s] -- Installing: /home/rover/ros_ws/src/install/interfaces/include/interfaces/srv/detail/drill__type_support.c
[39.375s] -- Installing: /home/rover/ros_ws/src/install/interfaces/lib/libinterfaces__rosidl_typesupport_introspection_c.so
[39.377s] -- Set runtime path of "/home/rover/ros_ws/src/install/interfaces/lib/libinterfaces__rosidl_typesupport_introspection_c.so" to ""
[39.380s] -- Installing: /home/rover/ros_ws/src/install/interfaces/lib/libinterfaces__rosidl_typesupport_c.so
[39.382s] -- Set runtime path of "/home/rover/ros_ws/src/install/interfaces/lib/libinterfaces__rosidl_typesupport_c.so" to ""
[39.383s] -- Up-to-date: /home/rover/ros_ws/src/install/interfaces/include/interfaces
[39.383s] -- Up-to-date: /home/rover/ros_ws/src/install/interfaces/include/interfaces/msg
[39.383s] -- Up-to-date: /home/rover/ros_ws/src/install/interfaces/include/interfaces/msg/rosidl_generator_cpp__visibility_control.hpp
[39.384s] -- Up-to-date: /home/rover/ros_ws/src/install/interfaces/include/interfaces/srv
[39.384s] -- Installing: /home/rover/ros_ws/src/install/interfaces/include/interfaces/srv/steer.hpp
[39.385s] -- Up-to-date: /home/rover/ros_ws/src/install/interfaces/include/interfaces/srv/detail
[39.385s] -- Installing: /home/rover/ros_ws/src/install/interfaces/include/interfaces/srv/detail/drive__type_support.hpp
[39.386s] -- Installing: /home/rover/ros_ws/src/install/interfaces/include/interfaces/srv/detail/lift__traits.hpp
[39.387s] -- Installing: /home/rover/ros_ws/src/install/interfaces/include/interfaces/srv/detail/drill__type_support.hpp
[39.388s] -- Installing: /home/rover/ros_ws/src/install/interfaces/include/interfaces/srv/detail/tray__traits.hpp
[39.388s] -- Installing: /home/rover/ros_ws/src/install/interfaces/include/interfaces/srv/detail/lift__struct.hpp
[39.389s] -- Installing: /home/rover/ros_ws/src/install/interfaces/include/interfaces/srv/detail/steer__traits.hpp
[39.390s] -- Installing: /home/rover/ros_ws/src/install/interfaces/include/interfaces/srv/detail/drill__traits.hpp
[39.391s] -- Installing: /home/rover/ros_ws/src/install/interfaces/include/interfaces/srv/detail/lift__type_support.hpp
[39.392s] -- Installing: /home/rover/ros_ws/src/install/interfaces/include/interfaces/srv/detail/steer__builder.hpp
[39.393s] -- Installing: /home/rover/ros_ws/src/install/interfaces/include/interfaces/srv/detail/drive__traits.hpp
[39.394s] -- Installing: /home/rover/ros_ws/src/install/interfaces/include/interfaces/srv/detail/lift__builder.hpp
[39.395s] -- Installing: /home/rover/ros_ws/src/install/interfaces/include/interfaces/srv/detail/drive__builder.hpp
[39.396s] -- Installing: /home/rover/ros_ws/src/install/interfaces/include/interfaces/srv/detail/steer__type_support.hpp
[39.396s] -- Installing: /home/rover/ros_ws/src/install/interfaces/include/interfaces/srv/detail/tray__type_support.hpp
[39.397s] -- Installing: /home/rover/ros_ws/src/install/interfaces/include/interfaces/srv/detail/tray__struct.hpp
[39.398s] -- Installing: /home/rover/ros_ws/src/install/interfaces/include/interfaces/srv/detail/tray__builder.hpp
[39.399s] -- Installing: /home/rover/ros_ws/src/install/interfaces/include/interfaces/srv/detail/drill__struct.hpp
[39.400s] -- Installing: /home/rover/ros_ws/src/install/interfaces/include/interfaces/srv/detail/drill__builder.hpp
[39.401s] -- Installing: /home/rover/ros_ws/src/install/interfaces/include/interfaces/srv/detail/drive__struct.hpp
[39.402s] -- Installing: /home/rover/ros_ws/src/install/interfaces/include/interfaces/srv/detail/steer__struct.hpp
[39.403s] -- Installing: /home/rover/ros_ws/src/install/interfaces/include/interfaces/srv/drive.hpp
[39.404s] -- Installing: /home/rover/ros_ws/src/install/interfaces/include/interfaces/srv/tray.hpp
[39.404s] -- Installing: /home/rover/ros_ws/src/install/interfaces/include/interfaces/srv/drill.hpp
[39.405s] -- Installing: /home/rover/ros_ws/src/install/interfaces/include/interfaces/srv/lift.hpp
[39.406s] -- Up-to-date: /home/rover/ros_ws/src/install/interfaces/include/interfaces
[39.407s] -- Up-to-date: /home/rover/ros_ws/src/install/interfaces/include/interfaces/srv
[39.407s] -- Up-to-date: /home/rover/ros_ws/src/install/interfaces/include/interfaces/srv/detail
[39.408s] -- Installing: /home/rover/ros_ws/src/install/interfaces/include/interfaces/srv/detail/drill__type_support.cpp
[39.408s] -- Installing: /home/rover/ros_ws/src/install/interfaces/include/interfaces/srv/detail/steer__rosidl_typesupport_introspection_cpp.hpp
[39.409s] -- Installing: /home/rover/ros_ws/src/install/interfaces/include/interfaces/srv/detail/tray__type_support.cpp
[39.410s] -- Installing: /home/rover/ros_ws/src/install/interfaces/include/interfaces/srv/detail/steer__type_support.cpp
[39.411s] -- Installing: /home/rover/ros_ws/src/install/interfaces/include/interfaces/srv/detail/drill__rosidl_typesupport_introspection_cpp.hpp
[39.412s] -- Installing: /home/rover/ros_ws/src/install/interfaces/include/interfaces/srv/detail/drive__type_support.cpp
[39.414s] -- Installing: /home/rover/ros_ws/src/install/interfaces/include/interfaces/srv/detail/drive__rosidl_typesupport_introspection_cpp.hpp
[39.415s] -- Installing: /home/rover/ros_ws/src/install/interfaces/include/interfaces/srv/detail/lift__rosidl_typesupport_introspection_cpp.hpp
[39.416s] -- Installing: /home/rover/ros_ws/src/install/interfaces/include/interfaces/srv/detail/tray__rosidl_typesupport_introspection_cpp.hpp
[39.417s] -- Installing: /home/rover/ros_ws/src/install/interfaces/include/interfaces/srv/detail/lift__type_support.cpp
[39.422s] -- Installing: /home/rover/ros_ws/src/install/interfaces/lib/libinterfaces__rosidl_typesupport_introspection_cpp.so
[39.425s] -- Set runtime path of "/home/rover/ros_ws/src/install/interfaces/lib/libinterfaces__rosidl_typesupport_introspection_cpp.so" to ""
[39.428s] -- Installing: /home/rover/ros_ws/src/install/interfaces/lib/libinterfaces__rosidl_typesupport_cpp.so
[39.430s] -- Set runtime path of "/home/rover/ros_ws/src/install/interfaces/lib/libinterfaces__rosidl_typesupport_cpp.so" to ""
[39.433s] -- Up-to-date: /home/rover/ros_ws/src/install/interfaces/share/interfaces/environment/pythonpath.sh
[39.434s] -- Installing: /home/rover/ros_ws/src/install/interfaces/share/interfaces/environment/pythonpath.dsv
[39.435s] -- Installing: /home/rover/ros_ws/src/install/interfaces/lib/python3.8/site-packages/interfaces/__init__.py
[39.574s] Compiling '/home/rover/ros_ws/src/install/interfaces/lib/python3.8/site-packages/interfaces/__init__.py'...
[39.597s] -- Up-to-date: /home/rover/ros_ws/src/install/interfaces/lib/python3.8/site-packages/interfaces/srv
[39.598s] -- Installing: /home/rover/ros_ws/src/install/interfaces/lib/python3.8/site-packages/interfaces/srv/_drive_s.c
[39.599s] -- Installing: /home/rover/ros_ws/src/install/interfaces/lib/python3.8/site-packages/interfaces/srv/_lift.py
[39.600s] -- Installing: /home/rover/ros_ws/src/install/interfaces/lib/python3.8/site-packages/interfaces/srv/_tray_s.c
[39.601s] -- Installing: /home/rover/ros_ws/src/install/interfaces/lib/python3.8/site-packages/interfaces/srv/_steer.py
[39.603s] -- Installing: /home/rover/ros_ws/src/install/interfaces/lib/python3.8/site-packages/interfaces/srv/_tray.py
[39.604s] -- Installing: /home/rover/ros_ws/src/install/interfaces/lib/python3.8/site-packages/interfaces/srv/_drive.py
[39.604s] -- Installing: /home/rover/ros_ws/src/install/interfaces/lib/python3.8/site-packages/interfaces/srv/_drill_s.c
[39.605s] -- Installing: /home/rover/ros_ws/src/install/interfaces/lib/python3.8/site-packages/interfaces/srv/_lift_s.c
[39.606s] -- Installing: /home/rover/ros_ws/src/install/interfaces/lib/python3.8/site-packages/interfaces/srv/_drill.py
[39.607s] -- Installing: /home/rover/ros_ws/src/install/interfaces/lib/python3.8/site-packages/interfaces/srv/__init__.py
[39.608s] -- Installing: /home/rover/ros_ws/src/install/interfaces/lib/python3.8/site-packages/interfaces/srv/_steer_s.c
[39.614s] -- Installing: /home/rover/ros_ws/src/install/interfaces/lib/python3.8/site-packages/interfaces/interfaces_s__rosidl_typesupport_fastrtps_c.cpython-38-aarch64-linux-gnu.so
[39.618s] -- Set runtime path of "/home/rover/ros_ws/src/install/interfaces/lib/python3.8/site-packages/interfaces/interfaces_s__rosidl_typesupport_fastrtps_c.cpython-38-aarch64-linux-gnu.so" to ""
[39.621s] -- Installing: /home/rover/ros_ws/src/install/interfaces/lib/python3.8/site-packages/interfaces/interfaces_s__rosidl_typesupport_introspection_c.cpython-38-aarch64-linux-gnu.so
[39.629s] -- Set runtime path of "/home/rover/ros_ws/src/install/interfaces/lib/python3.8/site-packages/interfaces/interfaces_s__rosidl_typesupport_introspection_c.cpython-38-aarch64-linux-gnu.so" to ""
[39.632s] -- Installing: /home/rover/ros_ws/src/install/interfaces/lib/python3.8/site-packages/interfaces/interfaces_s__rosidl_typesupport_c.cpython-38-aarch64-linux-gnu.so
[39.632s] -- Set runtime path of "/home/rover/ros_ws/src/install/interfaces/lib/python3.8/site-packages/interfaces/interfaces_s__rosidl_typesupport_c.cpython-38-aarch64-linux-gnu.so" to ""
[39.635s] -- Installing: /home/rover/ros_ws/src/install/interfaces/lib/libinterfaces__python.so
[39.638s] -- Set runtime path of "/home/rover/ros_ws/src/install/interfaces/lib/libinterfaces__python.so" to ""
[39.639s] -- Up-to-date: /home/rover/ros_ws/src/install/interfaces/share/interfaces/srv/Drive.idl
[39.639s] -- Up-to-date: /home/rover/ros_ws/src/install/interfaces/share/interfaces/srv/Steer.idl
[39.640s] -- Installing: /home/rover/ros_ws/src/install/interfaces/share/interfaces/srv/Drill.idl
[39.641s] -- Up-to-date: /home/rover/ros_ws/src/install/interfaces/share/interfaces/srv/Tray.idl
[39.641s] -- Installing: /home/rover/ros_ws/src/install/interfaces/share/interfaces/srv/Lift.idl
[39.642s] -- Installing: /home/rover/ros_ws/src/install/interfaces/share/interfaces/srv/Drive.srv
[39.643s] -- Up-to-date: /home/rover/ros_ws/src/install/interfaces/share/interfaces/srv/Drive_Request.msg
[39.644s] -- Up-to-date: /home/rover/ros_ws/src/install/interfaces/share/interfaces/srv/Drive_Response.msg
[39.645s] -- Up-to-date: /home/rover/ros_ws/src/install/interfaces/share/interfaces/srv/Steer.srv
[39.646s] -- Up-to-date: /home/rover/ros_ws/src/install/interfaces/share/interfaces/srv/Steer_Request.msg
[39.647s] -- Up-to-date: /home/rover/ros_ws/src/install/interfaces/share/interfaces/srv/Steer_Response.msg
[39.649s] -- Installing: /home/rover/ros_ws/src/install/interfaces/share/interfaces/srv/Drill.srv
[39.650s] -- Installing: /home/rover/ros_ws/src/install/interfaces/share/interfaces/srv/Drill_Request.msg
[39.650s] -- Up-to-date: /home/rover/ros_ws/src/install/interfaces/share/interfaces/srv/Drill_Response.msg
[39.651s] -- Up-to-date: /home/rover/ros_ws/src/install/interfaces/share/interfaces/srv/Tray.srv
[39.652s] -- Up-to-date: /home/rover/ros_ws/src/install/interfaces/share/interfaces/srv/Tray_Request.msg
[39.653s] -- Up-to-date: /home/rover/ros_ws/src/install/interfaces/share/interfaces/srv/Tray_Response.msg
[39.655s] -- Installing: /home/rover/ros_ws/src/install/interfaces/share/interfaces/srv/Lift.srv
[39.657s] -- Installing: /home/rover/ros_ws/src/install/interfaces/share/interfaces/srv/Lift_Request.msg
[39.657s] -- Up-to-date: /home/rover/ros_ws/src/install/interfaces/share/interfaces/srv/Lift_Response.msg
[39.658s] -- Up-to-date: /home/rover/ros_ws/src/install/interfaces/share/ament_index/resource_index/package_run_dependencies/interfaces
[39.659s] -- Up-to-date: /home/rover/ros_ws/src/install/interfaces/share/ament_index/resource_index/parent_prefix_path/interfaces
[39.659s] -- Up-to-date: /home/rover/ros_ws/src/install/interfaces/share/interfaces/environment/ament_prefix_path.sh
[39.660s] -- Installing: /home/rover/ros_ws/src/install/interfaces/share/interfaces/environment/ament_prefix_path.dsv
[39.661s] -- Up-to-date: /home/rover/ros_ws/src/install/interfaces/share/interfaces/environment/path.sh
[39.661s] -- Installing: /home/rover/ros_ws/src/install/interfaces/share/interfaces/environment/path.dsv
[39.662s] -- Up-to-date: /home/rover/ros_ws/src/install/interfaces/share/interfaces/local_setup.bash
[39.662s] -- Up-to-date: /home/rover/ros_ws/src/install/interfaces/share/interfaces/local_setup.sh
[39.663s] -- Up-to-date: /home/rover/ros_ws/src/install/interfaces/share/interfaces/local_setup.zsh
[39.664s] -- Installing: /home/rover/ros_ws/src/install/interfaces/share/interfaces/local_setup.dsv
[39.664s] -- Installing: /home/rover/ros_ws/src/install/interfaces/share/interfaces/package.dsv
[39.665s] -- Up-to-date: /home/rover/ros_ws/src/install/interfaces/share/ament_index/resource_index/packages/interfaces
[39.665s] -- Up-to-date: /home/rover/ros_ws/src/install/interfaces/share/interfaces/cmake/interfaces__rosidl_generator_cExport.cmake
[39.666s] -- Installing: /home/rover/ros_ws/src/install/interfaces/share/interfaces/cmake/interfaces__rosidl_generator_cExport-noconfig.cmake
[39.668s] -- Up-to-date: /home/rover/ros_ws/src/install/interfaces/share/interfaces/cmake/interfaces__rosidl_typesupport_introspection_cExport.cmake
[39.669s] -- Installing: /home/rover/ros_ws/src/install/interfaces/share/interfaces/cmake/interfaces__rosidl_typesupport_introspection_cExport-noconfig.cmake
[39.671s] -- Up-to-date: /home/rover/ros_ws/src/install/interfaces/share/interfaces/cmake/interfaces__rosidl_typesupport_cExport.cmake
[39.671s] -- Installing: /home/rover/ros_ws/src/install/interfaces/share/interfaces/cmake/interfaces__rosidl_typesupport_cExport-noconfig.cmake
[39.673s] -- Up-to-date: /home/rover/ros_ws/src/install/interfaces/share/interfaces/cmake/interfaces__rosidl_generator_cppExport.cmake
[39.674s] -- Up-to-date: /home/rover/ros_ws/src/install/interfaces/share/interfaces/cmake/interfaces__rosidl_typesupport_introspection_cppExport.cmake
[39.675s] -- Installing: /home/rover/ros_ws/src/install/interfaces/share/interfaces/cmake/interfaces__rosidl_typesupport_introspection_cppExport-noconfig.cmake
[39.677s] -- Up-to-date: /home/rover/ros_ws/src/install/interfaces/share/interfaces/cmake/interfaces__rosidl_typesupport_cppExport.cmake
[39.678s] -- Installing: /home/rover/ros_ws/src/install/interfaces/share/interfaces/cmake/interfaces__rosidl_typesupport_cppExport-noconfig.cmake
[39.679s] -- Up-to-date: /home/rover/ros_ws/src/install/interfaces/share/interfaces/cmake/rosidl_cmake-extras.cmake
[39.680s] -- Up-to-date: /home/rover/ros_ws/src/install/interfaces/share/interfaces/cmake/ament_cmake_export_dependencies-extras.cmake
[39.681s] -- Up-to-date: /home/rover/ros_ws/src/install/interfaces/share/interfaces/cmake/ament_cmake_export_libraries-extras.cmake
[39.682s] -- Up-to-date: /home/rover/ros_ws/src/install/interfaces/share/interfaces/cmake/ament_cmake_export_targets-extras.cmake
[39.683s] -- Up-to-date: /home/rover/ros_ws/src/install/interfaces/share/interfaces/cmake/ament_cmake_export_include_directories-extras.cmake
[39.684s] -- Up-to-date: /home/rover/ros_ws/src/install/interfaces/share/interfaces/cmake/rosidl_cmake_export_typesupport_libraries-extras.cmake
[39.685s] -- Up-to-date: /home/rover/ros_ws/src/install/interfaces/share/interfaces/cmake/rosidl_cmake_export_typesupport_targets-extras.cmake
[39.685s] -- Up-to-date: /home/rover/ros_ws/src/install/interfaces/share/interfaces/cmake/interfacesConfig.cmake
[39.686s] -- Up-to-date: /home/rover/ros_ws/src/install/interfaces/share/interfaces/cmake/interfacesConfig-version.cmake
[39.687s] -- Up-to-date: /home/rover/ros_ws/src/install/interfaces/share/interfaces/package.xml
[39.698s] Invoked command in '/home/rover/ros_ws/src/build/interfaces' returned '0': CMAKE_PREFIX_PATH=${CMAKE_PREFIX_PATH}:/home/rover/ros_ws/install/py_srvcli:/home/rover/ros_ws/install/mypkg:/home/rover/ros_ws/install/bb:/opt/ros/foxy /usr/bin/cmake --install /home/rover/ros_ws/src/build/interfaces
