[0.987s] DEBUG:colcon:Command line arguments: ['/usr/bin/colcon', 'build']
[0.988s] DEBUG:colcon:Parsed command line arguments: Namespace(allow_overriding=[], ament_cmake_args=None, base_paths=['.'], build_base='build', catkin_cmake_args=None, catkin_skip_building_tests=False, cmake_args=None, cmake_clean_cache=False, cmake_clean_first=False, cmake_force_configure=False, cmake_target=None, cmake_target_skip_unavailable=False, continue_on_error=False, event_handlers=None, executor='parallel', ignore_user_meta=False, install_base='install', log_base=None, log_level=None, main=<bound method BuildVerb.main of <colcon_core.verb.build.BuildVerb object at 0xffff825a1c70>>, merge_install=False, metas=['./colcon.meta'], mixin=None, mixin_files=None, mixin_verb=('build',), packages_above=None, packages_above_and_dependencies=None, packages_above_depth=None, packages_end=None, packages_ignore=None, packages_ignore_regex=None, packages_select=None, packages_select_build_failed=False, packages_select_by_dep=None, packages_select_regex=None, packages_select_test_failures=False, packages_skip=None, packages_skip_build_finished=False, packages_skip_by_dep=None, packages_skip_regex=None, packages_skip_test_passed=False, packages_skip_up_to=None, packages_start=None, packages_up_to=None, packages_up_to_regex=None, parallel_workers=4, paths=None, symlink_install=False, test_result_base=None, verb_extension=<colcon_core.verb.build.BuildVerb object at 0xffff825a1c70>, verb_name='build', verb_parser=<colcon_mixin.mixin.mixin_argument.MixinArgumentDecorator object at 0xffff8247fe50>)
[1.781s] Level 1:colcon.colcon_core.package_discovery:discover_packages(colcon_meta) check parameters
[1.781s] Level 1:colcon.colcon_core.package_discovery:discover_packages(recursive) check parameters
[1.781s] Level 1:colcon.colcon_core.package_discovery:discover_packages(ignore) check parameters
[1.782s] Level 1:colcon.colcon_core.package_discovery:discover_packages(path) check parameters
[1.782s] Level 1:colcon.colcon_core.package_discovery:discover_packages(colcon_meta) discover
[1.782s] Level 1:colcon.colcon_core.package_discovery:discover_packages(recursive) discover
[1.782s] INFO:colcon.colcon_core.package_discovery:Crawling recursively for packages in '/home/rover/ros_ws/src'
[1.783s] Level 1:colcon.colcon_core.package_identification:_identify(.) by extensions ['ignore', 'ignore_ament_install']
[1.783s] Level 1:colcon.colcon_core.package_identification:_identify(.) by extension 'ignore'
[1.784s] Level 1:colcon.colcon_core.package_identification:_identify(.) by extension 'ignore_ament_install'
[1.784s] Level 1:colcon.colcon_core.package_identification:_identify(.) by extensions ['colcon_pkg']
[1.784s] Level 1:colcon.colcon_core.package_identification:_identify(.) by extension 'colcon_pkg'
[1.784s] Level 1:colcon.colcon_core.package_identification:_identify(.) by extensions ['colcon_meta']
[1.784s] Level 1:colcon.colcon_core.package_identification:_identify(.) by extension 'colcon_meta'
[1.784s] Level 1:colcon.colcon_core.package_identification:_identify(.) by extensions ['ros']
[1.785s] Level 1:colcon.colcon_core.package_identification:_identify(.) by extension 'ros'
[1.906s] Level 1:colcon.colcon_core.package_identification:_identify(.) by extensions ['cmake', 'python']
[1.907s] Level 1:colcon.colcon_core.package_identification:_identify(.) by extension 'cmake'
[1.907s] Level 1:colcon.colcon_core.package_identification:_identify(.) by extension 'python'
[1.907s] Level 1:colcon.colcon_core.package_identification:_identify(.) by extensions ['python_setup_py']
[1.907s] Level 1:colcon.colcon_core.package_identification:_identify(.) by extension 'python_setup_py'
[1.908s] Level 1:colcon.colcon_core.package_identification:_identify(bb) by extensions ['ignore', 'ignore_ament_install']
[1.908s] Level 1:colcon.colcon_core.package_identification:_identify(bb) by extension 'ignore'
[1.909s] Level 1:colcon.colcon_core.package_identification:_identify(bb) by extension 'ignore_ament_install'
[1.909s] Level 1:colcon.colcon_core.package_identification:_identify(bb) by extensions ['colcon_pkg']
[1.909s] Level 1:colcon.colcon_core.package_identification:_identify(bb) by extension 'colcon_pkg'
[1.909s] Level 1:colcon.colcon_core.package_identification:_identify(bb) by extensions ['colcon_meta']
[1.909s] Level 1:colcon.colcon_core.package_identification:_identify(bb) by extension 'colcon_meta'
[1.909s] Level 1:colcon.colcon_core.package_identification:_identify(bb) by extensions ['ros']
[1.910s] Level 1:colcon.colcon_core.package_identification:_identify(bb) by extension 'ros'
[1.921s] DEBUG:colcon.colcon_core.package_identification:Package 'bb' with type 'ros.ament_python' and name 'bb'
[1.921s] Level 1:colcon.colcon_core.package_identification:_identify(build) by extensions ['ignore', 'ignore_ament_install']
[1.922s] Level 1:colcon.colcon_core.package_identification:_identify(build) by extension 'ignore'
[1.922s] Level 1:colcon.colcon_core.package_identification:_identify(build) ignored
[1.923s] Level 1:colcon.colcon_core.package_identification:_identify(install) by extensions ['ignore', 'ignore_ament_install']
[1.923s] Level 1:colcon.colcon_core.package_identification:_identify(install) by extension 'ignore'
[1.923s] Level 1:colcon.colcon_core.package_identification:_identify(install) ignored
[1.924s] Level 1:colcon.colcon_core.package_identification:_identify(interfaces) by extensions ['ignore', 'ignore_ament_install']
[1.924s] Level 1:colcon.colcon_core.package_identification:_identify(interfaces) by extension 'ignore'
[1.924s] Level 1:colcon.colcon_core.package_identification:_identify(interfaces) by extension 'ignore_ament_install'
[1.924s] Level 1:colcon.colcon_core.package_identification:_identify(interfaces) by extensions ['colcon_pkg']
[1.925s] Level 1:colcon.colcon_core.package_identification:_identify(interfaces) by extension 'colcon_pkg'
[1.925s] Level 1:colcon.colcon_core.package_identification:_identify(interfaces) by extensions ['colcon_meta']
[1.925s] Level 1:colcon.colcon_core.package_identification:_identify(interfaces) by extension 'colcon_meta'
[1.925s] Level 1:colcon.colcon_core.package_identification:_identify(interfaces) by extensions ['ros']
[1.925s] Level 1:colcon.colcon_core.package_identification:_identify(interfaces) by extension 'ros'
[1.928s] DEBUG:colcon.colcon_core.package_identification:Package 'interfaces' with type 'ros.ament_cmake' and name 'interfaces'
[1.929s] Level 1:colcon.colcon_core.package_identification:_identify(log) by extensions ['ignore', 'ignore_ament_install']
[1.929s] Level 1:colcon.colcon_core.package_identification:_identify(log) by extension 'ignore'
[1.930s] Level 1:colcon.colcon_core.package_identification:_identify(log) ignored
[1.930s] Level 1:colcon.colcon_core.package_discovery:discover_packages(recursive) using defaults
[1.930s] Level 1:colcon.colcon_core.package_discovery:discover_packages(ignore) discover
[1.930s] Level 1:colcon.colcon_core.package_discovery:discover_packages(ignore) using defaults
[1.930s] Level 1:colcon.colcon_core.package_discovery:discover_packages(path) discover
[1.930s] Level 1:colcon.colcon_core.package_discovery:discover_packages(path) using defaults
[2.028s] Level 1:colcon.colcon_core.package_discovery:discover_packages(prefix_path) check parameters
[2.028s] Level 1:colcon.colcon_core.package_discovery:discover_packages(prefix_path) discover
[2.042s] DEBUG:colcon.colcon_installed_package_information.package_discovery:Found 5 installed packages in /home/rover/ros_ws/install
[2.051s] DEBUG:colcon.colcon_installed_package_information.package_discovery:Found 256 installed packages in /opt/ros/foxy
[2.098s] Level 1:colcon.colcon_core.package_discovery:discover_packages(prefix_path) using defaults
[2.498s] Level 5:colcon.colcon_core.verb:set package 'bb' build argument 'cmake_args' from command line to 'None'
[2.498s] Level 5:colcon.colcon_core.verb:set package 'bb' build argument 'cmake_target' from command line to 'None'
[2.498s] Level 5:colcon.colcon_core.verb:set package 'bb' build argument 'cmake_target_skip_unavailable' from command line to 'False'
[2.498s] Level 5:colcon.colcon_core.verb:set package 'bb' build argument 'cmake_clean_cache' from command line to 'False'
[2.498s] Level 5:colcon.colcon_core.verb:set package 'bb' build argument 'cmake_clean_first' from command line to 'False'
[2.498s] Level 5:colcon.colcon_core.verb:set package 'bb' build argument 'cmake_force_configure' from command line to 'False'
[2.499s] Level 5:colcon.colcon_core.verb:set package 'bb' build argument 'ament_cmake_args' from command line to 'None'
[2.499s] Level 5:colcon.colcon_core.verb:set package 'bb' build argument 'catkin_cmake_args' from command line to 'None'
[2.499s] Level 5:colcon.colcon_core.verb:set package 'bb' build argument 'catkin_skip_building_tests' from command line to 'False'
[2.499s] DEBUG:colcon.colcon_core.verb:Building package 'bb' with the following arguments: {'ament_cmake_args': None, 'build_base': '/home/rover/ros_ws/src/build/bb', 'catkin_cmake_args': None, 'catkin_skip_building_tests': False, 'cmake_args': None, 'cmake_clean_cache': False, 'cmake_clean_first': False, 'cmake_force_configure': False, 'cmake_target': None, 'cmake_target_skip_unavailable': False, 'install_base': '/home/rover/ros_ws/src/install/bb', 'merge_install': False, 'path': '/home/rover/ros_ws/src/bb', 'symlink_install': False, 'test_result_base': None}
[2.500s] Level 5:colcon.colcon_core.verb:set package 'interfaces' build argument 'cmake_args' from command line to 'None'
[2.501s] Level 5:colcon.colcon_core.verb:set package 'interfaces' build argument 'cmake_target' from command line to 'None'
[2.501s] Level 5:colcon.colcon_core.verb:set package 'interfaces' build argument 'cmake_target_skip_unavailable' from command line to 'False'
[2.501s] Level 5:colcon.colcon_core.verb:set package 'interfaces' build argument 'cmake_clean_cache' from command line to 'False'
[2.501s] Level 5:colcon.colcon_core.verb:set package 'interfaces' build argument 'cmake_clean_first' from command line to 'False'
[2.501s] Level 5:colcon.colcon_core.verb:set package 'interfaces' build argument 'cmake_force_configure' from command line to 'False'
[2.501s] Level 5:colcon.colcon_core.verb:set package 'interfaces' build argument 'ament_cmake_args' from command line to 'None'
[2.501s] Level 5:colcon.colcon_core.verb:set package 'interfaces' build argument 'catkin_cmake_args' from command line to 'None'
[2.501s] Level 5:colcon.colcon_core.verb:set package 'interfaces' build argument 'catkin_skip_building_tests' from command line to 'False'
[2.501s] DEBUG:colcon.colcon_core.verb:Building package 'interfaces' with the following arguments: {'ament_cmake_args': None, 'build_base': '/home/rover/ros_ws/src/build/interfaces', 'catkin_cmake_args': None, 'catkin_skip_building_tests': False, 'cmake_args': None, 'cmake_clean_cache': False, 'cmake_clean_first': False, 'cmake_force_configure': False, 'cmake_target': None, 'cmake_target_skip_unavailable': False, 'install_base': '/home/rover/ros_ws/src/install/interfaces', 'merge_install': False, 'path': '/home/rover/ros_ws/src/interfaces', 'symlink_install': False, 'test_result_base': None}
[2.502s] INFO:colcon.colcon_core.executor:Executing jobs using 'parallel' executor
[2.505s] DEBUG:colcon.colcon_parallel_executor.executor.parallel:run_until_complete
[2.507s] INFO:colcon.colcon_ros.task.ament_python.build:Building ROS package in '/home/rover/ros_ws/src/bb' with build type 'ament_python'
[2.507s] Level 1:colcon.colcon_core.shell:create_environment_hook('bb', 'ament_prefix_path')
[2.522s] INFO:colcon.colcon_core.plugin_system:Skipping extension 'colcon_core.shell.bat': Not used on non-Windows systems
[2.523s] INFO:colcon.colcon_core.shell:Creating environment hook '/home/rover/ros_ws/src/install/bb/share/bb/hook/ament_prefix_path.ps1'
[2.527s] INFO:colcon.colcon_core.shell:Creating environment descriptor '/home/rover/ros_ws/src/install/bb/share/bb/hook/ament_prefix_path.dsv'
[2.531s] INFO:colcon.colcon_core.shell:Creating environment hook '/home/rover/ros_ws/src/install/bb/share/bb/hook/ament_prefix_path.sh'
[2.536s] INFO:colcon.colcon_core.shell:Skip shell extension 'powershell' for command environment: Not usable outside of PowerShell
[2.537s] DEBUG:colcon.colcon_core.shell:Skip shell extension 'dsv' for command environment
[2.561s] INFO:colcon.colcon_ros.task.ament_cmake.build:Building ROS package in '/home/rover/ros_ws/src/interfaces' with build type 'ament_cmake'
[2.562s] INFO:colcon.colcon_cmake.task.cmake.build:Building CMake package in '/home/rover/ros_ws/src/interfaces'
[2.564s] INFO:colcon.colcon_core.shell:Skip shell extension 'powershell' for command environment: Not usable outside of PowerShell
[2.564s] DEBUG:colcon.colcon_core.shell:Skip shell extension 'dsv' for command environment
[3.591s] INFO:colcon.colcon_core.task.python.build:Building Python package in '/home/rover/ros_ws/src/bb'
[3.592s] INFO:colcon.colcon_core.shell:Skip shell extension 'powershell' for command environment: Not usable outside of PowerShell
[3.593s] DEBUG:colcon.colcon_core.shell:Skip shell extension 'dsv' for command environment
[3.632s] DEBUG:colcon.colcon_core.event_handler.log_command:Invoking command in '/home/rover/ros_ws/src/build/interfaces': CMAKE_PREFIX_PATH=${CMAKE_PREFIX_PATH}:/home/rover/ros_ws/install/py_srvcli:/home/rover/ros_ws/install/mypkg:/home/rover/ros_ws/install/bb:/opt/ros/foxy /usr/bin/cmake --build /home/rover/ros_ws/src/build/interfaces -- -j4 -l4
[5.918s] DEBUG:colcon.colcon_core.event_handler.log_command:Invoking command in '/home/rover/ros_ws/src/bb': PYTHONPATH=/home/rover/ros_ws/src/build/bb/prefix_override:/usr/lib/python3/dist-packages/colcon_core/task/python/colcon_distutils_commands:/home/rover/ros_ws/src/install/bb/lib/python3.8/site-packages:${PYTHONPATH} /usr/bin/python3 -W ignore:setup.py install is deprecated -W ignore:easy_install command is deprecated setup.py egg_info --egg-base ../build/bb build --build-base /home/rover/ros_ws/src/build/bb/build install --record /home/rover/ros_ws/src/build/bb/install.log --install-scripts $base/lib/bb --single-version-externally-managed install_data
[7.404s] DEBUG:colcon.colcon_core.event_handler.log_command:Invoked command in '/home/rover/ros_ws/src/bb' returned '0': PYTHONPATH=/home/rover/ros_ws/src/build/bb/prefix_override:/usr/lib/python3/dist-packages/colcon_core/task/python/colcon_distutils_commands:/home/rover/ros_ws/src/install/bb/lib/python3.8/site-packages:${PYTHONPATH} /usr/bin/python3 -W ignore:setup.py install is deprecated -W ignore:easy_install command is deprecated setup.py egg_info --egg-base ../build/bb build --build-base /home/rover/ros_ws/src/build/bb/build install --record /home/rover/ros_ws/src/build/bb/install.log --install-scripts $base/lib/bb --single-version-externally-managed install_data
[7.429s] Level 1:colcon.colcon_core.environment:checking '/home/rover/ros_ws/src/install/bb' for CMake module files
[7.432s] Level 1:colcon.colcon_core.environment:checking '/home/rover/ros_ws/src/install/bb' for CMake config files
[7.436s] Level 1:colcon.colcon_core.environment:checking '/home/rover/ros_ws/src/install/bb/lib'
[7.438s] Level 1:colcon.colcon_core.environment:checking '/home/rover/ros_ws/src/install/bb/bin'
[7.439s] Level 1:colcon.colcon_core.environment:checking '/home/rover/ros_ws/src/install/bb/lib/pkgconfig/bb.pc'
[7.440s] Level 1:colcon.colcon_core.environment:checking '/home/rover/ros_ws/src/install/bb/lib/python3.8/site-packages'
[7.440s] Level 1:colcon.colcon_core.shell:create_environment_hook('bb', 'pythonpath')
[7.442s] INFO:colcon.colcon_core.shell:Creating environment hook '/home/rover/ros_ws/src/install/bb/share/bb/hook/pythonpath.ps1'
[7.447s] INFO:colcon.colcon_core.shell:Creating environment descriptor '/home/rover/ros_ws/src/install/bb/share/bb/hook/pythonpath.dsv'
[7.449s] INFO:colcon.colcon_core.shell:Creating environment hook '/home/rover/ros_ws/src/install/bb/share/bb/hook/pythonpath.sh'
[7.452s] Level 1:colcon.colcon_core.environment:checking '/home/rover/ros_ws/src/install/bb/bin'
[7.453s] Level 1:colcon.colcon_core.environment:create_environment_scripts_only(bb)
[7.454s] INFO:colcon.colcon_core.shell:Creating package script '/home/rover/ros_ws/src/install/bb/share/bb/package.ps1'
[7.460s] INFO:colcon.colcon_core.shell:Creating package descriptor '/home/rover/ros_ws/src/install/bb/share/bb/package.dsv'
[7.464s] INFO:colcon.colcon_core.shell:Creating package script '/home/rover/ros_ws/src/install/bb/share/bb/package.sh'
[7.469s] INFO:colcon.colcon_core.shell:Creating package script '/home/rover/ros_ws/src/install/bb/share/bb/package.bash'
[7.475s] INFO:colcon.colcon_core.shell:Creating package script '/home/rover/ros_ws/src/install/bb/share/bb/package.zsh'
[7.480s] Level 1:colcon.colcon_core.environment:create_file_with_runtime_dependencies(/home/rover/ros_ws/src/install/bb/share/colcon-core/packages/bb)
[40.911s] DEBUG:colcon.colcon_core.event_handler.log_command:Invoked command in '/home/rover/ros_ws/src/build/interfaces' returned '0': CMAKE_PREFIX_PATH=${CMAKE_PREFIX_PATH}:/home/rover/ros_ws/install/py_srvcli:/home/rover/ros_ws/install/mypkg:/home/rover/ros_ws/install/bb:/opt/ros/foxy /usr/bin/cmake --build /home/rover/ros_ws/src/build/interfaces -- -j4 -l4
[40.979s] DEBUG:colcon.colcon_core.event_handler.log_command:Invoking command in '/home/rover/ros_ws/src/build/interfaces': CMAKE_PREFIX_PATH=${CMAKE_PREFIX_PATH}:/home/rover/ros_ws/install/py_srvcli:/home/rover/ros_ws/install/mypkg:/home/rover/ros_ws/install/bb:/opt/ros/foxy /usr/bin/cmake --install /home/rover/ros_ws/src/build/interfaces
[41.591s] Level 1:colcon.colcon_core.environment:create_environment_scripts_only(interfaces)
[41.593s] Level 1:colcon.colcon_core.environment:checking '/home/rover/ros_ws/src/install/interfaces' for CMake module files
[41.598s] DEBUG:colcon.colcon_core.event_handler.log_command:Invoked command in '/home/rover/ros_ws/src/build/interfaces' returned '0': CMAKE_PREFIX_PATH=${CMAKE_PREFIX_PATH}:/home/rover/ros_ws/install/py_srvcli:/home/rover/ros_ws/install/mypkg:/home/rover/ros_ws/install/bb:/opt/ros/foxy /usr/bin/cmake --install /home/rover/ros_ws/src/build/interfaces
[41.601s] Level 1:colcon.colcon_core.environment:checking '/home/rover/ros_ws/src/install/interfaces' for CMake config files
[41.605s] Level 1:colcon.colcon_core.shell:create_environment_hook('interfaces', 'cmake_prefix_path')
[41.607s] INFO:colcon.colcon_core.shell:Creating environment hook '/home/rover/ros_ws/src/install/interfaces/share/interfaces/hook/cmake_prefix_path.ps1'
[41.610s] INFO:colcon.colcon_core.shell:Creating environment descriptor '/home/rover/ros_ws/src/install/interfaces/share/interfaces/hook/cmake_prefix_path.dsv'
[41.612s] INFO:colcon.colcon_core.shell:Creating environment hook '/home/rover/ros_ws/src/install/interfaces/share/interfaces/hook/cmake_prefix_path.sh'
[41.616s] Level 1:colcon.colcon_core.environment:checking '/home/rover/ros_ws/src/install/interfaces/lib'
[41.616s] Level 1:colcon.colcon_core.shell:create_environment_hook('interfaces', 'ld_library_path_lib')
[41.618s] INFO:colcon.colcon_core.shell:Creating environment hook '/home/rover/ros_ws/src/install/interfaces/share/interfaces/hook/ld_library_path_lib.ps1'
[41.620s] INFO:colcon.colcon_core.shell:Creating environment descriptor '/home/rover/ros_ws/src/install/interfaces/share/interfaces/hook/ld_library_path_lib.dsv'
[41.623s] INFO:colcon.colcon_core.shell:Creating environment hook '/home/rover/ros_ws/src/install/interfaces/share/interfaces/hook/ld_library_path_lib.sh'
[41.626s] Level 1:colcon.colcon_core.environment:checking '/home/rover/ros_ws/src/install/interfaces/bin'
[41.627s] Level 1:colcon.colcon_core.environment:checking '/home/rover/ros_ws/src/install/interfaces/lib/pkgconfig/interfaces.pc'
[41.628s] Level 1:colcon.colcon_core.environment:checking '/home/rover/ros_ws/src/install/interfaces/lib/python3.8/site-packages'
[41.629s] Level 1:colcon.colcon_core.shell:create_environment_hook('interfaces', 'pythonpath')
[41.630s] INFO:colcon.colcon_core.shell:Creating environment hook '/home/rover/ros_ws/src/install/interfaces/share/interfaces/hook/pythonpath.ps1'
[41.633s] INFO:colcon.colcon_core.shell:Creating environment descriptor '/home/rover/ros_ws/src/install/interfaces/share/interfaces/hook/pythonpath.dsv'
[41.636s] INFO:colcon.colcon_core.shell:Creating environment hook '/home/rover/ros_ws/src/install/interfaces/share/interfaces/hook/pythonpath.sh'
[41.639s] Level 1:colcon.colcon_core.environment:checking '/home/rover/ros_ws/src/install/interfaces/bin'
[41.641s] INFO:colcon.colcon_core.shell:Creating package script '/home/rover/ros_ws/src/install/interfaces/share/interfaces/package.ps1'
[41.645s] INFO:colcon.colcon_core.shell:Creating package descriptor '/home/rover/ros_ws/src/install/interfaces/share/interfaces/package.dsv'
[41.648s] INFO:colcon.colcon_core.shell:Creating package script '/home/rover/ros_ws/src/install/interfaces/share/interfaces/package.sh'
[41.650s] INFO:colcon.colcon_core.shell:Creating package script '/home/rover/ros_ws/src/install/interfaces/share/interfaces/package.bash'
[41.653s] INFO:colcon.colcon_core.shell:Creating package script '/home/rover/ros_ws/src/install/interfaces/share/interfaces/package.zsh'
[41.655s] Level 1:colcon.colcon_core.environment:create_file_with_runtime_dependencies(/home/rover/ros_ws/src/install/interfaces/share/colcon-core/packages/interfaces)
[41.659s] Level 1:colcon.colcon_core.environment:create_environment_scripts_only(interfaces)
[41.661s] Level 1:colcon.colcon_core.environment:checking '/home/rover/ros_ws/src/install/interfaces' for CMake module files
[41.665s] Level 1:colcon.colcon_core.environment:checking '/home/rover/ros_ws/src/install/interfaces' for CMake config files
[41.669s] Level 1:colcon.colcon_core.shell:create_environment_hook('interfaces', 'cmake_prefix_path')
[41.670s] INFO:colcon.colcon_core.shell:Creating environment hook '/home/rover/ros_ws/src/install/interfaces/share/interfaces/hook/cmake_prefix_path.ps1'
[41.673s] INFO:colcon.colcon_core.shell:Creating environment descriptor '/home/rover/ros_ws/src/install/interfaces/share/interfaces/hook/cmake_prefix_path.dsv'
[41.675s] INFO:colcon.colcon_core.shell:Creating environment hook '/home/rover/ros_ws/src/install/interfaces/share/interfaces/hook/cmake_prefix_path.sh'
[41.678s] Level 1:colcon.colcon_core.environment:checking '/home/rover/ros_ws/src/install/interfaces/lib'
[41.679s] Level 1:colcon.colcon_core.shell:create_environment_hook('interfaces', 'ld_library_path_lib')
[41.680s] INFO:colcon.colcon_core.shell:Creating environment hook '/home/rover/ros_ws/src/install/interfaces/share/interfaces/hook/ld_library_path_lib.ps1'
[41.683s] INFO:colcon.colcon_core.shell:Creating environment descriptor '/home/rover/ros_ws/src/install/interfaces/share/interfaces/hook/ld_library_path_lib.dsv'
[41.685s] INFO:colcon.colcon_core.shell:Creating environment hook '/home/rover/ros_ws/src/install/interfaces/share/interfaces/hook/ld_library_path_lib.sh'
[41.688s] Level 1:colcon.colcon_core.environment:checking '/home/rover/ros_ws/src/install/interfaces/bin'
[41.688s] Level 1:colcon.colcon_core.environment:checking '/home/rover/ros_ws/src/install/interfaces/lib/pkgconfig/interfaces.pc'
[41.689s] Level 1:colcon.colcon_core.environment:checking '/home/rover/ros_ws/src/install/interfaces/lib/python3.8/site-packages'
[41.690s] Level 1:colcon.colcon_core.shell:create_environment_hook('interfaces', 'pythonpath')
[41.691s] INFO:colcon.colcon_core.shell:Creating environment hook '/home/rover/ros_ws/src/install/interfaces/share/interfaces/hook/pythonpath.ps1'
[41.693s] INFO:colcon.colcon_core.shell:Creating environment descriptor '/home/rover/ros_ws/src/install/interfaces/share/interfaces/hook/pythonpath.dsv'
[41.696s] INFO:colcon.colcon_core.shell:Creating environment hook '/home/rover/ros_ws/src/install/interfaces/share/interfaces/hook/pythonpath.sh'
[41.699s] Level 1:colcon.colcon_core.environment:checking '/home/rover/ros_ws/src/install/interfaces/bin'
[41.701s] INFO:colcon.colcon_core.shell:Creating package script '/home/rover/ros_ws/src/install/interfaces/share/interfaces/package.ps1'
[41.704s] INFO:colcon.colcon_core.shell:Creating package descriptor '/home/rover/ros_ws/src/install/interfaces/share/interfaces/package.dsv'
[41.708s] INFO:colcon.colcon_core.shell:Creating package script '/home/rover/ros_ws/src/install/interfaces/share/interfaces/package.sh'
[41.711s] INFO:colcon.colcon_core.shell:Creating package script '/home/rover/ros_ws/src/install/interfaces/share/interfaces/package.bash'
[41.714s] INFO:colcon.colcon_core.shell:Creating package script '/home/rover/ros_ws/src/install/interfaces/share/interfaces/package.zsh'
[41.717s] Level 1:colcon.colcon_core.environment:create_file_with_runtime_dependencies(/home/rover/ros_ws/src/install/interfaces/share/colcon-core/packages/interfaces)
[41.720s] DEBUG:colcon.colcon_parallel_executor.executor.parallel:closing loop
[41.721s] DEBUG:colcon.colcon_parallel_executor.executor.parallel:loop closed
[41.721s] DEBUG:colcon.colcon_parallel_executor.executor.parallel:run_until_complete finished with '0'
[41.722s] DEBUG:colcon.colcon_core.event_reactor:joining thread
[41.772s] INFO:colcon.colcon_core.plugin_system:Skipping extension 'colcon_notification.desktop_notification.terminal_notifier': Not used on non-Darwin systems
[41.773s] INFO:colcon.colcon_core.plugin_system:Skipping extension 'colcon_notification.desktop_notification.win32': Not used on non-Windows systems
[41.774s] INFO:colcon.colcon_notification.desktop_notification:Sending desktop notification using 'notify2'
[41.779s] DEBUG:colcon.colcon_notification.desktop_notification.notify2:Failed to initialize notify2: org.freedesktop.DBus.Error.ServiceUnknown: The name org.freedesktop.Notifications was not provided by any .service files
[41.780s] DEBUG:colcon.colcon_core.event_reactor:joined thread
[41.782s] INFO:colcon.colcon_core.shell:Creating prefix script '/home/rover/ros_ws/src/install/local_setup.ps1'
[41.789s] INFO:colcon.colcon_core.shell:Creating prefix util module '/home/rover/ros_ws/src/install/_local_setup_util_ps1.py'
[41.798s] INFO:colcon.colcon_core.shell:Creating prefix chain script '/home/rover/ros_ws/src/install/setup.ps1'
[41.807s] INFO:colcon.colcon_core.shell:Creating prefix script '/home/rover/ros_ws/src/install/local_setup.sh'
[41.812s] INFO:colcon.colcon_core.shell:Creating prefix util module '/home/rover/ros_ws/src/install/_local_setup_util_sh.py'
[41.816s] INFO:colcon.colcon_core.shell:Creating prefix chain script '/home/rover/ros_ws/src/install/setup.sh'
[41.826s] INFO:colcon.colcon_core.shell:Creating prefix script '/home/rover/ros_ws/src/install/local_setup.bash'
[41.831s] INFO:colcon.colcon_core.shell:Creating prefix chain script '/home/rover/ros_ws/src/install/setup.bash'
[41.840s] INFO:colcon.colcon_core.shell:Creating prefix script '/home/rover/ros_ws/src/install/local_setup.zsh'
[41.847s] INFO:colcon.colcon_core.shell:Creating prefix chain script '/home/rover/ros_ws/src/install/setup.zsh'
