[  1%] Built target interfaces__cpp
[ 12%] Built target interfaces__rosidl_generator_c
[ 23%] Built target interfaces__rosidl_typesupport_introspection_cpp
[ 34%] Built target interfaces__rosidl_typesupport_cpp
[ 46%] Built target interfaces__rosidl_typesupport_c
[ 57%] Built target interfaces__rosidl_typesupport_fastrtps_cpp
[ 68%] Built target interfaces__rosidl_typesupport_introspection_c
[ 79%] Built target interfaces__rosidl_typesupport_fastrtps_c
[ 79%] Built target interfaces
[ 80%] Built target interfaces__py
[ 90%] Built target interfaces__python
[ 93%] Built target interfaces__rosidl_typesupport_introspection_c__pyext
[ 96%] Built target interfaces__rosidl_typesupport_fastrtps_c__pyext
[100%] Built target interfaces__rosidl_typesupport_c__pyext
-- Install configuration: ""
-- Up-to-date: /home/rover/ros_ws/src/install/interfaces/share/ament_index/resource_index/rosidl_interfaces/interfaces
-- Up-to-date: /home/rover/ros_ws/src/install/interfaces/include/interfaces
-- Up-to-date: /home/rover/ros_ws/src/install/interfaces/include/interfaces/msg
-- Up-to-date: /home/rover/ros_ws/src/install/interfaces/include/interfaces/msg/rosidl_generator_c__visibility_control.h
-- Up-to-date: /home/rover/ros_ws/src/install/interfaces/include/interfaces/srv
-- Up-to-date: /home/rover/ros_ws/src/install/interfaces/include/interfaces/srv/tray.h
-- Up-to-date: /home/rover/ros_ws/src/install/interfaces/include/interfaces/srv/detail
-- Up-to-date: /home/rover/ros_ws/src/install/interfaces/include/interfaces/srv/detail/steer__functions.c
-- Up-to-date: /home/rover/ros_ws/src/install/interfaces/include/interfaces/srv/detail/steer__functions.h
-- Up-to-date: /home/rover/ros_ws/src/install/interfaces/include/interfaces/srv/detail/tray__functions.c
-- Up-to-date: /home/rover/ros_ws/src/install/interfaces/include/interfaces/srv/detail/tray__type_support.h
-- Up-to-date: /home/rover/ros_ws/src/install/interfaces/include/interfaces/srv/detail/lift__functions.h
-- Up-to-date: /home/rover/ros_ws/src/install/interfaces/include/interfaces/srv/detail/lift__type_support.h
-- Up-to-date: /home/rover/ros_ws/src/install/interfaces/include/interfaces/srv/detail/drive__struct.h
-- Up-to-date: /home/rover/ros_ws/src/install/interfaces/include/interfaces/srv/detail/drill__functions.c
-- Up-to-date: /home/rover/ros_ws/src/install/interfaces/include/interfaces/srv/detail/drive__type_support.h
-- Up-to-date: /home/rover/ros_ws/src/install/interfaces/include/interfaces/srv/detail/steer__struct.h
-- Up-to-date: /home/rover/ros_ws/src/install/interfaces/include/interfaces/srv/detail/lift__struct.h
-- Up-to-date: /home/rover/ros_ws/src/install/interfaces/include/interfaces/srv/detail/drive__functions.c
-- Up-to-date: /home/rover/ros_ws/src/install/interfaces/include/interfaces/srv/detail/drill__type_support.h
-- Up-to-date: /home/rover/ros_ws/src/install/interfaces/include/interfaces/srv/detail/tray__struct.h
-- Up-to-date: /home/rover/ros_ws/src/install/interfaces/include/interfaces/srv/detail/tray__functions.h
-- Up-to-date: /home/rover/ros_ws/src/install/interfaces/include/interfaces/srv/detail/drill__struct.h
-- Up-to-date: /home/rover/ros_ws/src/install/interfaces/include/interfaces/srv/detail/lift__functions.c
-- Up-to-date: /home/rover/ros_ws/src/install/interfaces/include/interfaces/srv/detail/steer__type_support.h
-- Up-to-date: /home/rover/ros_ws/src/install/interfaces/include/interfaces/srv/detail/drive__functions.h
-- Up-to-date: /home/rover/ros_ws/src/install/interfaces/include/interfaces/srv/detail/drill__functions.h
-- Up-to-date: /home/rover/ros_ws/src/install/interfaces/include/interfaces/srv/drive.h
-- Up-to-date: /home/rover/ros_ws/src/install/interfaces/include/interfaces/srv/lift.h
-- Up-to-date: /home/rover/ros_ws/src/install/interfaces/include/interfaces/srv/steer.h
-- Up-to-date: /home/rover/ros_ws/src/install/interfaces/include/interfaces/srv/drill.h
-- Up-to-date: /home/rover/ros_ws/src/install/interfaces/share/interfaces/environment/library_path.sh
-- Up-to-date: /home/rover/ros_ws/src/install/interfaces/share/interfaces/environment/library_path.dsv
-- Up-to-date: /home/rover/ros_ws/src/install/interfaces/lib/libinterfaces__rosidl_generator_c.so
-- Up-to-date: /home/rover/ros_ws/src/install/interfaces/include/interfaces
-- Up-to-date: /home/rover/ros_ws/src/install/interfaces/include/interfaces/msg
-- Up-to-date: /home/rover/ros_ws/src/install/interfaces/include/interfaces/msg/rosidl_typesupport_fastrtps_c__visibility_control.h
-- Up-to-date: /home/rover/ros_ws/src/install/interfaces/include/interfaces/srv
-- Up-to-date: /home/rover/ros_ws/src/install/interfaces/include/interfaces/srv/detail
-- Up-to-date: /home/rover/ros_ws/src/install/interfaces/include/interfaces/srv/detail/drive__rosidl_typesupport_fastrtps_c.h
-- Up-to-date: /home/rover/ros_ws/src/install/interfaces/include/interfaces/srv/detail/lift__rosidl_typesupport_fastrtps_c.h
-- Up-to-date: /home/rover/ros_ws/src/install/interfaces/include/interfaces/srv/detail/tray__rosidl_typesupport_fastrtps_c.h
-- Up-to-date: /home/rover/ros_ws/src/install/interfaces/include/interfaces/srv/detail/steer__rosidl_typesupport_fastrtps_c.h
-- Up-to-date: /home/rover/ros_ws/src/install/interfaces/include/interfaces/srv/detail/drill__rosidl_typesupport_fastrtps_c.h
-- Up-to-date: /home/rover/ros_ws/src/install/interfaces/lib/libinterfaces__rosidl_typesupport_fastrtps_c.so
-- Up-to-date: /home/rover/ros_ws/src/install/interfaces/include/interfaces
-- Up-to-date: /home/rover/ros_ws/src/install/interfaces/include/interfaces/msg
-- Up-to-date: /home/rover/ros_ws/src/install/interfaces/include/interfaces/msg/rosidl_typesupport_fastrtps_cpp__visibility_control.h
-- Up-to-date: /home/rover/ros_ws/src/install/interfaces/include/interfaces/srv
-- Up-to-date: /home/rover/ros_ws/src/install/interfaces/include/interfaces/srv/detail
-- Up-to-date: /home/rover/ros_ws/src/install/interfaces/include/interfaces/srv/detail/tray__rosidl_typesupport_fastrtps_cpp.hpp
-- Up-to-date: /home/rover/ros_ws/src/install/interfaces/include/interfaces/srv/detail/dds_fastrtps
-- Up-to-date: /home/rover/ros_ws/src/install/interfaces/include/interfaces/srv/detail/drill__rosidl_typesupport_fastrtps_cpp.hpp
-- Up-to-date: /home/rover/ros_ws/src/install/interfaces/include/interfaces/srv/detail/steer__rosidl_typesupport_fastrtps_cpp.hpp
-- Up-to-date: /home/rover/ros_ws/src/install/interfaces/include/interfaces/srv/detail/lift__rosidl_typesupport_fastrtps_cpp.hpp
-- Up-to-date: /home/rover/ros_ws/src/install/interfaces/include/interfaces/srv/detail/drive__rosidl_typesupport_fastrtps_cpp.hpp
-- Up-to-date: /home/rover/ros_ws/src/install/interfaces/lib/libinterfaces__rosidl_typesupport_fastrtps_cpp.so
-- Up-to-date: /home/rover/ros_ws/src/install/interfaces/include/interfaces
-- Up-to-date: /home/rover/ros_ws/src/install/interfaces/include/interfaces/msg
-- Up-to-date: /home/rover/ros_ws/src/install/interfaces/include/interfaces/msg/rosidl_typesupport_introspection_c__visibility_control.h
-- Up-to-date: /home/rover/ros_ws/src/install/interfaces/include/interfaces/srv
-- Up-to-date: /home/rover/ros_ws/src/install/interfaces/include/interfaces/srv/detail
-- Up-to-date: /home/rover/ros_ws/src/install/interfaces/include/interfaces/srv/detail/drive__rosidl_typesupport_introspection_c.h
-- Up-to-date: /home/rover/ros_ws/src/install/interfaces/include/interfaces/srv/detail/tray__type_support.c
-- Up-to-date: /home/rover/ros_ws/src/install/interfaces/include/interfaces/srv/detail/drive__type_support.c
-- Up-to-date: /home/rover/ros_ws/src/install/interfaces/include/interfaces/srv/detail/lift__rosidl_typesupport_introspection_c.h
-- Up-to-date: /home/rover/ros_ws/src/install/interfaces/include/interfaces/srv/detail/steer__type_support.c
-- Up-to-date: /home/rover/ros_ws/src/install/interfaces/include/interfaces/srv/detail/lift__type_support.c
-- Up-to-date: /home/rover/ros_ws/src/install/interfaces/include/interfaces/srv/detail/steer__rosidl_typesupport_introspection_c.h
-- Up-to-date: /home/rover/ros_ws/src/install/interfaces/include/interfaces/srv/detail/tray__rosidl_typesupport_introspection_c.h
-- Up-to-date: /home/rover/ros_ws/src/install/interfaces/include/interfaces/srv/detail/drill__rosidl_typesupport_introspection_c.h
-- Up-to-date: /home/rover/ros_ws/src/install/interfaces/include/interfaces/srv/detail/drill__type_support.c
-- Up-to-date: /home/rover/ros_ws/src/install/interfaces/lib/libinterfaces__rosidl_typesupport_introspection_c.so
-- Up-to-date: /home/rover/ros_ws/src/install/interfaces/lib/libinterfaces__rosidl_typesupport_c.so
-- Up-to-date: /home/rover/ros_ws/src/install/interfaces/include/interfaces
-- Up-to-date: /home/rover/ros_ws/src/install/interfaces/include/interfaces/msg
-- Up-to-date: /home/rover/ros_ws/src/install/interfaces/include/interfaces/msg/rosidl_generator_cpp__visibility_control.hpp
-- Up-to-date: /home/rover/ros_ws/src/install/interfaces/include/interfaces/srv
-- Up-to-date: /home/rover/ros_ws/src/install/interfaces/include/interfaces/srv/steer.hpp
-- Up-to-date: /home/rover/ros_ws/src/install/interfaces/include/interfaces/srv/detail
-- Up-to-date: /home/rover/ros_ws/src/install/interfaces/include/interfaces/srv/detail/drive__type_support.hpp
-- Up-to-date: /home/rover/ros_ws/src/install/interfaces/include/interfaces/srv/detail/lift__traits.hpp
-- Up-to-date: /home/rover/ros_ws/src/install/interfaces/include/interfaces/srv/detail/drill__type_support.hpp
-- Up-to-date: /home/rover/ros_ws/src/install/interfaces/include/interfaces/srv/detail/tray__traits.hpp
-- Up-to-date: /home/rover/ros_ws/src/install/interfaces/include/interfaces/srv/detail/lift__struct.hpp
-- Up-to-date: /home/rover/ros_ws/src/install/interfaces/include/interfaces/srv/detail/steer__traits.hpp
-- Up-to-date: /home/rover/ros_ws/src/install/interfaces/include/interfaces/srv/detail/drill__traits.hpp
-- Up-to-date: /home/rover/ros_ws/src/install/interfaces/include/interfaces/srv/detail/lift__type_support.hpp
-- Up-to-date: /home/rover/ros_ws/src/install/interfaces/include/interfaces/srv/detail/steer__builder.hpp
-- Up-to-date: /home/rover/ros_ws/src/install/interfaces/include/interfaces/srv/detail/drive__traits.hpp
-- Up-to-date: /home/rover/ros_ws/src/install/interfaces/include/interfaces/srv/detail/lift__builder.hpp
-- Up-to-date: /home/rover/ros_ws/src/install/interfaces/include/interfaces/srv/detail/drive__builder.hpp
-- Up-to-date: /home/rover/ros_ws/src/install/interfaces/include/interfaces/srv/detail/steer__type_support.hpp
-- Up-to-date: /home/rover/ros_ws/src/install/interfaces/include/interfaces/srv/detail/tray__type_support.hpp
-- Up-to-date: /home/rover/ros_ws/src/install/interfaces/include/interfaces/srv/detail/tray__struct.hpp
-- Up-to-date: /home/rover/ros_ws/src/install/interfaces/include/interfaces/srv/detail/tray__builder.hpp
-- Up-to-date: /home/rover/ros_ws/src/install/interfaces/include/interfaces/srv/detail/drill__struct.hpp
-- Up-to-date: /home/rover/ros_ws/src/install/interfaces/include/interfaces/srv/detail/drill__builder.hpp
-- Up-to-date: /home/rover/ros_ws/src/install/interfaces/include/interfaces/srv/detail/drive__struct.hpp
-- Up-to-date: /home/rover/ros_ws/src/install/interfaces/include/interfaces/srv/detail/steer__struct.hpp
-- Up-to-date: /home/rover/ros_ws/src/install/interfaces/include/interfaces/srv/drive.hpp
-- Up-to-date: /home/rover/ros_ws/src/install/interfaces/include/interfaces/srv/tray.hpp
-- Up-to-date: /home/rover/ros_ws/src/install/interfaces/include/interfaces/srv/drill.hpp
-- Up-to-date: /home/rover/ros_ws/src/install/interfaces/include/interfaces/srv/lift.hpp
-- Up-to-date: /home/rover/ros_ws/src/install/interfaces/include/interfaces
-- Up-to-date: /home/rover/ros_ws/src/install/interfaces/include/interfaces/srv
-- Up-to-date: /home/rover/ros_ws/src/install/interfaces/include/interfaces/srv/detail
-- Up-to-date: /home/rover/ros_ws/src/install/interfaces/include/interfaces/srv/detail/drill__type_support.cpp
-- Up-to-date: /home/rover/ros_ws/src/install/interfaces/include/interfaces/srv/detail/steer__rosidl_typesupport_introspection_cpp.hpp
-- Up-to-date: /home/rover/ros_ws/src/install/interfaces/include/interfaces/srv/detail/tray__type_support.cpp
-- Up-to-date: /home/rover/ros_ws/src/install/interfaces/include/interfaces/srv/detail/steer__type_support.cpp
-- Up-to-date: /home/rover/ros_ws/src/install/interfaces/include/interfaces/srv/detail/drill__rosidl_typesupport_introspection_cpp.hpp
-- Up-to-date: /home/rover/ros_ws/src/install/interfaces/include/interfaces/srv/detail/drive__type_support.cpp
-- Up-to-date: /home/rover/ros_ws/src/install/interfaces/include/interfaces/srv/detail/drive__rosidl_typesupport_introspection_cpp.hpp
-- Up-to-date: /home/rover/ros_ws/src/install/interfaces/include/interfaces/srv/detail/lift__rosidl_typesupport_introspection_cpp.hpp
-- Up-to-date: /home/rover/ros_ws/src/install/interfaces/include/interfaces/srv/detail/tray__rosidl_typesupport_introspection_cpp.hpp
-- Up-to-date: /home/rover/ros_ws/src/install/interfaces/include/interfaces/srv/detail/lift__type_support.cpp
-- Up-to-date: /home/rover/ros_ws/src/install/interfaces/lib/libinterfaces__rosidl_typesupport_introspection_cpp.so
-- Up-to-date: /home/rover/ros_ws/src/install/interfaces/lib/libinterfaces__rosidl_typesupport_cpp.so
-- Up-to-date: /home/rover/ros_ws/src/install/interfaces/share/interfaces/environment/pythonpath.sh
-- Up-to-date: /home/rover/ros_ws/src/install/interfaces/share/interfaces/environment/pythonpath.dsv
-- Up-to-date: /home/rover/ros_ws/src/install/interfaces/lib/python3.8/site-packages/interfaces/__init__.py
-- Up-to-date: /home/rover/ros_ws/src/install/interfaces/lib/python3.8/site-packages/interfaces/srv
-- Up-to-date: /home/rover/ros_ws/src/install/interfaces/lib/python3.8/site-packages/interfaces/srv/_drive_s.c
-- Up-to-date: /home/rover/ros_ws/src/install/interfaces/lib/python3.8/site-packages/interfaces/srv/_lift.py
-- Up-to-date: /home/rover/ros_ws/src/install/interfaces/lib/python3.8/site-packages/interfaces/srv/_tray_s.c
-- Up-to-date: /home/rover/ros_ws/src/install/interfaces/lib/python3.8/site-packages/interfaces/srv/_steer.py
-- Up-to-date: /home/rover/ros_ws/src/install/interfaces/lib/python3.8/site-packages/interfaces/srv/_tray.py
-- Up-to-date: /home/rover/ros_ws/src/install/interfaces/lib/python3.8/site-packages/interfaces/srv/_drive.py
-- Up-to-date: /home/rover/ros_ws/src/install/interfaces/lib/python3.8/site-packages/interfaces/srv/_drill_s.c
-- Up-to-date: /home/rover/ros_ws/src/install/interfaces/lib/python3.8/site-packages/interfaces/srv/_lift_s.c
-- Up-to-date: /home/rover/ros_ws/src/install/interfaces/lib/python3.8/site-packages/interfaces/srv/_drill.py
-- Up-to-date: /home/rover/ros_ws/src/install/interfaces/lib/python3.8/site-packages/interfaces/srv/__init__.py
-- Up-to-date: /home/rover/ros_ws/src/install/interfaces/lib/python3.8/site-packages/interfaces/srv/_steer_s.c
-- Up-to-date: /home/rover/ros_ws/src/install/interfaces/lib/python3.8/site-packages/interfaces/interfaces_s__rosidl_typesupport_fastrtps_c.cpython-38-aarch64-linux-gnu.so
-- Up-to-date: /home/rover/ros_ws/src/install/interfaces/lib/python3.8/site-packages/interfaces/interfaces_s__rosidl_typesupport_introspection_c.cpython-38-aarch64-linux-gnu.so
-- Up-to-date: /home/rover/ros_ws/src/install/interfaces/lib/python3.8/site-packages/interfaces/interfaces_s__rosidl_typesupport_c.cpython-38-aarch64-linux-gnu.so
-- Up-to-date: /home/rover/ros_ws/src/install/interfaces/lib/libinterfaces__python.so
-- Up-to-date: /home/rover/ros_ws/src/install/interfaces/share/interfaces/srv/Drive.idl
-- Up-to-date: /home/rover/ros_ws/src/install/interfaces/share/interfaces/srv/Steer.idl
-- Up-to-date: /home/rover/ros_ws/src/install/interfaces/share/interfaces/srv/Drill.idl
-- Up-to-date: /home/rover/ros_ws/src/install/interfaces/share/interfaces/srv/Tray.idl
-- Up-to-date: /home/rover/ros_ws/src/install/interfaces/share/interfaces/srv/Lift.idl
-- Up-to-date: /home/rover/ros_ws/src/install/interfaces/share/interfaces/srv/Drive.srv
-- Up-to-date: /home/rover/ros_ws/src/install/interfaces/share/interfaces/srv/Drive_Request.msg
-- Up-to-date: /home/rover/ros_ws/src/install/interfaces/share/interfaces/srv/Drive_Response.msg
-- Up-to-date: /home/rover/ros_ws/src/install/interfaces/share/interfaces/srv/Steer.srv
-- Up-to-date: /home/rover/ros_ws/src/install/interfaces/share/interfaces/srv/Steer_Request.msg
-- Up-to-date: /home/rover/ros_ws/src/install/interfaces/share/interfaces/srv/Steer_Response.msg
-- Up-to-date: /home/rover/ros_ws/src/install/interfaces/share/interfaces/srv/Drill.srv
-- Up-to-date: /home/rover/ros_ws/src/install/interfaces/share/interfaces/srv/Drill_Request.msg
-- Up-to-date: /home/rover/ros_ws/src/install/interfaces/share/interfaces/srv/Drill_Response.msg
-- Up-to-date: /home/rover/ros_ws/src/install/interfaces/share/interfaces/srv/Tray.srv
-- Up-to-date: /home/rover/ros_ws/src/install/interfaces/share/interfaces/srv/Tray_Request.msg
-- Up-to-date: /home/rover/ros_ws/src/install/interfaces/share/interfaces/srv/Tray_Response.msg
-- Up-to-date: /home/rover/ros_ws/src/install/interfaces/share/interfaces/srv/Lift.srv
-- Up-to-date: /home/rover/ros_ws/src/install/interfaces/share/interfaces/srv/Lift_Request.msg
-- Up-to-date: /home/rover/ros_ws/src/install/interfaces/share/interfaces/srv/Lift_Response.msg
-- Up-to-date: /home/rover/ros_ws/src/install/interfaces/share/ament_index/resource_index/package_run_dependencies/interfaces
-- Up-to-date: /home/rover/ros_ws/src/install/interfaces/share/ament_index/resource_index/parent_prefix_path/interfaces
-- Up-to-date: /home/rover/ros_ws/src/install/interfaces/share/interfaces/environment/ament_prefix_path.sh
-- Up-to-date: /home/rover/ros_ws/src/install/interfaces/share/interfaces/environment/ament_prefix_path.dsv
-- Up-to-date: /home/rover/ros_ws/src/install/interfaces/share/interfaces/environment/path.sh
-- Up-to-date: /home/rover/ros_ws/src/install/interfaces/share/interfaces/environment/path.dsv
-- Up-to-date: /home/rover/ros_ws/src/install/interfaces/share/interfaces/local_setup.bash
-- Up-to-date: /home/rover/ros_ws/src/install/interfaces/share/interfaces/local_setup.sh
-- Up-to-date: /home/rover/ros_ws/src/install/interfaces/share/interfaces/local_setup.zsh
-- Up-to-date: /home/rover/ros_ws/src/install/interfaces/share/interfaces/local_setup.dsv
-- Installing: /home/rover/ros_ws/src/install/interfaces/share/interfaces/package.dsv
-- Up-to-date: /home/rover/ros_ws/src/install/interfaces/share/ament_index/resource_index/packages/interfaces
-- Up-to-date: /home/rover/ros_ws/src/install/interfaces/share/interfaces/cmake/interfaces__rosidl_generator_cExport.cmake
-- Up-to-date: /home/rover/ros_ws/src/install/interfaces/share/interfaces/cmake/interfaces__rosidl_generator_cExport-noconfig.cmake
-- Up-to-date: /home/rover/ros_ws/src/install/interfaces/share/interfaces/cmake/interfaces__rosidl_typesupport_introspection_cExport.cmake
-- Up-to-date: /home/rover/ros_ws/src/install/interfaces/share/interfaces/cmake/interfaces__rosidl_typesupport_introspection_cExport-noconfig.cmake
-- Up-to-date: /home/rover/ros_ws/src/install/interfaces/share/interfaces/cmake/interfaces__rosidl_typesupport_cExport.cmake
-- Up-to-date: /home/rover/ros_ws/src/install/interfaces/share/interfaces/cmake/interfaces__rosidl_typesupport_cExport-noconfig.cmake
-- Up-to-date: /home/rover/ros_ws/src/install/interfaces/share/interfaces/cmake/interfaces__rosidl_generator_cppExport.cmake
-- Up-to-date: /home/rover/ros_ws/src/install/interfaces/share/interfaces/cmake/interfaces__rosidl_typesupport_introspection_cppExport.cmake
-- Up-to-date: /home/rover/ros_ws/src/install/interfaces/share/interfaces/cmake/interfaces__rosidl_typesupport_introspection_cppExport-noconfig.cmake
-- Up-to-date: /home/rover/ros_ws/src/install/interfaces/share/interfaces/cmake/interfaces__rosidl_typesupport_cppExport.cmake
-- Up-to-date: /home/rover/ros_ws/src/install/interfaces/share/interfaces/cmake/interfaces__rosidl_typesupport_cppExport-noconfig.cmake
-- Up-to-date: /home/rover/ros_ws/src/install/interfaces/share/interfaces/cmake/rosidl_cmake-extras.cmake
-- Up-to-date: /home/rover/ros_ws/src/install/interfaces/share/interfaces/cmake/ament_cmake_export_dependencies-extras.cmake
-- Up-to-date: /home/rover/ros_ws/src/install/interfaces/share/interfaces/cmake/ament_cmake_export_libraries-extras.cmake
-- Up-to-date: /home/rover/ros_ws/src/install/interfaces/share/interfaces/cmake/ament_cmake_export_targets-extras.cmake
-- Up-to-date: /home/rover/ros_ws/src/install/interfaces/share/interfaces/cmake/ament_cmake_export_include_directories-extras.cmake
-- Up-to-date: /home/rover/ros_ws/src/install/interfaces/share/interfaces/cmake/rosidl_cmake_export_typesupport_libraries-extras.cmake
-- Up-to-date: /home/rover/ros_ws/src/install/interfaces/share/interfaces/cmake/rosidl_cmake_export_typesupport_targets-extras.cmake
-- Up-to-date: /home/rover/ros_ws/src/install/interfaces/share/interfaces/cmake/interfacesConfig.cmake
-- Up-to-date: /home/rover/ros_ws/src/install/interfaces/share/interfaces/cmake/interfacesConfig-version.cmake
-- Up-to-date: /home/rover/ros_ws/src/install/interfaces/share/interfaces/package.xml
