[1.061s] Invoking command in '/home/rover/ros_ws/src/build/interfaces': CMAKE_PREFIX_PATH=${CMAKE_PREFIX_PATH}:/home/rover/ros_ws/install/py_srvcli:/home/rover/ros_ws/install/mypkg:/home/rover/ros_ws/install/bb:/opt/ros/foxy /usr/bin/cmake --build /home/rover/ros_ws/src/build/interfaces -- -j4 -l4
[1.314s] [  1%] Built target interfaces__cpp
[1.322s] [ 12%] Built target interfaces__rosidl_generator_c
[1.463s] [ 23%] Built target interfaces__rosidl_typesupport_introspection_cpp
[1.501s] [ 34%] Built target interfaces__rosidl_typesupport_cpp
[1.516s] [ 46%] Built target interfaces__rosidl_typesupport_c
[1.545s] [ 57%] Built target interfaces__rosidl_typesupport_fastrtps_cpp
[1.590s] [ 68%] Built target interfaces__rosidl_typesupport_introspection_c
[1.696s] [ 79%] Built target interfaces__rosidl_typesupport_fastrtps_c
[1.791s] [ 79%] Built target interfaces
[1.883s] [ 80%] Built target interfaces__py
[2.022s] [ 90%] Built target interfaces__python
[2.176s] [ 93%] Built target interfaces__rosidl_typesupport_introspection_c__pyext
[2.187s] [ 96%] Built target interfaces__rosidl_typesupport_fastrtps_c__pyext
[2.196s] [100%] Built target interfaces__rosidl_typesupport_c__pyext
[2.251s] Invoked command in '/home/rover/ros_ws/src/build/interfaces' returned '0': CMAKE_PREFIX_PATH=${CMAKE_PREFIX_PATH}:/home/rover/ros_ws/install/py_srvcli:/home/rover/ros_ws/install/mypkg:/home/rover/ros_ws/install/bb:/opt/ros/foxy /usr/bin/cmake --build /home/rover/ros_ws/src/build/interfaces -- -j4 -l4
[2.308s] Invoking command in '/home/rover/ros_ws/src/build/interfaces': CMAKE_PREFIX_PATH=${CMAKE_PREFIX_PATH}:/home/rover/ros_ws/install/py_srvcli:/home/rover/ros_ws/install/mypkg:/home/rover/ros_ws/install/bb:/opt/ros/foxy /usr/bin/cmake --install /home/rover/ros_ws/src/build/interfaces
[2.345s] -- Install configuration: ""
[2.345s] -- Up-to-date: /home/rover/ros_ws/src/install/interfaces/share/ament_index/resource_index/rosidl_interfaces/interfaces
[2.346s] -- Up-to-date: /home/rover/ros_ws/src/install/interfaces/include/interfaces
[2.347s] -- Up-to-date: /home/rover/ros_ws/src/install/interfaces/include/interfaces/msg
[2.348s] -- Up-to-date: /home/rover/ros_ws/src/install/interfaces/include/interfaces/msg/rosidl_generator_c__visibility_control.h
[2.349s] -- Up-to-date: /home/rover/ros_ws/src/install/interfaces/include/interfaces/srv
[2.366s] -- Up-to-date: /home/rover/ros_ws/src/install/interfaces/include/interfaces/srv/tray.h
[2.366s] -- Up-to-date: /home/rover/ros_ws/src/install/interfaces/include/interfaces/srv/detail
[2.367s] -- Up-to-date: /home/rover/ros_ws/src/install/interfaces/include/interfaces/srv/detail/steer__functions.c
[2.367s] -- Up-to-date: /home/rover/ros_ws/src/install/interfaces/include/interfaces/srv/detail/steer__functions.h
[2.369s] -- Up-to-date: /home/rover/ros_ws/src/install/interfaces/include/interfaces/srv/detail/tray__functions.c
[2.369s] -- Up-to-date: /home/rover/ros_ws/src/install/interfaces/include/interfaces/srv/detail/tray__type_support.h
[2.370s] -- Up-to-date: /home/rover/ros_ws/src/install/interfaces/include/interfaces/srv/detail/lift__functions.h
[2.370s] -- Up-to-date: /home/rover/ros_ws/src/install/interfaces/include/interfaces/srv/detail/lift__type_support.h
[2.371s] -- Up-to-date: /home/rover/ros_ws/src/install/interfaces/include/interfaces/srv/detail/drive__struct.h
[2.371s] -- Up-to-date: /home/rover/ros_ws/src/install/interfaces/include/interfaces/srv/detail/drill__functions.c
[2.372s] -- Up-to-date: /home/rover/ros_ws/src/install/interfaces/include/interfaces/srv/detail/drive__type_support.h
[2.372s] -- Up-to-date: /home/rover/ros_ws/src/install/interfaces/include/interfaces/srv/detail/steer__struct.h
[2.373s] -- Up-to-date: /home/rover/ros_ws/src/install/interfaces/include/interfaces/srv/detail/lift__struct.h
[2.373s] -- Up-to-date: /home/rover/ros_ws/src/install/interfaces/include/interfaces/srv/detail/drive__functions.c
[2.374s] -- Up-to-date: /home/rover/ros_ws/src/install/interfaces/include/interfaces/srv/detail/drill__type_support.h
[2.374s] -- Up-to-date: /home/rover/ros_ws/src/install/interfaces/include/interfaces/srv/detail/tray__struct.h
[2.375s] -- Up-to-date: /home/rover/ros_ws/src/install/interfaces/include/interfaces/srv/detail/tray__functions.h
[2.375s] -- Up-to-date: /home/rover/ros_ws/src/install/interfaces/include/interfaces/srv/detail/drill__struct.h
[2.396s] -- Up-to-date: /home/rover/ros_ws/src/install/interfaces/include/interfaces/srv/detail/lift__functions.c
[2.397s] -- Up-to-date: /home/rover/ros_ws/src/install/interfaces/include/interfaces/srv/detail/steer__type_support.h
[2.399s] -- Up-to-date: /home/rover/ros_ws/src/install/interfaces/include/interfaces/srv/detail/drive__functions.h
[2.400s] -- Up-to-date: /home/rover/ros_ws/src/install/interfaces/include/interfaces/srv/detail/drill__functions.h
[2.401s] -- Up-to-date: /home/rover/ros_ws/src/install/interfaces/include/interfaces/srv/drive.h
[2.401s] -- Up-to-date: /home/rover/ros_ws/src/install/interfaces/include/interfaces/srv/lift.h
[2.412s] -- Up-to-date: /home/rover/ros_ws/src/install/interfaces/include/interfaces/srv/steer.h
[2.413s] -- Up-to-date: /home/rover/ros_ws/src/install/interfaces/include/interfaces/srv/drill.h
[2.414s] -- Up-to-date: /home/rover/ros_ws/src/install/interfaces/share/interfaces/environment/library_path.sh
[2.414s] -- Up-to-date: /home/rover/ros_ws/src/install/interfaces/share/interfaces/environment/library_path.dsv
[2.415s] -- Up-to-date: /home/rover/ros_ws/src/install/interfaces/lib/libinterfaces__rosidl_generator_c.so
[2.416s] -- Up-to-date: /home/rover/ros_ws/src/install/interfaces/include/interfaces
[2.416s] -- Up-to-date: /home/rover/ros_ws/src/install/interfaces/include/interfaces/msg
[2.417s] -- Up-to-date: /home/rover/ros_ws/src/install/interfaces/include/interfaces/msg/rosidl_typesupport_fastrtps_c__visibility_control.h
[2.418s] -- Up-to-date: /home/rover/ros_ws/src/install/interfaces/include/interfaces/srv
[2.418s] -- Up-to-date: /home/rover/ros_ws/src/install/interfaces/include/interfaces/srv/detail
[2.419s] -- Up-to-date: /home/rover/ros_ws/src/install/interfaces/include/interfaces/srv/detail/drive__rosidl_typesupport_fastrtps_c.h
[2.419s] -- Up-to-date: /home/rover/ros_ws/src/install/interfaces/include/interfaces/srv/detail/lift__rosidl_typesupport_fastrtps_c.h
[2.420s] -- Up-to-date: /home/rover/ros_ws/src/install/interfaces/include/interfaces/srv/detail/tray__rosidl_typesupport_fastrtps_c.h
[2.420s] -- Up-to-date: /home/rover/ros_ws/src/install/interfaces/include/interfaces/srv/detail/steer__rosidl_typesupport_fastrtps_c.h
[2.421s] -- Up-to-date: /home/rover/ros_ws/src/install/interfaces/include/interfaces/srv/detail/drill__rosidl_typesupport_fastrtps_c.h
[2.422s] -- Up-to-date: /home/rover/ros_ws/src/install/interfaces/lib/libinterfaces__rosidl_typesupport_fastrtps_c.so
[2.423s] -- Up-to-date: /home/rover/ros_ws/src/install/interfaces/include/interfaces
[2.424s] -- Up-to-date: /home/rover/ros_ws/src/install/interfaces/include/interfaces/msg
[2.435s] -- Up-to-date: /home/rover/ros_ws/src/install/interfaces/include/interfaces/msg/rosidl_typesupport_fastrtps_cpp__visibility_control.h
[2.436s] -- Up-to-date: /home/rover/ros_ws/src/install/interfaces/include/interfaces/srv
[2.436s] -- Up-to-date: /home/rover/ros_ws/src/install/interfaces/include/interfaces/srv/detail
[2.437s] -- Up-to-date: /home/rover/ros_ws/src/install/interfaces/include/interfaces/srv/detail/tray__rosidl_typesupport_fastrtps_cpp.hpp
[2.437s] -- Up-to-date: /home/rover/ros_ws/src/install/interfaces/include/interfaces/srv/detail/dds_fastrtps
[2.438s] -- Up-to-date: /home/rover/ros_ws/src/install/interfaces/include/interfaces/srv/detail/drill__rosidl_typesupport_fastrtps_cpp.hpp
[2.438s] -- Up-to-date: /home/rover/ros_ws/src/install/interfaces/include/interfaces/srv/detail/steer__rosidl_typesupport_fastrtps_cpp.hpp
[2.439s] -- Up-to-date: /home/rover/ros_ws/src/install/interfaces/include/interfaces/srv/detail/lift__rosidl_typesupport_fastrtps_cpp.hpp
[2.439s] -- Up-to-date: /home/rover/ros_ws/src/install/interfaces/include/interfaces/srv/detail/drive__rosidl_typesupport_fastrtps_cpp.hpp
[2.440s] -- Up-to-date: /home/rover/ros_ws/src/install/interfaces/lib/libinterfaces__rosidl_typesupport_fastrtps_cpp.so
[2.440s] -- Up-to-date: /home/rover/ros_ws/src/install/interfaces/include/interfaces
[2.441s] -- Up-to-date: /home/rover/ros_ws/src/install/interfaces/include/interfaces/msg
[2.442s] -- Up-to-date: /home/rover/ros_ws/src/install/interfaces/include/interfaces/msg/rosidl_typesupport_introspection_c__visibility_control.h
[2.442s] -- Up-to-date: /home/rover/ros_ws/src/install/interfaces/include/interfaces/srv
[2.443s] -- Up-to-date: /home/rover/ros_ws/src/install/interfaces/include/interfaces/srv/detail
[2.443s] -- Up-to-date: /home/rover/ros_ws/src/install/interfaces/include/interfaces/srv/detail/drive__rosidl_typesupport_introspection_c.h
[2.444s] -- Up-to-date: /home/rover/ros_ws/src/install/interfaces/include/interfaces/srv/detail/tray__type_support.c
[2.465s] -- Up-to-date: /home/rover/ros_ws/src/install/interfaces/include/interfaces/srv/detail/drive__type_support.c
[2.465s] -- Up-to-date: /home/rover/ros_ws/src/install/interfaces/include/interfaces/srv/detail/lift__rosidl_typesupport_introspection_c.h
[2.466s] -- Up-to-date: /home/rover/ros_ws/src/install/interfaces/include/interfaces/srv/detail/steer__type_support.c
[2.466s] -- Up-to-date: /home/rover/ros_ws/src/install/interfaces/include/interfaces/srv/detail/lift__type_support.c
[2.467s] -- Up-to-date: /home/rover/ros_ws/src/install/interfaces/include/interfaces/srv/detail/steer__rosidl_typesupport_introspection_c.h
[2.467s] -- Up-to-date: /home/rover/ros_ws/src/install/interfaces/include/interfaces/srv/detail/tray__rosidl_typesupport_introspection_c.h
[2.469s] -- Up-to-date: /home/rover/ros_ws/src/install/interfaces/include/interfaces/srv/detail/drill__rosidl_typesupport_introspection_c.h
[2.470s] -- Up-to-date: /home/rover/ros_ws/src/install/interfaces/include/interfaces/srv/detail/drill__type_support.c
[2.470s] -- Up-to-date: /home/rover/ros_ws/src/install/interfaces/lib/libinterfaces__rosidl_typesupport_introspection_c.so
[2.471s] -- Up-to-date: /home/rover/ros_ws/src/install/interfaces/lib/libinterfaces__rosidl_typesupport_c.so
[2.471s] -- Up-to-date: /home/rover/ros_ws/src/install/interfaces/include/interfaces
[2.472s] -- Up-to-date: /home/rover/ros_ws/src/install/interfaces/include/interfaces/msg
[2.472s] -- Up-to-date: /home/rover/ros_ws/src/install/interfaces/include/interfaces/msg/rosidl_generator_cpp__visibility_control.hpp
[2.473s] -- Up-to-date: /home/rover/ros_ws/src/install/interfaces/include/interfaces/srv
[2.474s] -- Up-to-date: /home/rover/ros_ws/src/install/interfaces/include/interfaces/srv/steer.hpp
[2.474s] -- Up-to-date: /home/rover/ros_ws/src/install/interfaces/include/interfaces/srv/detail
[2.485s] -- Up-to-date: /home/rover/ros_ws/src/install/interfaces/include/interfaces/srv/detail/drive__type_support.hpp
[2.486s] -- Up-to-date: /home/rover/ros_ws/src/install/interfaces/include/interfaces/srv/detail/lift__traits.hpp
[2.486s] -- Up-to-date: /home/rover/ros_ws/src/install/interfaces/include/interfaces/srv/detail/drill__type_support.hpp
[2.487s] -- Up-to-date: /home/rover/ros_ws/src/install/interfaces/include/interfaces/srv/detail/tray__traits.hpp
[2.488s] -- Up-to-date: /home/rover/ros_ws/src/install/interfaces/include/interfaces/srv/detail/lift__struct.hpp
[2.488s] -- Up-to-date: /home/rover/ros_ws/src/install/interfaces/include/interfaces/srv/detail/steer__traits.hpp
[2.489s] -- Up-to-date: /home/rover/ros_ws/src/install/interfaces/include/interfaces/srv/detail/drill__traits.hpp
[2.489s] -- Up-to-date: /home/rover/ros_ws/src/install/interfaces/include/interfaces/srv/detail/lift__type_support.hpp
[2.490s] -- Up-to-date: /home/rover/ros_ws/src/install/interfaces/include/interfaces/srv/detail/steer__builder.hpp
[2.490s] -- Up-to-date: /home/rover/ros_ws/src/install/interfaces/include/interfaces/srv/detail/drive__traits.hpp
[2.491s] -- Up-to-date: /home/rover/ros_ws/src/install/interfaces/include/interfaces/srv/detail/lift__builder.hpp
[2.491s] -- Up-to-date: /home/rover/ros_ws/src/install/interfaces/include/interfaces/srv/detail/drive__builder.hpp
[2.492s] -- Up-to-date: /home/rover/ros_ws/src/install/interfaces/include/interfaces/srv/detail/steer__type_support.hpp
[2.501s] -- Up-to-date: /home/rover/ros_ws/src/install/interfaces/include/interfaces/srv/detail/tray__type_support.hpp
[2.502s] -- Up-to-date: /home/rover/ros_ws/src/install/interfaces/include/interfaces/srv/detail/tray__struct.hpp
[2.502s] -- Up-to-date: /home/rover/ros_ws/src/install/interfaces/include/interfaces/srv/detail/tray__builder.hpp
[2.503s] -- Up-to-date: /home/rover/ros_ws/src/install/interfaces/include/interfaces/srv/detail/drill__struct.hpp
[2.503s] -- Up-to-date: /home/rover/ros_ws/src/install/interfaces/include/interfaces/srv/detail/drill__builder.hpp
[2.512s] -- Up-to-date: /home/rover/ros_ws/src/install/interfaces/include/interfaces/srv/detail/drive__struct.hpp
[2.513s] -- Up-to-date: /home/rover/ros_ws/src/install/interfaces/include/interfaces/srv/detail/steer__struct.hpp
[2.514s] -- Up-to-date: /home/rover/ros_ws/src/install/interfaces/include/interfaces/srv/drive.hpp
[2.514s] -- Up-to-date: /home/rover/ros_ws/src/install/interfaces/include/interfaces/srv/tray.hpp
[2.515s] -- Up-to-date: /home/rover/ros_ws/src/install/interfaces/include/interfaces/srv/drill.hpp
[2.515s] -- Up-to-date: /home/rover/ros_ws/src/install/interfaces/include/interfaces/srv/lift.hpp
[2.515s] -- Up-to-date: /home/rover/ros_ws/src/install/interfaces/include/interfaces
[2.516s] -- Up-to-date: /home/rover/ros_ws/src/install/interfaces/include/interfaces/srv
[2.517s] -- Up-to-date: /home/rover/ros_ws/src/install/interfaces/include/interfaces/srv/detail
[2.517s] -- Up-to-date: /home/rover/ros_ws/src/install/interfaces/include/interfaces/srv/detail/drill__type_support.cpp
[2.518s] -- Up-to-date: /home/rover/ros_ws/src/install/interfaces/include/interfaces/srv/detail/steer__rosidl_typesupport_introspection_cpp.hpp
[2.518s] -- Up-to-date: /home/rover/ros_ws/src/install/interfaces/include/interfaces/srv/detail/tray__type_support.cpp
[2.519s] -- Up-to-date: /home/rover/ros_ws/src/install/interfaces/include/interfaces/srv/detail/steer__type_support.cpp
[2.519s] -- Up-to-date: /home/rover/ros_ws/src/install/interfaces/include/interfaces/srv/detail/drill__rosidl_typesupport_introspection_cpp.hpp
[2.520s] -- Up-to-date: /home/rover/ros_ws/src/install/interfaces/include/interfaces/srv/detail/drive__type_support.cpp
[2.520s] -- Up-to-date: /home/rover/ros_ws/src/install/interfaces/include/interfaces/srv/detail/drive__rosidl_typesupport_introspection_cpp.hpp
[2.521s] -- Up-to-date: /home/rover/ros_ws/src/install/interfaces/include/interfaces/srv/detail/lift__rosidl_typesupport_introspection_cpp.hpp
[2.521s] -- Up-to-date: /home/rover/ros_ws/src/install/interfaces/include/interfaces/srv/detail/tray__rosidl_typesupport_introspection_cpp.hpp
[2.522s] -- Up-to-date: /home/rover/ros_ws/src/install/interfaces/include/interfaces/srv/detail/lift__type_support.cpp
[2.522s] -- Up-to-date: /home/rover/ros_ws/src/install/interfaces/lib/libinterfaces__rosidl_typesupport_introspection_cpp.so
[2.523s] -- Up-to-date: /home/rover/ros_ws/src/install/interfaces/lib/libinterfaces__rosidl_typesupport_cpp.so
[2.523s] -- Up-to-date: /home/rover/ros_ws/src/install/interfaces/share/interfaces/environment/pythonpath.sh
[2.524s] -- Up-to-date: /home/rover/ros_ws/src/install/interfaces/share/interfaces/environment/pythonpath.dsv
[2.533s] -- Up-to-date: /home/rover/ros_ws/src/install/interfaces/lib/python3.8/site-packages/interfaces/__init__.py
[2.770s] -- Up-to-date: /home/rover/ros_ws/src/install/interfaces/lib/python3.8/site-packages/interfaces/srv
[2.773s] -- Up-to-date: /home/rover/ros_ws/src/install/interfaces/lib/python3.8/site-packages/interfaces/srv/_drive_s.c
[2.773s] -- Up-to-date: /home/rover/ros_ws/src/install/interfaces/lib/python3.8/site-packages/interfaces/srv/_lift.py
[2.774s] -- Up-to-date: /home/rover/ros_ws/src/install/interfaces/lib/python3.8/site-packages/interfaces/srv/_tray_s.c
[2.774s] -- Up-to-date: /home/rover/ros_ws/src/install/interfaces/lib/python3.8/site-packages/interfaces/srv/_steer.py
[2.775s] -- Up-to-date: /home/rover/ros_ws/src/install/interfaces/lib/python3.8/site-packages/interfaces/srv/_tray.py
[2.778s] -- Up-to-date: /home/rover/ros_ws/src/install/interfaces/lib/python3.8/site-packages/interfaces/srv/_drive.py
[2.778s] -- Up-to-date: /home/rover/ros_ws/src/install/interfaces/lib/python3.8/site-packages/interfaces/srv/_drill_s.c
[2.779s] -- Up-to-date: /home/rover/ros_ws/src/install/interfaces/lib/python3.8/site-packages/interfaces/srv/_lift_s.c
[2.784s] -- Up-to-date: /home/rover/ros_ws/src/install/interfaces/lib/python3.8/site-packages/interfaces/srv/_drill.py
[2.787s] -- Up-to-date: /home/rover/ros_ws/src/install/interfaces/lib/python3.8/site-packages/interfaces/srv/__init__.py
[2.788s] -- Up-to-date: /home/rover/ros_ws/src/install/interfaces/lib/python3.8/site-packages/interfaces/srv/_steer_s.c
[2.791s] -- Up-to-date: /home/rover/ros_ws/src/install/interfaces/lib/python3.8/site-packages/interfaces/interfaces_s__rosidl_typesupport_fastrtps_c.cpython-38-aarch64-linux-gnu.so
[2.794s] -- Up-to-date: /home/rover/ros_ws/src/install/interfaces/lib/python3.8/site-packages/interfaces/interfaces_s__rosidl_typesupport_introspection_c.cpython-38-aarch64-linux-gnu.so
[2.797s] -- Up-to-date: /home/rover/ros_ws/src/install/interfaces/lib/python3.8/site-packages/interfaces/interfaces_s__rosidl_typesupport_c.cpython-38-aarch64-linux-gnu.so
[2.801s] -- Up-to-date: /home/rover/ros_ws/src/install/interfaces/lib/libinterfaces__python.so
[2.803s] -- Up-to-date: /home/rover/ros_ws/src/install/interfaces/share/interfaces/srv/Drive.idl
[2.805s] -- Up-to-date: /home/rover/ros_ws/src/install/interfaces/share/interfaces/srv/Steer.idl
[2.808s] -- Up-to-date: /home/rover/ros_ws/src/install/interfaces/share/interfaces/srv/Drill.idl
[2.812s] -- Up-to-date: /home/rover/ros_ws/src/install/interfaces/share/interfaces/srv/Tray.idl
[2.815s] -- Up-to-date: /home/rover/ros_ws/src/install/interfaces/share/interfaces/srv/Lift.idl
[2.819s] -- Up-to-date: /home/rover/ros_ws/src/install/interfaces/share/interfaces/srv/Drive.srv
[2.820s] -- Up-to-date: /home/rover/ros_ws/src/install/interfaces/share/interfaces/srv/Drive_Request.msg
[2.821s] -- Up-to-date: /home/rover/ros_ws/src/install/interfaces/share/interfaces/srv/Drive_Response.msg
[2.822s] -- Up-to-date: /home/rover/ros_ws/src/install/interfaces/share/interfaces/srv/Steer.srv
[2.823s] -- Up-to-date: /home/rover/ros_ws/src/install/interfaces/share/interfaces/srv/Steer_Request.msg
[2.823s] -- Up-to-date: /home/rover/ros_ws/src/install/interfaces/share/interfaces/srv/Steer_Response.msg
[2.824s] -- Up-to-date: /home/rover/ros_ws/src/install/interfaces/share/interfaces/srv/Drill.srv
[2.825s] -- Up-to-date: /home/rover/ros_ws/src/install/interfaces/share/interfaces/srv/Drill_Request.msg
[2.826s] -- Up-to-date: /home/rover/ros_ws/src/install/interfaces/share/interfaces/srv/Drill_Response.msg
[2.826s] -- Up-to-date: /home/rover/ros_ws/src/install/interfaces/share/interfaces/srv/Tray.srv
[2.827s] -- Up-to-date: /home/rover/ros_ws/src/install/interfaces/share/interfaces/srv/Tray_Request.msg
[2.828s] -- Up-to-date: /home/rover/ros_ws/src/install/interfaces/share/interfaces/srv/Tray_Response.msg
[2.829s] -- Up-to-date: /home/rover/ros_ws/src/install/interfaces/share/interfaces/srv/Lift.srv
[2.830s] -- Up-to-date: /home/rover/ros_ws/src/install/interfaces/share/interfaces/srv/Lift_Request.msg
[2.831s] -- Up-to-date: /home/rover/ros_ws/src/install/interfaces/share/interfaces/srv/Lift_Response.msg
[2.831s] -- Up-to-date: /home/rover/ros_ws/src/install/interfaces/share/ament_index/resource_index/package_run_dependencies/interfaces
[2.832s] -- Up-to-date: /home/rover/ros_ws/src/install/interfaces/share/ament_index/resource_index/parent_prefix_path/interfaces
[2.833s] -- Up-to-date: /home/rover/ros_ws/src/install/interfaces/share/interfaces/environment/ament_prefix_path.sh
[2.834s] -- Up-to-date: /home/rover/ros_ws/src/install/interfaces/share/interfaces/environment/ament_prefix_path.dsv
[2.838s] -- Up-to-date: /home/rover/ros_ws/src/install/interfaces/share/interfaces/environment/path.sh
[2.838s] -- Up-to-date: /home/rover/ros_ws/src/install/interfaces/share/interfaces/environment/path.dsv
[2.839s] -- Up-to-date: /home/rover/ros_ws/src/install/interfaces/share/interfaces/local_setup.bash
[2.841s] -- Up-to-date: /home/rover/ros_ws/src/install/interfaces/share/interfaces/local_setup.sh
[2.842s] -- Up-to-date: /home/rover/ros_ws/src/install/interfaces/share/interfaces/local_setup.zsh
[2.843s] -- Up-to-date: /home/rover/ros_ws/src/install/interfaces/share/interfaces/local_setup.dsv
[2.844s] -- Installing: /home/rover/ros_ws/src/install/interfaces/share/interfaces/package.dsv
[2.844s] -- Up-to-date: /home/rover/ros_ws/src/install/interfaces/share/ament_index/resource_index/packages/interfaces
[2.845s] -- Up-to-date: /home/rover/ros_ws/src/install/interfaces/share/interfaces/cmake/interfaces__rosidl_generator_cExport.cmake
[2.846s] -- Up-to-date: /home/rover/ros_ws/src/install/interfaces/share/interfaces/cmake/interfaces__rosidl_generator_cExport-noconfig.cmake
[2.847s] -- Up-to-date: /home/rover/ros_ws/src/install/interfaces/share/interfaces/cmake/interfaces__rosidl_typesupport_introspection_cExport.cmake
[2.848s] -- Up-to-date: /home/rover/ros_ws/src/install/interfaces/share/interfaces/cmake/interfaces__rosidl_typesupport_introspection_cExport-noconfig.cmake
[2.849s] -- Up-to-date: /home/rover/ros_ws/src/install/interfaces/share/interfaces/cmake/interfaces__rosidl_typesupport_cExport.cmake
[2.850s] -- Up-to-date: /home/rover/ros_ws/src/install/interfaces/share/interfaces/cmake/interfaces__rosidl_typesupport_cExport-noconfig.cmake
[2.851s] -- Up-to-date: /home/rover/ros_ws/src/install/interfaces/share/interfaces/cmake/interfaces__rosidl_generator_cppExport.cmake
[2.851s] -- Up-to-date: /home/rover/ros_ws/src/install/interfaces/share/interfaces/cmake/interfaces__rosidl_typesupport_introspection_cppExport.cmake
[2.852s] -- Up-to-date: /home/rover/ros_ws/src/install/interfaces/share/interfaces/cmake/interfaces__rosidl_typesupport_introspection_cppExport-noconfig.cmake
[2.854s] -- Up-to-date: /home/rover/ros_ws/src/install/interfaces/share/interfaces/cmake/interfaces__rosidl_typesupport_cppExport.cmake
[2.854s] -- Up-to-date: /home/rover/ros_ws/src/install/interfaces/share/interfaces/cmake/interfaces__rosidl_typesupport_cppExport-noconfig.cmake
[2.855s] -- Up-to-date: /home/rover/ros_ws/src/install/interfaces/share/interfaces/cmake/rosidl_cmake-extras.cmake
[2.856s] -- Up-to-date: /home/rover/ros_ws/src/install/interfaces/share/interfaces/cmake/ament_cmake_export_dependencies-extras.cmake
[2.857s] -- Up-to-date: /home/rover/ros_ws/src/install/interfaces/share/interfaces/cmake/ament_cmake_export_libraries-extras.cmake
[2.858s] -- Up-to-date: /home/rover/ros_ws/src/install/interfaces/share/interfaces/cmake/ament_cmake_export_targets-extras.cmake
[2.858s] -- Up-to-date: /home/rover/ros_ws/src/install/interfaces/share/interfaces/cmake/ament_cmake_export_include_directories-extras.cmake
[2.859s] -- Up-to-date: /home/rover/ros_ws/src/install/interfaces/share/interfaces/cmake/rosidl_cmake_export_typesupport_libraries-extras.cmake
[2.860s] -- Up-to-date: /home/rover/ros_ws/src/install/interfaces/share/interfaces/cmake/rosidl_cmake_export_typesupport_targets-extras.cmake
[2.861s] -- Up-to-date: /home/rover/ros_ws/src/install/interfaces/share/interfaces/cmake/interfacesConfig.cmake
[2.862s] -- Up-to-date: /home/rover/ros_ws/src/install/interfaces/share/interfaces/cmake/interfacesConfig-version.cmake
[2.863s] -- Up-to-date: /home/rover/ros_ws/src/install/interfaces/share/interfaces/package.xml
[2.864s] Invoked command in '/home/rover/ros_ws/src/build/interfaces' returned '0': CMAKE_PREFIX_PATH=${CMAKE_PREFIX_PATH}:/home/rover/ros_ws/install/py_srvcli:/home/rover/ros_ws/install/mypkg:/home/rover/ros_ws/install/bb:/opt/ros/foxy /usr/bin/cmake --install /home/rover/ros_ws/src/build/interfaces
