running egg_info
creating ../build/bb/bb.egg-info
writing ../build/bb/bb.egg-info/PKG-INFO
writing dependency_links to ../build/bb/bb.egg-info/dependency_links.txt
writing entry points to ../build/bb/bb.egg-info/entry_points.txt
writing requirements to ../build/bb/bb.egg-info/requires.txt
writing top-level names to ../build/bb/bb.egg-info/top_level.txt
writing manifest file '../build/bb/bb.egg-info/SOURCES.txt'
reading manifest file '../build/bb/bb.egg-info/SOURCES.txt'
writing manifest file '../build/bb/bb.egg-info/SOURCES.txt'
running build
running build_py
creating /home/rover/ros_ws/src/build/bb/build
creating /home/rover/ros_ws/src/build/bb/build/lib
creating /home/rover/ros_ws/src/build/bb/build/lib/bb
copying bb/rover_service.py -> /home/rover/ros_ws/src/build/bb/build/lib/bb
copying bb/drive.py -> /home/rover/ros_ws/src/build/bb/build/lib/bb
copying bb/tray.py -> /home/rover/ros_ws/src/build/bb/build/lib/bb
copying bb/steer.py -> /home/rover/ros_ws/src/build/bb/build/lib/bb
copying bb/lift.py -> /home/rover/ros_ws/src/build/bb/build/lib/bb
copying bb/__init__.py -> /home/rover/ros_ws/src/build/bb/build/lib/bb
copying bb/drill.py -> /home/rover/ros_ws/src/build/bb/build/lib/bb
running install
running install_lib
creating /home/rover/ros_ws/src/install/bb/lib/python3.8/site-packages/bb
copying /home/rover/ros_ws/src/build/bb/build/lib/bb/rover_service.py -> /home/rover/ros_ws/src/install/bb/lib/python3.8/site-packages/bb
copying /home/rover/ros_ws/src/build/bb/build/lib/bb/drive.py -> /home/rover/ros_ws/src/install/bb/lib/python3.8/site-packages/bb
copying /home/rover/ros_ws/src/build/bb/build/lib/bb/tray.py -> /home/rover/ros_ws/src/install/bb/lib/python3.8/site-packages/bb
copying /home/rover/ros_ws/src/build/bb/build/lib/bb/steer.py -> /home/rover/ros_ws/src/install/bb/lib/python3.8/site-packages/bb
copying /home/rover/ros_ws/src/build/bb/build/lib/bb/lift.py -> /home/rover/ros_ws/src/install/bb/lib/python3.8/site-packages/bb
copying /home/rover/ros_ws/src/build/bb/build/lib/bb/__init__.py -> /home/rover/ros_ws/src/install/bb/lib/python3.8/site-packages/bb
copying /home/rover/ros_ws/src/build/bb/build/lib/bb/drill.py -> /home/rover/ros_ws/src/install/bb/lib/python3.8/site-packages/bb
byte-compiling /home/rover/ros_ws/src/install/bb/lib/python3.8/site-packages/bb/rover_service.py to rover_service.cpython-38.pyc
byte-compiling /home/rover/ros_ws/src/install/bb/lib/python3.8/site-packages/bb/drive.py to drive.cpython-38.pyc
byte-compiling /home/rover/ros_ws/src/install/bb/lib/python3.8/site-packages/bb/tray.py to tray.cpython-38.pyc
byte-compiling /home/rover/ros_ws/src/install/bb/lib/python3.8/site-packages/bb/steer.py to steer.cpython-38.pyc
byte-compiling /home/rover/ros_ws/src/install/bb/lib/python3.8/site-packages/bb/lift.py to lift.cpython-38.pyc
byte-compiling /home/rover/ros_ws/src/install/bb/lib/python3.8/site-packages/bb/__init__.py to __init__.cpython-38.pyc
byte-compiling /home/rover/ros_ws/src/install/bb/lib/python3.8/site-packages/bb/drill.py to drill.cpython-38.pyc
running install_data
creating /home/rover/ros_ws/src/install/bb/share/ament_index
creating /home/rover/ros_ws/src/install/bb/share/ament_index/resource_index
creating /home/rover/ros_ws/src/install/bb/share/ament_index/resource_index/packages
copying resource/bb -> /home/rover/ros_ws/src/install/bb/share/ament_index/resource_index/packages
copying package.xml -> /home/rover/ros_ws/src/install/bb/share/bb
running install_egg_info
Copying ../build/bb/bb.egg-info to /home/rover/ros_ws/src/install/bb/lib/python3.8/site-packages/bb-0.0.0-py3.8.egg-info
running install_scripts
Installing drill script to /home/rover/ros_ws/src/install/bb/lib/bb
Installing drive script to /home/rover/ros_ws/src/install/bb/lib/bb
Installing rover_service script to /home/rover/ros_ws/src/install/bb/lib/bb
Installing steer script to /home/rover/ros_ws/src/install/bb/lib/bb
Installing tray script to /home/rover/ros_ws/src/install/bb/lib/bb
writing list of installed files to '/home/rover/ros_ws/src/build/bb/install.log'
