[0.823s] DEBUG:colcon:Command line arguments: ['/usr/bin/colcon', 'build']
[0.824s] DEBUG:colcon:Parsed command line arguments: Namespace(allow_overriding=[], ament_cmake_args=None, base_paths=['.'], build_base='build', catkin_cmake_args=None, catkin_skip_building_tests=False, cmake_args=None, cmake_clean_cache=False, cmake_clean_first=False, cmake_force_configure=False, cmake_target=None, cmake_target_skip_unavailable=False, continue_on_error=False, event_handlers=None, executor='parallel', ignore_user_meta=False, install_base='install', log_base=None, log_level=None, main=<bound method BuildVerb.main of <colcon_core.verb.build.BuildVerb object at 0xffff83c70c70>>, merge_install=False, metas=['./colcon.meta'], mixin=None, mixin_files=None, mixin_verb=('build',), packages_above=None, packages_above_and_dependencies=None, packages_above_depth=None, packages_end=None, packages_ignore=None, packages_ignore_regex=None, packages_select=None, packages_select_build_failed=False, packages_select_by_dep=None, packages_select_regex=None, packages_select_test_failures=False, packages_skip=None, packages_skip_build_finished=False, packages_skip_by_dep=None, packages_skip_regex=None, packages_skip_test_passed=False, packages_skip_up_to=None, packages_start=None, packages_up_to=None, packages_up_to_regex=None, parallel_workers=4, paths=None, symlink_install=False, test_result_base=None, verb_extension=<colcon_core.verb.build.BuildVerb object at 0xffff83c70c70>, verb_name='build', verb_parser=<colcon_mixin.mixin.mixin_argument.MixinArgumentDecorator object at 0xffff83b4de50>)
[1.515s] Level 1:colcon.colcon_core.package_discovery:discover_packages(colcon_meta) check parameters
[1.515s] Level 1:colcon.colcon_core.package_discovery:discover_packages(recursive) check parameters
[1.516s] Level 1:colcon.colcon_core.package_discovery:discover_packages(ignore) check parameters
[1.516s] Level 1:colcon.colcon_core.package_discovery:discover_packages(path) check parameters
[1.516s] Level 1:colcon.colcon_core.package_discovery:discover_packages(colcon_meta) discover
[1.516s] Level 1:colcon.colcon_core.package_discovery:discover_packages(recursive) discover
[1.516s] INFO:colcon.colcon_core.package_discovery:Crawling recursively for packages in '/home/rover/ros_ws/src'
[1.517s] Level 1:colcon.colcon_core.package_identification:_identify(.) by extensions ['ignore', 'ignore_ament_install']
[1.517s] Level 1:colcon.colcon_core.package_identification:_identify(.) by extension 'ignore'
[1.517s] Level 1:colcon.colcon_core.package_identification:_identify(.) by extension 'ignore_ament_install'
[1.518s] Level 1:colcon.colcon_core.package_identification:_identify(.) by extensions ['colcon_pkg']
[1.518s] Level 1:colcon.colcon_core.package_identification:_identify(.) by extension 'colcon_pkg'
[1.518s] Level 1:colcon.colcon_core.package_identification:_identify(.) by extensions ['colcon_meta']
[1.518s] Level 1:colcon.colcon_core.package_identification:_identify(.) by extension 'colcon_meta'
[1.518s] Level 1:colcon.colcon_core.package_identification:_identify(.) by extensions ['ros']
[1.518s] Level 1:colcon.colcon_core.package_identification:_identify(.) by extension 'ros'
[1.562s] Level 1:colcon.colcon_core.package_identification:_identify(.) by extensions ['cmake', 'python']
[1.562s] Level 1:colcon.colcon_core.package_identification:_identify(.) by extension 'cmake'
[1.562s] Level 1:colcon.colcon_core.package_identification:_identify(.) by extension 'python'
[1.562s] Level 1:colcon.colcon_core.package_identification:_identify(.) by extensions ['python_setup_py']
[1.563s] Level 1:colcon.colcon_core.package_identification:_identify(.) by extension 'python_setup_py'
[1.563s] Level 1:colcon.colcon_core.package_identification:_identify(bb) by extensions ['ignore', 'ignore_ament_install']
[1.564s] Level 1:colcon.colcon_core.package_identification:_identify(bb) by extension 'ignore'
[1.564s] Level 1:colcon.colcon_core.package_identification:_identify(bb) by extension 'ignore_ament_install'
[1.564s] Level 1:colcon.colcon_core.package_identification:_identify(bb) by extensions ['colcon_pkg']
[1.564s] Level 1:colcon.colcon_core.package_identification:_identify(bb) by extension 'colcon_pkg'
[1.564s] Level 1:colcon.colcon_core.package_identification:_identify(bb) by extensions ['colcon_meta']
[1.565s] Level 1:colcon.colcon_core.package_identification:_identify(bb) by extension 'colcon_meta'
[1.565s] Level 1:colcon.colcon_core.package_identification:_identify(bb) by extensions ['ros']
[1.565s] Level 1:colcon.colcon_core.package_identification:_identify(bb) by extension 'ros'
[1.573s] DEBUG:colcon.colcon_core.package_identification:Package 'bb' with type 'ros.ament_python' and name 'bb'
[1.574s] Level 1:colcon.colcon_core.package_identification:_identify(build) by extensions ['ignore', 'ignore_ament_install']
[1.574s] Level 1:colcon.colcon_core.package_identification:_identify(build) by extension 'ignore'
[1.574s] Level 1:colcon.colcon_core.package_identification:_identify(build) ignored
[1.575s] Level 1:colcon.colcon_core.package_identification:_identify(install) by extensions ['ignore', 'ignore_ament_install']
[1.575s] Level 1:colcon.colcon_core.package_identification:_identify(install) by extension 'ignore'
[1.575s] Level 1:colcon.colcon_core.package_identification:_identify(install) ignored
[1.576s] Level 1:colcon.colcon_core.package_identification:_identify(interfaces) by extensions ['ignore', 'ignore_ament_install']
[1.576s] Level 1:colcon.colcon_core.package_identification:_identify(interfaces) by extension 'ignore'
[1.576s] Level 1:colcon.colcon_core.package_identification:_identify(interfaces) by extension 'ignore_ament_install'
[1.577s] Level 1:colcon.colcon_core.package_identification:_identify(interfaces) by extensions ['colcon_pkg']
[1.577s] Level 1:colcon.colcon_core.package_identification:_identify(interfaces) by extension 'colcon_pkg'
[1.577s] Level 1:colcon.colcon_core.package_identification:_identify(interfaces) by extensions ['colcon_meta']
[1.577s] Level 1:colcon.colcon_core.package_identification:_identify(interfaces) by extension 'colcon_meta'
[1.577s] Level 1:colcon.colcon_core.package_identification:_identify(interfaces) by extensions ['ros']
[1.577s] Level 1:colcon.colcon_core.package_identification:_identify(interfaces) by extension 'ros'
[1.580s] DEBUG:colcon.colcon_core.package_identification:Package 'interfaces' with type 'ros.ament_cmake' and name 'interfaces'
[1.581s] Level 1:colcon.colcon_core.package_identification:_identify(log) by extensions ['ignore', 'ignore_ament_install']
[1.581s] Level 1:colcon.colcon_core.package_identification:_identify(log) by extension 'ignore'
[1.581s] Level 1:colcon.colcon_core.package_identification:_identify(log) ignored
[1.581s] Level 1:colcon.colcon_core.package_discovery:discover_packages(recursive) using defaults
[1.582s] Level 1:colcon.colcon_core.package_discovery:discover_packages(ignore) discover
[1.582s] Level 1:colcon.colcon_core.package_discovery:discover_packages(ignore) using defaults
[1.582s] Level 1:colcon.colcon_core.package_discovery:discover_packages(path) discover
[1.582s] Level 1:colcon.colcon_core.package_discovery:discover_packages(path) using defaults
[1.641s] Level 1:colcon.colcon_core.package_discovery:discover_packages(prefix_path) check parameters
[1.642s] Level 1:colcon.colcon_core.package_discovery:discover_packages(prefix_path) discover
[1.650s] DEBUG:colcon.colcon_installed_package_information.package_discovery:Found 5 installed packages in /home/rover/ros_ws/install
[1.658s] DEBUG:colcon.colcon_installed_package_information.package_discovery:Found 256 installed packages in /opt/ros/foxy
[1.704s] Level 1:colcon.colcon_core.package_discovery:discover_packages(prefix_path) using defaults
[2.024s] Level 5:colcon.colcon_core.verb:set package 'bb' build argument 'cmake_args' from command line to 'None'
[2.024s] Level 5:colcon.colcon_core.verb:set package 'bb' build argument 'cmake_target' from command line to 'None'
[2.025s] Level 5:colcon.colcon_core.verb:set package 'bb' build argument 'cmake_target_skip_unavailable' from command line to 'False'
[2.025s] Level 5:colcon.colcon_core.verb:set package 'bb' build argument 'cmake_clean_cache' from command line to 'False'
[2.025s] Level 5:colcon.colcon_core.verb:set package 'bb' build argument 'cmake_clean_first' from command line to 'False'
[2.025s] Level 5:colcon.colcon_core.verb:set package 'bb' build argument 'cmake_force_configure' from command line to 'False'
[2.025s] Level 5:colcon.colcon_core.verb:set package 'bb' build argument 'ament_cmake_args' from command line to 'None'
[2.025s] Level 5:colcon.colcon_core.verb:set package 'bb' build argument 'catkin_cmake_args' from command line to 'None'
[2.025s] Level 5:colcon.colcon_core.verb:set package 'bb' build argument 'catkin_skip_building_tests' from command line to 'False'
[2.025s] DEBUG:colcon.colcon_core.verb:Building package 'bb' with the following arguments: {'ament_cmake_args': None, 'build_base': '/home/rover/ros_ws/src/build/bb', 'catkin_cmake_args': None, 'catkin_skip_building_tests': False, 'cmake_args': None, 'cmake_clean_cache': False, 'cmake_clean_first': False, 'cmake_force_configure': False, 'cmake_target': None, 'cmake_target_skip_unavailable': False, 'install_base': '/home/rover/ros_ws/src/install/bb', 'merge_install': False, 'path': '/home/rover/ros_ws/src/bb', 'symlink_install': False, 'test_result_base': None}
[2.027s] Level 5:colcon.colcon_core.verb:set package 'interfaces' build argument 'cmake_args' from command line to 'None'
[2.027s] Level 5:colcon.colcon_core.verb:set package 'interfaces' build argument 'cmake_target' from command line to 'None'
[2.027s] Level 5:colcon.colcon_core.verb:set package 'interfaces' build argument 'cmake_target_skip_unavailable' from command line to 'False'
[2.027s] Level 5:colcon.colcon_core.verb:set package 'interfaces' build argument 'cmake_clean_cache' from command line to 'False'
[2.028s] Level 5:colcon.colcon_core.verb:set package 'interfaces' build argument 'cmake_clean_first' from command line to 'False'
[2.028s] Level 5:colcon.colcon_core.verb:set package 'interfaces' build argument 'cmake_force_configure' from command line to 'False'
[2.028s] Level 5:colcon.colcon_core.verb:set package 'interfaces' build argument 'ament_cmake_args' from command line to 'None'
[2.028s] Level 5:colcon.colcon_core.verb:set package 'interfaces' build argument 'catkin_cmake_args' from command line to 'None'
[2.028s] Level 5:colcon.colcon_core.verb:set package 'interfaces' build argument 'catkin_skip_building_tests' from command line to 'False'
[2.028s] DEBUG:colcon.colcon_core.verb:Building package 'interfaces' with the following arguments: {'ament_cmake_args': None, 'build_base': '/home/rover/ros_ws/src/build/interfaces', 'catkin_cmake_args': None, 'catkin_skip_building_tests': False, 'cmake_args': None, 'cmake_clean_cache': False, 'cmake_clean_first': False, 'cmake_force_configure': False, 'cmake_target': None, 'cmake_target_skip_unavailable': False, 'install_base': '/home/rover/ros_ws/src/install/interfaces', 'merge_install': False, 'path': '/home/rover/ros_ws/src/interfaces', 'symlink_install': False, 'test_result_base': None}
[2.029s] INFO:colcon.colcon_core.executor:Executing jobs using 'parallel' executor
[2.032s] DEBUG:colcon.colcon_parallel_executor.executor.parallel:run_until_complete
[2.033s] INFO:colcon.colcon_ros.task.ament_python.build:Building ROS package in '/home/rover/ros_ws/src/bb' with build type 'ament_python'
[2.034s] Level 1:colcon.colcon_core.shell:create_environment_hook('bb', 'ament_prefix_path')
[2.042s] INFO:colcon.colcon_core.plugin_system:Skipping extension 'colcon_core.shell.bat': Not used on non-Windows systems
[2.044s] INFO:colcon.colcon_core.shell:Creating environment hook '/home/rover/ros_ws/src/install/bb/share/bb/hook/ament_prefix_path.ps1'
[2.046s] INFO:colcon.colcon_core.shell:Creating environment descriptor '/home/rover/ros_ws/src/install/bb/share/bb/hook/ament_prefix_path.dsv'
[2.049s] INFO:colcon.colcon_core.shell:Creating environment hook '/home/rover/ros_ws/src/install/bb/share/bb/hook/ament_prefix_path.sh'
[2.052s] INFO:colcon.colcon_core.shell:Skip shell extension 'powershell' for command environment: Not usable outside of PowerShell
[2.053s] DEBUG:colcon.colcon_core.shell:Skip shell extension 'dsv' for command environment
[2.074s] INFO:colcon.colcon_ros.task.ament_cmake.build:Building ROS package in '/home/rover/ros_ws/src/interfaces' with build type 'ament_cmake'
[2.075s] INFO:colcon.colcon_cmake.task.cmake.build:Building CMake package in '/home/rover/ros_ws/src/interfaces'
[2.077s] INFO:colcon.colcon_core.shell:Skip shell extension 'powershell' for command environment: Not usable outside of PowerShell
[2.077s] DEBUG:colcon.colcon_core.shell:Skip shell extension 'dsv' for command environment
[3.098s] INFO:colcon.colcon_core.task.python.build:Building Python package in '/home/rover/ros_ws/src/bb'
[3.099s] INFO:colcon.colcon_core.shell:Skip shell extension 'powershell' for command environment: Not usable outside of PowerShell
[3.099s] DEBUG:colcon.colcon_core.shell:Skip shell extension 'dsv' for command environment
[3.137s] DEBUG:colcon.colcon_core.event_handler.log_command:Invoking command in '/home/rover/ros_ws/src/build/interfaces': CMAKE_PREFIX_PATH=${CMAKE_PREFIX_PATH}:/home/rover/ros_ws/install/py_srvcli:/home/rover/ros_ws/install/mypkg:/home/rover/ros_ws/install/bb:/opt/ros/foxy /usr/bin/cmake --build /home/rover/ros_ws/src/build/interfaces -- -j4 -l4
[4.327s] DEBUG:colcon.colcon_core.event_handler.log_command:Invoked command in '/home/rover/ros_ws/src/build/interfaces' returned '0': CMAKE_PREFIX_PATH=${CMAKE_PREFIX_PATH}:/home/rover/ros_ws/install/py_srvcli:/home/rover/ros_ws/install/mypkg:/home/rover/ros_ws/install/bb:/opt/ros/foxy /usr/bin/cmake --build /home/rover/ros_ws/src/build/interfaces -- -j4 -l4
[4.385s] DEBUG:colcon.colcon_core.event_handler.log_command:Invoking command in '/home/rover/ros_ws/src/build/interfaces': CMAKE_PREFIX_PATH=${CMAKE_PREFIX_PATH}:/home/rover/ros_ws/install/py_srvcli:/home/rover/ros_ws/install/mypkg:/home/rover/ros_ws/install/bb:/opt/ros/foxy /usr/bin/cmake --install /home/rover/ros_ws/src/build/interfaces
[4.912s] Level 1:colcon.colcon_core.environment:create_environment_scripts_only(interfaces)
[4.939s] DEBUG:colcon.colcon_core.event_handler.log_command:Invoked command in '/home/rover/ros_ws/src/build/interfaces' returned '0': CMAKE_PREFIX_PATH=${CMAKE_PREFIX_PATH}:/home/rover/ros_ws/install/py_srvcli:/home/rover/ros_ws/install/mypkg:/home/rover/ros_ws/install/bb:/opt/ros/foxy /usr/bin/cmake --install /home/rover/ros_ws/src/build/interfaces
[4.943s] Level 1:colcon.colcon_core.environment:checking '/home/rover/ros_ws/src/install/interfaces' for CMake module files
[4.948s] Level 1:colcon.colcon_core.environment:checking '/home/rover/ros_ws/src/install/interfaces' for CMake config files
[4.952s] Level 1:colcon.colcon_core.shell:create_environment_hook('interfaces', 'cmake_prefix_path')
[4.953s] INFO:colcon.colcon_core.shell:Creating environment hook '/home/rover/ros_ws/src/install/interfaces/share/interfaces/hook/cmake_prefix_path.ps1'
[4.956s] INFO:colcon.colcon_core.shell:Creating environment descriptor '/home/rover/ros_ws/src/install/interfaces/share/interfaces/hook/cmake_prefix_path.dsv'
[4.958s] INFO:colcon.colcon_core.shell:Creating environment hook '/home/rover/ros_ws/src/install/interfaces/share/interfaces/hook/cmake_prefix_path.sh'
[4.961s] Level 1:colcon.colcon_core.environment:checking '/home/rover/ros_ws/src/install/interfaces/lib'
[4.962s] Level 1:colcon.colcon_core.shell:create_environment_hook('interfaces', 'ld_library_path_lib')
[4.963s] INFO:colcon.colcon_core.shell:Creating environment hook '/home/rover/ros_ws/src/install/interfaces/share/interfaces/hook/ld_library_path_lib.ps1'
[4.966s] INFO:colcon.colcon_core.shell:Creating environment descriptor '/home/rover/ros_ws/src/install/interfaces/share/interfaces/hook/ld_library_path_lib.dsv'
[4.971s] INFO:colcon.colcon_core.shell:Creating environment hook '/home/rover/ros_ws/src/install/interfaces/share/interfaces/hook/ld_library_path_lib.sh'
[4.973s] Level 1:colcon.colcon_core.environment:checking '/home/rover/ros_ws/src/install/interfaces/bin'
[4.974s] Level 1:colcon.colcon_core.environment:checking '/home/rover/ros_ws/src/install/interfaces/lib/pkgconfig/interfaces.pc'
[4.975s] Level 1:colcon.colcon_core.environment:checking '/home/rover/ros_ws/src/install/interfaces/lib/python3.8/site-packages'
[4.975s] Level 1:colcon.colcon_core.shell:create_environment_hook('interfaces', 'pythonpath')
[4.976s] INFO:colcon.colcon_core.shell:Creating environment hook '/home/rover/ros_ws/src/install/interfaces/share/interfaces/hook/pythonpath.ps1'
[4.979s] INFO:colcon.colcon_core.shell:Creating environment descriptor '/home/rover/ros_ws/src/install/interfaces/share/interfaces/hook/pythonpath.dsv'
[4.981s] INFO:colcon.colcon_core.shell:Creating environment hook '/home/rover/ros_ws/src/install/interfaces/share/interfaces/hook/pythonpath.sh'
[4.983s] Level 1:colcon.colcon_core.environment:checking '/home/rover/ros_ws/src/install/interfaces/bin'
[4.985s] INFO:colcon.colcon_core.shell:Creating package script '/home/rover/ros_ws/src/install/interfaces/share/interfaces/package.ps1'
[4.989s] INFO:colcon.colcon_core.shell:Creating package descriptor '/home/rover/ros_ws/src/install/interfaces/share/interfaces/package.dsv'
[4.992s] INFO:colcon.colcon_core.shell:Creating package script '/home/rover/ros_ws/src/install/interfaces/share/interfaces/package.sh'
[4.996s] INFO:colcon.colcon_core.shell:Creating package script '/home/rover/ros_ws/src/install/interfaces/share/interfaces/package.bash'
[4.999s] INFO:colcon.colcon_core.shell:Creating package script '/home/rover/ros_ws/src/install/interfaces/share/interfaces/package.zsh'
[5.003s] Level 1:colcon.colcon_core.environment:create_file_with_runtime_dependencies(/home/rover/ros_ws/src/install/interfaces/share/colcon-core/packages/interfaces)
[5.007s] Level 1:colcon.colcon_core.environment:create_environment_scripts_only(interfaces)
[5.008s] Level 1:colcon.colcon_core.environment:checking '/home/rover/ros_ws/src/install/interfaces' for CMake module files
[5.011s] Level 1:colcon.colcon_core.environment:checking '/home/rover/ros_ws/src/install/interfaces' for CMake config files
[5.016s] Level 1:colcon.colcon_core.shell:create_environment_hook('interfaces', 'cmake_prefix_path')
[5.017s] INFO:colcon.colcon_core.shell:Creating environment hook '/home/rover/ros_ws/src/install/interfaces/share/interfaces/hook/cmake_prefix_path.ps1'
[5.019s] INFO:colcon.colcon_core.shell:Creating environment descriptor '/home/rover/ros_ws/src/install/interfaces/share/interfaces/hook/cmake_prefix_path.dsv'
[5.021s] INFO:colcon.colcon_core.shell:Creating environment hook '/home/rover/ros_ws/src/install/interfaces/share/interfaces/hook/cmake_prefix_path.sh'
[5.025s] Level 1:colcon.colcon_core.environment:checking '/home/rover/ros_ws/src/install/interfaces/lib'
[5.025s] Level 1:colcon.colcon_core.shell:create_environment_hook('interfaces', 'ld_library_path_lib')
[5.026s] INFO:colcon.colcon_core.shell:Creating environment hook '/home/rover/ros_ws/src/install/interfaces/share/interfaces/hook/ld_library_path_lib.ps1'
[5.028s] INFO:colcon.colcon_core.shell:Creating environment descriptor '/home/rover/ros_ws/src/install/interfaces/share/interfaces/hook/ld_library_path_lib.dsv'
[5.030s] INFO:colcon.colcon_core.shell:Creating environment hook '/home/rover/ros_ws/src/install/interfaces/share/interfaces/hook/ld_library_path_lib.sh'
[5.033s] Level 1:colcon.colcon_core.environment:checking '/home/rover/ros_ws/src/install/interfaces/bin'
[5.033s] Level 1:colcon.colcon_core.environment:checking '/home/rover/ros_ws/src/install/interfaces/lib/pkgconfig/interfaces.pc'
[5.035s] Level 1:colcon.colcon_core.environment:checking '/home/rover/ros_ws/src/install/interfaces/lib/python3.8/site-packages'
[5.035s] Level 1:colcon.colcon_core.shell:create_environment_hook('interfaces', 'pythonpath')
[5.037s] INFO:colcon.colcon_core.shell:Creating environment hook '/home/rover/ros_ws/src/install/interfaces/share/interfaces/hook/pythonpath.ps1'
[5.039s] INFO:colcon.colcon_core.shell:Creating environment descriptor '/home/rover/ros_ws/src/install/interfaces/share/interfaces/hook/pythonpath.dsv'
[5.041s] INFO:colcon.colcon_core.shell:Creating environment hook '/home/rover/ros_ws/src/install/interfaces/share/interfaces/hook/pythonpath.sh'
[5.044s] Level 1:colcon.colcon_core.environment:checking '/home/rover/ros_ws/src/install/interfaces/bin'
[5.046s] INFO:colcon.colcon_core.shell:Creating package script '/home/rover/ros_ws/src/install/interfaces/share/interfaces/package.ps1'
[5.050s] INFO:colcon.colcon_core.shell:Creating package descriptor '/home/rover/ros_ws/src/install/interfaces/share/interfaces/package.dsv'
[5.054s] INFO:colcon.colcon_core.shell:Creating package script '/home/rover/ros_ws/src/install/interfaces/share/interfaces/package.sh'
[5.057s] INFO:colcon.colcon_core.shell:Creating package script '/home/rover/ros_ws/src/install/interfaces/share/interfaces/package.bash'
[5.060s] INFO:colcon.colcon_core.shell:Creating package script '/home/rover/ros_ws/src/install/interfaces/share/interfaces/package.zsh'
[5.063s] Level 1:colcon.colcon_core.environment:create_file_with_runtime_dependencies(/home/rover/ros_ws/src/install/interfaces/share/colcon-core/packages/interfaces)
[5.545s] DEBUG:colcon.colcon_core.event_handler.log_command:Invoking command in '/home/rover/ros_ws/src/bb': PYTHONPATH=/home/rover/ros_ws/src/build/bb/prefix_override:/usr/lib/python3/dist-packages/colcon_core/task/python/colcon_distutils_commands:/home/rover/ros_ws/src/install/bb/lib/python3.8/site-packages:${PYTHONPATH} /usr/bin/python3 -W ignore:setup.py install is deprecated -W ignore:easy_install command is deprecated setup.py egg_info --egg-base ../build/bb build --build-base /home/rover/ros_ws/src/build/bb/build install --record /home/rover/ros_ws/src/build/bb/install.log --install-scripts $base/lib/bb --single-version-externally-managed install_data
[7.017s] Level 1:colcon.colcon_core.environment:checking '/home/rover/ros_ws/src/install/bb' for CMake module files
[7.019s] DEBUG:colcon.colcon_core.event_handler.log_command:Invoked command in '/home/rover/ros_ws/src/bb' returned '0': PYTHONPATH=/home/rover/ros_ws/src/build/bb/prefix_override:/usr/lib/python3/dist-packages/colcon_core/task/python/colcon_distutils_commands:/home/rover/ros_ws/src/install/bb/lib/python3.8/site-packages:${PYTHONPATH} /usr/bin/python3 -W ignore:setup.py install is deprecated -W ignore:easy_install command is deprecated setup.py egg_info --egg-base ../build/bb build --build-base /home/rover/ros_ws/src/build/bb/build install --record /home/rover/ros_ws/src/build/bb/install.log --install-scripts $base/lib/bb --single-version-externally-managed install_data
[7.020s] Level 1:colcon.colcon_core.environment:checking '/home/rover/ros_ws/src/install/bb' for CMake config files
[7.023s] Level 1:colcon.colcon_core.environment:checking '/home/rover/ros_ws/src/install/bb/lib'
[7.024s] Level 1:colcon.colcon_core.environment:checking '/home/rover/ros_ws/src/install/bb/bin'
[7.024s] Level 1:colcon.colcon_core.environment:checking '/home/rover/ros_ws/src/install/bb/lib/pkgconfig/bb.pc'
[7.025s] Level 1:colcon.colcon_core.environment:checking '/home/rover/ros_ws/src/install/bb/lib/python3.8/site-packages'
[7.025s] Level 1:colcon.colcon_core.shell:create_environment_hook('bb', 'pythonpath')
[7.026s] INFO:colcon.colcon_core.shell:Creating environment hook '/home/rover/ros_ws/src/install/bb/share/bb/hook/pythonpath.ps1'
[7.028s] INFO:colcon.colcon_core.shell:Creating environment descriptor '/home/rover/ros_ws/src/install/bb/share/bb/hook/pythonpath.dsv'
[7.030s] INFO:colcon.colcon_core.shell:Creating environment hook '/home/rover/ros_ws/src/install/bb/share/bb/hook/pythonpath.sh'
[7.033s] Level 1:colcon.colcon_core.environment:checking '/home/rover/ros_ws/src/install/bb/bin'
[7.033s] Level 1:colcon.colcon_core.environment:create_environment_scripts_only(bb)
[7.035s] INFO:colcon.colcon_core.shell:Creating package script '/home/rover/ros_ws/src/install/bb/share/bb/package.ps1'
[7.037s] INFO:colcon.colcon_core.shell:Creating package descriptor '/home/rover/ros_ws/src/install/bb/share/bb/package.dsv'
[7.039s] INFO:colcon.colcon_core.shell:Creating package script '/home/rover/ros_ws/src/install/bb/share/bb/package.sh'
[7.041s] INFO:colcon.colcon_core.shell:Creating package script '/home/rover/ros_ws/src/install/bb/share/bb/package.bash'
[7.044s] INFO:colcon.colcon_core.shell:Creating package script '/home/rover/ros_ws/src/install/bb/share/bb/package.zsh'
[7.046s] Level 1:colcon.colcon_core.environment:create_file_with_runtime_dependencies(/home/rover/ros_ws/src/install/bb/share/colcon-core/packages/bb)
[7.047s] DEBUG:colcon.colcon_parallel_executor.executor.parallel:closing loop
[7.048s] DEBUG:colcon.colcon_parallel_executor.executor.parallel:loop closed
[7.049s] DEBUG:colcon.colcon_parallel_executor.executor.parallel:run_until_complete finished with '0'
[7.049s] DEBUG:colcon.colcon_core.event_reactor:joining thread
[7.075s] INFO:colcon.colcon_core.plugin_system:Skipping extension 'colcon_notification.desktop_notification.terminal_notifier': Not used on non-Darwin systems
[7.075s] INFO:colcon.colcon_core.plugin_system:Skipping extension 'colcon_notification.desktop_notification.win32': Not used on non-Windows systems
[7.075s] INFO:colcon.colcon_notification.desktop_notification:Sending desktop notification using 'notify2'
[7.079s] DEBUG:colcon.colcon_notification.desktop_notification.notify2:Failed to initialize notify2: org.freedesktop.DBus.Error.ServiceUnknown: The name org.freedesktop.Notifications was not provided by any .service files
[7.080s] DEBUG:colcon.colcon_core.event_reactor:joined thread
[7.081s] INFO:colcon.colcon_core.shell:Creating prefix script '/home/rover/ros_ws/src/install/local_setup.ps1'
[7.085s] INFO:colcon.colcon_core.shell:Creating prefix util module '/home/rover/ros_ws/src/install/_local_setup_util_ps1.py'
[7.092s] INFO:colcon.colcon_core.shell:Creating prefix chain script '/home/rover/ros_ws/src/install/setup.ps1'
[7.097s] INFO:colcon.colcon_core.shell:Creating prefix script '/home/rover/ros_ws/src/install/local_setup.sh'
[7.100s] INFO:colcon.colcon_core.shell:Creating prefix util module '/home/rover/ros_ws/src/install/_local_setup_util_sh.py'
[7.102s] INFO:colcon.colcon_core.shell:Creating prefix chain script '/home/rover/ros_ws/src/install/setup.sh'
[7.108s] INFO:colcon.colcon_core.shell:Creating prefix script '/home/rover/ros_ws/src/install/local_setup.bash'
[7.110s] INFO:colcon.colcon_core.shell:Creating prefix chain script '/home/rover/ros_ws/src/install/setup.bash'
[7.115s] INFO:colcon.colcon_core.shell:Creating prefix script '/home/rover/ros_ws/src/install/local_setup.zsh'
[7.117s] INFO:colcon.colcon_core.shell:Creating prefix chain script '/home/rover/ros_ws/src/install/setup.zsh'
