-- The C compiler identification is GNU 9.4.0
-- The CXX compiler identification is GNU 9.4.0
-- Check for working C compiler: /usr/bin/cc
-- Check for working C compiler: /usr/bin/cc -- works
-- Detecting C compiler ABI info
-- Detecting C compiler ABI info - done
-- Detecting C compile features
-- Detecting C compile features - done
-- Check for working CXX compiler: /usr/bin/c++
-- Check for working CXX compiler: /usr/bin/c++ -- works
-- Detecting CXX compiler ABI info
-- Detecting CXX compiler ABI info - done
-- Detecting CXX compile features
-- Detecting CXX compile features - done
-- Found ament_cmake: 0.9.12 (/opt/ros/foxy/share/ament_cmake/cmake)
-- Found PythonInterp: /usr/bin/python3 (found suitable version "3.8.10", minimum required is "3") 
-- Using PYTHON_EXECUTABLE: /usr/bin/python3
-- Found rosidl_default_generators: 1.0.1 (/opt/ros/foxy/share/rosidl_default_generators/cmake)
-- Using all available rosidl_typesupport_c: rosidl_typesupport_fastrtps_c;rosidl_typesupport_introspection_c
-- Found rosidl_adapter: 1.3.1 (/opt/ros/foxy/share/rosidl_adapter/cmake)
-- Found OpenSSL: /usr/lib/aarch64-linux-gnu/libcrypto.so (found version "1.1.1f")  
-- Found FastRTPS: /opt/ros/foxy/include  
-- Using all available rosidl_typesupport_cpp: rosidl_typesupport_fastrtps_cpp;rosidl_typesupport_introspection_cpp
-- Found PythonInterp: /usr/bin/python3 (found version "3.8.10") 
-- Found ament_cmake_ros: 0.9.2 (/opt/ros/foxy/share/ament_cmake_ros/cmake)
-- Using all available rosidl_typesupport_c: rosidl_typesupport_fastrtps_c;rosidl_typesupport_introspection_c
-- Using all available rosidl_typesupport_cpp: rosidl_typesupport_fastrtps_cpp;rosidl_typesupport_introspection_cpp
-- Found PythonInterp: /usr/bin/python3 (found suitable version "3.8.10", minimum required is "3.5") 
-- Found python_cmake_module: 0.8.1 (/opt/ros/foxy/share/python_cmake_module/cmake)
-- Found PythonLibs: /usr/lib/aarch64-linux-gnu/libpython3.8.so (found suitable version "3.8.10", minimum required is "3.5") 
-- Using PYTHON_EXECUTABLE: /usr/bin/python3
-- Using PYTHON_INCLUDE_DIRS: /usr/include/python3.8
-- Using PYTHON_LIBRARIES: /usr/lib/aarch64-linux-gnu/libpython3.8.so
-- Found PythonExtra: .so  
-- Found ament_lint_auto: 0.9.8 (/opt/ros/foxy/share/ament_lint_auto/cmake)
-- Added test 'copyright' to check source files copyright and LICENSE
-- Added test 'flake8' to check Python code syntax and style conventions
-- Added test 'lint_cmake' to check CMake code style
-- Added test 'pep257' to check Python code against some of the style conventions in PEP 257
-- Added test 'xmllint' to check XML markup files
-- Configuring done
-- Generating done
-- Build files have been written to: /home/rover/ros_ws/src/build/interfaces
[35m[1mScanning dependencies of target interfaces__cpp[0m
[  1%] [34m[1mGenerating C code for ROS interfaces[0m
[  3%] [34m[1mGenerating C++ code for ROS interfaces[0m
[  3%] Built target interfaces__cpp
[  5%] [34m[1mGenerating C++ introspection for ROS interfaces[0m
[  7%] [34m[1mGenerating C++ type support for eProsima Fast-RTPS[0m
[  9%] [34m[1mGenerating C++ type support dispatch for ROS interfaces[0m
[35m[1mScanning dependencies of target interfaces__rosidl_generator_c[0m
[ 10%] [32mBuilding C object CMakeFiles/interfaces__rosidl_generator_c.dir/rosidl_generator_c/interfaces/srv/detail/drive__functions.c.o[0m
[ 12%] [32mBuilding C object CMakeFiles/interfaces__rosidl_generator_c.dir/rosidl_generator_c/interfaces/srv/detail/steer__functions.c.o[0m
[ 14%] [32mBuilding C object CMakeFiles/interfaces__rosidl_generator_c.dir/rosidl_generator_c/interfaces/srv/detail/drill__functions.c.o[0m
[ 16%] [32mBuilding C object CMakeFiles/interfaces__rosidl_generator_c.dir/rosidl_generator_c/interfaces/srv/detail/tray__functions.c.o[0m
[35m[1mScanning dependencies of target interfaces__rosidl_typesupport_cpp[0m
[ 18%] [32mBuilding CXX object CMakeFiles/interfaces__rosidl_typesupport_cpp.dir/rosidl_typesupport_cpp/interfaces/srv/drive__type_support.cpp.o[0m
[ 20%] [32m[1mLinking C shared library libinterfaces__rosidl_generator_c.so[0m
[ 20%] Built target interfaces__rosidl_generator_c
[35m[1mScanning dependencies of target interfaces__rosidl_typesupport_introspection_cpp[0m
[ 21%] [32mBuilding CXX object CMakeFiles/interfaces__rosidl_typesupport_cpp.dir/rosidl_typesupport_cpp/interfaces/srv/steer__type_support.cpp.o[0m
[ 23%] [32mBuilding CXX object CMakeFiles/interfaces__rosidl_typesupport_introspection_cpp.dir/rosidl_typesupport_introspection_cpp/interfaces/srv/detail/drive__type_support.cpp.o[0m
[35m[1mScanning dependencies of target interfaces__rosidl_typesupport_fastrtps_cpp[0m
[ 25%] [32mBuilding CXX object CMakeFiles/interfaces__rosidl_typesupport_fastrtps_cpp.dir/rosidl_typesupport_fastrtps_cpp/interfaces/srv/detail/dds_fastrtps/drive__type_support.cpp.o[0m
[ 27%] [32mBuilding CXX object CMakeFiles/interfaces__rosidl_typesupport_cpp.dir/rosidl_typesupport_cpp/interfaces/srv/drill__type_support.cpp.o[0m
[ 29%] [34m[1mGenerating C type support dispatch for ROS interfaces[0m
[ 30%] [32mBuilding CXX object CMakeFiles/interfaces__rosidl_typesupport_introspection_cpp.dir/rosidl_typesupport_introspection_cpp/interfaces/srv/detail/steer__type_support.cpp.o[0m
[ 32%] [32mBuilding CXX object CMakeFiles/interfaces__rosidl_typesupport_fastrtps_cpp.dir/rosidl_typesupport_fastrtps_cpp/interfaces/srv/detail/dds_fastrtps/steer__type_support.cpp.o[0m
[ 34%] [32mBuilding CXX object CMakeFiles/interfaces__rosidl_typesupport_cpp.dir/rosidl_typesupport_cpp/interfaces/srv/tray__type_support.cpp.o[0m
[35m[1mScanning dependencies of target interfaces__rosidl_typesupport_c[0m
[ 36%] [32mBuilding CXX object CMakeFiles/interfaces__rosidl_typesupport_introspection_cpp.dir/rosidl_typesupport_introspection_cpp/interfaces/srv/detail/drill__type_support.cpp.o[0m
[ 38%] [32mBuilding CXX object CMakeFiles/interfaces__rosidl_typesupport_c.dir/rosidl_typesupport_c/interfaces/srv/drive__type_support.cpp.o[0m
[ 40%] [32mBuilding CXX object CMakeFiles/interfaces__rosidl_typesupport_c.dir/rosidl_typesupport_c/interfaces/srv/steer__type_support.cpp.o[0m
[ 41%] [32mBuilding CXX object CMakeFiles/interfaces__rosidl_typesupport_c.dir/rosidl_typesupport_c/interfaces/srv/drill__type_support.cpp.o[0m
[ 43%] [32mBuilding CXX object CMakeFiles/interfaces__rosidl_typesupport_c.dir/rosidl_typesupport_c/interfaces/srv/tray__type_support.cpp.o[0m
[ 45%] [32m[1mLinking CXX shared library libinterfaces__rosidl_typesupport_c.so[0m
[ 47%] [32m[1mLinking CXX shared library libinterfaces__rosidl_typesupport_cpp.so[0m
[ 47%] Built target interfaces__rosidl_typesupport_c
[ 49%] [32mBuilding CXX object CMakeFiles/interfaces__rosidl_typesupport_introspection_cpp.dir/rosidl_typesupport_introspection_cpp/interfaces/srv/detail/tray__type_support.cpp.o[0m
[ 49%] Built target interfaces__rosidl_typesupport_cpp
[ 50%] [34m[1mGenerating C introspection for ROS interfaces[0m
[ 52%] [32mBuilding CXX object CMakeFiles/interfaces__rosidl_typesupport_fastrtps_cpp.dir/rosidl_typesupport_fastrtps_cpp/interfaces/srv/detail/dds_fastrtps/drill__type_support.cpp.o[0m
[ 54%] [32mBuilding CXX object CMakeFiles/interfaces__rosidl_typesupport_fastrtps_cpp.dir/rosidl_typesupport_fastrtps_cpp/interfaces/srv/detail/dds_fastrtps/tray__type_support.cpp.o[0m
[ 56%] [32m[1mLinking CXX shared library libinterfaces__rosidl_typesupport_introspection_cpp.so[0m
[ 56%] Built target interfaces__rosidl_typesupport_introspection_cpp
[35m[1mScanning dependencies of target interfaces__rosidl_typesupport_introspection_c[0m
[ 58%] [32mBuilding C object CMakeFiles/interfaces__rosidl_typesupport_introspection_c.dir/rosidl_typesupport_introspection_c/interfaces/srv/detail/drive__type_support.c.o[0m
[ 60%] [32mBuilding C object CMakeFiles/interfaces__rosidl_typesupport_introspection_c.dir/rosidl_typesupport_introspection_c/interfaces/srv/detail/steer__type_support.c.o[0m
[ 61%] [32mBuilding C object CMakeFiles/interfaces__rosidl_typesupport_introspection_c.dir/rosidl_typesupport_introspection_c/interfaces/srv/detail/drill__type_support.c.o[0m
[ 63%] [32mBuilding C object CMakeFiles/interfaces__rosidl_typesupport_introspection_c.dir/rosidl_typesupport_introspection_c/interfaces/srv/detail/tray__type_support.c.o[0m
[ 65%] [32m[1mLinking C shared library libinterfaces__rosidl_typesupport_introspection_c.so[0m
[ 65%] Built target interfaces__rosidl_typesupport_introspection_c
[ 67%] [32m[1mLinking CXX shared library libinterfaces__rosidl_typesupport_fastrtps_cpp.so[0m
[ 67%] Built target interfaces__rosidl_typesupport_fastrtps_cpp
[ 69%] [34m[1mGenerating C type support for eProsima Fast-RTPS[0m
[35m[1mScanning dependencies of target interfaces__rosidl_typesupport_fastrtps_c[0m
[ 70%] [32mBuilding CXX object CMakeFiles/interfaces__rosidl_typesupport_fastrtps_c.dir/rosidl_typesupport_fastrtps_c/interfaces/srv/detail/steer__type_support_c.cpp.o[0m
[ 72%] [32mBuilding CXX object CMakeFiles/interfaces__rosidl_typesupport_fastrtps_c.dir/rosidl_typesupport_fastrtps_c/interfaces/srv/detail/drill__type_support_c.cpp.o[0m
[ 74%] [32mBuilding CXX object CMakeFiles/interfaces__rosidl_typesupport_fastrtps_c.dir/rosidl_typesupport_fastrtps_c/interfaces/srv/detail/drive__type_support_c.cpp.o[0m
[ 76%] [32mBuilding CXX object CMakeFiles/interfaces__rosidl_typesupport_fastrtps_c.dir/rosidl_typesupport_fastrtps_c/interfaces/srv/detail/tray__type_support_c.cpp.o[0m
[ 78%] [32m[1mLinking CXX shared library libinterfaces__rosidl_typesupport_fastrtps_c.so[0m
[ 78%] Built target interfaces__rosidl_typesupport_fastrtps_c
[35m[1mScanning dependencies of target interfaces[0m
[ 78%] Built target interfaces
[35m[1mScanning dependencies of target interfaces__py[0m
[ 80%] [34m[1mGenerating Python code for ROS interfaces[0m
[ 80%] Built target interfaces__py
[35m[1mScanning dependencies of target interfaces__python[0m
[ 81%] [32mBuilding C object CMakeFiles/interfaces__python.dir/rosidl_generator_py/interfaces/srv/_steer_s.c.o[0m
[ 83%] [32mBuilding C object CMakeFiles/interfaces__python.dir/rosidl_generator_py/interfaces/srv/_drill_s.c.o[0m
[ 85%] [32mBuilding C object CMakeFiles/interfaces__python.dir/rosidl_generator_py/interfaces/srv/_drive_s.c.o[0m
[ 87%] [32mBuilding C object CMakeFiles/interfaces__python.dir/rosidl_generator_py/interfaces/srv/_tray_s.c.o[0m
[ 89%] [32m[1mLinking C shared library rosidl_generator_py/interfaces/libinterfaces__python.so[0m
[ 89%] Built target interfaces__python
[35m[1mScanning dependencies of target interfaces__rosidl_typesupport_introspection_c__pyext[0m
[35m[1mScanning dependencies of target interfaces__rosidl_typesupport_fastrtps_c__pyext[0m
[35m[1mScanning dependencies of target interfaces__rosidl_typesupport_c__pyext[0m
[ 90%] [32mBuilding C object CMakeFiles/interfaces__rosidl_typesupport_introspection_c__pyext.dir/rosidl_generator_py/interfaces/_interfaces_s.ep.rosidl_typesupport_introspection_c.c.o[0m
[ 92%] [32mBuilding C object CMakeFiles/interfaces__rosidl_typesupport_c__pyext.dir/rosidl_generator_py/interfaces/_interfaces_s.ep.rosidl_typesupport_c.c.o[0m
[ 94%] [32mBuilding C object CMakeFiles/interfaces__rosidl_typesupport_fastrtps_c__pyext.dir/rosidl_generator_py/interfaces/_interfaces_s.ep.rosidl_typesupport_fastrtps_c.c.o[0m
[ 96%] [32m[1mLinking C shared library rosidl_generator_py/interfaces/interfaces_s__rosidl_typesupport_introspection_c.cpython-38-aarch64-linux-gnu.so[0m
[ 98%] [32m[1mLinking C shared library rosidl_generator_py/interfaces/interfaces_s__rosidl_typesupport_c.cpython-38-aarch64-linux-gnu.so[0m
[100%] [32m[1mLinking CXX shared library rosidl_generator_py/interfaces/interfaces_s__rosidl_typesupport_fastrtps_c.cpython-38-aarch64-linux-gnu.so[0m
[100%] Built target interfaces__rosidl_typesupport_introspection_c__pyext
[100%] Built target interfaces__rosidl_typesupport_c__pyext
[100%] Built target interfaces__rosidl_typesupport_fastrtps_c__pyext
-- Install configuration: ""
-- Installing: /home/rover/ros_ws/src/install/interfaces/share/ament_index/resource_index/rosidl_interfaces/interfaces
-- Installing: /home/rover/ros_ws/src/install/interfaces/include/interfaces
-- Installing: /home/rover/ros_ws/src/install/interfaces/include/interfaces/msg
-- Installing: /home/rover/ros_ws/src/install/interfaces/include/interfaces/msg/rosidl_generator_c__visibility_control.h
-- Installing: /home/rover/ros_ws/src/install/interfaces/include/interfaces/srv
-- Installing: /home/rover/ros_ws/src/install/interfaces/include/interfaces/srv/tray.h
-- Installing: /home/rover/ros_ws/src/install/interfaces/include/interfaces/srv/detail
-- Installing: /home/rover/ros_ws/src/install/interfaces/include/interfaces/srv/detail/steer__functions.c
-- Installing: /home/rover/ros_ws/src/install/interfaces/include/interfaces/srv/detail/steer__functions.h
-- Installing: /home/rover/ros_ws/src/install/interfaces/include/interfaces/srv/detail/tray__functions.c
-- Installing: /home/rover/ros_ws/src/install/interfaces/include/interfaces/srv/detail/tray__type_support.h
-- Installing: /home/rover/ros_ws/src/install/interfaces/include/interfaces/srv/detail/drive__struct.h
-- Installing: /home/rover/ros_ws/src/install/interfaces/include/interfaces/srv/detail/drill__functions.c
-- Installing: /home/rover/ros_ws/src/install/interfaces/include/interfaces/srv/detail/drive__type_support.h
-- Installing: /home/rover/ros_ws/src/install/interfaces/include/interfaces/srv/detail/steer__struct.h
-- Installing: /home/rover/ros_ws/src/install/interfaces/include/interfaces/srv/detail/drive__functions.c
-- Installing: /home/rover/ros_ws/src/install/interfaces/include/interfaces/srv/detail/drill__type_support.h
-- Installing: /home/rover/ros_ws/src/install/interfaces/include/interfaces/srv/detail/tray__struct.h
-- Installing: /home/rover/ros_ws/src/install/interfaces/include/interfaces/srv/detail/tray__functions.h
-- Installing: /home/rover/ros_ws/src/install/interfaces/include/interfaces/srv/detail/drill__struct.h
-- Installing: /home/rover/ros_ws/src/install/interfaces/include/interfaces/srv/detail/steer__type_support.h
-- Installing: /home/rover/ros_ws/src/install/interfaces/include/interfaces/srv/detail/drive__functions.h
-- Installing: /home/rover/ros_ws/src/install/interfaces/include/interfaces/srv/detail/drill__functions.h
-- Installing: /home/rover/ros_ws/src/install/interfaces/include/interfaces/srv/drive.h
-- Installing: /home/rover/ros_ws/src/install/interfaces/include/interfaces/srv/steer.h
-- Installing: /home/rover/ros_ws/src/install/interfaces/include/interfaces/srv/drill.h
-- Installing: /home/rover/ros_ws/src/install/interfaces/share/interfaces/environment/library_path.sh
-- Installing: /home/rover/ros_ws/src/install/interfaces/share/interfaces/environment/library_path.dsv
-- Installing: /home/rover/ros_ws/src/install/interfaces/lib/libinterfaces__rosidl_generator_c.so
-- Set runtime path of "/home/rover/ros_ws/src/install/interfaces/lib/libinterfaces__rosidl_generator_c.so" to ""
-- Up-to-date: /home/rover/ros_ws/src/install/interfaces/include/interfaces
-- Up-to-date: /home/rover/ros_ws/src/install/interfaces/include/interfaces/msg
-- Installing: /home/rover/ros_ws/src/install/interfaces/include/interfaces/msg/rosidl_typesupport_fastrtps_c__visibility_control.h
-- Up-to-date: /home/rover/ros_ws/src/install/interfaces/include/interfaces/srv
-- Up-to-date: /home/rover/ros_ws/src/install/interfaces/include/interfaces/srv/detail
-- Installing: /home/rover/ros_ws/src/install/interfaces/include/interfaces/srv/detail/drive__rosidl_typesupport_fastrtps_c.h
-- Installing: /home/rover/ros_ws/src/install/interfaces/include/interfaces/srv/detail/tray__rosidl_typesupport_fastrtps_c.h
-- Installing: /home/rover/ros_ws/src/install/interfaces/include/interfaces/srv/detail/steer__rosidl_typesupport_fastrtps_c.h
-- Installing: /home/rover/ros_ws/src/install/interfaces/include/interfaces/srv/detail/drill__rosidl_typesupport_fastrtps_c.h
-- Installing: /home/rover/ros_ws/src/install/interfaces/lib/libinterfaces__rosidl_typesupport_fastrtps_c.so
-- Set runtime path of "/home/rover/ros_ws/src/install/interfaces/lib/libinterfaces__rosidl_typesupport_fastrtps_c.so" to ""
-- Up-to-date: /home/rover/ros_ws/src/install/interfaces/include/interfaces
-- Up-to-date: /home/rover/ros_ws/src/install/interfaces/include/interfaces/msg
-- Installing: /home/rover/ros_ws/src/install/interfaces/include/interfaces/msg/rosidl_typesupport_fastrtps_cpp__visibility_control.h
-- Up-to-date: /home/rover/ros_ws/src/install/interfaces/include/interfaces/srv
-- Up-to-date: /home/rover/ros_ws/src/install/interfaces/include/interfaces/srv/detail
-- Installing: /home/rover/ros_ws/src/install/interfaces/include/interfaces/srv/detail/tray__rosidl_typesupport_fastrtps_cpp.hpp
-- Installing: /home/rover/ros_ws/src/install/interfaces/include/interfaces/srv/detail/dds_fastrtps
-- Installing: /home/rover/ros_ws/src/install/interfaces/include/interfaces/srv/detail/drill__rosidl_typesupport_fastrtps_cpp.hpp
-- Installing: /home/rover/ros_ws/src/install/interfaces/include/interfaces/srv/detail/steer__rosidl_typesupport_fastrtps_cpp.hpp
-- Installing: /home/rover/ros_ws/src/install/interfaces/include/interfaces/srv/detail/drive__rosidl_typesupport_fastrtps_cpp.hpp
-- Installing: /home/rover/ros_ws/src/install/interfaces/lib/libinterfaces__rosidl_typesupport_fastrtps_cpp.so
-- Set runtime path of "/home/rover/ros_ws/src/install/interfaces/lib/libinterfaces__rosidl_typesupport_fastrtps_cpp.so" to ""
-- Up-to-date: /home/rover/ros_ws/src/install/interfaces/include/interfaces
-- Up-to-date: /home/rover/ros_ws/src/install/interfaces/include/interfaces/msg
-- Installing: /home/rover/ros_ws/src/install/interfaces/include/interfaces/msg/rosidl_typesupport_introspection_c__visibility_control.h
-- Up-to-date: /home/rover/ros_ws/src/install/interfaces/include/interfaces/srv
-- Up-to-date: /home/rover/ros_ws/src/install/interfaces/include/interfaces/srv/detail
-- Installing: /home/rover/ros_ws/src/install/interfaces/include/interfaces/srv/detail/drive__rosidl_typesupport_introspection_c.h
-- Installing: /home/rover/ros_ws/src/install/interfaces/include/interfaces/srv/detail/tray__type_support.c
-- Installing: /home/rover/ros_ws/src/install/interfaces/include/interfaces/srv/detail/drive__type_support.c
-- Installing: /home/rover/ros_ws/src/install/interfaces/include/interfaces/srv/detail/steer__type_support.c
-- Installing: /home/rover/ros_ws/src/install/interfaces/include/interfaces/srv/detail/steer__rosidl_typesupport_introspection_c.h
-- Installing: /home/rover/ros_ws/src/install/interfaces/include/interfaces/srv/detail/tray__rosidl_typesupport_introspection_c.h
-- Installing: /home/rover/ros_ws/src/install/interfaces/include/interfaces/srv/detail/drill__rosidl_typesupport_introspection_c.h
-- Installing: /home/rover/ros_ws/src/install/interfaces/include/interfaces/srv/detail/drill__type_support.c
-- Installing: /home/rover/ros_ws/src/install/interfaces/lib/libinterfaces__rosidl_typesupport_introspection_c.so
-- Set runtime path of "/home/rover/ros_ws/src/install/interfaces/lib/libinterfaces__rosidl_typesupport_introspection_c.so" to ""
-- Installing: /home/rover/ros_ws/src/install/interfaces/lib/libinterfaces__rosidl_typesupport_c.so
-- Set runtime path of "/home/rover/ros_ws/src/install/interfaces/lib/libinterfaces__rosidl_typesupport_c.so" to ""
-- Up-to-date: /home/rover/ros_ws/src/install/interfaces/include/interfaces
-- Up-to-date: /home/rover/ros_ws/src/install/interfaces/include/interfaces/msg
-- Installing: /home/rover/ros_ws/src/install/interfaces/include/interfaces/msg/rosidl_generator_cpp__visibility_control.hpp
-- Up-to-date: /home/rover/ros_ws/src/install/interfaces/include/interfaces/srv
-- Installing: /home/rover/ros_ws/src/install/interfaces/include/interfaces/srv/steer.hpp
-- Up-to-date: /home/rover/ros_ws/src/install/interfaces/include/interfaces/srv/detail
-- Installing: /home/rover/ros_ws/src/install/interfaces/include/interfaces/srv/detail/drive__type_support.hpp
-- Installing: /home/rover/ros_ws/src/install/interfaces/include/interfaces/srv/detail/drill__type_support.hpp
-- Installing: /home/rover/ros_ws/src/install/interfaces/include/interfaces/srv/detail/tray__traits.hpp
-- Installing: /home/rover/ros_ws/src/install/interfaces/include/interfaces/srv/detail/steer__traits.hpp
-- Installing: /home/rover/ros_ws/src/install/interfaces/include/interfaces/srv/detail/drill__traits.hpp
-- Installing: /home/rover/ros_ws/src/install/interfaces/include/interfaces/srv/detail/steer__builder.hpp
-- Installing: /home/rover/ros_ws/src/install/interfaces/include/interfaces/srv/detail/drive__traits.hpp
-- Installing: /home/rover/ros_ws/src/install/interfaces/include/interfaces/srv/detail/drive__builder.hpp
-- Installing: /home/rover/ros_ws/src/install/interfaces/include/interfaces/srv/detail/steer__type_support.hpp
-- Installing: /home/rover/ros_ws/src/install/interfaces/include/interfaces/srv/detail/tray__type_support.hpp
-- Installing: /home/rover/ros_ws/src/install/interfaces/include/interfaces/srv/detail/tray__struct.hpp
-- Installing: /home/rover/ros_ws/src/install/interfaces/include/interfaces/srv/detail/tray__builder.hpp
-- Installing: /home/rover/ros_ws/src/install/interfaces/include/interfaces/srv/detail/drill__struct.hpp
-- Installing: /home/rover/ros_ws/src/install/interfaces/include/interfaces/srv/detail/drill__builder.hpp
-- Installing: /home/rover/ros_ws/src/install/interfaces/include/interfaces/srv/detail/drive__struct.hpp
-- Installing: /home/rover/ros_ws/src/install/interfaces/include/interfaces/srv/detail/steer__struct.hpp
-- Installing: /home/rover/ros_ws/src/install/interfaces/include/interfaces/srv/drive.hpp
-- Installing: /home/rover/ros_ws/src/install/interfaces/include/interfaces/srv/tray.hpp
-- Installing: /home/rover/ros_ws/src/install/interfaces/include/interfaces/srv/drill.hpp
-- Up-to-date: /home/rover/ros_ws/src/install/interfaces/include/interfaces
-- Up-to-date: /home/rover/ros_ws/src/install/interfaces/include/interfaces/srv
-- Up-to-date: /home/rover/ros_ws/src/install/interfaces/include/interfaces/srv/detail
-- Installing: /home/rover/ros_ws/src/install/interfaces/include/interfaces/srv/detail/drill__type_support.cpp
-- Installing: /home/rover/ros_ws/src/install/interfaces/include/interfaces/srv/detail/steer__rosidl_typesupport_introspection_cpp.hpp
-- Installing: /home/rover/ros_ws/src/install/interfaces/include/interfaces/srv/detail/tray__type_support.cpp
-- Installing: /home/rover/ros_ws/src/install/interfaces/include/interfaces/srv/detail/steer__type_support.cpp
-- Installing: /home/rover/ros_ws/src/install/interfaces/include/interfaces/srv/detail/drill__rosidl_typesupport_introspection_cpp.hpp
-- Installing: /home/rover/ros_ws/src/install/interfaces/include/interfaces/srv/detail/drive__type_support.cpp
-- Installing: /home/rover/ros_ws/src/install/interfaces/include/interfaces/srv/detail/drive__rosidl_typesupport_introspection_cpp.hpp
-- Installing: /home/rover/ros_ws/src/install/interfaces/include/interfaces/srv/detail/tray__rosidl_typesupport_introspection_cpp.hpp
-- Installing: /home/rover/ros_ws/src/install/interfaces/lib/libinterfaces__rosidl_typesupport_introspection_cpp.so
-- Set runtime path of "/home/rover/ros_ws/src/install/interfaces/lib/libinterfaces__rosidl_typesupport_introspection_cpp.so" to ""
-- Installing: /home/rover/ros_ws/src/install/interfaces/lib/libinterfaces__rosidl_typesupport_cpp.so
-- Set runtime path of "/home/rover/ros_ws/src/install/interfaces/lib/libinterfaces__rosidl_typesupport_cpp.so" to ""
-- Installing: /home/rover/ros_ws/src/install/interfaces/share/interfaces/environment/pythonpath.sh
-- Installing: /home/rover/ros_ws/src/install/interfaces/share/interfaces/environment/pythonpath.dsv
-- Installing: /home/rover/ros_ws/src/install/interfaces/lib/python3.8/site-packages/interfaces/__init__.py
Compiling '/home/rover/ros_ws/src/install/interfaces/lib/python3.8/site-packages/interfaces/__init__.py'...
-- Installing: /home/rover/ros_ws/src/install/interfaces/lib/python3.8/site-packages/interfaces/srv
-- Installing: /home/rover/ros_ws/src/install/interfaces/lib/python3.8/site-packages/interfaces/srv/_drive_s.c
-- Installing: /home/rover/ros_ws/src/install/interfaces/lib/python3.8/site-packages/interfaces/srv/_tray_s.c
-- Installing: /home/rover/ros_ws/src/install/interfaces/lib/python3.8/site-packages/interfaces/srv/_steer.py
-- Installing: /home/rover/ros_ws/src/install/interfaces/lib/python3.8/site-packages/interfaces/srv/_tray.py
-- Installing: /home/rover/ros_ws/src/install/interfaces/lib/python3.8/site-packages/interfaces/srv/_drive.py
-- Installing: /home/rover/ros_ws/src/install/interfaces/lib/python3.8/site-packages/interfaces/srv/_drill_s.c
-- Installing: /home/rover/ros_ws/src/install/interfaces/lib/python3.8/site-packages/interfaces/srv/_drill.py
-- Installing: /home/rover/ros_ws/src/install/interfaces/lib/python3.8/site-packages/interfaces/srv/__init__.py
-- Installing: /home/rover/ros_ws/src/install/interfaces/lib/python3.8/site-packages/interfaces/srv/_steer_s.c
-- Installing: /home/rover/ros_ws/src/install/interfaces/lib/python3.8/site-packages/interfaces/interfaces_s__rosidl_typesupport_fastrtps_c.cpython-38-aarch64-linux-gnu.so
-- Set runtime path of "/home/rover/ros_ws/src/install/interfaces/lib/python3.8/site-packages/interfaces/interfaces_s__rosidl_typesupport_fastrtps_c.cpython-38-aarch64-linux-gnu.so" to ""
-- Installing: /home/rover/ros_ws/src/install/interfaces/lib/python3.8/site-packages/interfaces/interfaces_s__rosidl_typesupport_introspection_c.cpython-38-aarch64-linux-gnu.so
-- Set runtime path of "/home/rover/ros_ws/src/install/interfaces/lib/python3.8/site-packages/interfaces/interfaces_s__rosidl_typesupport_introspection_c.cpython-38-aarch64-linux-gnu.so" to ""
-- Installing: /home/rover/ros_ws/src/install/interfaces/lib/python3.8/site-packages/interfaces/interfaces_s__rosidl_typesupport_c.cpython-38-aarch64-linux-gnu.so
-- Set runtime path of "/home/rover/ros_ws/src/install/interfaces/lib/python3.8/site-packages/interfaces/interfaces_s__rosidl_typesupport_c.cpython-38-aarch64-linux-gnu.so" to ""
-- Installing: /home/rover/ros_ws/src/install/interfaces/lib/libinterfaces__python.so
-- Set runtime path of "/home/rover/ros_ws/src/install/interfaces/lib/libinterfaces__python.so" to ""
-- Installing: /home/rover/ros_ws/src/install/interfaces/share/interfaces/srv/Drive.idl
-- Installing: /home/rover/ros_ws/src/install/interfaces/share/interfaces/srv/Steer.idl
-- Installing: /home/rover/ros_ws/src/install/interfaces/share/interfaces/srv/Drill.idl
-- Installing: /home/rover/ros_ws/src/install/interfaces/share/interfaces/srv/Tray.idl
-- Installing: /home/rover/ros_ws/src/install/interfaces/share/interfaces/srv/Drive.srv
-- Installing: /home/rover/ros_ws/src/install/interfaces/share/interfaces/srv/Drive_Request.msg
-- Installing: /home/rover/ros_ws/src/install/interfaces/share/interfaces/srv/Drive_Response.msg
-- Installing: /home/rover/ros_ws/src/install/interfaces/share/interfaces/srv/Steer.srv
-- Installing: /home/rover/ros_ws/src/install/interfaces/share/interfaces/srv/Steer_Request.msg
-- Installing: /home/rover/ros_ws/src/install/interfaces/share/interfaces/srv/Steer_Response.msg
-- Installing: /home/rover/ros_ws/src/install/interfaces/share/interfaces/srv/Drill.srv
-- Installing: /home/rover/ros_ws/src/install/interfaces/share/interfaces/srv/Drill_Request.msg
-- Installing: /home/rover/ros_ws/src/install/interfaces/share/interfaces/srv/Drill_Response.msg
-- Installing: /home/rover/ros_ws/src/install/interfaces/share/interfaces/srv/Tray.srv
-- Installing: /home/rover/ros_ws/src/install/interfaces/share/interfaces/srv/Tray_Request.msg
-- Installing: /home/rover/ros_ws/src/install/interfaces/share/interfaces/srv/Tray_Response.msg
-- Installing: /home/rover/ros_ws/src/install/interfaces/share/ament_index/resource_index/package_run_dependencies/interfaces
-- Installing: /home/rover/ros_ws/src/install/interfaces/share/ament_index/resource_index/parent_prefix_path/interfaces
-- Installing: /home/rover/ros_ws/src/install/interfaces/share/interfaces/environment/ament_prefix_path.sh
-- Installing: /home/rover/ros_ws/src/install/interfaces/share/interfaces/environment/ament_prefix_path.dsv
-- Installing: /home/rover/ros_ws/src/install/interfaces/share/interfaces/environment/path.sh
-- Installing: /home/rover/ros_ws/src/install/interfaces/share/interfaces/environment/path.dsv
-- Installing: /home/rover/ros_ws/src/install/interfaces/share/interfaces/local_setup.bash
-- Installing: /home/rover/ros_ws/src/install/interfaces/share/interfaces/local_setup.sh
-- Installing: /home/rover/ros_ws/src/install/interfaces/share/interfaces/local_setup.zsh
-- Installing: /home/rover/ros_ws/src/install/interfaces/share/interfaces/local_setup.dsv
-- Installing: /home/rover/ros_ws/src/install/interfaces/share/interfaces/package.dsv
-- Installing: /home/rover/ros_ws/src/install/interfaces/share/ament_index/resource_index/packages/interfaces
-- Installing: /home/rover/ros_ws/src/install/interfaces/share/interfaces/cmake/interfaces__rosidl_generator_cExport.cmake
-- Installing: /home/rover/ros_ws/src/install/interfaces/share/interfaces/cmake/interfaces__rosidl_generator_cExport-noconfig.cmake
-- Installing: /home/rover/ros_ws/src/install/interfaces/share/interfaces/cmake/interfaces__rosidl_typesupport_introspection_cExport.cmake
-- Installing: /home/rover/ros_ws/src/install/interfaces/share/interfaces/cmake/interfaces__rosidl_typesupport_introspection_cExport-noconfig.cmake
-- Installing: /home/rover/ros_ws/src/install/interfaces/share/interfaces/cmake/interfaces__rosidl_typesupport_cExport.cmake
-- Installing: /home/rover/ros_ws/src/install/interfaces/share/interfaces/cmake/interfaces__rosidl_typesupport_cExport-noconfig.cmake
-- Installing: /home/rover/ros_ws/src/install/interfaces/share/interfaces/cmake/interfaces__rosidl_generator_cppExport.cmake
-- Installing: /home/rover/ros_ws/src/install/interfaces/share/interfaces/cmake/interfaces__rosidl_typesupport_introspection_cppExport.cmake
-- Installing: /home/rover/ros_ws/src/install/interfaces/share/interfaces/cmake/interfaces__rosidl_typesupport_introspection_cppExport-noconfig.cmake
-- Installing: /home/rover/ros_ws/src/install/interfaces/share/interfaces/cmake/interfaces__rosidl_typesupport_cppExport.cmake
-- Installing: /home/rover/ros_ws/src/install/interfaces/share/interfaces/cmake/interfaces__rosidl_typesupport_cppExport-noconfig.cmake
-- Installing: /home/rover/ros_ws/src/install/interfaces/share/interfaces/cmake/rosidl_cmake-extras.cmake
-- Installing: /home/rover/ros_ws/src/install/interfaces/share/interfaces/cmake/ament_cmake_export_dependencies-extras.cmake
-- Installing: /home/rover/ros_ws/src/install/interfaces/share/interfaces/cmake/ament_cmake_export_libraries-extras.cmake
-- Installing: /home/rover/ros_ws/src/install/interfaces/share/interfaces/cmake/ament_cmake_export_targets-extras.cmake
-- Installing: /home/rover/ros_ws/src/install/interfaces/share/interfaces/cmake/ament_cmake_export_include_directories-extras.cmake
-- Installing: /home/rover/ros_ws/src/install/interfaces/share/interfaces/cmake/rosidl_cmake_export_typesupport_libraries-extras.cmake
-- Installing: /home/rover/ros_ws/src/install/interfaces/share/interfaces/cmake/rosidl_cmake_export_typesupport_targets-extras.cmake
-- Installing: /home/rover/ros_ws/src/install/interfaces/share/interfaces/cmake/interfacesConfig.cmake
-- Installing: /home/rover/ros_ws/src/install/interfaces/share/interfaces/cmake/interfacesConfig-version.cmake
-- Installing: /home/rover/ros_ws/src/install/interfaces/share/interfaces/package.xml
