[1.059s] Invoking command in '/home/rover/ros_ws/src/build/interfaces': CMAKE_PREFIX_PATH=${CMAKE_PREFIX_PATH}:/home/rover/ros_ws/install/py_srvcli:/home/rover/ros_ws/install/mypkg:/home/rover/ros_ws/install/bb:/opt/ros/foxy /usr/bin/cmake /home/rover/ros_ws/src/interfaces -DCMAKE_INSTALL_PREFIX=/home/rover/ros_ws/src/install/interfaces
[2.455s] -- The C compiler identification is GNU 9.4.0
[3.914s] -- The CXX compiler identification is GNU 9.4.0
[3.957s] -- Check for working C compiler: /usr/bin/cc
[4.299s] -- Check for working C compiler: /usr/bin/cc -- works
[4.306s] -- Detecting C compiler ABI info
[4.624s] -- Detecting C compiler ABI info - done
[4.666s] -- Detecting C compile features
[4.669s] -- Detecting C compile features - done
[4.685s] -- Check for working CXX compiler: /usr/bin/c++
[5.053s] -- Check for working CXX compiler: /usr/bin/c++ -- works
[5.057s] -- Detecting CXX compiler ABI info
[5.413s] -- Detecting CXX compiler ABI info - done
[5.449s] -- Detecting CXX compile features
[5.451s] -- Detecting CXX compile features - done
[5.498s] -- Found ament_cmake: 0.9.12 (/opt/ros/foxy/share/ament_cmake/cmake)
[5.695s] -- Found PythonInterp: /usr/bin/python3 (found suitable version "3.8.10", minimum required is "3") 
[5.696s] -- Using PYTHON_EXECUTABLE: /usr/bin/python3
[6.845s] -- Found rosidl_default_generators: 1.0.1 (/opt/ros/foxy/share/rosidl_default_generators/cmake)
[6.878s] -- Using all available rosidl_typesupport_c: rosidl_typesupport_fastrtps_c;rosidl_typesupport_introspection_c
[6.950s] -- Found rosidl_adapter: 1.3.1 (/opt/ros/foxy/share/rosidl_adapter/cmake)
[7.776s] -- Found OpenSSL: /usr/lib/aarch64-linux-gnu/libcrypto.so (found version "1.1.1f")  
[8.022s] -- Found FastRTPS: /opt/ros/foxy/include  
[8.656s] -- Using all available rosidl_typesupport_cpp: rosidl_typesupport_fastrtps_cpp;rosidl_typesupport_introspection_cpp
[8.913s] -- Found PythonInterp: /usr/bin/python3 (found version "3.8.10") 
[9.549s] -- Found ament_cmake_ros: 0.9.2 (/opt/ros/foxy/share/ament_cmake_ros/cmake)
[10.452s] -- Using all available rosidl_typesupport_c: rosidl_typesupport_fastrtps_c;rosidl_typesupport_introspection_c
[10.493s] -- Using all available rosidl_typesupport_cpp: rosidl_typesupport_fastrtps_cpp;rosidl_typesupport_introspection_cpp
[10.601s] -- Found PythonInterp: /usr/bin/python3 (found suitable version "3.8.10", minimum required is "3.5") 
[10.623s] -- Found python_cmake_module: 0.8.1 (/opt/ros/foxy/share/python_cmake_module/cmake)
[10.751s] -- Found PythonLibs: /usr/lib/aarch64-linux-gnu/libpython3.8.so (found suitable version "3.8.10", minimum required is "3.5") 
[10.751s] -- Using PYTHON_EXECUTABLE: /usr/bin/python3
[10.752s] -- Using PYTHON_INCLUDE_DIRS: /usr/include/python3.8
[10.752s] -- Using PYTHON_LIBRARIES: /usr/lib/aarch64-linux-gnu/libpython3.8.so
[10.852s] -- Found PythonExtra: .so  
[11.060s] -- Found ament_lint_auto: 0.9.8 (/opt/ros/foxy/share/ament_lint_auto/cmake)
[11.288s] -- Added test 'copyright' to check source files copyright and LICENSE
[11.332s] -- Added test 'flake8' to check Python code syntax and style conventions
[11.337s] -- Added test 'lint_cmake' to check CMake code style
[11.341s] -- Added test 'pep257' to check Python code against some of the style conventions in PEP 257
[11.353s] -- Added test 'xmllint' to check XML markup files
[11.386s] -- Configuring done
[11.542s] -- Generating done
[11.585s] -- Build files have been written to: /home/rover/ros_ws/src/build/interfaces
[11.603s] Invoked command in '/home/rover/ros_ws/src/build/interfaces' returned '0': CMAKE_PREFIX_PATH=${CMAKE_PREFIX_PATH}:/home/rover/ros_ws/install/py_srvcli:/home/rover/ros_ws/install/mypkg:/home/rover/ros_ws/install/bb:/opt/ros/foxy /usr/bin/cmake /home/rover/ros_ws/src/interfaces -DCMAKE_INSTALL_PREFIX=/home/rover/ros_ws/src/install/interfaces
[11.613s] Invoking command in '/home/rover/ros_ws/src/build/interfaces': CMAKE_PREFIX_PATH=${CMAKE_PREFIX_PATH}:/home/rover/ros_ws/install/py_srvcli:/home/rover/ros_ws/install/mypkg:/home/rover/ros_ws/install/bb:/opt/ros/foxy /usr/bin/cmake --build /home/rover/ros_ws/src/build/interfaces -- -j4 -l4
[11.807s] [35m[1mScanning dependencies of target interfaces__cpp[0m
[11.812s] [  1%] [34m[1mGenerating C code for ROS interfaces[0m
[11.859s] [  3%] [34m[1mGenerating C++ code for ROS interfaces[0m
[13.976s] [  3%] Built target interfaces__cpp
[14.047s] [  5%] [34m[1mGenerating C++ introspection for ROS interfaces[0m
[14.062s] [  7%] [34m[1mGenerating C++ type support for eProsima Fast-RTPS[0m
[14.090s] [  9%] [34m[1mGenerating C++ type support dispatch for ROS interfaces[0m
[14.158s] [35m[1mScanning dependencies of target interfaces__rosidl_generator_c[0m
[14.291s] [ 10%] [32mBuilding C object CMakeFiles/interfaces__rosidl_generator_c.dir/rosidl_generator_c/interfaces/srv/detail/drive__functions.c.o[0m
[14.746s] [ 12%] [32mBuilding C object CMakeFiles/interfaces__rosidl_generator_c.dir/rosidl_generator_c/interfaces/srv/detail/steer__functions.c.o[0m
[15.252s] [ 14%] [32mBuilding C object CMakeFiles/interfaces__rosidl_generator_c.dir/rosidl_generator_c/interfaces/srv/detail/drill__functions.c.o[0m
[15.709s] [ 16%] [32mBuilding C object CMakeFiles/interfaces__rosidl_generator_c.dir/rosidl_generator_c/interfaces/srv/detail/tray__functions.c.o[0m
[15.883s] [35m[1mScanning dependencies of target interfaces__rosidl_typesupport_cpp[0m
[16.003s] [ 18%] [32mBuilding CXX object CMakeFiles/interfaces__rosidl_typesupport_cpp.dir/rosidl_typesupport_cpp/interfaces/srv/drive__type_support.cpp.o[0m
[16.092s] [ 20%] [32m[1mLinking C shared library libinterfaces__rosidl_generator_c.so[0m
[16.346s] [ 20%] Built target interfaces__rosidl_generator_c
[16.421s] [35m[1mScanning dependencies of target interfaces__rosidl_typesupport_introspection_cpp[0m
[16.433s] [ 21%] [32mBuilding CXX object CMakeFiles/interfaces__rosidl_typesupport_cpp.dir/rosidl_typesupport_cpp/interfaces/srv/steer__type_support.cpp.o[0m
[16.526s] [ 23%] [32mBuilding CXX object CMakeFiles/interfaces__rosidl_typesupport_introspection_cpp.dir/rosidl_typesupport_introspection_cpp/interfaces/srv/detail/drive__type_support.cpp.o[0m
[16.651s] [35m[1mScanning dependencies of target interfaces__rosidl_typesupport_fastrtps_cpp[0m
[16.871s] [ 25%] [32mBuilding CXX object CMakeFiles/interfaces__rosidl_typesupport_fastrtps_cpp.dir/rosidl_typesupport_fastrtps_cpp/interfaces/srv/detail/dds_fastrtps/drive__type_support.cpp.o[0m
[18.104s] [ 27%] [32mBuilding CXX object CMakeFiles/interfaces__rosidl_typesupport_cpp.dir/rosidl_typesupport_cpp/interfaces/srv/drill__type_support.cpp.o[0m
[18.127s] [ 29%] [34m[1mGenerating C type support dispatch for ROS interfaces[0m
[18.145s] [ 30%] [32mBuilding CXX object CMakeFiles/interfaces__rosidl_typesupport_introspection_cpp.dir/rosidl_typesupport_introspection_cpp/interfaces/srv/detail/steer__type_support.cpp.o[0m
[19.576s] [ 32%] [32mBuilding CXX object CMakeFiles/interfaces__rosidl_typesupport_fastrtps_cpp.dir/rosidl_typesupport_fastrtps_cpp/interfaces/srv/detail/dds_fastrtps/steer__type_support.cpp.o[0m
[19.855s] [ 34%] [32mBuilding CXX object CMakeFiles/interfaces__rosidl_typesupport_cpp.dir/rosidl_typesupport_cpp/interfaces/srv/tray__type_support.cpp.o[0m
[20.016s] [35m[1mScanning dependencies of target interfaces__rosidl_typesupport_c[0m
[20.029s] [ 36%] [32mBuilding CXX object CMakeFiles/interfaces__rosidl_typesupport_introspection_cpp.dir/rosidl_typesupport_introspection_cpp/interfaces/srv/detail/drill__type_support.cpp.o[0m
[20.190s] [ 38%] [32mBuilding CXX object CMakeFiles/interfaces__rosidl_typesupport_c.dir/rosidl_typesupport_c/interfaces/srv/drive__type_support.cpp.o[0m
[20.597s] [ 40%] [32mBuilding CXX object CMakeFiles/interfaces__rosidl_typesupport_c.dir/rosidl_typesupport_c/interfaces/srv/steer__type_support.cpp.o[0m
[20.975s] [ 41%] [32mBuilding CXX object CMakeFiles/interfaces__rosidl_typesupport_c.dir/rosidl_typesupport_c/interfaces/srv/drill__type_support.cpp.o[0m
[21.270s] [ 43%] [32mBuilding CXX object CMakeFiles/interfaces__rosidl_typesupport_c.dir/rosidl_typesupport_c/interfaces/srv/tray__type_support.cpp.o[0m
[21.516s] [ 45%] [32m[1mLinking CXX shared library libinterfaces__rosidl_typesupport_c.so[0m
[21.634s] [ 47%] [32m[1mLinking CXX shared library libinterfaces__rosidl_typesupport_cpp.so[0m
[21.743s] [ 47%] Built target interfaces__rosidl_typesupport_c
[21.808s] [ 49%] [32mBuilding CXX object CMakeFiles/interfaces__rosidl_typesupport_introspection_cpp.dir/rosidl_typesupport_introspection_cpp/interfaces/srv/detail/tray__type_support.cpp.o[0m
[21.877s] [ 49%] Built target interfaces__rosidl_typesupport_cpp
[21.962s] [ 50%] [34m[1mGenerating C introspection for ROS interfaces[0m
[21.992s] [ 52%] [32mBuilding CXX object CMakeFiles/interfaces__rosidl_typesupport_fastrtps_cpp.dir/rosidl_typesupport_fastrtps_cpp/interfaces/srv/detail/dds_fastrtps/drill__type_support.cpp.o[0m
[22.667s] [ 54%] [32mBuilding CXX object CMakeFiles/interfaces__rosidl_typesupport_fastrtps_cpp.dir/rosidl_typesupport_fastrtps_cpp/interfaces/srv/detail/dds_fastrtps/tray__type_support.cpp.o[0m
[23.529s] [ 56%] [32m[1mLinking CXX shared library libinterfaces__rosidl_typesupport_introspection_cpp.so[0m
[23.767s] [ 56%] Built target interfaces__rosidl_typesupport_introspection_cpp
[24.308s] [35m[1mScanning dependencies of target interfaces__rosidl_typesupport_introspection_c[0m
[24.389s] [ 58%] [32mBuilding C object CMakeFiles/interfaces__rosidl_typesupport_introspection_c.dir/rosidl_typesupport_introspection_c/interfaces/srv/detail/drive__type_support.c.o[0m
[24.408s] [ 60%] [32mBuilding C object CMakeFiles/interfaces__rosidl_typesupport_introspection_c.dir/rosidl_typesupport_introspection_c/interfaces/srv/detail/steer__type_support.c.o[0m
[24.611s] [ 61%] [32mBuilding C object CMakeFiles/interfaces__rosidl_typesupport_introspection_c.dir/rosidl_typesupport_introspection_c/interfaces/srv/detail/drill__type_support.c.o[0m
[24.651s] [ 63%] [32mBuilding C object CMakeFiles/interfaces__rosidl_typesupport_introspection_c.dir/rosidl_typesupport_introspection_c/interfaces/srv/detail/tray__type_support.c.o[0m
[24.828s] [ 65%] [32m[1mLinking C shared library libinterfaces__rosidl_typesupport_introspection_c.so[0m
[24.965s] [ 65%] Built target interfaces__rosidl_typesupport_introspection_c
[25.267s] [ 67%] [32m[1mLinking CXX shared library libinterfaces__rosidl_typesupport_fastrtps_cpp.so[0m
[25.619s] [ 67%] Built target interfaces__rosidl_typesupport_fastrtps_cpp
[25.667s] [ 69%] [34m[1mGenerating C type support for eProsima Fast-RTPS[0m
[27.331s] [35m[1mScanning dependencies of target interfaces__rosidl_typesupport_fastrtps_c[0m
[27.448s] [ 70%] [32mBuilding CXX object CMakeFiles/interfaces__rosidl_typesupport_fastrtps_c.dir/rosidl_typesupport_fastrtps_c/interfaces/srv/detail/steer__type_support_c.cpp.o[0m
[27.454s] [ 72%] [32mBuilding CXX object CMakeFiles/interfaces__rosidl_typesupport_fastrtps_c.dir/rosidl_typesupport_fastrtps_c/interfaces/srv/detail/drill__type_support_c.cpp.o[0m
[27.461s] [ 74%] [32mBuilding CXX object CMakeFiles/interfaces__rosidl_typesupport_fastrtps_c.dir/rosidl_typesupport_fastrtps_c/interfaces/srv/detail/drive__type_support_c.cpp.o[0m
[27.469s] [ 76%] [32mBuilding CXX object CMakeFiles/interfaces__rosidl_typesupport_fastrtps_c.dir/rosidl_typesupport_fastrtps_c/interfaces/srv/detail/tray__type_support_c.cpp.o[0m
[29.735s] [ 78%] [32m[1mLinking CXX shared library libinterfaces__rosidl_typesupport_fastrtps_c.so[0m
[30.084s] [ 78%] Built target interfaces__rosidl_typesupport_fastrtps_c
[30.129s] [35m[1mScanning dependencies of target interfaces[0m
[30.177s] [ 78%] Built target interfaces
[30.224s] [35m[1mScanning dependencies of target interfaces__py[0m
[30.272s] [ 80%] [34m[1mGenerating Python code for ROS interfaces[0m
[34.111s] [ 80%] Built target interfaces__py
[34.157s] [35m[1mScanning dependencies of target interfaces__python[0m
[34.351s] [ 81%] [32mBuilding C object CMakeFiles/interfaces__python.dir/rosidl_generator_py/interfaces/srv/_steer_s.c.o[0m
[34.367s] [ 83%] [32mBuilding C object CMakeFiles/interfaces__python.dir/rosidl_generator_py/interfaces/srv/_drill_s.c.o[0m
[34.379s] [ 85%] [32mBuilding C object CMakeFiles/interfaces__python.dir/rosidl_generator_py/interfaces/srv/_drive_s.c.o[0m
[34.387s] [ 87%] [32mBuilding C object CMakeFiles/interfaces__python.dir/rosidl_generator_py/interfaces/srv/_tray_s.c.o[0m
[34.933s] [ 89%] [32m[1mLinking C shared library rosidl_generator_py/interfaces/libinterfaces__python.so[0m
[35.111s] [ 89%] Built target interfaces__python
[35.162s] [35m[1mScanning dependencies of target interfaces__rosidl_typesupport_introspection_c__pyext[0m
[35.166s] [35m[1mScanning dependencies of target interfaces__rosidl_typesupport_fastrtps_c__pyext[0m
[35.167s] [35m[1mScanning dependencies of target interfaces__rosidl_typesupport_c__pyext[0m
[35.257s] [ 90%] [32mBuilding C object CMakeFiles/interfaces__rosidl_typesupport_introspection_c__pyext.dir/rosidl_generator_py/interfaces/_interfaces_s.ep.rosidl_typesupport_introspection_c.c.o[0m
[35.293s] [ 92%] [32mBuilding C object CMakeFiles/interfaces__rosidl_typesupport_c__pyext.dir/rosidl_generator_py/interfaces/_interfaces_s.ep.rosidl_typesupport_c.c.o[0m
[35.297s] [ 94%] [32mBuilding C object CMakeFiles/interfaces__rosidl_typesupport_fastrtps_c__pyext.dir/rosidl_generator_py/interfaces/_interfaces_s.ep.rosidl_typesupport_fastrtps_c.c.o[0m
[35.806s] [ 96%] [32m[1mLinking C shared library rosidl_generator_py/interfaces/interfaces_s__rosidl_typesupport_introspection_c.cpython-38-aarch64-linux-gnu.so[0m
[35.818s] [ 98%] [32m[1mLinking C shared library rosidl_generator_py/interfaces/interfaces_s__rosidl_typesupport_c.cpython-38-aarch64-linux-gnu.so[0m
[35.826s] [100%] [32m[1mLinking CXX shared library rosidl_generator_py/interfaces/interfaces_s__rosidl_typesupport_fastrtps_c.cpython-38-aarch64-linux-gnu.so[0m
[36.039s] [100%] Built target interfaces__rosidl_typesupport_introspection_c__pyext
[36.116s] [100%] Built target interfaces__rosidl_typesupport_c__pyext
[36.182s] [100%] Built target interfaces__rosidl_typesupport_fastrtps_c__pyext
[36.228s] Invoked command in '/home/rover/ros_ws/src/build/interfaces' returned '0': CMAKE_PREFIX_PATH=${CMAKE_PREFIX_PATH}:/home/rover/ros_ws/install/py_srvcli:/home/rover/ros_ws/install/mypkg:/home/rover/ros_ws/install/bb:/opt/ros/foxy /usr/bin/cmake --build /home/rover/ros_ws/src/build/interfaces -- -j4 -l4
[36.280s] Invoking command in '/home/rover/ros_ws/src/build/interfaces': CMAKE_PREFIX_PATH=${CMAKE_PREFIX_PATH}:/home/rover/ros_ws/install/py_srvcli:/home/rover/ros_ws/install/mypkg:/home/rover/ros_ws/install/bb:/opt/ros/foxy /usr/bin/cmake --install /home/rover/ros_ws/src/build/interfaces
[36.318s] -- Install configuration: ""
[36.319s] -- Installing: /home/rover/ros_ws/src/install/interfaces/share/ament_index/resource_index/rosidl_interfaces/interfaces
[36.320s] -- Installing: /home/rover/ros_ws/src/install/interfaces/include/interfaces
[36.321s] -- Installing: /home/rover/ros_ws/src/install/interfaces/include/interfaces/msg
[36.321s] -- Installing: /home/rover/ros_ws/src/install/interfaces/include/interfaces/msg/rosidl_generator_c__visibility_control.h
[36.322s] -- Installing: /home/rover/ros_ws/src/install/interfaces/include/interfaces/srv
[36.323s] -- Installing: /home/rover/ros_ws/src/install/interfaces/include/interfaces/srv/tray.h
[36.323s] -- Installing: /home/rover/ros_ws/src/install/interfaces/include/interfaces/srv/detail
[36.324s] -- Installing: /home/rover/ros_ws/src/install/interfaces/include/interfaces/srv/detail/steer__functions.c
[36.325s] -- Installing: /home/rover/ros_ws/src/install/interfaces/include/interfaces/srv/detail/steer__functions.h
[36.325s] -- Installing: /home/rover/ros_ws/src/install/interfaces/include/interfaces/srv/detail/tray__functions.c
[36.326s] -- Installing: /home/rover/ros_ws/src/install/interfaces/include/interfaces/srv/detail/tray__type_support.h
[36.327s] -- Installing: /home/rover/ros_ws/src/install/interfaces/include/interfaces/srv/detail/drive__struct.h
[36.328s] -- Installing: /home/rover/ros_ws/src/install/interfaces/include/interfaces/srv/detail/drill__functions.c
[36.329s] -- Installing: /home/rover/ros_ws/src/install/interfaces/include/interfaces/srv/detail/drive__type_support.h
[36.329s] -- Installing: /home/rover/ros_ws/src/install/interfaces/include/interfaces/srv/detail/steer__struct.h
[36.330s] -- Installing: /home/rover/ros_ws/src/install/interfaces/include/interfaces/srv/detail/drive__functions.c
[36.331s] -- Installing: /home/rover/ros_ws/src/install/interfaces/include/interfaces/srv/detail/drill__type_support.h
[36.332s] -- Installing: /home/rover/ros_ws/src/install/interfaces/include/interfaces/srv/detail/tray__struct.h
[36.333s] -- Installing: /home/rover/ros_ws/src/install/interfaces/include/interfaces/srv/detail/tray__functions.h
[36.333s] -- Installing: /home/rover/ros_ws/src/install/interfaces/include/interfaces/srv/detail/drill__struct.h
[36.334s] -- Installing: /home/rover/ros_ws/src/install/interfaces/include/interfaces/srv/detail/steer__type_support.h
[36.335s] -- Installing: /home/rover/ros_ws/src/install/interfaces/include/interfaces/srv/detail/drive__functions.h
[36.336s] -- Installing: /home/rover/ros_ws/src/install/interfaces/include/interfaces/srv/detail/drill__functions.h
[36.337s] -- Installing: /home/rover/ros_ws/src/install/interfaces/include/interfaces/srv/drive.h
[36.338s] -- Installing: /home/rover/ros_ws/src/install/interfaces/include/interfaces/srv/steer.h
[36.339s] -- Installing: /home/rover/ros_ws/src/install/interfaces/include/interfaces/srv/drill.h
[36.340s] -- Installing: /home/rover/ros_ws/src/install/interfaces/share/interfaces/environment/library_path.sh
[36.341s] -- Installing: /home/rover/ros_ws/src/install/interfaces/share/interfaces/environment/library_path.dsv
[36.342s] -- Installing: /home/rover/ros_ws/src/install/interfaces/lib/libinterfaces__rosidl_generator_c.so
[36.345s] -- Set runtime path of "/home/rover/ros_ws/src/install/interfaces/lib/libinterfaces__rosidl_generator_c.so" to ""
[36.345s] -- Up-to-date: /home/rover/ros_ws/src/install/interfaces/include/interfaces
[36.346s] -- Up-to-date: /home/rover/ros_ws/src/install/interfaces/include/interfaces/msg
[36.346s] -- Installing: /home/rover/ros_ws/src/install/interfaces/include/interfaces/msg/rosidl_typesupport_fastrtps_c__visibility_control.h
[36.346s] -- Up-to-date: /home/rover/ros_ws/src/install/interfaces/include/interfaces/srv
[36.347s] -- Up-to-date: /home/rover/ros_ws/src/install/interfaces/include/interfaces/srv/detail
[36.347s] -- Installing: /home/rover/ros_ws/src/install/interfaces/include/interfaces/srv/detail/drive__rosidl_typesupport_fastrtps_c.h
[36.348s] -- Installing: /home/rover/ros_ws/src/install/interfaces/include/interfaces/srv/detail/tray__rosidl_typesupport_fastrtps_c.h
[36.349s] -- Installing: /home/rover/ros_ws/src/install/interfaces/include/interfaces/srv/detail/steer__rosidl_typesupport_fastrtps_c.h
[36.350s] -- Installing: /home/rover/ros_ws/src/install/interfaces/include/interfaces/srv/detail/drill__rosidl_typesupport_fastrtps_c.h
[36.352s] -- Installing: /home/rover/ros_ws/src/install/interfaces/lib/libinterfaces__rosidl_typesupport_fastrtps_c.so
[36.354s] -- Set runtime path of "/home/rover/ros_ws/src/install/interfaces/lib/libinterfaces__rosidl_typesupport_fastrtps_c.so" to ""
[36.355s] -- Up-to-date: /home/rover/ros_ws/src/install/interfaces/include/interfaces
[36.355s] -- Up-to-date: /home/rover/ros_ws/src/install/interfaces/include/interfaces/msg
[36.355s] -- Installing: /home/rover/ros_ws/src/install/interfaces/include/interfaces/msg/rosidl_typesupport_fastrtps_cpp__visibility_control.h
[36.356s] -- Up-to-date: /home/rover/ros_ws/src/install/interfaces/include/interfaces/srv
[36.356s] -- Up-to-date: /home/rover/ros_ws/src/install/interfaces/include/interfaces/srv/detail
[36.357s] -- Installing: /home/rover/ros_ws/src/install/interfaces/include/interfaces/srv/detail/tray__rosidl_typesupport_fastrtps_cpp.hpp
[36.358s] -- Installing: /home/rover/ros_ws/src/install/interfaces/include/interfaces/srv/detail/dds_fastrtps
[36.358s] -- Installing: /home/rover/ros_ws/src/install/interfaces/include/interfaces/srv/detail/drill__rosidl_typesupport_fastrtps_cpp.hpp
[36.359s] -- Installing: /home/rover/ros_ws/src/install/interfaces/include/interfaces/srv/detail/steer__rosidl_typesupport_fastrtps_cpp.hpp
[36.360s] -- Installing: /home/rover/ros_ws/src/install/interfaces/include/interfaces/srv/detail/drive__rosidl_typesupport_fastrtps_cpp.hpp
[36.362s] -- Installing: /home/rover/ros_ws/src/install/interfaces/lib/libinterfaces__rosidl_typesupport_fastrtps_cpp.so
[36.364s] -- Set runtime path of "/home/rover/ros_ws/src/install/interfaces/lib/libinterfaces__rosidl_typesupport_fastrtps_cpp.so" to ""
[36.365s] -- Up-to-date: /home/rover/ros_ws/src/install/interfaces/include/interfaces
[36.365s] -- Up-to-date: /home/rover/ros_ws/src/install/interfaces/include/interfaces/msg
[36.365s] -- Installing: /home/rover/ros_ws/src/install/interfaces/include/interfaces/msg/rosidl_typesupport_introspection_c__visibility_control.h
[36.367s] -- Up-to-date: /home/rover/ros_ws/src/install/interfaces/include/interfaces/srv
[36.367s] -- Up-to-date: /home/rover/ros_ws/src/install/interfaces/include/interfaces/srv/detail
[36.367s] -- Installing: /home/rover/ros_ws/src/install/interfaces/include/interfaces/srv/detail/drive__rosidl_typesupport_introspection_c.h
[36.368s] -- Installing: /home/rover/ros_ws/src/install/interfaces/include/interfaces/srv/detail/tray__type_support.c
[36.369s] -- Installing: /home/rover/ros_ws/src/install/interfaces/include/interfaces/srv/detail/drive__type_support.c
[36.369s] -- Installing: /home/rover/ros_ws/src/install/interfaces/include/interfaces/srv/detail/steer__type_support.c
[36.423s] -- Installing: /home/rover/ros_ws/src/install/interfaces/include/interfaces/srv/detail/steer__rosidl_typesupport_introspection_c.h
[36.459s] -- Installing: /home/rover/ros_ws/src/install/interfaces/include/interfaces/srv/detail/tray__rosidl_typesupport_introspection_c.h
[36.461s] -- Installing: /home/rover/ros_ws/src/install/interfaces/include/interfaces/srv/detail/drill__rosidl_typesupport_introspection_c.h
[36.463s] -- Installing: /home/rover/ros_ws/src/install/interfaces/include/interfaces/srv/detail/drill__type_support.c
[36.465s] -- Installing: /home/rover/ros_ws/src/install/interfaces/lib/libinterfaces__rosidl_typesupport_introspection_c.so
[36.468s] -- Set runtime path of "/home/rover/ros_ws/src/install/interfaces/lib/libinterfaces__rosidl_typesupport_introspection_c.so" to ""
[36.469s] -- Installing: /home/rover/ros_ws/src/install/interfaces/lib/libinterfaces__rosidl_typesupport_c.so
[36.473s] -- Set runtime path of "/home/rover/ros_ws/src/install/interfaces/lib/libinterfaces__rosidl_typesupport_c.so" to ""
[36.474s] -- Up-to-date: /home/rover/ros_ws/src/install/interfaces/include/interfaces
[36.474s] -- Up-to-date: /home/rover/ros_ws/src/install/interfaces/include/interfaces/msg
[36.475s] -- Installing: /home/rover/ros_ws/src/install/interfaces/include/interfaces/msg/rosidl_generator_cpp__visibility_control.hpp
[36.475s] -- Up-to-date: /home/rover/ros_ws/src/install/interfaces/include/interfaces/srv
[36.475s] -- Installing: /home/rover/ros_ws/src/install/interfaces/include/interfaces/srv/steer.hpp
[36.476s] -- Up-to-date: /home/rover/ros_ws/src/install/interfaces/include/interfaces/srv/detail
[36.476s] -- Installing: /home/rover/ros_ws/src/install/interfaces/include/interfaces/srv/detail/drive__type_support.hpp
[36.477s] -- Installing: /home/rover/ros_ws/src/install/interfaces/include/interfaces/srv/detail/drill__type_support.hpp
[36.478s] -- Installing: /home/rover/ros_ws/src/install/interfaces/include/interfaces/srv/detail/tray__traits.hpp
[36.479s] -- Installing: /home/rover/ros_ws/src/install/interfaces/include/interfaces/srv/detail/steer__traits.hpp
[36.480s] -- Installing: /home/rover/ros_ws/src/install/interfaces/include/interfaces/srv/detail/drill__traits.hpp
[36.480s] -- Installing: /home/rover/ros_ws/src/install/interfaces/include/interfaces/srv/detail/steer__builder.hpp
[36.481s] -- Installing: /home/rover/ros_ws/src/install/interfaces/include/interfaces/srv/detail/drive__traits.hpp
[36.482s] -- Installing: /home/rover/ros_ws/src/install/interfaces/include/interfaces/srv/detail/drive__builder.hpp
[36.483s] -- Installing: /home/rover/ros_ws/src/install/interfaces/include/interfaces/srv/detail/steer__type_support.hpp
[36.483s] -- Installing: /home/rover/ros_ws/src/install/interfaces/include/interfaces/srv/detail/tray__type_support.hpp
[36.484s] -- Installing: /home/rover/ros_ws/src/install/interfaces/include/interfaces/srv/detail/tray__struct.hpp
[36.485s] -- Installing: /home/rover/ros_ws/src/install/interfaces/include/interfaces/srv/detail/tray__builder.hpp
[36.486s] -- Installing: /home/rover/ros_ws/src/install/interfaces/include/interfaces/srv/detail/drill__struct.hpp
[36.487s] -- Installing: /home/rover/ros_ws/src/install/interfaces/include/interfaces/srv/detail/drill__builder.hpp
[36.488s] -- Installing: /home/rover/ros_ws/src/install/interfaces/include/interfaces/srv/detail/drive__struct.hpp
[36.489s] -- Installing: /home/rover/ros_ws/src/install/interfaces/include/interfaces/srv/detail/steer__struct.hpp
[36.489s] -- Installing: /home/rover/ros_ws/src/install/interfaces/include/interfaces/srv/drive.hpp
[36.490s] -- Installing: /home/rover/ros_ws/src/install/interfaces/include/interfaces/srv/tray.hpp
[36.491s] -- Installing: /home/rover/ros_ws/src/install/interfaces/include/interfaces/srv/drill.hpp
[36.493s] -- Up-to-date: /home/rover/ros_ws/src/install/interfaces/include/interfaces
[36.493s] -- Up-to-date: /home/rover/ros_ws/src/install/interfaces/include/interfaces/srv
[36.493s] -- Up-to-date: /home/rover/ros_ws/src/install/interfaces/include/interfaces/srv/detail
[36.494s] -- Installing: /home/rover/ros_ws/src/install/interfaces/include/interfaces/srv/detail/drill__type_support.cpp
[36.494s] -- Installing: /home/rover/ros_ws/src/install/interfaces/include/interfaces/srv/detail/steer__rosidl_typesupport_introspection_cpp.hpp
[36.495s] -- Installing: /home/rover/ros_ws/src/install/interfaces/include/interfaces/srv/detail/tray__type_support.cpp
[36.496s] -- Installing: /home/rover/ros_ws/src/install/interfaces/include/interfaces/srv/detail/steer__type_support.cpp
[36.497s] -- Installing: /home/rover/ros_ws/src/install/interfaces/include/interfaces/srv/detail/drill__rosidl_typesupport_introspection_cpp.hpp
[36.498s] -- Installing: /home/rover/ros_ws/src/install/interfaces/include/interfaces/srv/detail/drive__type_support.cpp
[36.499s] -- Installing: /home/rover/ros_ws/src/install/interfaces/include/interfaces/srv/detail/drive__rosidl_typesupport_introspection_cpp.hpp
[36.500s] -- Installing: /home/rover/ros_ws/src/install/interfaces/include/interfaces/srv/detail/tray__rosidl_typesupport_introspection_cpp.hpp
[36.501s] -- Installing: /home/rover/ros_ws/src/install/interfaces/lib/libinterfaces__rosidl_typesupport_introspection_cpp.so
[36.503s] -- Set runtime path of "/home/rover/ros_ws/src/install/interfaces/lib/libinterfaces__rosidl_typesupport_introspection_cpp.so" to ""
[36.504s] -- Installing: /home/rover/ros_ws/src/install/interfaces/lib/libinterfaces__rosidl_typesupport_cpp.so
[36.506s] -- Set runtime path of "/home/rover/ros_ws/src/install/interfaces/lib/libinterfaces__rosidl_typesupport_cpp.so" to ""
[36.507s] -- Installing: /home/rover/ros_ws/src/install/interfaces/share/interfaces/environment/pythonpath.sh
[36.507s] -- Installing: /home/rover/ros_ws/src/install/interfaces/share/interfaces/environment/pythonpath.dsv
[36.509s] -- Installing: /home/rover/ros_ws/src/install/interfaces/lib/python3.8/site-packages/interfaces/__init__.py
[36.650s] Compiling '/home/rover/ros_ws/src/install/interfaces/lib/python3.8/site-packages/interfaces/__init__.py'...
[36.672s] -- Installing: /home/rover/ros_ws/src/install/interfaces/lib/python3.8/site-packages/interfaces/srv
[36.672s] -- Installing: /home/rover/ros_ws/src/install/interfaces/lib/python3.8/site-packages/interfaces/srv/_drive_s.c
[36.673s] -- Installing: /home/rover/ros_ws/src/install/interfaces/lib/python3.8/site-packages/interfaces/srv/_tray_s.c
[36.674s] -- Installing: /home/rover/ros_ws/src/install/interfaces/lib/python3.8/site-packages/interfaces/srv/_steer.py
[36.675s] -- Installing: /home/rover/ros_ws/src/install/interfaces/lib/python3.8/site-packages/interfaces/srv/_tray.py
[36.676s] -- Installing: /home/rover/ros_ws/src/install/interfaces/lib/python3.8/site-packages/interfaces/srv/_drive.py
[36.677s] -- Installing: /home/rover/ros_ws/src/install/interfaces/lib/python3.8/site-packages/interfaces/srv/_drill_s.c
[36.678s] -- Installing: /home/rover/ros_ws/src/install/interfaces/lib/python3.8/site-packages/interfaces/srv/_drill.py
[36.679s] -- Installing: /home/rover/ros_ws/src/install/interfaces/lib/python3.8/site-packages/interfaces/srv/__init__.py
[36.679s] -- Installing: /home/rover/ros_ws/src/install/interfaces/lib/python3.8/site-packages/interfaces/srv/_steer_s.c
[36.681s] -- Installing: /home/rover/ros_ws/src/install/interfaces/lib/python3.8/site-packages/interfaces/interfaces_s__rosidl_typesupport_fastrtps_c.cpython-38-aarch64-linux-gnu.so
[36.684s] -- Set runtime path of "/home/rover/ros_ws/src/install/interfaces/lib/python3.8/site-packages/interfaces/interfaces_s__rosidl_typesupport_fastrtps_c.cpython-38-aarch64-linux-gnu.so" to ""
[36.685s] -- Installing: /home/rover/ros_ws/src/install/interfaces/lib/python3.8/site-packages/interfaces/interfaces_s__rosidl_typesupport_introspection_c.cpython-38-aarch64-linux-gnu.so
[36.687s] -- Set runtime path of "/home/rover/ros_ws/src/install/interfaces/lib/python3.8/site-packages/interfaces/interfaces_s__rosidl_typesupport_introspection_c.cpython-38-aarch64-linux-gnu.so" to ""
[36.688s] -- Installing: /home/rover/ros_ws/src/install/interfaces/lib/python3.8/site-packages/interfaces/interfaces_s__rosidl_typesupport_c.cpython-38-aarch64-linux-gnu.so
[36.691s] -- Set runtime path of "/home/rover/ros_ws/src/install/interfaces/lib/python3.8/site-packages/interfaces/interfaces_s__rosidl_typesupport_c.cpython-38-aarch64-linux-gnu.so" to ""
[36.692s] -- Installing: /home/rover/ros_ws/src/install/interfaces/lib/libinterfaces__python.so
[36.694s] -- Set runtime path of "/home/rover/ros_ws/src/install/interfaces/lib/libinterfaces__python.so" to ""
[36.695s] -- Installing: /home/rover/ros_ws/src/install/interfaces/share/interfaces/srv/Drive.idl
[36.696s] -- Installing: /home/rover/ros_ws/src/install/interfaces/share/interfaces/srv/Steer.idl
[36.696s] -- Installing: /home/rover/ros_ws/src/install/interfaces/share/interfaces/srv/Drill.idl
[36.697s] -- Installing: /home/rover/ros_ws/src/install/interfaces/share/interfaces/srv/Tray.idl
[36.698s] -- Installing: /home/rover/ros_ws/src/install/interfaces/share/interfaces/srv/Drive.srv
[36.699s] -- Installing: /home/rover/ros_ws/src/install/interfaces/share/interfaces/srv/Drive_Request.msg
[36.700s] -- Installing: /home/rover/ros_ws/src/install/interfaces/share/interfaces/srv/Drive_Response.msg
[36.701s] -- Installing: /home/rover/ros_ws/src/install/interfaces/share/interfaces/srv/Steer.srv
[36.702s] -- Installing: /home/rover/ros_ws/src/install/interfaces/share/interfaces/srv/Steer_Request.msg
[36.703s] -- Installing: /home/rover/ros_ws/src/install/interfaces/share/interfaces/srv/Steer_Response.msg
[36.704s] -- Installing: /home/rover/ros_ws/src/install/interfaces/share/interfaces/srv/Drill.srv
[36.705s] -- Installing: /home/rover/ros_ws/src/install/interfaces/share/interfaces/srv/Drill_Request.msg
[36.706s] -- Installing: /home/rover/ros_ws/src/install/interfaces/share/interfaces/srv/Drill_Response.msg
[36.707s] -- Installing: /home/rover/ros_ws/src/install/interfaces/share/interfaces/srv/Tray.srv
[36.708s] -- Installing: /home/rover/ros_ws/src/install/interfaces/share/interfaces/srv/Tray_Request.msg
[36.709s] -- Installing: /home/rover/ros_ws/src/install/interfaces/share/interfaces/srv/Tray_Response.msg
[36.710s] -- Installing: /home/rover/ros_ws/src/install/interfaces/share/ament_index/resource_index/package_run_dependencies/interfaces
[36.712s] -- Installing: /home/rover/ros_ws/src/install/interfaces/share/ament_index/resource_index/parent_prefix_path/interfaces
[36.713s] -- Installing: /home/rover/ros_ws/src/install/interfaces/share/interfaces/environment/ament_prefix_path.sh
[36.714s] -- Installing: /home/rover/ros_ws/src/install/interfaces/share/interfaces/environment/ament_prefix_path.dsv
[36.715s] -- Installing: /home/rover/ros_ws/src/install/interfaces/share/interfaces/environment/path.sh
[36.716s] -- Installing: /home/rover/ros_ws/src/install/interfaces/share/interfaces/environment/path.dsv
[36.717s] -- Installing: /home/rover/ros_ws/src/install/interfaces/share/interfaces/local_setup.bash
[36.718s] -- Installing: /home/rover/ros_ws/src/install/interfaces/share/interfaces/local_setup.sh
[36.719s] -- Installing: /home/rover/ros_ws/src/install/interfaces/share/interfaces/local_setup.zsh
[36.720s] -- Installing: /home/rover/ros_ws/src/install/interfaces/share/interfaces/local_setup.dsv
[36.720s] -- Installing: /home/rover/ros_ws/src/install/interfaces/share/interfaces/package.dsv
[36.722s] -- Installing: /home/rover/ros_ws/src/install/interfaces/share/ament_index/resource_index/packages/interfaces
[36.723s] -- Installing: /home/rover/ros_ws/src/install/interfaces/share/interfaces/cmake/interfaces__rosidl_generator_cExport.cmake
[36.724s] -- Installing: /home/rover/ros_ws/src/install/interfaces/share/interfaces/cmake/interfaces__rosidl_generator_cExport-noconfig.cmake
[36.725s] -- Installing: /home/rover/ros_ws/src/install/interfaces/share/interfaces/cmake/interfaces__rosidl_typesupport_introspection_cExport.cmake
[36.727s] -- Installing: /home/rover/ros_ws/src/install/interfaces/share/interfaces/cmake/interfaces__rosidl_typesupport_introspection_cExport-noconfig.cmake
[36.728s] -- Installing: /home/rover/ros_ws/src/install/interfaces/share/interfaces/cmake/interfaces__rosidl_typesupport_cExport.cmake
[36.729s] -- Installing: /home/rover/ros_ws/src/install/interfaces/share/interfaces/cmake/interfaces__rosidl_typesupport_cExport-noconfig.cmake
[36.730s] -- Installing: /home/rover/ros_ws/src/install/interfaces/share/interfaces/cmake/interfaces__rosidl_generator_cppExport.cmake
[36.732s] -- Installing: /home/rover/ros_ws/src/install/interfaces/share/interfaces/cmake/interfaces__rosidl_typesupport_introspection_cppExport.cmake
[36.733s] -- Installing: /home/rover/ros_ws/src/install/interfaces/share/interfaces/cmake/interfaces__rosidl_typesupport_introspection_cppExport-noconfig.cmake
[36.734s] -- Installing: /home/rover/ros_ws/src/install/interfaces/share/interfaces/cmake/interfaces__rosidl_typesupport_cppExport.cmake
[36.735s] -- Installing: /home/rover/ros_ws/src/install/interfaces/share/interfaces/cmake/interfaces__rosidl_typesupport_cppExport-noconfig.cmake
[36.736s] -- Installing: /home/rover/ros_ws/src/install/interfaces/share/interfaces/cmake/rosidl_cmake-extras.cmake
[36.737s] -- Installing: /home/rover/ros_ws/src/install/interfaces/share/interfaces/cmake/ament_cmake_export_dependencies-extras.cmake
[36.738s] -- Installing: /home/rover/ros_ws/src/install/interfaces/share/interfaces/cmake/ament_cmake_export_libraries-extras.cmake
[36.739s] -- Installing: /home/rover/ros_ws/src/install/interfaces/share/interfaces/cmake/ament_cmake_export_targets-extras.cmake
[36.741s] -- Installing: /home/rover/ros_ws/src/install/interfaces/share/interfaces/cmake/ament_cmake_export_include_directories-extras.cmake
[36.742s] -- Installing: /home/rover/ros_ws/src/install/interfaces/share/interfaces/cmake/rosidl_cmake_export_typesupport_libraries-extras.cmake
[36.743s] -- Installing: /home/rover/ros_ws/src/install/interfaces/share/interfaces/cmake/rosidl_cmake_export_typesupport_targets-extras.cmake
[36.744s] -- Installing: /home/rover/ros_ws/src/install/interfaces/share/interfaces/cmake/interfacesConfig.cmake
[36.745s] -- Installing: /home/rover/ros_ws/src/install/interfaces/share/interfaces/cmake/interfacesConfig-version.cmake
[36.746s] -- Installing: /home/rover/ros_ws/src/install/interfaces/share/interfaces/package.xml
[36.754s] Invoked command in '/home/rover/ros_ws/src/build/interfaces' returned '0': CMAKE_PREFIX_PATH=${CMAKE_PREFIX_PATH}:/home/rover/ros_ws/install/py_srvcli:/home/rover/ros_ws/install/mypkg:/home/rover/ros_ws/install/bb:/opt/ros/foxy /usr/bin/cmake --install /home/rover/ros_ws/src/build/interfaces
