[3.512s] Invoking command in '/home/rover/ros_ws/src/bb': PYTHONPATH=/home/rover/ros_ws/src/build/bb/prefix_override:/usr/lib/python3/dist-packages/colcon_core/task/python/colcon_distutils_commands:/home/rover/ros_ws/src/install/bb/lib/python3.8/site-packages:${PYTHONPATH} /usr/bin/python3 -W ignore:setup.py install is deprecated -W ignore:easy_install command is deprecated setup.py egg_info --egg-base ../build/bb build --build-base /home/rover/ros_ws/src/build/bb/build install --record /home/rover/ros_ws/src/build/bb/install.log --install-scripts $base/lib/bb --single-version-externally-managed install_data
[4.547s] running egg_info
[4.550s] writing ../build/bb/bb.egg-info/PKG-INFO
[4.551s] writing dependency_links to ../build/bb/bb.egg-info/dependency_links.txt
[4.552s] writing entry points to ../build/bb/bb.egg-info/entry_points.txt
[4.553s] writing requirements to ../build/bb/bb.egg-info/requires.txt
[4.554s] writing top-level names to ../build/bb/bb.egg-info/top_level.txt
[4.713s] reading manifest file '../build/bb/bb.egg-info/SOURCES.txt'
[4.717s] writing manifest file '../build/bb/bb.egg-info/SOURCES.txt'
[4.718s] running build
[4.719s] running build_py
[4.719s] copying bb/rover_service.py -> /home/rover/ros_ws/src/build/bb/build/lib/bb
[4.721s] copying bb/tray.py -> /home/rover/ros_ws/src/build/bb/build/lib/bb
[4.722s] copying bb/lift.py -> /home/rover/ros_ws/src/build/bb/build/lib/bb
[4.723s] copying bb/drill.py -> /home/rover/ros_ws/src/build/bb/build/lib/bb
[4.724s] running install
[4.727s] running install_lib
[4.735s] copying /home/rover/ros_ws/src/build/bb/build/lib/bb/rover_service.py -> /home/rover/ros_ws/src/install/bb/lib/python3.8/site-packages/bb
[4.736s] copying /home/rover/ros_ws/src/build/bb/build/lib/bb/tray.py -> /home/rover/ros_ws/src/install/bb/lib/python3.8/site-packages/bb
[4.736s] copying /home/rover/ros_ws/src/build/bb/build/lib/bb/lift.py -> /home/rover/ros_ws/src/install/bb/lib/python3.8/site-packages/bb
[4.737s] copying /home/rover/ros_ws/src/build/bb/build/lib/bb/drill.py -> /home/rover/ros_ws/src/install/bb/lib/python3.8/site-packages/bb
[4.738s] byte-compiling /home/rover/ros_ws/src/install/bb/lib/python3.8/site-packages/bb/rover_service.py to rover_service.cpython-38.pyc
[4.745s] byte-compiling /home/rover/ros_ws/src/install/bb/lib/python3.8/site-packages/bb/tray.py to tray.cpython-38.pyc
[4.748s] byte-compiling /home/rover/ros_ws/src/install/bb/lib/python3.8/site-packages/bb/lift.py to lift.cpython-38.pyc
[4.751s] byte-compiling /home/rover/ros_ws/src/install/bb/lib/python3.8/site-packages/bb/drill.py to drill.cpython-38.pyc
[4.753s] running install_data
[4.754s] running install_egg_info
[4.761s] removing '/home/rover/ros_ws/src/install/bb/lib/python3.8/site-packages/bb-0.0.0-py3.8.egg-info' (and everything under it)
[4.763s] Copying ../build/bb/bb.egg-info to /home/rover/ros_ws/src/install/bb/lib/python3.8/site-packages/bb-0.0.0-py3.8.egg-info
[4.771s] running install_scripts
[4.863s] Installing drill script to /home/rover/ros_ws/src/install/bb/lib/bb
[4.864s] Installing drive script to /home/rover/ros_ws/src/install/bb/lib/bb
[4.865s] Installing lift script to /home/rover/ros_ws/src/install/bb/lib/bb
[4.866s] Installing rover_service script to /home/rover/ros_ws/src/install/bb/lib/bb
[4.867s] Installing steer script to /home/rover/ros_ws/src/install/bb/lib/bb
[4.870s] Installing tray script to /home/rover/ros_ws/src/install/bb/lib/bb
[4.873s] writing list of installed files to '/home/rover/ros_ws/src/build/bb/install.log'
[4.983s] Invoked command in '/home/rover/ros_ws/src/bb' returned '0': PYTHONPATH=/home/rover/ros_ws/src/build/bb/prefix_override:/usr/lib/python3/dist-packages/colcon_core/task/python/colcon_distutils_commands:/home/rover/ros_ws/src/install/bb/lib/python3.8/site-packages:${PYTHONPATH} /usr/bin/python3 -W ignore:setup.py install is deprecated -W ignore:easy_install command is deprecated setup.py egg_info --egg-base ../build/bb build --build-base /home/rover/ros_ws/src/build/bb/build install --record /home/rover/ros_ws/src/build/bb/install.log --install-scripts $base/lib/bb --single-version-externally-managed install_data
