[1.096s] Invoking command in '/home/rover/ros_ws/src/build/interfaces': CMAKE_PREFIX_PATH=${CMAKE_PREFIX_PATH}:/home/rover/ros_ws/install/py_srvcli:/home/rover/ros_ws/install/mypkg:/home/rover/ros_ws/install/bb:/opt/ros/foxy /usr/bin/cmake --build /home/rover/ros_ws/src/build/interfaces -- -j4 -l4
[1.906s] [  1%] Built target interfaces__cpp
[1.926s] [ 12%] Built target interfaces__rosidl_generator_c
[2.083s] [ 23%] Built target interfaces__rosidl_typesupport_introspection_cpp
[2.111s] [ 36%] Built target interfaces__rosidl_typesupport_c
[2.128s] [ 46%] Built target interfaces__rosidl_typesupport_cpp
[2.135s] [ 57%] Built target interfaces__rosidl_typesupport_fastrtps_cpp
[2.231s] [ 68%] Built target interfaces__rosidl_typesupport_introspection_c
[2.299s] [ 79%] Built target interfaces__rosidl_typesupport_fastrtps_c
[2.420s] [ 79%] Built target interfaces
[2.520s] [ 80%] Built target interfaces__py
[2.680s] [ 90%] Built target interfaces__python
[2.853s] [ 93%] Built target interfaces__rosidl_typesupport_introspection_c__pyext
[2.859s] [ 96%] Built target interfaces__rosidl_typesupport_fastrtps_c__pyext
[2.879s] [100%] Built target interfaces__rosidl_typesupport_c__pyext
[2.928s] Invoked command in '/home/rover/ros_ws/src/build/interfaces' returned '0': CMAKE_PREFIX_PATH=${CMAKE_PREFIX_PATH}:/home/rover/ros_ws/install/py_srvcli:/home/rover/ros_ws/install/mypkg:/home/rover/ros_ws/install/bb:/opt/ros/foxy /usr/bin/cmake --build /home/rover/ros_ws/src/build/interfaces -- -j4 -l4
[2.981s] Invoking command in '/home/rover/ros_ws/src/build/interfaces': CMAKE_PREFIX_PATH=${CMAKE_PREFIX_PATH}:/home/rover/ros_ws/install/py_srvcli:/home/rover/ros_ws/install/mypkg:/home/rover/ros_ws/install/bb:/opt/ros/foxy /usr/bin/cmake --install /home/rover/ros_ws/src/build/interfaces
[3.022s] -- Install configuration: ""
[3.023s] -- Up-to-date: /home/rover/ros_ws/src/install/interfaces/share/ament_index/resource_index/rosidl_interfaces/interfaces
[3.024s] -- Up-to-date: /home/rover/ros_ws/src/install/interfaces/include/interfaces
[3.025s] -- Up-to-date: /home/rover/ros_ws/src/install/interfaces/include/interfaces/msg
[3.026s] -- Up-to-date: /home/rover/ros_ws/src/install/interfaces/include/interfaces/msg/rosidl_generator_c__visibility_control.h
[3.026s] -- Up-to-date: /home/rover/ros_ws/src/install/interfaces/include/interfaces/srv
[3.027s] -- Up-to-date: /home/rover/ros_ws/src/install/interfaces/include/interfaces/srv/tray.h
[3.028s] -- Up-to-date: /home/rover/ros_ws/src/install/interfaces/include/interfaces/srv/detail
[3.029s] -- Up-to-date: /home/rover/ros_ws/src/install/interfaces/include/interfaces/srv/detail/steer__functions.c
[3.030s] -- Up-to-date: /home/rover/ros_ws/src/install/interfaces/include/interfaces/srv/detail/steer__functions.h
[3.031s] -- Up-to-date: /home/rover/ros_ws/src/install/interfaces/include/interfaces/srv/detail/tray__functions.c
[3.032s] -- Up-to-date: /home/rover/ros_ws/src/install/interfaces/include/interfaces/srv/detail/tray__type_support.h
[3.033s] -- Up-to-date: /home/rover/ros_ws/src/install/interfaces/include/interfaces/srv/detail/lift__functions.h
[3.034s] -- Up-to-date: /home/rover/ros_ws/src/install/interfaces/include/interfaces/srv/detail/lift__type_support.h
[3.034s] -- Up-to-date: /home/rover/ros_ws/src/install/interfaces/include/interfaces/srv/detail/drive__struct.h
[3.035s] -- Up-to-date: /home/rover/ros_ws/src/install/interfaces/include/interfaces/srv/detail/drill__functions.c
[3.039s] -- Up-to-date: /home/rover/ros_ws/src/install/interfaces/include/interfaces/srv/detail/drive__type_support.h
[3.040s] -- Up-to-date: /home/rover/ros_ws/src/install/interfaces/include/interfaces/srv/detail/steer__struct.h
[3.041s] -- Up-to-date: /home/rover/ros_ws/src/install/interfaces/include/interfaces/srv/detail/lift__struct.h
[3.042s] -- Up-to-date: /home/rover/ros_ws/src/install/interfaces/include/interfaces/srv/detail/drive__functions.c
[3.043s] -- Up-to-date: /home/rover/ros_ws/src/install/interfaces/include/interfaces/srv/detail/drill__type_support.h
[3.043s] -- Up-to-date: /home/rover/ros_ws/src/install/interfaces/include/interfaces/srv/detail/tray__struct.h
[3.044s] -- Up-to-date: /home/rover/ros_ws/src/install/interfaces/include/interfaces/srv/detail/tray__functions.h
[3.045s] -- Up-to-date: /home/rover/ros_ws/src/install/interfaces/include/interfaces/srv/detail/drill__struct.h
[3.046s] -- Up-to-date: /home/rover/ros_ws/src/install/interfaces/include/interfaces/srv/detail/lift__functions.c
[3.046s] -- Up-to-date: /home/rover/ros_ws/src/install/interfaces/include/interfaces/srv/detail/steer__type_support.h
[3.047s] -- Up-to-date: /home/rover/ros_ws/src/install/interfaces/include/interfaces/srv/detail/drive__functions.h
[3.047s] -- Up-to-date: /home/rover/ros_ws/src/install/interfaces/include/interfaces/srv/detail/drill__functions.h
[3.048s] -- Up-to-date: /home/rover/ros_ws/src/install/interfaces/include/interfaces/srv/drive.h
[3.049s] -- Up-to-date: /home/rover/ros_ws/src/install/interfaces/include/interfaces/srv/lift.h
[3.049s] -- Up-to-date: /home/rover/ros_ws/src/install/interfaces/include/interfaces/srv/steer.h
[3.050s] -- Up-to-date: /home/rover/ros_ws/src/install/interfaces/include/interfaces/srv/drill.h
[3.050s] -- Up-to-date: /home/rover/ros_ws/src/install/interfaces/share/interfaces/environment/library_path.sh
[3.051s] -- Up-to-date: /home/rover/ros_ws/src/install/interfaces/share/interfaces/environment/library_path.dsv
[3.051s] -- Up-to-date: /home/rover/ros_ws/src/install/interfaces/lib/libinterfaces__rosidl_generator_c.so
[3.052s] -- Up-to-date: /home/rover/ros_ws/src/install/interfaces/include/interfaces
[3.052s] -- Up-to-date: /home/rover/ros_ws/src/install/interfaces/include/interfaces/msg
[3.052s] -- Up-to-date: /home/rover/ros_ws/src/install/interfaces/include/interfaces/msg/rosidl_typesupport_fastrtps_c__visibility_control.h
[3.053s] -- Up-to-date: /home/rover/ros_ws/src/install/interfaces/include/interfaces/srv
[3.053s] -- Up-to-date: /home/rover/ros_ws/src/install/interfaces/include/interfaces/srv/detail
[3.054s] -- Up-to-date: /home/rover/ros_ws/src/install/interfaces/include/interfaces/srv/detail/drive__rosidl_typesupport_fastrtps_c.h
[3.054s] -- Up-to-date: /home/rover/ros_ws/src/install/interfaces/include/interfaces/srv/detail/lift__rosidl_typesupport_fastrtps_c.h
[3.055s] -- Up-to-date: /home/rover/ros_ws/src/install/interfaces/include/interfaces/srv/detail/tray__rosidl_typesupport_fastrtps_c.h
[3.056s] -- Up-to-date: /home/rover/ros_ws/src/install/interfaces/include/interfaces/srv/detail/steer__rosidl_typesupport_fastrtps_c.h
[3.056s] -- Up-to-date: /home/rover/ros_ws/src/install/interfaces/include/interfaces/srv/detail/drill__rosidl_typesupport_fastrtps_c.h
[3.057s] -- Up-to-date: /home/rover/ros_ws/src/install/interfaces/lib/libinterfaces__rosidl_typesupport_fastrtps_c.so
[3.057s] -- Up-to-date: /home/rover/ros_ws/src/install/interfaces/include/interfaces
[3.057s] -- Up-to-date: /home/rover/ros_ws/src/install/interfaces/include/interfaces/msg
[3.058s] -- Up-to-date: /home/rover/ros_ws/src/install/interfaces/include/interfaces/msg/rosidl_typesupport_fastrtps_cpp__visibility_control.h
[3.058s] -- Up-to-date: /home/rover/ros_ws/src/install/interfaces/include/interfaces/srv
[3.059s] -- Up-to-date: /home/rover/ros_ws/src/install/interfaces/include/interfaces/srv/detail
[3.059s] -- Up-to-date: /home/rover/ros_ws/src/install/interfaces/include/interfaces/srv/detail/tray__rosidl_typesupport_fastrtps_cpp.hpp
[3.060s] -- Up-to-date: /home/rover/ros_ws/src/install/interfaces/include/interfaces/srv/detail/dds_fastrtps
[3.060s] -- Up-to-date: /home/rover/ros_ws/src/install/interfaces/include/interfaces/srv/detail/drill__rosidl_typesupport_fastrtps_cpp.hpp
[3.061s] -- Up-to-date: /home/rover/ros_ws/src/install/interfaces/include/interfaces/srv/detail/steer__rosidl_typesupport_fastrtps_cpp.hpp
[3.062s] -- Up-to-date: /home/rover/ros_ws/src/install/interfaces/include/interfaces/srv/detail/lift__rosidl_typesupport_fastrtps_cpp.hpp
[3.063s] -- Up-to-date: /home/rover/ros_ws/src/install/interfaces/include/interfaces/srv/detail/drive__rosidl_typesupport_fastrtps_cpp.hpp
[3.064s] -- Up-to-date: /home/rover/ros_ws/src/install/interfaces/lib/libinterfaces__rosidl_typesupport_fastrtps_cpp.so
[3.064s] -- Up-to-date: /home/rover/ros_ws/src/install/interfaces/include/interfaces
[3.065s] -- Up-to-date: /home/rover/ros_ws/src/install/interfaces/include/interfaces/msg
[3.065s] -- Up-to-date: /home/rover/ros_ws/src/install/interfaces/include/interfaces/msg/rosidl_typesupport_introspection_c__visibility_control.h
[3.066s] -- Up-to-date: /home/rover/ros_ws/src/install/interfaces/include/interfaces/srv
[3.066s] -- Up-to-date: /home/rover/ros_ws/src/install/interfaces/include/interfaces/srv/detail
[3.067s] -- Up-to-date: /home/rover/ros_ws/src/install/interfaces/include/interfaces/srv/detail/drive__rosidl_typesupport_introspection_c.h
[3.068s] -- Up-to-date: /home/rover/ros_ws/src/install/interfaces/include/interfaces/srv/detail/tray__type_support.c
[3.068s] -- Up-to-date: /home/rover/ros_ws/src/install/interfaces/include/interfaces/srv/detail/drive__type_support.c
[3.069s] -- Up-to-date: /home/rover/ros_ws/src/install/interfaces/include/interfaces/srv/detail/lift__rosidl_typesupport_introspection_c.h
[3.070s] -- Up-to-date: /home/rover/ros_ws/src/install/interfaces/include/interfaces/srv/detail/steer__type_support.c
[3.070s] -- Up-to-date: /home/rover/ros_ws/src/install/interfaces/include/interfaces/srv/detail/lift__type_support.c
[3.071s] -- Up-to-date: /home/rover/ros_ws/src/install/interfaces/include/interfaces/srv/detail/steer__rosidl_typesupport_introspection_c.h
[3.072s] -- Up-to-date: /home/rover/ros_ws/src/install/interfaces/include/interfaces/srv/detail/tray__rosidl_typesupport_introspection_c.h
[3.073s] -- Up-to-date: /home/rover/ros_ws/src/install/interfaces/include/interfaces/srv/detail/drill__rosidl_typesupport_introspection_c.h
[3.075s] -- Up-to-date: /home/rover/ros_ws/src/install/interfaces/include/interfaces/srv/detail/drill__type_support.c
[3.076s] -- Up-to-date: /home/rover/ros_ws/src/install/interfaces/lib/libinterfaces__rosidl_typesupport_introspection_c.so
[3.077s] -- Up-to-date: /home/rover/ros_ws/src/install/interfaces/lib/libinterfaces__rosidl_typesupport_c.so
[3.078s] -- Up-to-date: /home/rover/ros_ws/src/install/interfaces/include/interfaces
[3.078s] -- Up-to-date: /home/rover/ros_ws/src/install/interfaces/include/interfaces/msg
[3.079s] -- Up-to-date: /home/rover/ros_ws/src/install/interfaces/include/interfaces/msg/rosidl_generator_cpp__visibility_control.hpp
[3.080s] -- Up-to-date: /home/rover/ros_ws/src/install/interfaces/include/interfaces/srv
[3.080s] -- Up-to-date: /home/rover/ros_ws/src/install/interfaces/include/interfaces/srv/steer.hpp
[3.081s] -- Up-to-date: /home/rover/ros_ws/src/install/interfaces/include/interfaces/srv/detail
[3.082s] -- Up-to-date: /home/rover/ros_ws/src/install/interfaces/include/interfaces/srv/detail/drive__type_support.hpp
[3.082s] -- Up-to-date: /home/rover/ros_ws/src/install/interfaces/include/interfaces/srv/detail/lift__traits.hpp
[3.083s] -- Up-to-date: /home/rover/ros_ws/src/install/interfaces/include/interfaces/srv/detail/drill__type_support.hpp
[3.083s] -- Up-to-date: /home/rover/ros_ws/src/install/interfaces/include/interfaces/srv/detail/tray__traits.hpp
[3.084s] -- Up-to-date: /home/rover/ros_ws/src/install/interfaces/include/interfaces/srv/detail/lift__struct.hpp
[3.084s] -- Up-to-date: /home/rover/ros_ws/src/install/interfaces/include/interfaces/srv/detail/steer__traits.hpp
[3.085s] -- Up-to-date: /home/rover/ros_ws/src/install/interfaces/include/interfaces/srv/detail/drill__traits.hpp
[3.085s] -- Up-to-date: /home/rover/ros_ws/src/install/interfaces/include/interfaces/srv/detail/lift__type_support.hpp
[3.086s] -- Up-to-date: /home/rover/ros_ws/src/install/interfaces/include/interfaces/srv/detail/steer__builder.hpp
[3.086s] -- Up-to-date: /home/rover/ros_ws/src/install/interfaces/include/interfaces/srv/detail/drive__traits.hpp
[3.087s] -- Up-to-date: /home/rover/ros_ws/src/install/interfaces/include/interfaces/srv/detail/lift__builder.hpp
[3.088s] -- Up-to-date: /home/rover/ros_ws/src/install/interfaces/include/interfaces/srv/detail/drive__builder.hpp
[3.088s] -- Up-to-date: /home/rover/ros_ws/src/install/interfaces/include/interfaces/srv/detail/steer__type_support.hpp
[3.089s] -- Up-to-date: /home/rover/ros_ws/src/install/interfaces/include/interfaces/srv/detail/tray__type_support.hpp
[3.089s] -- Up-to-date: /home/rover/ros_ws/src/install/interfaces/include/interfaces/srv/detail/tray__struct.hpp
[3.089s] -- Up-to-date: /home/rover/ros_ws/src/install/interfaces/include/interfaces/srv/detail/tray__builder.hpp
[3.089s] -- Up-to-date: /home/rover/ros_ws/src/install/interfaces/include/interfaces/srv/detail/drill__struct.hpp
[3.090s] -- Up-to-date: /home/rover/ros_ws/src/install/interfaces/include/interfaces/srv/detail/drill__builder.hpp
[3.090s] -- Up-to-date: /home/rover/ros_ws/src/install/interfaces/include/interfaces/srv/detail/drive__struct.hpp
[3.091s] -- Up-to-date: /home/rover/ros_ws/src/install/interfaces/include/interfaces/srv/detail/steer__struct.hpp
[3.092s] -- Up-to-date: /home/rover/ros_ws/src/install/interfaces/include/interfaces/srv/drive.hpp
[3.092s] -- Up-to-date: /home/rover/ros_ws/src/install/interfaces/include/interfaces/srv/tray.hpp
[3.093s] -- Up-to-date: /home/rover/ros_ws/src/install/interfaces/include/interfaces/srv/drill.hpp
[3.098s] -- Up-to-date: /home/rover/ros_ws/src/install/interfaces/include/interfaces/srv/lift.hpp
[3.099s] -- Up-to-date: /home/rover/ros_ws/src/install/interfaces/include/interfaces
[3.100s] -- Up-to-date: /home/rover/ros_ws/src/install/interfaces/include/interfaces/srv
[3.100s] -- Up-to-date: /home/rover/ros_ws/src/install/interfaces/include/interfaces/srv/detail
[3.101s] -- Up-to-date: /home/rover/ros_ws/src/install/interfaces/include/interfaces/srv/detail/drill__type_support.cpp
[3.101s] -- Up-to-date: /home/rover/ros_ws/src/install/interfaces/include/interfaces/srv/detail/steer__rosidl_typesupport_introspection_cpp.hpp
[3.102s] -- Up-to-date: /home/rover/ros_ws/src/install/interfaces/include/interfaces/srv/detail/tray__type_support.cpp
[3.102s] -- Up-to-date: /home/rover/ros_ws/src/install/interfaces/include/interfaces/srv/detail/steer__type_support.cpp
[3.102s] -- Up-to-date: /home/rover/ros_ws/src/install/interfaces/include/interfaces/srv/detail/drill__rosidl_typesupport_introspection_cpp.hpp
[3.103s] -- Up-to-date: /home/rover/ros_ws/src/install/interfaces/include/interfaces/srv/detail/drive__type_support.cpp
[3.104s] -- Up-to-date: /home/rover/ros_ws/src/install/interfaces/include/interfaces/srv/detail/drive__rosidl_typesupport_introspection_cpp.hpp
[3.104s] -- Up-to-date: /home/rover/ros_ws/src/install/interfaces/include/interfaces/srv/detail/lift__rosidl_typesupport_introspection_cpp.hpp
[3.105s] -- Up-to-date: /home/rover/ros_ws/src/install/interfaces/include/interfaces/srv/detail/tray__rosidl_typesupport_introspection_cpp.hpp
[3.106s] -- Up-to-date: /home/rover/ros_ws/src/install/interfaces/include/interfaces/srv/detail/lift__type_support.cpp
[3.106s] -- Up-to-date: /home/rover/ros_ws/src/install/interfaces/lib/libinterfaces__rosidl_typesupport_introspection_cpp.so
[3.107s] -- Up-to-date: /home/rover/ros_ws/src/install/interfaces/lib/libinterfaces__rosidl_typesupport_cpp.so
[3.107s] -- Up-to-date: /home/rover/ros_ws/src/install/interfaces/share/interfaces/environment/pythonpath.sh
[3.108s] -- Up-to-date: /home/rover/ros_ws/src/install/interfaces/share/interfaces/environment/pythonpath.dsv
[3.109s] -- Up-to-date: /home/rover/ros_ws/src/install/interfaces/lib/python3.8/site-packages/interfaces/__init__.py
[3.306s] -- Up-to-date: /home/rover/ros_ws/src/install/interfaces/lib/python3.8/site-packages/interfaces/srv
[3.307s] -- Up-to-date: /home/rover/ros_ws/src/install/interfaces/lib/python3.8/site-packages/interfaces/srv/_drive_s.c
[3.307s] -- Up-to-date: /home/rover/ros_ws/src/install/interfaces/lib/python3.8/site-packages/interfaces/srv/_lift.py
[3.308s] -- Up-to-date: /home/rover/ros_ws/src/install/interfaces/lib/python3.8/site-packages/interfaces/srv/_tray_s.c
[3.308s] -- Up-to-date: /home/rover/ros_ws/src/install/interfaces/lib/python3.8/site-packages/interfaces/srv/_steer.py
[3.309s] -- Up-to-date: /home/rover/ros_ws/src/install/interfaces/lib/python3.8/site-packages/interfaces/srv/_tray.py
[3.309s] -- Up-to-date: /home/rover/ros_ws/src/install/interfaces/lib/python3.8/site-packages/interfaces/srv/_drive.py
[3.310s] -- Up-to-date: /home/rover/ros_ws/src/install/interfaces/lib/python3.8/site-packages/interfaces/srv/_drill_s.c
[3.310s] -- Up-to-date: /home/rover/ros_ws/src/install/interfaces/lib/python3.8/site-packages/interfaces/srv/_lift_s.c
[3.311s] -- Up-to-date: /home/rover/ros_ws/src/install/interfaces/lib/python3.8/site-packages/interfaces/srv/_drill.py
[3.311s] -- Up-to-date: /home/rover/ros_ws/src/install/interfaces/lib/python3.8/site-packages/interfaces/srv/__init__.py
[3.312s] -- Up-to-date: /home/rover/ros_ws/src/install/interfaces/lib/python3.8/site-packages/interfaces/srv/_steer_s.c
[3.317s] -- Up-to-date: /home/rover/ros_ws/src/install/interfaces/lib/python3.8/site-packages/interfaces/interfaces_s__rosidl_typesupport_fastrtps_c.cpython-38-aarch64-linux-gnu.so
[3.322s] -- Up-to-date: /home/rover/ros_ws/src/install/interfaces/lib/python3.8/site-packages/interfaces/interfaces_s__rosidl_typesupport_introspection_c.cpython-38-aarch64-linux-gnu.so
[3.328s] -- Up-to-date: /home/rover/ros_ws/src/install/interfaces/lib/python3.8/site-packages/interfaces/interfaces_s__rosidl_typesupport_c.cpython-38-aarch64-linux-gnu.so
[3.333s] -- Up-to-date: /home/rover/ros_ws/src/install/interfaces/lib/libinterfaces__python.so
[3.335s] -- Up-to-date: /home/rover/ros_ws/src/install/interfaces/share/interfaces/srv/Drive.idl
[3.337s] -- Up-to-date: /home/rover/ros_ws/src/install/interfaces/share/interfaces/srv/Steer.idl
[3.337s] -- Up-to-date: /home/rover/ros_ws/src/install/interfaces/share/interfaces/srv/Drill.idl
[3.338s] -- Up-to-date: /home/rover/ros_ws/src/install/interfaces/share/interfaces/srv/Tray.idl
[3.339s] -- Up-to-date: /home/rover/ros_ws/src/install/interfaces/share/interfaces/srv/Lift.idl
[3.340s] -- Up-to-date: /home/rover/ros_ws/src/install/interfaces/share/interfaces/srv/Drive.srv
[3.343s] -- Up-to-date: /home/rover/ros_ws/src/install/interfaces/share/interfaces/srv/Drive_Request.msg
[3.345s] -- Up-to-date: /home/rover/ros_ws/src/install/interfaces/share/interfaces/srv/Drive_Response.msg
[3.345s] -- Up-to-date: /home/rover/ros_ws/src/install/interfaces/share/interfaces/srv/Steer.srv
[3.346s] -- Up-to-date: /home/rover/ros_ws/src/install/interfaces/share/interfaces/srv/Steer_Request.msg
[3.347s] -- Up-to-date: /home/rover/ros_ws/src/install/interfaces/share/interfaces/srv/Steer_Response.msg
[3.347s] -- Up-to-date: /home/rover/ros_ws/src/install/interfaces/share/interfaces/srv/Drill.srv
[3.348s] -- Up-to-date: /home/rover/ros_ws/src/install/interfaces/share/interfaces/srv/Drill_Request.msg
[3.349s] -- Up-to-date: /home/rover/ros_ws/src/install/interfaces/share/interfaces/srv/Drill_Response.msg
[3.350s] -- Up-to-date: /home/rover/ros_ws/src/install/interfaces/share/interfaces/srv/Tray.srv
[3.351s] -- Up-to-date: /home/rover/ros_ws/src/install/interfaces/share/interfaces/srv/Tray_Request.msg
[3.352s] -- Up-to-date: /home/rover/ros_ws/src/install/interfaces/share/interfaces/srv/Tray_Response.msg
[3.352s] -- Up-to-date: /home/rover/ros_ws/src/install/interfaces/share/interfaces/srv/Lift.srv
[3.353s] -- Up-to-date: /home/rover/ros_ws/src/install/interfaces/share/interfaces/srv/Lift_Request.msg
[3.354s] -- Up-to-date: /home/rover/ros_ws/src/install/interfaces/share/interfaces/srv/Lift_Response.msg
[3.354s] -- Up-to-date: /home/rover/ros_ws/src/install/interfaces/share/ament_index/resource_index/package_run_dependencies/interfaces
[3.355s] -- Up-to-date: /home/rover/ros_ws/src/install/interfaces/share/ament_index/resource_index/parent_prefix_path/interfaces
[3.356s] -- Up-to-date: /home/rover/ros_ws/src/install/interfaces/share/interfaces/environment/ament_prefix_path.sh
[3.356s] -- Up-to-date: /home/rover/ros_ws/src/install/interfaces/share/interfaces/environment/ament_prefix_path.dsv
[3.357s] -- Up-to-date: /home/rover/ros_ws/src/install/interfaces/share/interfaces/environment/path.sh
[3.357s] -- Up-to-date: /home/rover/ros_ws/src/install/interfaces/share/interfaces/environment/path.dsv
[3.358s] -- Up-to-date: /home/rover/ros_ws/src/install/interfaces/share/interfaces/local_setup.bash
[3.359s] -- Up-to-date: /home/rover/ros_ws/src/install/interfaces/share/interfaces/local_setup.sh
[3.362s] -- Up-to-date: /home/rover/ros_ws/src/install/interfaces/share/interfaces/local_setup.zsh
[3.363s] -- Up-to-date: /home/rover/ros_ws/src/install/interfaces/share/interfaces/local_setup.dsv
[3.364s] -- Installing: /home/rover/ros_ws/src/install/interfaces/share/interfaces/package.dsv
[3.364s] -- Up-to-date: /home/rover/ros_ws/src/install/interfaces/share/ament_index/resource_index/packages/interfaces
[3.366s] -- Up-to-date: /home/rover/ros_ws/src/install/interfaces/share/interfaces/cmake/interfaces__rosidl_generator_cExport.cmake
[3.366s] -- Up-to-date: /home/rover/ros_ws/src/install/interfaces/share/interfaces/cmake/interfaces__rosidl_generator_cExport-noconfig.cmake
[3.367s] -- Up-to-date: /home/rover/ros_ws/src/install/interfaces/share/interfaces/cmake/interfaces__rosidl_typesupport_introspection_cExport.cmake
[3.368s] -- Up-to-date: /home/rover/ros_ws/src/install/interfaces/share/interfaces/cmake/interfaces__rosidl_typesupport_introspection_cExport-noconfig.cmake
[3.369s] -- Up-to-date: /home/rover/ros_ws/src/install/interfaces/share/interfaces/cmake/interfaces__rosidl_typesupport_cExport.cmake
[3.369s] -- Up-to-date: /home/rover/ros_ws/src/install/interfaces/share/interfaces/cmake/interfaces__rosidl_typesupport_cExport-noconfig.cmake
[3.370s] -- Up-to-date: /home/rover/ros_ws/src/install/interfaces/share/interfaces/cmake/interfaces__rosidl_generator_cppExport.cmake
[3.371s] -- Up-to-date: /home/rover/ros_ws/src/install/interfaces/share/interfaces/cmake/interfaces__rosidl_typesupport_introspection_cppExport.cmake
[3.372s] -- Up-to-date: /home/rover/ros_ws/src/install/interfaces/share/interfaces/cmake/interfaces__rosidl_typesupport_introspection_cppExport-noconfig.cmake
[3.373s] -- Up-to-date: /home/rover/ros_ws/src/install/interfaces/share/interfaces/cmake/interfaces__rosidl_typesupport_cppExport.cmake
[3.374s] -- Up-to-date: /home/rover/ros_ws/src/install/interfaces/share/interfaces/cmake/interfaces__rosidl_typesupport_cppExport-noconfig.cmake
[3.375s] -- Up-to-date: /home/rover/ros_ws/src/install/interfaces/share/interfaces/cmake/rosidl_cmake-extras.cmake
[3.375s] -- Up-to-date: /home/rover/ros_ws/src/install/interfaces/share/interfaces/cmake/ament_cmake_export_dependencies-extras.cmake
[3.376s] -- Up-to-date: /home/rover/ros_ws/src/install/interfaces/share/interfaces/cmake/ament_cmake_export_libraries-extras.cmake
[3.377s] -- Up-to-date: /home/rover/ros_ws/src/install/interfaces/share/interfaces/cmake/ament_cmake_export_targets-extras.cmake
[3.377s] -- Up-to-date: /home/rover/ros_ws/src/install/interfaces/share/interfaces/cmake/ament_cmake_export_include_directories-extras.cmake
[3.378s] -- Up-to-date: /home/rover/ros_ws/src/install/interfaces/share/interfaces/cmake/rosidl_cmake_export_typesupport_libraries-extras.cmake
[3.379s] -- Up-to-date: /home/rover/ros_ws/src/install/interfaces/share/interfaces/cmake/rosidl_cmake_export_typesupport_targets-extras.cmake
[3.379s] -- Up-to-date: /home/rover/ros_ws/src/install/interfaces/share/interfaces/cmake/interfacesConfig.cmake
[3.380s] -- Up-to-date: /home/rover/ros_ws/src/install/interfaces/share/interfaces/cmake/interfacesConfig-version.cmake
[3.380s] -- Up-to-date: /home/rover/ros_ws/src/install/interfaces/share/interfaces/package.xml
[3.386s] Invoked command in '/home/rover/ros_ws/src/build/interfaces' returned '0': CMAKE_PREFIX_PATH=${CMAKE_PREFIX_PATH}:/home/rover/ros_ws/install/py_srvcli:/home/rover/ros_ws/install/mypkg:/home/rover/ros_ws/install/bb:/opt/ros/foxy /usr/bin/cmake --install /home/rover/ros_ws/src/build/interfaces
