[0.846s] DEBUG:colcon:Command line arguments: ['/usr/bin/colcon', 'build']
[0.846s] DEBUG:colcon:Parsed command line arguments: Namespace(allow_overriding=[], ament_cmake_args=None, base_paths=['.'], build_base='build', catkin_cmake_args=None, catkin_skip_building_tests=False, cmake_args=None, cmake_clean_cache=False, cmake_clean_first=False, cmake_force_configure=False, cmake_target=None, cmake_target_skip_unavailable=False, continue_on_error=False, event_handlers=None, executor='parallel', ignore_user_meta=False, install_base='install', log_base=None, log_level=None, main=<bound method BuildVerb.main of <colcon_core.verb.build.BuildVerb object at 0xffffaabc8c40>>, merge_install=False, metas=['./colcon.meta'], mixin=None, mixin_files=None, mixin_verb=('build',), packages_above=None, packages_above_and_dependencies=None, packages_above_depth=None, packages_end=None, packages_ignore=None, packages_ignore_regex=None, packages_select=None, packages_select_build_failed=False, packages_select_by_dep=None, packages_select_regex=None, packages_select_test_failures=False, packages_skip=None, packages_skip_build_finished=False, packages_skip_by_dep=None, packages_skip_regex=None, packages_skip_test_passed=False, packages_skip_up_to=None, packages_start=None, packages_up_to=None, packages_up_to_regex=None, parallel_workers=4, paths=None, symlink_install=False, test_result_base=None, verb_extension=<colcon_core.verb.build.BuildVerb object at 0xffffaabc8c40>, verb_name='build', verb_parser=<colcon_mixin.mixin.mixin_argument.MixinArgumentDecorator object at 0xffffaaaafe20>)
[1.538s] Level 1:colcon.colcon_core.package_discovery:discover_packages(colcon_meta) check parameters
[1.538s] Level 1:colcon.colcon_core.package_discovery:discover_packages(recursive) check parameters
[1.539s] Level 1:colcon.colcon_core.package_discovery:discover_packages(ignore) check parameters
[1.539s] Level 1:colcon.colcon_core.package_discovery:discover_packages(path) check parameters
[1.539s] Level 1:colcon.colcon_core.package_discovery:discover_packages(colcon_meta) discover
[1.539s] Level 1:colcon.colcon_core.package_discovery:discover_packages(recursive) discover
[1.539s] INFO:colcon.colcon_core.package_discovery:Crawling recursively for packages in '/home/rover/ros_ws/src'
[1.540s] Level 1:colcon.colcon_core.package_identification:_identify(.) by extensions ['ignore', 'ignore_ament_install']
[1.540s] Level 1:colcon.colcon_core.package_identification:_identify(.) by extension 'ignore'
[1.541s] Level 1:colcon.colcon_core.package_identification:_identify(.) by extension 'ignore_ament_install'
[1.541s] Level 1:colcon.colcon_core.package_identification:_identify(.) by extensions ['colcon_pkg']
[1.541s] Level 1:colcon.colcon_core.package_identification:_identify(.) by extension 'colcon_pkg'
[1.542s] Level 1:colcon.colcon_core.package_identification:_identify(.) by extensions ['colcon_meta']
[1.542s] Level 1:colcon.colcon_core.package_identification:_identify(.) by extension 'colcon_meta'
[1.542s] Level 1:colcon.colcon_core.package_identification:_identify(.) by extensions ['ros']
[1.542s] Level 1:colcon.colcon_core.package_identification:_identify(.) by extension 'ros'
[1.586s] Level 1:colcon.colcon_core.package_identification:_identify(.) by extensions ['cmake', 'python']
[1.586s] Level 1:colcon.colcon_core.package_identification:_identify(.) by extension 'cmake'
[1.587s] Level 1:colcon.colcon_core.package_identification:_identify(.) by extension 'python'
[1.587s] Level 1:colcon.colcon_core.package_identification:_identify(.) by extensions ['python_setup_py']
[1.587s] Level 1:colcon.colcon_core.package_identification:_identify(.) by extension 'python_setup_py'
[1.588s] Level 1:colcon.colcon_core.package_identification:_identify(bb) by extensions ['ignore', 'ignore_ament_install']
[1.588s] Level 1:colcon.colcon_core.package_identification:_identify(bb) by extension 'ignore'
[1.588s] Level 1:colcon.colcon_core.package_identification:_identify(bb) by extension 'ignore_ament_install'
[1.588s] Level 1:colcon.colcon_core.package_identification:_identify(bb) by extensions ['colcon_pkg']
[1.589s] Level 1:colcon.colcon_core.package_identification:_identify(bb) by extension 'colcon_pkg'
[1.589s] Level 1:colcon.colcon_core.package_identification:_identify(bb) by extensions ['colcon_meta']
[1.589s] Level 1:colcon.colcon_core.package_identification:_identify(bb) by extension 'colcon_meta'
[1.589s] Level 1:colcon.colcon_core.package_identification:_identify(bb) by extensions ['ros']
[1.589s] Level 1:colcon.colcon_core.package_identification:_identify(bb) by extension 'ros'
[1.597s] DEBUG:colcon.colcon_core.package_identification:Package 'bb' with type 'ros.ament_python' and name 'bb'
[1.598s] Level 1:colcon.colcon_core.package_identification:_identify(build) by extensions ['ignore', 'ignore_ament_install']
[1.598s] Level 1:colcon.colcon_core.package_identification:_identify(build) by extension 'ignore'
[1.599s] Level 1:colcon.colcon_core.package_identification:_identify(build) ignored
[1.599s] Level 1:colcon.colcon_core.package_identification:_identify(install) by extensions ['ignore', 'ignore_ament_install']
[1.600s] Level 1:colcon.colcon_core.package_identification:_identify(install) by extension 'ignore'
[1.600s] Level 1:colcon.colcon_core.package_identification:_identify(install) ignored
[1.600s] Level 1:colcon.colcon_core.package_identification:_identify(interfaces) by extensions ['ignore', 'ignore_ament_install']
[1.601s] Level 1:colcon.colcon_core.package_identification:_identify(interfaces) by extension 'ignore'
[1.601s] Level 1:colcon.colcon_core.package_identification:_identify(interfaces) by extension 'ignore_ament_install'
[1.601s] Level 1:colcon.colcon_core.package_identification:_identify(interfaces) by extensions ['colcon_pkg']
[1.601s] Level 1:colcon.colcon_core.package_identification:_identify(interfaces) by extension 'colcon_pkg'
[1.602s] Level 1:colcon.colcon_core.package_identification:_identify(interfaces) by extensions ['colcon_meta']
[1.602s] Level 1:colcon.colcon_core.package_identification:_identify(interfaces) by extension 'colcon_meta'
[1.602s] Level 1:colcon.colcon_core.package_identification:_identify(interfaces) by extensions ['ros']
[1.602s] Level 1:colcon.colcon_core.package_identification:_identify(interfaces) by extension 'ros'
[1.604s] DEBUG:colcon.colcon_core.package_identification:Package 'interfaces' with type 'ros.ament_cmake' and name 'interfaces'
[1.605s] Level 1:colcon.colcon_core.package_identification:_identify(log) by extensions ['ignore', 'ignore_ament_install']
[1.606s] Level 1:colcon.colcon_core.package_identification:_identify(log) by extension 'ignore'
[1.606s] Level 1:colcon.colcon_core.package_identification:_identify(log) ignored
[1.606s] Level 1:colcon.colcon_core.package_discovery:discover_packages(recursive) using defaults
[1.606s] Level 1:colcon.colcon_core.package_discovery:discover_packages(ignore) discover
[1.606s] Level 1:colcon.colcon_core.package_discovery:discover_packages(ignore) using defaults
[1.606s] Level 1:colcon.colcon_core.package_discovery:discover_packages(path) discover
[1.606s] Level 1:colcon.colcon_core.package_discovery:discover_packages(path) using defaults
[1.667s] Level 1:colcon.colcon_core.package_discovery:discover_packages(prefix_path) check parameters
[1.667s] Level 1:colcon.colcon_core.package_discovery:discover_packages(prefix_path) discover
[1.675s] DEBUG:colcon.colcon_installed_package_information.package_discovery:Found 5 installed packages in /home/rover/ros_ws/install
[1.683s] DEBUG:colcon.colcon_installed_package_information.package_discovery:Found 256 installed packages in /opt/ros/foxy
[1.729s] Level 1:colcon.colcon_core.package_discovery:discover_packages(prefix_path) using defaults
[2.050s] Level 5:colcon.colcon_core.verb:set package 'bb' build argument 'cmake_args' from command line to 'None'
[2.050s] Level 5:colcon.colcon_core.verb:set package 'bb' build argument 'cmake_target' from command line to 'None'
[2.050s] Level 5:colcon.colcon_core.verb:set package 'bb' build argument 'cmake_target_skip_unavailable' from command line to 'False'
[2.050s] Level 5:colcon.colcon_core.verb:set package 'bb' build argument 'cmake_clean_cache' from command line to 'False'
[2.050s] Level 5:colcon.colcon_core.verb:set package 'bb' build argument 'cmake_clean_first' from command line to 'False'
[2.050s] Level 5:colcon.colcon_core.verb:set package 'bb' build argument 'cmake_force_configure' from command line to 'False'
[2.051s] Level 5:colcon.colcon_core.verb:set package 'bb' build argument 'ament_cmake_args' from command line to 'None'
[2.051s] Level 5:colcon.colcon_core.verb:set package 'bb' build argument 'catkin_cmake_args' from command line to 'None'
[2.051s] Level 5:colcon.colcon_core.verb:set package 'bb' build argument 'catkin_skip_building_tests' from command line to 'False'
[2.051s] DEBUG:colcon.colcon_core.verb:Building package 'bb' with the following arguments: {'ament_cmake_args': None, 'build_base': '/home/rover/ros_ws/src/build/bb', 'catkin_cmake_args': None, 'catkin_skip_building_tests': False, 'cmake_args': None, 'cmake_clean_cache': False, 'cmake_clean_first': False, 'cmake_force_configure': False, 'cmake_target': None, 'cmake_target_skip_unavailable': False, 'install_base': '/home/rover/ros_ws/src/install/bb', 'merge_install': False, 'path': '/home/rover/ros_ws/src/bb', 'symlink_install': False, 'test_result_base': None}
[2.053s] Level 5:colcon.colcon_core.verb:set package 'interfaces' build argument 'cmake_args' from command line to 'None'
[2.053s] Level 5:colcon.colcon_core.verb:set package 'interfaces' build argument 'cmake_target' from command line to 'None'
[2.053s] Level 5:colcon.colcon_core.verb:set package 'interfaces' build argument 'cmake_target_skip_unavailable' from command line to 'False'
[2.053s] Level 5:colcon.colcon_core.verb:set package 'interfaces' build argument 'cmake_clean_cache' from command line to 'False'
[2.053s] Level 5:colcon.colcon_core.verb:set package 'interfaces' build argument 'cmake_clean_first' from command line to 'False'
[2.053s] Level 5:colcon.colcon_core.verb:set package 'interfaces' build argument 'cmake_force_configure' from command line to 'False'
[2.053s] Level 5:colcon.colcon_core.verb:set package 'interfaces' build argument 'ament_cmake_args' from command line to 'None'
[2.054s] Level 5:colcon.colcon_core.verb:set package 'interfaces' build argument 'catkin_cmake_args' from command line to 'None'
[2.054s] Level 5:colcon.colcon_core.verb:set package 'interfaces' build argument 'catkin_skip_building_tests' from command line to 'False'
[2.054s] DEBUG:colcon.colcon_core.verb:Building package 'interfaces' with the following arguments: {'ament_cmake_args': None, 'build_base': '/home/rover/ros_ws/src/build/interfaces', 'catkin_cmake_args': None, 'catkin_skip_building_tests': False, 'cmake_args': None, 'cmake_clean_cache': False, 'cmake_clean_first': False, 'cmake_force_configure': False, 'cmake_target': None, 'cmake_target_skip_unavailable': False, 'install_base': '/home/rover/ros_ws/src/install/interfaces', 'merge_install': False, 'path': '/home/rover/ros_ws/src/interfaces', 'symlink_install': False, 'test_result_base': None}
[2.054s] INFO:colcon.colcon_core.executor:Executing jobs using 'parallel' executor
[2.058s] DEBUG:colcon.colcon_parallel_executor.executor.parallel:run_until_complete
[2.059s] INFO:colcon.colcon_ros.task.ament_python.build:Building ROS package in '/home/rover/ros_ws/src/bb' with build type 'ament_python'
[2.060s] Level 1:colcon.colcon_core.shell:create_environment_hook('bb', 'ament_prefix_path')
[2.069s] INFO:colcon.colcon_core.plugin_system:Skipping extension 'colcon_core.shell.bat': Not used on non-Windows systems
[2.070s] INFO:colcon.colcon_core.shell:Creating environment hook '/home/rover/ros_ws/src/install/bb/share/bb/hook/ament_prefix_path.ps1'
[2.072s] INFO:colcon.colcon_core.shell:Creating environment descriptor '/home/rover/ros_ws/src/install/bb/share/bb/hook/ament_prefix_path.dsv'
[2.075s] INFO:colcon.colcon_core.shell:Creating environment hook '/home/rover/ros_ws/src/install/bb/share/bb/hook/ament_prefix_path.sh'
[2.078s] INFO:colcon.colcon_core.shell:Skip shell extension 'powershell' for command environment: Not usable outside of PowerShell
[2.079s] DEBUG:colcon.colcon_core.shell:Skip shell extension 'dsv' for command environment
[2.100s] INFO:colcon.colcon_ros.task.ament_cmake.build:Building ROS package in '/home/rover/ros_ws/src/interfaces' with build type 'ament_cmake'
[2.101s] INFO:colcon.colcon_cmake.task.cmake.build:Building CMake package in '/home/rover/ros_ws/src/interfaces'
[2.103s] INFO:colcon.colcon_core.shell:Skip shell extension 'powershell' for command environment: Not usable outside of PowerShell
[2.103s] DEBUG:colcon.colcon_core.shell:Skip shell extension 'dsv' for command environment
[3.120s] INFO:colcon.colcon_core.task.python.build:Building Python package in '/home/rover/ros_ws/src/bb'
[3.121s] INFO:colcon.colcon_core.shell:Skip shell extension 'powershell' for command environment: Not usable outside of PowerShell
[3.122s] DEBUG:colcon.colcon_core.shell:Skip shell extension 'dsv' for command environment
[3.160s] DEBUG:colcon.colcon_core.event_handler.log_command:Invoking command in '/home/rover/ros_ws/src/build/interfaces': CMAKE_PREFIX_PATH=${CMAKE_PREFIX_PATH}:/home/rover/ros_ws/install/py_srvcli:/home/rover/ros_ws/install/mypkg:/home/rover/ros_ws/install/bb:/opt/ros/foxy /usr/bin/cmake --build /home/rover/ros_ws/src/build/interfaces -- -j4 -l4
[4.332s] DEBUG:colcon.colcon_core.event_handler.log_command:Invoked command in '/home/rover/ros_ws/src/build/interfaces' returned '0': CMAKE_PREFIX_PATH=${CMAKE_PREFIX_PATH}:/home/rover/ros_ws/install/py_srvcli:/home/rover/ros_ws/install/mypkg:/home/rover/ros_ws/install/bb:/opt/ros/foxy /usr/bin/cmake --build /home/rover/ros_ws/src/build/interfaces -- -j4 -l4
[4.383s] DEBUG:colcon.colcon_core.event_handler.log_command:Invoking command in '/home/rover/ros_ws/src/build/interfaces': CMAKE_PREFIX_PATH=${CMAKE_PREFIX_PATH}:/home/rover/ros_ws/install/py_srvcli:/home/rover/ros_ws/install/mypkg:/home/rover/ros_ws/install/bb:/opt/ros/foxy /usr/bin/cmake --install /home/rover/ros_ws/src/build/interfaces
[4.762s] Level 1:colcon.colcon_core.environment:create_environment_scripts_only(interfaces)
[4.764s] DEBUG:colcon.colcon_core.event_handler.log_command:Invoked command in '/home/rover/ros_ws/src/build/interfaces' returned '0': CMAKE_PREFIX_PATH=${CMAKE_PREFIX_PATH}:/home/rover/ros_ws/install/py_srvcli:/home/rover/ros_ws/install/mypkg:/home/rover/ros_ws/install/bb:/opt/ros/foxy /usr/bin/cmake --install /home/rover/ros_ws/src/build/interfaces
[4.777s] Level 1:colcon.colcon_core.environment:checking '/home/rover/ros_ws/src/install/interfaces' for CMake module files
[4.780s] Level 1:colcon.colcon_core.environment:checking '/home/rover/ros_ws/src/install/interfaces' for CMake config files
[4.784s] Level 1:colcon.colcon_core.shell:create_environment_hook('interfaces', 'cmake_prefix_path')
[4.785s] INFO:colcon.colcon_core.shell:Creating environment hook '/home/rover/ros_ws/src/install/interfaces/share/interfaces/hook/cmake_prefix_path.ps1'
[4.788s] INFO:colcon.colcon_core.shell:Creating environment descriptor '/home/rover/ros_ws/src/install/interfaces/share/interfaces/hook/cmake_prefix_path.dsv'
[4.790s] INFO:colcon.colcon_core.shell:Creating environment hook '/home/rover/ros_ws/src/install/interfaces/share/interfaces/hook/cmake_prefix_path.sh'
[4.796s] Level 1:colcon.colcon_core.environment:checking '/home/rover/ros_ws/src/install/interfaces/lib'
[4.797s] Level 1:colcon.colcon_core.shell:create_environment_hook('interfaces', 'ld_library_path_lib')
[4.798s] INFO:colcon.colcon_core.shell:Creating environment hook '/home/rover/ros_ws/src/install/interfaces/share/interfaces/hook/ld_library_path_lib.ps1'
[4.800s] INFO:colcon.colcon_core.shell:Creating environment descriptor '/home/rover/ros_ws/src/install/interfaces/share/interfaces/hook/ld_library_path_lib.dsv'
[4.802s] INFO:colcon.colcon_core.shell:Creating environment hook '/home/rover/ros_ws/src/install/interfaces/share/interfaces/hook/ld_library_path_lib.sh'
[4.805s] Level 1:colcon.colcon_core.environment:checking '/home/rover/ros_ws/src/install/interfaces/bin'
[4.805s] Level 1:colcon.colcon_core.environment:checking '/home/rover/ros_ws/src/install/interfaces/lib/pkgconfig/interfaces.pc'
[4.806s] Level 1:colcon.colcon_core.environment:checking '/home/rover/ros_ws/src/install/interfaces/lib/python3.8/site-packages'
[4.806s] Level 1:colcon.colcon_core.shell:create_environment_hook('interfaces', 'pythonpath')
[4.807s] INFO:colcon.colcon_core.shell:Creating environment hook '/home/rover/ros_ws/src/install/interfaces/share/interfaces/hook/pythonpath.ps1'
[4.810s] INFO:colcon.colcon_core.shell:Creating environment descriptor '/home/rover/ros_ws/src/install/interfaces/share/interfaces/hook/pythonpath.dsv'
[4.812s] INFO:colcon.colcon_core.shell:Creating environment hook '/home/rover/ros_ws/src/install/interfaces/share/interfaces/hook/pythonpath.sh'
[4.814s] Level 1:colcon.colcon_core.environment:checking '/home/rover/ros_ws/src/install/interfaces/bin'
[4.816s] INFO:colcon.colcon_core.shell:Creating package script '/home/rover/ros_ws/src/install/interfaces/share/interfaces/package.ps1'
[4.820s] INFO:colcon.colcon_core.shell:Creating package descriptor '/home/rover/ros_ws/src/install/interfaces/share/interfaces/package.dsv'
[4.823s] INFO:colcon.colcon_core.shell:Creating package script '/home/rover/ros_ws/src/install/interfaces/share/interfaces/package.sh'
[4.827s] INFO:colcon.colcon_core.shell:Creating package script '/home/rover/ros_ws/src/install/interfaces/share/interfaces/package.bash'
[4.830s] INFO:colcon.colcon_core.shell:Creating package script '/home/rover/ros_ws/src/install/interfaces/share/interfaces/package.zsh'
[4.833s] Level 1:colcon.colcon_core.environment:create_file_with_runtime_dependencies(/home/rover/ros_ws/src/install/interfaces/share/colcon-core/packages/interfaces)
[4.836s] Level 1:colcon.colcon_core.environment:create_environment_scripts_only(interfaces)
[4.838s] Level 1:colcon.colcon_core.environment:checking '/home/rover/ros_ws/src/install/interfaces' for CMake module files
[4.841s] Level 1:colcon.colcon_core.environment:checking '/home/rover/ros_ws/src/install/interfaces' for CMake config files
[4.845s] Level 1:colcon.colcon_core.shell:create_environment_hook('interfaces', 'cmake_prefix_path')
[4.846s] INFO:colcon.colcon_core.shell:Creating environment hook '/home/rover/ros_ws/src/install/interfaces/share/interfaces/hook/cmake_prefix_path.ps1'
[4.848s] INFO:colcon.colcon_core.shell:Creating environment descriptor '/home/rover/ros_ws/src/install/interfaces/share/interfaces/hook/cmake_prefix_path.dsv'
[4.850s] INFO:colcon.colcon_core.shell:Creating environment hook '/home/rover/ros_ws/src/install/interfaces/share/interfaces/hook/cmake_prefix_path.sh'
[4.853s] Level 1:colcon.colcon_core.environment:checking '/home/rover/ros_ws/src/install/interfaces/lib'
[4.854s] Level 1:colcon.colcon_core.shell:create_environment_hook('interfaces', 'ld_library_path_lib')
[4.855s] INFO:colcon.colcon_core.shell:Creating environment hook '/home/rover/ros_ws/src/install/interfaces/share/interfaces/hook/ld_library_path_lib.ps1'
[4.857s] INFO:colcon.colcon_core.shell:Creating environment descriptor '/home/rover/ros_ws/src/install/interfaces/share/interfaces/hook/ld_library_path_lib.dsv'
[4.860s] INFO:colcon.colcon_core.shell:Creating environment hook '/home/rover/ros_ws/src/install/interfaces/share/interfaces/hook/ld_library_path_lib.sh'
[4.862s] Level 1:colcon.colcon_core.environment:checking '/home/rover/ros_ws/src/install/interfaces/bin'
[4.863s] Level 1:colcon.colcon_core.environment:checking '/home/rover/ros_ws/src/install/interfaces/lib/pkgconfig/interfaces.pc'
[4.864s] Level 1:colcon.colcon_core.environment:checking '/home/rover/ros_ws/src/install/interfaces/lib/python3.8/site-packages'
[4.864s] Level 1:colcon.colcon_core.shell:create_environment_hook('interfaces', 'pythonpath')
[4.865s] INFO:colcon.colcon_core.shell:Creating environment hook '/home/rover/ros_ws/src/install/interfaces/share/interfaces/hook/pythonpath.ps1'
[4.867s] INFO:colcon.colcon_core.shell:Creating environment descriptor '/home/rover/ros_ws/src/install/interfaces/share/interfaces/hook/pythonpath.dsv'
[4.870s] INFO:colcon.colcon_core.shell:Creating environment hook '/home/rover/ros_ws/src/install/interfaces/share/interfaces/hook/pythonpath.sh'
[4.873s] Level 1:colcon.colcon_core.environment:checking '/home/rover/ros_ws/src/install/interfaces/bin'
[4.875s] INFO:colcon.colcon_core.shell:Creating package script '/home/rover/ros_ws/src/install/interfaces/share/interfaces/package.ps1'
[4.879s] INFO:colcon.colcon_core.shell:Creating package descriptor '/home/rover/ros_ws/src/install/interfaces/share/interfaces/package.dsv'
[4.882s] INFO:colcon.colcon_core.shell:Creating package script '/home/rover/ros_ws/src/install/interfaces/share/interfaces/package.sh'
[4.885s] INFO:colcon.colcon_core.shell:Creating package script '/home/rover/ros_ws/src/install/interfaces/share/interfaces/package.bash'
[4.887s] INFO:colcon.colcon_core.shell:Creating package script '/home/rover/ros_ws/src/install/interfaces/share/interfaces/package.zsh'
[4.890s] Level 1:colcon.colcon_core.environment:create_file_with_runtime_dependencies(/home/rover/ros_ws/src/install/interfaces/share/colcon-core/packages/interfaces)
[5.345s] DEBUG:colcon.colcon_core.event_handler.log_command:Invoking command in '/home/rover/ros_ws/src/bb': PYTHONPATH=/home/rover/ros_ws/src/build/bb/prefix_override:/usr/lib/python3/dist-packages/colcon_core/task/python/colcon_distutils_commands:/home/rover/ros_ws/src/install/bb/lib/python3.8/site-packages:${PYTHONPATH} /usr/bin/python3 -W ignore:setup.py install is deprecated -W ignore:easy_install command is deprecated setup.py egg_info --egg-base ../build/bb build --build-base /home/rover/ros_ws/src/build/bb/build install --record /home/rover/ros_ws/src/build/bb/install.log --install-scripts $base/lib/bb --single-version-externally-managed install_data
[6.620s] Level 1:colcon.colcon_core.environment:checking '/home/rover/ros_ws/src/install/bb' for CMake module files
[6.622s] DEBUG:colcon.colcon_core.event_handler.log_command:Invoked command in '/home/rover/ros_ws/src/bb' returned '0': PYTHONPATH=/home/rover/ros_ws/src/build/bb/prefix_override:/usr/lib/python3/dist-packages/colcon_core/task/python/colcon_distutils_commands:/home/rover/ros_ws/src/install/bb/lib/python3.8/site-packages:${PYTHONPATH} /usr/bin/python3 -W ignore:setup.py install is deprecated -W ignore:easy_install command is deprecated setup.py egg_info --egg-base ../build/bb build --build-base /home/rover/ros_ws/src/build/bb/build install --record /home/rover/ros_ws/src/build/bb/install.log --install-scripts $base/lib/bb --single-version-externally-managed install_data
[6.624s] Level 1:colcon.colcon_core.environment:checking '/home/rover/ros_ws/src/install/bb' for CMake config files
[6.627s] Level 1:colcon.colcon_core.environment:checking '/home/rover/ros_ws/src/install/bb/lib'
[6.628s] Level 1:colcon.colcon_core.environment:checking '/home/rover/ros_ws/src/install/bb/bin'
[6.628s] Level 1:colcon.colcon_core.environment:checking '/home/rover/ros_ws/src/install/bb/lib/pkgconfig/bb.pc'
[6.629s] Level 1:colcon.colcon_core.environment:checking '/home/rover/ros_ws/src/install/bb/lib/python3.8/site-packages'
[6.629s] Level 1:colcon.colcon_core.shell:create_environment_hook('bb', 'pythonpath')
[6.630s] INFO:colcon.colcon_core.shell:Creating environment hook '/home/rover/ros_ws/src/install/bb/share/bb/hook/pythonpath.ps1'
[6.633s] INFO:colcon.colcon_core.shell:Creating environment descriptor '/home/rover/ros_ws/src/install/bb/share/bb/hook/pythonpath.dsv'
[6.635s] INFO:colcon.colcon_core.shell:Creating environment hook '/home/rover/ros_ws/src/install/bb/share/bb/hook/pythonpath.sh'
[6.637s] Level 1:colcon.colcon_core.environment:checking '/home/rover/ros_ws/src/install/bb/bin'
[6.638s] Level 1:colcon.colcon_core.environment:create_environment_scripts_only(bb)
[6.639s] INFO:colcon.colcon_core.shell:Creating package script '/home/rover/ros_ws/src/install/bb/share/bb/package.ps1'
[6.642s] INFO:colcon.colcon_core.shell:Creating package descriptor '/home/rover/ros_ws/src/install/bb/share/bb/package.dsv'
[6.644s] INFO:colcon.colcon_core.shell:Creating package script '/home/rover/ros_ws/src/install/bb/share/bb/package.sh'
[6.646s] INFO:colcon.colcon_core.shell:Creating package script '/home/rover/ros_ws/src/install/bb/share/bb/package.bash'
[6.648s] INFO:colcon.colcon_core.shell:Creating package script '/home/rover/ros_ws/src/install/bb/share/bb/package.zsh'
[6.650s] Level 1:colcon.colcon_core.environment:create_file_with_runtime_dependencies(/home/rover/ros_ws/src/install/bb/share/colcon-core/packages/bb)
[6.652s] DEBUG:colcon.colcon_parallel_executor.executor.parallel:closing loop
[6.654s] DEBUG:colcon.colcon_parallel_executor.executor.parallel:loop closed
[6.655s] DEBUG:colcon.colcon_parallel_executor.executor.parallel:run_until_complete finished with '0'
[6.656s] DEBUG:colcon.colcon_core.event_reactor:joining thread
[6.689s] INFO:colcon.colcon_core.plugin_system:Skipping extension 'colcon_notification.desktop_notification.terminal_notifier': Not used on non-Darwin systems
[6.690s] INFO:colcon.colcon_core.plugin_system:Skipping extension 'colcon_notification.desktop_notification.win32': Not used on non-Windows systems
[6.690s] INFO:colcon.colcon_notification.desktop_notification:Sending desktop notification using 'notify2'
[6.694s] DEBUG:colcon.colcon_notification.desktop_notification.notify2:Failed to initialize notify2: org.freedesktop.DBus.Error.ServiceUnknown: The name org.freedesktop.Notifications was not provided by any .service files
[6.695s] DEBUG:colcon.colcon_core.event_reactor:joined thread
[6.696s] INFO:colcon.colcon_core.shell:Creating prefix script '/home/rover/ros_ws/src/install/local_setup.ps1'
[6.700s] INFO:colcon.colcon_core.shell:Creating prefix util module '/home/rover/ros_ws/src/install/_local_setup_util_ps1.py'
[6.707s] INFO:colcon.colcon_core.shell:Creating prefix chain script '/home/rover/ros_ws/src/install/setup.ps1'
[6.714s] INFO:colcon.colcon_core.shell:Creating prefix script '/home/rover/ros_ws/src/install/local_setup.sh'
[6.719s] INFO:colcon.colcon_core.shell:Creating prefix util module '/home/rover/ros_ws/src/install/_local_setup_util_sh.py'
[6.723s] INFO:colcon.colcon_core.shell:Creating prefix chain script '/home/rover/ros_ws/src/install/setup.sh'
[6.730s] INFO:colcon.colcon_core.shell:Creating prefix script '/home/rover/ros_ws/src/install/local_setup.bash'
[6.732s] INFO:colcon.colcon_core.shell:Creating prefix chain script '/home/rover/ros_ws/src/install/setup.bash'
[6.737s] INFO:colcon.colcon_core.shell:Creating prefix script '/home/rover/ros_ws/src/install/local_setup.zsh'
[6.739s] INFO:colcon.colcon_core.shell:Creating prefix chain script '/home/rover/ros_ws/src/install/setup.zsh'
