[3.302s] Invoking command in '/home/rover/ros_ws/src/bb': PYTHONPATH=/home/rover/ros_ws/src/build/bb/prefix_override:/usr/lib/python3/dist-packages/colcon_core/task/python/colcon_distutils_commands:/home/rover/ros_ws/src/install/bb/lib/python3.8/site-packages:${PYTHONPATH} /usr/bin/python3 -W ignore:setup.py install is deprecated -W ignore:easy_install command is deprecated setup.py egg_info --egg-base ../build/bb build --build-base /home/rover/ros_ws/src/build/bb/build install --record /home/rover/ros_ws/src/build/bb/install.log --install-scripts $base/lib/bb --single-version-externally-managed install_data
[4.790s] running egg_info
[4.793s] writing ../build/bb/bb.egg-info/PKG-INFO
[4.795s] writing dependency_links to ../build/bb/bb.egg-info/dependency_links.txt
[4.797s] writing entry points to ../build/bb/bb.egg-info/entry_points.txt
[4.799s] writing requirements to ../build/bb/bb.egg-info/requires.txt
[4.801s] writing top-level names to ../build/bb/bb.egg-info/top_level.txt
[4.954s] reading manifest file '../build/bb/bb.egg-info/SOURCES.txt'
[4.958s] writing manifest file '../build/bb/bb.egg-info/SOURCES.txt'
[4.959s] running build
[4.959s] running build_py
[4.963s] running install
[4.971s] running install_lib
[4.977s] running install_data
[4.986s] running install_egg_info
[4.989s] removing '/home/rover/ros_ws/src/install/bb/lib/python3.8/site-packages/bb-0.0.0-py3.8.egg-info' (and everything under it)
[4.990s] Copying ../build/bb/bb.egg-info to /home/rover/ros_ws/src/install/bb/lib/python3.8/site-packages/bb-0.0.0-py3.8.egg-info
[4.999s] running install_scripts
[5.089s] Installing drill script to /home/rover/ros_ws/src/install/bb/lib/bb
[5.090s] Installing drive script to /home/rover/ros_ws/src/install/bb/lib/bb
[5.091s] Installing lift script to /home/rover/ros_ws/src/install/bb/lib/bb
[5.092s] Installing rover_service script to /home/rover/ros_ws/src/install/bb/lib/bb
[5.093s] Installing steer script to /home/rover/ros_ws/src/install/bb/lib/bb
[5.095s] Installing tray script to /home/rover/ros_ws/src/install/bb/lib/bb
[5.098s] writing list of installed files to '/home/rover/ros_ws/src/build/bb/install.log'
[5.213s] Invoked command in '/home/rover/ros_ws/src/bb' returned '0': PYTHONPATH=/home/rover/ros_ws/src/build/bb/prefix_override:/usr/lib/python3/dist-packages/colcon_core/task/python/colcon_distutils_commands:/home/rover/ros_ws/src/install/bb/lib/python3.8/site-packages:${PYTHONPATH} /usr/bin/python3 -W ignore:setup.py install is deprecated -W ignore:easy_install command is deprecated setup.py egg_info --egg-base ../build/bb build --build-base /home/rover/ros_ws/src/build/bb/build install --record /home/rover/ros_ws/src/build/bb/install.log --install-scripts $base/lib/bb --single-version-externally-managed install_data
