[1.047s] DEBUG:colcon:Command line arguments: ['/usr/bin/colcon', 'build']
[1.048s] DEBUG:colcon:Parsed command line arguments: Namespace(allow_overriding=[], ament_cmake_args=None, base_paths=['.'], build_base='build', catkin_cmake_args=None, catkin_skip_building_tests=False, cmake_args=None, cmake_clean_cache=False, cmake_clean_first=False, cmake_force_configure=False, cmake_target=None, cmake_target_skip_unavailable=False, continue_on_error=False, event_handlers=None, executor='parallel', ignore_user_meta=False, install_base='install', log_base=None, log_level=None, main=<bound method BuildVerb.main of <colcon_core.verb.build.BuildVerb object at 0xffffa2ee3c10>>, merge_install=False, metas=['./colcon.meta'], mixin=None, mixin_files=None, mixin_verb=('build',), packages_above=None, packages_above_and_dependencies=None, packages_above_depth=None, packages_end=None, packages_ignore=None, packages_ignore_regex=None, packages_select=None, packages_select_build_failed=False, packages_select_by_dep=None, packages_select_regex=None, packages_select_test_failures=False, packages_skip=None, packages_skip_build_finished=False, packages_skip_by_dep=None, packages_skip_regex=None, packages_skip_test_passed=False, packages_skip_up_to=None, packages_start=None, packages_up_to=None, packages_up_to_regex=None, parallel_workers=4, paths=None, symlink_install=False, test_result_base=None, verb_extension=<colcon_core.verb.build.BuildVerb object at 0xffffa2ee3c10>, verb_name='build', verb_parser=<colcon_mixin.mixin.mixin_argument.MixinArgumentDecorator object at 0xffffa2dc9df0>)
[1.833s] Level 1:colcon.colcon_core.package_discovery:discover_packages(colcon_meta) check parameters
[1.834s] Level 1:colcon.colcon_core.package_discovery:discover_packages(recursive) check parameters
[1.834s] Level 1:colcon.colcon_core.package_discovery:discover_packages(ignore) check parameters
[1.834s] Level 1:colcon.colcon_core.package_discovery:discover_packages(path) check parameters
[1.834s] Level 1:colcon.colcon_core.package_discovery:discover_packages(colcon_meta) discover
[1.835s] Level 1:colcon.colcon_core.package_discovery:discover_packages(recursive) discover
[1.835s] INFO:colcon.colcon_core.package_discovery:Crawling recursively for packages in '/home/rover/ros_ws/src'
[1.835s] Level 1:colcon.colcon_core.package_identification:_identify(.) by extensions ['ignore', 'ignore_ament_install']
[1.835s] Level 1:colcon.colcon_core.package_identification:_identify(.) by extension 'ignore'
[1.836s] Level 1:colcon.colcon_core.package_identification:_identify(.) by extension 'ignore_ament_install'
[1.836s] Level 1:colcon.colcon_core.package_identification:_identify(.) by extensions ['colcon_pkg']
[1.836s] Level 1:colcon.colcon_core.package_identification:_identify(.) by extension 'colcon_pkg'
[1.836s] Level 1:colcon.colcon_core.package_identification:_identify(.) by extensions ['colcon_meta']
[1.836s] Level 1:colcon.colcon_core.package_identification:_identify(.) by extension 'colcon_meta'
[1.837s] Level 1:colcon.colcon_core.package_identification:_identify(.) by extensions ['ros']
[1.837s] Level 1:colcon.colcon_core.package_identification:_identify(.) by extension 'ros'
[1.925s] Level 1:colcon.colcon_core.package_identification:_identify(.) by extensions ['cmake', 'python']
[1.926s] Level 1:colcon.colcon_core.package_identification:_identify(.) by extension 'cmake'
[1.926s] Level 1:colcon.colcon_core.package_identification:_identify(.) by extension 'python'
[1.926s] Level 1:colcon.colcon_core.package_identification:_identify(.) by extensions ['python_setup_py']
[1.926s] Level 1:colcon.colcon_core.package_identification:_identify(.) by extension 'python_setup_py'
[1.927s] Level 1:colcon.colcon_core.package_identification:_identify(bb) by extensions ['ignore', 'ignore_ament_install']
[1.927s] Level 1:colcon.colcon_core.package_identification:_identify(bb) by extension 'ignore'
[1.927s] Level 1:colcon.colcon_core.package_identification:_identify(bb) by extension 'ignore_ament_install'
[1.928s] Level 1:colcon.colcon_core.package_identification:_identify(bb) by extensions ['colcon_pkg']
[1.928s] Level 1:colcon.colcon_core.package_identification:_identify(bb) by extension 'colcon_pkg'
[1.928s] Level 1:colcon.colcon_core.package_identification:_identify(bb) by extensions ['colcon_meta']
[1.928s] Level 1:colcon.colcon_core.package_identification:_identify(bb) by extension 'colcon_meta'
[1.928s] Level 1:colcon.colcon_core.package_identification:_identify(bb) by extensions ['ros']
[1.928s] Level 1:colcon.colcon_core.package_identification:_identify(bb) by extension 'ros'
[1.940s] DEBUG:colcon.colcon_core.package_identification:Package 'bb' with type 'ros.ament_python' and name 'bb'
[1.940s] Level 1:colcon.colcon_core.package_identification:_identify(build) by extensions ['ignore', 'ignore_ament_install']
[1.941s] Level 1:colcon.colcon_core.package_identification:_identify(build) by extension 'ignore'
[1.941s] Level 1:colcon.colcon_core.package_identification:_identify(build) ignored
[1.941s] Level 1:colcon.colcon_core.package_identification:_identify(install) by extensions ['ignore', 'ignore_ament_install']
[1.942s] Level 1:colcon.colcon_core.package_identification:_identify(install) by extension 'ignore'
[1.942s] Level 1:colcon.colcon_core.package_identification:_identify(install) ignored
[1.942s] Level 1:colcon.colcon_core.package_identification:_identify(interfaces) by extensions ['ignore', 'ignore_ament_install']
[1.942s] Level 1:colcon.colcon_core.package_identification:_identify(interfaces) by extension 'ignore'
[1.943s] Level 1:colcon.colcon_core.package_identification:_identify(interfaces) by extension 'ignore_ament_install'
[1.943s] Level 1:colcon.colcon_core.package_identification:_identify(interfaces) by extensions ['colcon_pkg']
[1.943s] Level 1:colcon.colcon_core.package_identification:_identify(interfaces) by extension 'colcon_pkg'
[1.943s] Level 1:colcon.colcon_core.package_identification:_identify(interfaces) by extensions ['colcon_meta']
[1.943s] Level 1:colcon.colcon_core.package_identification:_identify(interfaces) by extension 'colcon_meta'
[1.943s] Level 1:colcon.colcon_core.package_identification:_identify(interfaces) by extensions ['ros']
[1.944s] Level 1:colcon.colcon_core.package_identification:_identify(interfaces) by extension 'ros'
[1.947s] DEBUG:colcon.colcon_core.package_identification:Package 'interfaces' with type 'ros.ament_cmake' and name 'interfaces'
[1.947s] Level 1:colcon.colcon_core.package_identification:_identify(log) by extensions ['ignore', 'ignore_ament_install']
[1.948s] Level 1:colcon.colcon_core.package_identification:_identify(log) by extension 'ignore'
[1.948s] Level 1:colcon.colcon_core.package_identification:_identify(log) ignored
[1.948s] Level 1:colcon.colcon_core.package_discovery:discover_packages(recursive) using defaults
[1.948s] Level 1:colcon.colcon_core.package_discovery:discover_packages(ignore) discover
[1.948s] Level 1:colcon.colcon_core.package_discovery:discover_packages(ignore) using defaults
[1.948s] Level 1:colcon.colcon_core.package_discovery:discover_packages(path) discover
[1.949s] Level 1:colcon.colcon_core.package_discovery:discover_packages(path) using defaults
[2.035s] Level 1:colcon.colcon_core.package_discovery:discover_packages(prefix_path) check parameters
[2.036s] Level 1:colcon.colcon_core.package_discovery:discover_packages(prefix_path) discover
[2.050s] DEBUG:colcon.colcon_installed_package_information.package_discovery:Found 5 installed packages in /home/rover/ros_ws/install
[2.059s] DEBUG:colcon.colcon_installed_package_information.package_discovery:Found 256 installed packages in /opt/ros/foxy
[2.106s] Level 1:colcon.colcon_core.package_discovery:discover_packages(prefix_path) using defaults
[2.511s] Level 5:colcon.colcon_core.verb:set package 'bb' build argument 'cmake_args' from command line to 'None'
[2.511s] Level 5:colcon.colcon_core.verb:set package 'bb' build argument 'cmake_target' from command line to 'None'
[2.511s] Level 5:colcon.colcon_core.verb:set package 'bb' build argument 'cmake_target_skip_unavailable' from command line to 'False'
[2.511s] Level 5:colcon.colcon_core.verb:set package 'bb' build argument 'cmake_clean_cache' from command line to 'False'
[2.511s] Level 5:colcon.colcon_core.verb:set package 'bb' build argument 'cmake_clean_first' from command line to 'False'
[2.511s] Level 5:colcon.colcon_core.verb:set package 'bb' build argument 'cmake_force_configure' from command line to 'False'
[2.512s] Level 5:colcon.colcon_core.verb:set package 'bb' build argument 'ament_cmake_args' from command line to 'None'
[2.512s] Level 5:colcon.colcon_core.verb:set package 'bb' build argument 'catkin_cmake_args' from command line to 'None'
[2.512s] Level 5:colcon.colcon_core.verb:set package 'bb' build argument 'catkin_skip_building_tests' from command line to 'False'
[2.512s] DEBUG:colcon.colcon_core.verb:Building package 'bb' with the following arguments: {'ament_cmake_args': None, 'build_base': '/home/rover/ros_ws/src/build/bb', 'catkin_cmake_args': None, 'catkin_skip_building_tests': False, 'cmake_args': None, 'cmake_clean_cache': False, 'cmake_clean_first': False, 'cmake_force_configure': False, 'cmake_target': None, 'cmake_target_skip_unavailable': False, 'install_base': '/home/rover/ros_ws/src/install/bb', 'merge_install': False, 'path': '/home/rover/ros_ws/src/bb', 'symlink_install': False, 'test_result_base': None}
[2.513s] Level 5:colcon.colcon_core.verb:set package 'interfaces' build argument 'cmake_args' from command line to 'None'
[2.514s] Level 5:colcon.colcon_core.verb:set package 'interfaces' build argument 'cmake_target' from command line to 'None'
[2.514s] Level 5:colcon.colcon_core.verb:set package 'interfaces' build argument 'cmake_target_skip_unavailable' from command line to 'False'
[2.514s] Level 5:colcon.colcon_core.verb:set package 'interfaces' build argument 'cmake_clean_cache' from command line to 'False'
[2.514s] Level 5:colcon.colcon_core.verb:set package 'interfaces' build argument 'cmake_clean_first' from command line to 'False'
[2.514s] Level 5:colcon.colcon_core.verb:set package 'interfaces' build argument 'cmake_force_configure' from command line to 'False'
[2.514s] Level 5:colcon.colcon_core.verb:set package 'interfaces' build argument 'ament_cmake_args' from command line to 'None'
[2.514s] Level 5:colcon.colcon_core.verb:set package 'interfaces' build argument 'catkin_cmake_args' from command line to 'None'
[2.514s] Level 5:colcon.colcon_core.verb:set package 'interfaces' build argument 'catkin_skip_building_tests' from command line to 'False'
[2.514s] DEBUG:colcon.colcon_core.verb:Building package 'interfaces' with the following arguments: {'ament_cmake_args': None, 'build_base': '/home/rover/ros_ws/src/build/interfaces', 'catkin_cmake_args': None, 'catkin_skip_building_tests': False, 'cmake_args': None, 'cmake_clean_cache': False, 'cmake_clean_first': False, 'cmake_force_configure': False, 'cmake_target': None, 'cmake_target_skip_unavailable': False, 'install_base': '/home/rover/ros_ws/src/install/interfaces', 'merge_install': False, 'path': '/home/rover/ros_ws/src/interfaces', 'symlink_install': False, 'test_result_base': None}
[2.515s] INFO:colcon.colcon_core.executor:Executing jobs using 'parallel' executor
[2.518s] DEBUG:colcon.colcon_parallel_executor.executor.parallel:run_until_complete
[2.519s] INFO:colcon.colcon_ros.task.ament_python.build:Building ROS package in '/home/rover/ros_ws/src/bb' with build type 'ament_python'
[2.520s] Level 1:colcon.colcon_core.shell:create_environment_hook('bb', 'ament_prefix_path')
[2.535s] INFO:colcon.colcon_core.plugin_system:Skipping extension 'colcon_core.shell.bat': Not used on non-Windows systems
[2.537s] INFO:colcon.colcon_core.shell:Creating environment hook '/home/rover/ros_ws/src/install/bb/share/bb/hook/ament_prefix_path.ps1'
[2.541s] INFO:colcon.colcon_core.shell:Creating environment descriptor '/home/rover/ros_ws/src/install/bb/share/bb/hook/ament_prefix_path.dsv'
[2.545s] INFO:colcon.colcon_core.shell:Creating environment hook '/home/rover/ros_ws/src/install/bb/share/bb/hook/ament_prefix_path.sh'
[2.549s] INFO:colcon.colcon_core.shell:Skip shell extension 'powershell' for command environment: Not usable outside of PowerShell
[2.549s] DEBUG:colcon.colcon_core.shell:Skip shell extension 'dsv' for command environment
[2.573s] INFO:colcon.colcon_ros.task.ament_cmake.build:Building ROS package in '/home/rover/ros_ws/src/interfaces' with build type 'ament_cmake'
[2.574s] INFO:colcon.colcon_cmake.task.cmake.build:Building CMake package in '/home/rover/ros_ws/src/interfaces'
[2.576s] INFO:colcon.colcon_core.shell:Skip shell extension 'powershell' for command environment: Not usable outside of PowerShell
[2.577s] DEBUG:colcon.colcon_core.shell:Skip shell extension 'dsv' for command environment
[3.593s] INFO:colcon.colcon_core.task.python.build:Building Python package in '/home/rover/ros_ws/src/bb'
[3.595s] INFO:colcon.colcon_core.shell:Skip shell extension 'powershell' for command environment: Not usable outside of PowerShell
[3.595s] DEBUG:colcon.colcon_core.shell:Skip shell extension 'dsv' for command environment
[3.634s] DEBUG:colcon.colcon_core.event_handler.log_command:Invoking command in '/home/rover/ros_ws/src/build/interfaces': CMAKE_PREFIX_PATH=${CMAKE_PREFIX_PATH}:/home/rover/ros_ws/install/py_srvcli:/home/rover/ros_ws/install/mypkg:/home/rover/ros_ws/install/bb:/opt/ros/foxy /usr/bin/cmake /home/rover/ros_ws/src/interfaces -DCMAKE_INSTALL_PREFIX=/home/rover/ros_ws/src/install/interfaces
[6.562s] DEBUG:colcon.colcon_core.event_handler.log_command:Invoking command in '/home/rover/ros_ws/src/bb': PYTHONPATH=/home/rover/ros_ws/src/build/bb/prefix_override:/usr/lib/python3/dist-packages/colcon_core/task/python/colcon_distutils_commands:/home/rover/ros_ws/src/install/bb/lib/python3.8/site-packages:${PYTHONPATH} /usr/bin/python3 -W ignore:setup.py install is deprecated -W ignore:easy_install command is deprecated setup.py egg_info --egg-base ../build/bb build --build-base /home/rover/ros_ws/src/build/bb/build install --record /home/rover/ros_ws/src/build/bb/install.log --install-scripts $base/lib/bb --single-version-externally-managed install_data
[8.306s] DEBUG:colcon.colcon_core.event_handler.log_command:Invoked command in '/home/rover/ros_ws/src/bb' returned '0': PYTHONPATH=/home/rover/ros_ws/src/build/bb/prefix_override:/usr/lib/python3/dist-packages/colcon_core/task/python/colcon_distutils_commands:/home/rover/ros_ws/src/install/bb/lib/python3.8/site-packages:${PYTHONPATH} /usr/bin/python3 -W ignore:setup.py install is deprecated -W ignore:easy_install command is deprecated setup.py egg_info --egg-base ../build/bb build --build-base /home/rover/ros_ws/src/build/bb/build install --record /home/rover/ros_ws/src/build/bb/install.log --install-scripts $base/lib/bb --single-version-externally-managed install_data
[8.333s] Level 1:colcon.colcon_core.environment:checking '/home/rover/ros_ws/src/install/bb' for CMake module files
[8.335s] Level 1:colcon.colcon_core.environment:checking '/home/rover/ros_ws/src/install/bb' for CMake config files
[8.339s] Level 1:colcon.colcon_core.environment:checking '/home/rover/ros_ws/src/install/bb/lib'
[8.340s] Level 1:colcon.colcon_core.environment:checking '/home/rover/ros_ws/src/install/bb/bin'
[8.340s] Level 1:colcon.colcon_core.environment:checking '/home/rover/ros_ws/src/install/bb/lib/pkgconfig/bb.pc'
[8.341s] Level 1:colcon.colcon_core.environment:checking '/home/rover/ros_ws/src/install/bb/lib/python3.8/site-packages'
[8.341s] Level 1:colcon.colcon_core.shell:create_environment_hook('bb', 'pythonpath')
[8.342s] INFO:colcon.colcon_core.shell:Creating environment hook '/home/rover/ros_ws/src/install/bb/share/bb/hook/pythonpath.ps1'
[8.344s] INFO:colcon.colcon_core.shell:Creating environment descriptor '/home/rover/ros_ws/src/install/bb/share/bb/hook/pythonpath.dsv'
[8.346s] INFO:colcon.colcon_core.shell:Creating environment hook '/home/rover/ros_ws/src/install/bb/share/bb/hook/pythonpath.sh'
[8.349s] Level 1:colcon.colcon_core.environment:checking '/home/rover/ros_ws/src/install/bb/bin'
[8.349s] Level 1:colcon.colcon_core.environment:create_environment_scripts_only(bb)
[8.351s] INFO:colcon.colcon_core.shell:Creating package script '/home/rover/ros_ws/src/install/bb/share/bb/package.ps1'
[8.355s] INFO:colcon.colcon_core.shell:Creating package descriptor '/home/rover/ros_ws/src/install/bb/share/bb/package.dsv'
[8.359s] INFO:colcon.colcon_core.shell:Creating package script '/home/rover/ros_ws/src/install/bb/share/bb/package.sh'
[8.363s] INFO:colcon.colcon_core.shell:Creating package script '/home/rover/ros_ws/src/install/bb/share/bb/package.bash'
[8.367s] INFO:colcon.colcon_core.shell:Creating package script '/home/rover/ros_ws/src/install/bb/share/bb/package.zsh'
[8.372s] Level 1:colcon.colcon_core.environment:create_file_with_runtime_dependencies(/home/rover/ros_ws/src/install/bb/share/colcon-core/packages/bb)
[14.178s] DEBUG:colcon.colcon_core.event_handler.log_command:Invoked command in '/home/rover/ros_ws/src/build/interfaces' returned '0': CMAKE_PREFIX_PATH=${CMAKE_PREFIX_PATH}:/home/rover/ros_ws/install/py_srvcli:/home/rover/ros_ws/install/mypkg:/home/rover/ros_ws/install/bb:/opt/ros/foxy /usr/bin/cmake /home/rover/ros_ws/src/interfaces -DCMAKE_INSTALL_PREFIX=/home/rover/ros_ws/src/install/interfaces
[14.189s] DEBUG:colcon.colcon_core.event_handler.log_command:Invoking command in '/home/rover/ros_ws/src/build/interfaces': CMAKE_PREFIX_PATH=${CMAKE_PREFIX_PATH}:/home/rover/ros_ws/install/py_srvcli:/home/rover/ros_ws/install/mypkg:/home/rover/ros_ws/install/bb:/opt/ros/foxy /usr/bin/cmake --build /home/rover/ros_ws/src/build/interfaces -- -j4 -l4
[38.803s] DEBUG:colcon.colcon_core.event_handler.log_command:Invoked command in '/home/rover/ros_ws/src/build/interfaces' returned '0': CMAKE_PREFIX_PATH=${CMAKE_PREFIX_PATH}:/home/rover/ros_ws/install/py_srvcli:/home/rover/ros_ws/install/mypkg:/home/rover/ros_ws/install/bb:/opt/ros/foxy /usr/bin/cmake --build /home/rover/ros_ws/src/build/interfaces -- -j4 -l4
[38.856s] DEBUG:colcon.colcon_core.event_handler.log_command:Invoking command in '/home/rover/ros_ws/src/build/interfaces': CMAKE_PREFIX_PATH=${CMAKE_PREFIX_PATH}:/home/rover/ros_ws/install/py_srvcli:/home/rover/ros_ws/install/mypkg:/home/rover/ros_ws/install/bb:/opt/ros/foxy /usr/bin/cmake --install /home/rover/ros_ws/src/build/interfaces
[39.326s] Level 1:colcon.colcon_core.environment:create_environment_scripts_only(interfaces)
[39.327s] Level 1:colcon.colcon_core.environment:checking '/home/rover/ros_ws/src/install/interfaces' for CMake module files
[39.329s] DEBUG:colcon.colcon_core.event_handler.log_command:Invoked command in '/home/rover/ros_ws/src/build/interfaces' returned '0': CMAKE_PREFIX_PATH=${CMAKE_PREFIX_PATH}:/home/rover/ros_ws/install/py_srvcli:/home/rover/ros_ws/install/mypkg:/home/rover/ros_ws/install/bb:/opt/ros/foxy /usr/bin/cmake --install /home/rover/ros_ws/src/build/interfaces
[39.332s] Level 1:colcon.colcon_core.environment:checking '/home/rover/ros_ws/src/install/interfaces' for CMake config files
[39.337s] Level 1:colcon.colcon_core.shell:create_environment_hook('interfaces', 'cmake_prefix_path')
[39.338s] INFO:colcon.colcon_core.shell:Creating environment hook '/home/rover/ros_ws/src/install/interfaces/share/interfaces/hook/cmake_prefix_path.ps1'
[39.341s] INFO:colcon.colcon_core.shell:Creating environment descriptor '/home/rover/ros_ws/src/install/interfaces/share/interfaces/hook/cmake_prefix_path.dsv'
[39.343s] INFO:colcon.colcon_core.shell:Creating environment hook '/home/rover/ros_ws/src/install/interfaces/share/interfaces/hook/cmake_prefix_path.sh'
[39.346s] Level 1:colcon.colcon_core.environment:checking '/home/rover/ros_ws/src/install/interfaces/lib'
[39.346s] Level 1:colcon.colcon_core.shell:create_environment_hook('interfaces', 'ld_library_path_lib')
[39.347s] INFO:colcon.colcon_core.shell:Creating environment hook '/home/rover/ros_ws/src/install/interfaces/share/interfaces/hook/ld_library_path_lib.ps1'
[39.349s] INFO:colcon.colcon_core.shell:Creating environment descriptor '/home/rover/ros_ws/src/install/interfaces/share/interfaces/hook/ld_library_path_lib.dsv'
[39.351s] INFO:colcon.colcon_core.shell:Creating environment hook '/home/rover/ros_ws/src/install/interfaces/share/interfaces/hook/ld_library_path_lib.sh'
[39.353s] Level 1:colcon.colcon_core.environment:checking '/home/rover/ros_ws/src/install/interfaces/bin'
[39.353s] Level 1:colcon.colcon_core.environment:checking '/home/rover/ros_ws/src/install/interfaces/lib/pkgconfig/interfaces.pc'
[39.354s] Level 1:colcon.colcon_core.environment:checking '/home/rover/ros_ws/src/install/interfaces/lib/python3.8/site-packages'
[39.354s] Level 1:colcon.colcon_core.shell:create_environment_hook('interfaces', 'pythonpath')
[39.355s] INFO:colcon.colcon_core.shell:Creating environment hook '/home/rover/ros_ws/src/install/interfaces/share/interfaces/hook/pythonpath.ps1'
[39.357s] INFO:colcon.colcon_core.shell:Creating environment descriptor '/home/rover/ros_ws/src/install/interfaces/share/interfaces/hook/pythonpath.dsv'
[39.358s] INFO:colcon.colcon_core.shell:Creating environment hook '/home/rover/ros_ws/src/install/interfaces/share/interfaces/hook/pythonpath.sh'
[39.360s] Level 1:colcon.colcon_core.environment:checking '/home/rover/ros_ws/src/install/interfaces/bin'
[39.361s] INFO:colcon.colcon_core.shell:Creating package script '/home/rover/ros_ws/src/install/interfaces/share/interfaces/package.ps1'
[39.364s] INFO:colcon.colcon_core.shell:Creating package descriptor '/home/rover/ros_ws/src/install/interfaces/share/interfaces/package.dsv'
[39.367s] INFO:colcon.colcon_core.shell:Creating package script '/home/rover/ros_ws/src/install/interfaces/share/interfaces/package.sh'
[39.369s] INFO:colcon.colcon_core.shell:Creating package script '/home/rover/ros_ws/src/install/interfaces/share/interfaces/package.bash'
[39.371s] INFO:colcon.colcon_core.shell:Creating package script '/home/rover/ros_ws/src/install/interfaces/share/interfaces/package.zsh'
[39.373s] Level 1:colcon.colcon_core.environment:create_file_with_runtime_dependencies(/home/rover/ros_ws/src/install/interfaces/share/colcon-core/packages/interfaces)
[39.375s] Level 1:colcon.colcon_core.environment:create_environment_scripts_only(interfaces)
[39.376s] Level 1:colcon.colcon_core.environment:checking '/home/rover/ros_ws/src/install/interfaces' for CMake module files
[39.379s] Level 1:colcon.colcon_core.environment:checking '/home/rover/ros_ws/src/install/interfaces' for CMake config files
[39.383s] Level 1:colcon.colcon_core.shell:create_environment_hook('interfaces', 'cmake_prefix_path')
[39.384s] INFO:colcon.colcon_core.shell:Creating environment hook '/home/rover/ros_ws/src/install/interfaces/share/interfaces/hook/cmake_prefix_path.ps1'
[39.386s] INFO:colcon.colcon_core.shell:Creating environment descriptor '/home/rover/ros_ws/src/install/interfaces/share/interfaces/hook/cmake_prefix_path.dsv'
[39.387s] INFO:colcon.colcon_core.shell:Creating environment hook '/home/rover/ros_ws/src/install/interfaces/share/interfaces/hook/cmake_prefix_path.sh'
[39.390s] Level 1:colcon.colcon_core.environment:checking '/home/rover/ros_ws/src/install/interfaces/lib'
[39.391s] Level 1:colcon.colcon_core.shell:create_environment_hook('interfaces', 'ld_library_path_lib')
[39.391s] INFO:colcon.colcon_core.shell:Creating environment hook '/home/rover/ros_ws/src/install/interfaces/share/interfaces/hook/ld_library_path_lib.ps1'
[39.393s] INFO:colcon.colcon_core.shell:Creating environment descriptor '/home/rover/ros_ws/src/install/interfaces/share/interfaces/hook/ld_library_path_lib.dsv'
[39.395s] INFO:colcon.colcon_core.shell:Creating environment hook '/home/rover/ros_ws/src/install/interfaces/share/interfaces/hook/ld_library_path_lib.sh'
[39.398s] Level 1:colcon.colcon_core.environment:checking '/home/rover/ros_ws/src/install/interfaces/bin'
[39.398s] Level 1:colcon.colcon_core.environment:checking '/home/rover/ros_ws/src/install/interfaces/lib/pkgconfig/interfaces.pc'
[39.399s] Level 1:colcon.colcon_core.environment:checking '/home/rover/ros_ws/src/install/interfaces/lib/python3.8/site-packages'
[39.399s] Level 1:colcon.colcon_core.shell:create_environment_hook('interfaces', 'pythonpath')
[39.400s] INFO:colcon.colcon_core.shell:Creating environment hook '/home/rover/ros_ws/src/install/interfaces/share/interfaces/hook/pythonpath.ps1'
[39.402s] INFO:colcon.colcon_core.shell:Creating environment descriptor '/home/rover/ros_ws/src/install/interfaces/share/interfaces/hook/pythonpath.dsv'
[39.404s] INFO:colcon.colcon_core.shell:Creating environment hook '/home/rover/ros_ws/src/install/interfaces/share/interfaces/hook/pythonpath.sh'
[39.407s] Level 1:colcon.colcon_core.environment:checking '/home/rover/ros_ws/src/install/interfaces/bin'
[39.409s] INFO:colcon.colcon_core.shell:Creating package script '/home/rover/ros_ws/src/install/interfaces/share/interfaces/package.ps1'
[39.411s] INFO:colcon.colcon_core.shell:Creating package descriptor '/home/rover/ros_ws/src/install/interfaces/share/interfaces/package.dsv'
[39.414s] INFO:colcon.colcon_core.shell:Creating package script '/home/rover/ros_ws/src/install/interfaces/share/interfaces/package.sh'
[39.417s] INFO:colcon.colcon_core.shell:Creating package script '/home/rover/ros_ws/src/install/interfaces/share/interfaces/package.bash'
[39.419s] INFO:colcon.colcon_core.shell:Creating package script '/home/rover/ros_ws/src/install/interfaces/share/interfaces/package.zsh'
[39.421s] Level 1:colcon.colcon_core.environment:create_file_with_runtime_dependencies(/home/rover/ros_ws/src/install/interfaces/share/colcon-core/packages/interfaces)
[39.422s] DEBUG:colcon.colcon_parallel_executor.executor.parallel:closing loop
[39.423s] DEBUG:colcon.colcon_parallel_executor.executor.parallel:loop closed
[39.424s] DEBUG:colcon.colcon_parallel_executor.executor.parallel:run_until_complete finished with '0'
[39.424s] DEBUG:colcon.colcon_core.event_reactor:joining thread
[39.455s] INFO:colcon.colcon_core.plugin_system:Skipping extension 'colcon_notification.desktop_notification.terminal_notifier': Not used on non-Darwin systems
[39.455s] INFO:colcon.colcon_core.plugin_system:Skipping extension 'colcon_notification.desktop_notification.win32': Not used on non-Windows systems
[39.455s] INFO:colcon.colcon_notification.desktop_notification:Sending desktop notification using 'notify2'
[39.532s] DEBUG:colcon.colcon_core.event_reactor:joined thread
[39.533s] INFO:colcon.colcon_core.shell:Creating prefix script '/home/rover/ros_ws/src/install/local_setup.ps1'
[39.539s] INFO:colcon.colcon_core.shell:Creating prefix util module '/home/rover/ros_ws/src/install/_local_setup_util_ps1.py'
[39.563s] INFO:colcon.colcon_core.shell:Creating prefix chain script '/home/rover/ros_ws/src/install/setup.ps1'
[39.574s] INFO:colcon.colcon_core.shell:Creating prefix script '/home/rover/ros_ws/src/install/local_setup.sh'
[39.578s] INFO:colcon.colcon_core.shell:Creating prefix util module '/home/rover/ros_ws/src/install/_local_setup_util_sh.py'
[39.581s] INFO:colcon.colcon_core.shell:Creating prefix chain script '/home/rover/ros_ws/src/install/setup.sh'
[39.587s] INFO:colcon.colcon_core.shell:Creating prefix script '/home/rover/ros_ws/src/install/local_setup.bash'
[39.590s] INFO:colcon.colcon_core.shell:Creating prefix chain script '/home/rover/ros_ws/src/install/setup.bash'
[39.596s] INFO:colcon.colcon_core.shell:Creating prefix script '/home/rover/ros_ws/src/install/local_setup.zsh'
[39.599s] INFO:colcon.colcon_core.shell:Creating prefix chain script '/home/rover/ros_ws/src/install/setup.zsh'
